<?xml version="1.0" encoding="UTF-8"?>
<!-- Generated by org.testng.reporters.JUnitXMLReporter -->
<testsuite hostname="Lenovo-Ray" ignored="2" name="MerchantInfoSearch" tests="4" failures="0" timestamp="16 十一月 2018 08:16:03 GMT" time="118.627" errors="0">
  <testcase name="testMerchantInfoSearch" time="53.077" classname="com.dy.AutoTest.OperationPlatform.TestCases.MerchantManagementOnLine.OnLineMechantInfo.MerchantInfoSearchTest"/>
  <testcase name="testMerchantInfoDetail" time="12.945" classname="com.dy.AutoTest.OperationPlatform.TestCases.MerchantManagementOnLine.OnLineMechantInfo.MerchantInfoSearchTest"/>
  <testcase name="testMerchantClose" time="22.534" classname="com.dy.AutoTest.OperationPlatform.TestCases.MerchantManagementOnLine.OnLineMechantInfo.MerchantInfoSearchTest"/>
  <testcase name="testMerchantFrozen" time="22.015" classname="com.dy.AutoTest.OperationPlatform.TestCases.MerchantManagementOnLine.OnLineMechantInfo.MerchantInfoSearchTest"/>
  <testcase name="testMerchantInfoAlterVerify" time="0.0" classname="com.dy.AutoTest.OperationPlatform.TestCases.MerchantManagementOnLine.OnLineMechantInfo.MerchantInfoSearchTest">
    <ignored/>
  </testcase> <!-- testMerchantInfoAlterVerify -->
  <testcase name="testMerchantInfoAlter" time="0.0" classname="com.dy.AutoTest.OperationPlatform.TestCases.MerchantManagementOnLine.OnLineMechantInfo.MerchantInfoSearchTest">
    <ignored/>
  </testcase> <!-- testMerchantInfoAlter -->
</testsuite> <!-- MerchantInfoSearch -->
