<?xml version="1.0" encoding="UTF-8"?>
<!-- Generated by org.testng.reporters.JUnitXMLReporter -->
<testsuite hostname="Lenovo-Ray" ignored="5" name="MerchantAuditRefuse" tests="3" failures="0" timestamp="14 十一月 2018 08:08:10 GMT" time="17.523" errors="0">
  <testcase name="testLogin" time="4.131" classname="com.dy.AutoTest.OperationPlatform.TestCases.LoginPageTest"/>
  <testcase name="testMerchantAuditRefuse" time="4.392" classname="com.dy.AutoTest.OperationPlatform.TestCases.MerchantManagementOnLine.OnLineMechantInfo.MerchantAuditPageTest"/>
  <testcase name="testQuit" time="3.982" classname="com.dy.AutoTest.OperationPlatform.TestCases.MainMenuPageTest"/>
  <testcase name="testMerchantAuditPass" time="0.0" classname="com.dy.AutoTest.OperationPlatform.TestCases.MerchantManagementOnLine.OnLineMechantInfo.MerchantAuditPageTest">
    <ignored/>
  </testcase> <!-- testMerchantAuditPass -->
  <testcase name="testMechantInfoInsert" time="0.0" classname="com.dy.AutoTest.OperationPlatform.TestCases.MainMenuPageTest">
    <ignored/>
  </testcase> <!-- testMechantInfoInsert -->
  <testcase name="@BeforeTest BeforeTest" time="0.0" classname="com.dy.AutoTest.OperationPlatform.TestCases.SuperTest">
    <ignored/>
  </testcase> <!-- @BeforeTest BeforeTest -->
  <testcase name="@AfterTest AfterTest" time="0.0" classname="com.dy.AutoTest.OperationPlatform.TestCases.SuperTest">
    <ignored/>
  </testcase> <!-- @AfterTest AfterTest -->
  <testcase name="testGetCurrentAccountantDate" time="0.0" classname="com.dy.AutoTest.OperationPlatform.TestCases.MainMenuPageTest">
    <ignored/>
  </testcase> <!-- testGetCurrentAccountantDate -->
</testsuite> <!-- MerchantAuditRefuse -->
