<?xml version="1.0" encoding="UTF-8"?>
<!-- Generated by org.testng.reporters.JUnitXMLReporter -->
<testsuite hostname="Lenovo-Ray" ignored="0" name="MerchantBalanceQuery" tests="2" failures="0" timestamp="27 十一月 2018 06:25:35 GMT" time="22.146" errors="0">
  <testcase name="testMerchantBalanceQuery" time="7.174" classname="com.dy.AutoTest.OperationPlatform.TestCases.MerchantManagementOnLine.OnLineMechantInfo.MerchantBalanceQueryPageTest"/>
  <testcase name="testMerchantBalanceQuery" time="10.939" classname="com.dy.AutoTest.OperationPlatform.TestCases.MerchantManagementOnLine.OnLineMechantInfo.MerchantBalanceQueryPageTest"/>
</testsuite> <!-- MerchantBalanceQuery -->
