<?xml version="1.0" encoding="UTF-8"?>
<!-- Generated by org.testng.reporters.JUnitXMLReporter -->
<testsuite hostname="Lenovo-Ray" ignored="5" name="MerchantClose" tests="1" failures="0" timestamp="16 十一月 2018 08:16:41 GMT" time="23.252" errors="0">
  <testcase name="testMerchantClose" time="21.21" classname="com.dy.AutoTest.OperationPlatform.TestCases.MerchantManagementOnLine.OnLineMechantInfo.MerchantInfoSearchTest"/>
  <testcase name="testMerchantFrozen" time="0.0" classname="com.dy.AutoTest.OperationPlatform.TestCases.MerchantManagementOnLine.OnLineMechantInfo.MerchantInfoSearchTest">
    <ignored/>
  </testcase> <!-- testMerchantFrozen -->
  <testcase name="testMerchantInfoAlterVerify" time="0.0" classname="com.dy.AutoTest.OperationPlatform.TestCases.MerchantManagementOnLine.OnLineMechantInfo.MerchantInfoSearchTest">
    <ignored/>
  </testcase> <!-- testMerchantInfoAlterVerify -->
  <testcase name="testMerchantInfoSearch" time="0.0" classname="com.dy.AutoTest.OperationPlatform.TestCases.MerchantManagementOnLine.OnLineMechantInfo.MerchantInfoSearchTest">
    <ignored/>
  </testcase> <!-- testMerchantInfoSearch -->
  <testcase name="testMerchantInfoDetail" time="0.0" classname="com.dy.AutoTest.OperationPlatform.TestCases.MerchantManagementOnLine.OnLineMechantInfo.MerchantInfoSearchTest">
    <ignored/>
  </testcase> <!-- testMerchantInfoDetail -->
  <testcase name="testMerchantInfoAlter" time="0.0" classname="com.dy.AutoTest.OperationPlatform.TestCases.MerchantManagementOnLine.OnLineMechantInfo.MerchantInfoSearchTest">
    <ignored/>
  </testcase> <!-- testMerchantInfoAlter -->
</testsuite> <!-- MerchantClose -->
