<?xml version="1.0" encoding="UTF-8"?>
<!-- Generated by org.testng.reporters.JUnitXMLReporter -->
<testsuite hostname="Lenovo-Ray" ignored="7" name="MerchantInfoAlter" tests="2" failures="0" timestamp="16 十一月 2018 08:17:30 GMT" time="24.682" errors="0">
  <testcase name="testMerchantInfoAlter" time="17.734" classname="com.dy.AutoTest.OperationPlatform.TestCases.MerchantManagementOnLine.OnLineMechantInfo.MerchantInfoSearchTest"/>
  <testcase name="testQuit" time="3.91" classname="com.dy.AutoTest.OperationPlatform.TestCases.MainMenuPageTest"/>
  <testcase name="testMerchantFrozen" time="0.0" classname="com.dy.AutoTest.OperationPlatform.TestCases.MerchantManagementOnLine.OnLineMechantInfo.MerchantInfoSearchTest">
    <ignored/>
  </testcase> <!-- testMerchantFrozen -->
  <testcase name="testMerchantInfoAlterVerify" time="0.0" classname="com.dy.AutoTest.OperationPlatform.TestCases.MerchantManagementOnLine.OnLineMechantInfo.MerchantInfoSearchTest">
    <ignored/>
  </testcase> <!-- testMerchantInfoAlterVerify -->
  <testcase name="testMechantInfoInsert" time="0.0" classname="com.dy.AutoTest.OperationPlatform.TestCases.MainMenuPageTest">
    <ignored/>
  </testcase> <!-- testMechantInfoInsert -->
  <testcase name="testMerchantClose" time="0.0" classname="com.dy.AutoTest.OperationPlatform.TestCases.MerchantManagementOnLine.OnLineMechantInfo.MerchantInfoSearchTest">
    <ignored/>
  </testcase> <!-- testMerchantClose -->
  <testcase name="testMerchantInfoSearch" time="0.0" classname="com.dy.AutoTest.OperationPlatform.TestCases.MerchantManagementOnLine.OnLineMechantInfo.MerchantInfoSearchTest">
    <ignored/>
  </testcase> <!-- testMerchantInfoSearch -->
  <testcase name="testMerchantInfoDetail" time="0.0" classname="com.dy.AutoTest.OperationPlatform.TestCases.MerchantManagementOnLine.OnLineMechantInfo.MerchantInfoSearchTest">
    <ignored/>
  </testcase> <!-- testMerchantInfoDetail -->
  <testcase name="testGetCurrentAccountantDate" time="0.0" classname="com.dy.AutoTest.OperationPlatform.TestCases.MainMenuPageTest">
    <ignored/>
  </testcase> <!-- testGetCurrentAccountantDate -->
</testsuite> <!-- MerchantInfoAlter -->
