<h2>Reporter output</h2><table><tr><td>        2018-10-24 16:02:27): [Test]-"MerchantInfoInsert" is started</td></tr>
<tr><td>                2018-10-24 16:02:27: [Method]-"LoginPageTest.testLogin" is started</td></tr>
<tr><td>                2018-10-24 16:02:33: [Method]-"LoginPageTest.testLogin" is passed</td></tr>
<tr><td>                2018-10-24 16:02:35: [Method]-"MerchantInfoInsertPageTest.testMerchantInfoInsert" is started</td></tr>
<tr><td>                2018-10-24 16:03:28: [Method]-"MerchantInfoInsertPageTest.testMerchantInfoInsert" is passed</td></tr>
<tr><td>        2018-10-24 16:03:35): [Test]-"MerchantInfoInsert" is finished</td></tr>
<tr><td>        2018-10-24 16:03:35): [Test]-"MerchantInfoInsertAuditPass" is started</td></tr>
<tr><td>                2018-10-24 16:03:35: [Method]-"LoginPageTest.testLogin" is started</td></tr>
<tr><td>                2018-10-24 16:03:39: [Method]-"LoginPageTest.testLogin" is passed</td></tr>
<tr><td>                2018-10-24 16:03:41: [Method]-"MerchantAuditPageTest.testMerchantAuditPass" is started</td></tr>
<tr><td>MerchantNO: 872290059475031 商户基本资料新增审核通过</td></tr>
<tr><td>                2018-10-24 16:03:53: [Method]-"MerchantAuditPageTest.testMerchantAuditPass" is passed</td></tr>
<tr><td>        2018-10-24 16:04:00): [Test]-"MerchantInfoInsertAuditPass" is finished</td></tr>
<tr><td>        2018-10-24 16:04:00): [Test]-"MerchantSettlementInsert" is started</td></tr>
<tr><td>                2018-10-24 16:04:00: [Method]-"LoginPageTest.testLogin" is started</td></tr>
<tr><td>                2018-10-24 16:04:04: [Method]-"LoginPageTest.testLogin" is passed</td></tr>
<tr><td>                2018-10-24 16:04:06: [Method]-"MerchantSettlementPageTest.testMerchantSettlementInsert" is started</td></tr>
<tr><td>This Merchant needn't set SettlementInfo</td></tr>
<tr><td>                2018-10-24 16:04:09: [Method]-"MerchantSettlementPageTest.testMerchantSettlementInsert" is failed</td></tr>
<tr><td>                        The failure is java.lang.AssertionError: expected [true] but found [false]</td></tr>
<tr><td>                2018-10-24 16:04:11: [Method]-"MerchantSettlementPageTest.testMerchantSettlementInsert" is started</td></tr>
<tr><td>This Merchant needn't set SettlementInfo</td></tr>
<tr><td>                2018-10-24 16:04:13: [Method]-"MerchantSettlementPageTest.testMerchantSettlementInsert" is failed</td></tr>
<tr><td>                        The failure is java.lang.AssertionError: expected [true] but found [false]</td></tr>
<tr><td>                2018-10-24 16:04:15: [Method]-"MerchantSettlementPageTest.testMerchantSettlementInsert" is started</td></tr>
<tr><td>                2018-10-24 16:04:32: [Method]-"MerchantSettlementPageTest.testMerchantSettlementInsert" is passed</td></tr>
<tr><td>        2018-10-24 16:04:39): [Test]-"MerchantSettlementInsert" is finished</td></tr>
<tr><td>        2018-10-24 16:04:39): [Test]-"MerchantSettlementInsertAuditPass" is started</td></tr>
<tr><td>                2018-10-24 16:04:39: [Method]-"LoginPageTest.testLogin" is started</td></tr>
<tr><td>                2018-10-24 16:04:42: [Method]-"LoginPageTest.testLogin" is passed</td></tr>
<tr><td>                2018-10-24 16:04:44: [Method]-"MerchantAuditPageTest.testMerchantAuditPass" is started</td></tr>
<tr><td>MerchantNO: 872290059475031 商户结算信息新增审核通过</td></tr>
<tr><td>                2018-10-24 16:04:56: [Method]-"MerchantAuditPageTest.testMerchantAuditPass" is passed</td></tr>
<tr><td>        2018-10-24 16:05:02): [Test]-"MerchantSettlementInsertAuditPass" is finished</td></tr>
</table>