<?xml version="1.0" encoding="UTF-8"?>
<!-- Generated by org.testng.reporters.JUnitXMLReporter -->
<testsuite hostname="Lenovo-Ray" ignored="0" name="Test_AutoGenerate" tests="7" failures="0" timestamp="21 十一月 2018 04:56:52 GMT" time="0.12" errors="0">
  <testcase name="testAutoGenerate" time="0.006" classname="com.dy.AutoTest.web.util.test.AutoGenerateTest"/>
  <testcase name="testAutoGenerate" time="0.005" classname="com.dy.AutoTest.web.util.test.AutoGenerateTest"/>
  <testcase name="testAutoGenerate" time="0.001" classname="com.dy.AutoTest.web.util.test.AutoGenerateTest"/>
  <testcase name="testAutoGenerate" time="0.002" classname="com.dy.AutoTest.web.util.test.AutoGenerateTest"/>
  <testcase name="testAutoGenerate" time="0.002" classname="com.dy.AutoTest.web.util.test.AutoGenerateTest"/>
  <testcase name="testAutoGenerate" time="0.002" classname="com.dy.AutoTest.web.util.test.AutoGenerateTest"/>
  <testcase name="testAutoGenerate" time="0.003" classname="com.dy.AutoTest.web.util.test.AutoGenerateTest"/>
</testsuite> <!-- Test_AutoGenerate -->
