<?xml version="1.0" encoding="UTF-8"?>
<!-- Generated by org.testng.reporters.JUnitXMLReporter -->
<testsuite hostname="Lenovo-Ray" ignored="6" name="Default test" tests="1" failures="0" timestamp="12 十二月 2018 08:48:49 GMT" time="0.975" errors="0">
  <testcase name="generateAll" time="0.916" classname="com.dy.AutoTest.AG_Master"/>
  <testcase name="generatePageTest" time="0.0" classname="com.dy.AutoTest.AG_Master">
    <ignored/>
  </testcase> <!-- generatePageTest -->
  <testcase name="generatePageObject" time="0.0" classname="com.dy.AutoTest.AG_Master">
    <ignored/>
  </testcase> <!-- generatePageObject -->
  <testcase name="generateTestngXML" time="0.0" classname="com.dy.AutoTest.AG_Master">
    <ignored/>
  </testcase> <!-- generateTestngXML -->
  <testcase name="generateDataBusiness" time="0.0" classname="com.dy.AutoTest.AG_Master">
    <ignored/>
  </testcase> <!-- generateDataBusiness -->
  <testcase name="generateSQL" time="0.0" classname="com.dy.AutoTest.AG_Master">
    <ignored/>
  </testcase> <!-- generateSQL -->
  <testcase name="generatePOJO" time="0.0" classname="com.dy.AutoTest.AG_Master">
    <ignored/>
  </testcase> <!-- generatePOJO -->
</testsuite> <!-- Default test -->
