<?xml version="1.0" encoding="UTF-8"?>
<!-- Generated by org.testng.reporters.JUnitXMLReporter -->
<testsuite hostname="Lenovo-Ray" ignored="0" name="MerchantBalanceQuery" tests="2" failures="0" timestamp="22 十一月 2018 14:03:08 GMT" time="19.091" errors="0">
  <testcase name="testOverdueMerInfoQuery" time="7.515" classname="com.dy.AutoTest.OperationPlatform.TestCases.MerchantManagementOnLine.OnLineMechantInfo.OverdueMerInfoQueryPageTest"/>
  <testcase name="testOverdueMerInfoQuery" time="7.56" classname="com.dy.AutoTest.OperationPlatform.TestCases.MerchantManagementOnLine.OnLineMechantInfo.OverdueMerInfoQueryPageTest"/>
</testsuite> <!-- MerchantBalanceQuery -->
