<?xml version="1.0" encoding="UTF-8"?>
<!-- Generated by org.testng.reporters.JUnitXMLReporter -->
<testsuite hostname="Lenovo-Ray" ignored="4" name="UserInfoQuery" tests="4" failures="0" timestamp="12 十一月 2018 07:38:12 GMT" time="144.05" errors="0">
  <testcase name="testLogin" time="25.157" classname="com.dy.AutoTest.OperationPlatform.TestCases.LoginPageTest"/>
  <testcase name="testUserInfoQuery" time="44.179" classname="com.dy.AutoTest.OperationPlatform.TestCases.UserManagement.UserInfoManagement.UserInfoQueryTest"/>
  <testcase name="testUserInfoDetail" time="58.168" classname="com.dy.AutoTest.OperationPlatform.TestCases.UserManagement.UserInfoManagement.UserInfoQueryTest"/>
  <testcase name="testQuit" time="9.176" classname="com.dy.AutoTest.OperationPlatform.TestCases.MainMenuPageTest"/>
  <testcase name="testMechantInfoInsert" time="0.0" classname="com.dy.AutoTest.OperationPlatform.TestCases.MainMenuPageTest">
    <ignored/>
  </testcase> <!-- testMechantInfoInsert -->
  <testcase name="@BeforeTest BeforeTest" time="0.0" classname="com.dy.AutoTest.OperationPlatform.TestCases.SuperTest">
    <ignored/>
  </testcase> <!-- @BeforeTest BeforeTest -->
  <testcase name="@AfterTest AfterTest" time="0.0" classname="com.dy.AutoTest.OperationPlatform.TestCases.SuperTest">
    <ignored/>
  </testcase> <!-- @AfterTest AfterTest -->
  <testcase name="testGetCurrentAccountantDate" time="0.0" classname="com.dy.AutoTest.OperationPlatform.TestCases.MainMenuPageTest">
    <ignored/>
  </testcase> <!-- testGetCurrentAccountantDate -->
</testsuite> <!-- UserInfoQuery -->
