<?xml version="1.0" encoding="UTF-8"?>
<!-- Generated by org.testng.reporters.JUnitXMLReporter -->
<testsuite hostname="Lenovo-Ray" ignored="0" name="OnlineCashierB2B" tests="2" failures="0" timestamp="02 十一月 2018 06:44:53 GMT" time="56.613" errors="0">
  <testcase name="testOnlineCashierB2B" time="22.299" classname="com.dy.AutoTest.OnlineCashier.TestCases.OnlineCashierB2BTest"/>
  <testcase name="testOnlineCashierB2B" time="30.278" classname="com.dy.AutoTest.OnlineCashier.TestCases.OnlineCashierB2BTest"/>
</testsuite> <!-- OnlineCashierB2B -->
