<?xml version="1.0" encoding="UTF-8"?>
<!-- Generated by org.testng.reporters.JUnitXMLReporter -->
<testsuite hostname="Lenovo-Ray" ignored="0" name="OnlineCashierB2B" tests="3" failures="0" timestamp="26 十一月 2018 14:18:32 GMT" time="63.38" errors="0">
  <testcase name="testOnlineCashierB2B" time="30.736" classname="com.dy.AutoTest.OnlineCashier.TestCases.OnlineCashierB2BTest"/>
  <testcase name="testOnlineCashierB2B" time="25.834" classname="com.dy.AutoTest.OnlineCashier.TestCases.OnlineCashierB2BTest"/>
  <testcase name="quitBrowser" time="0.772" classname="com.dy.AutoTest.OnlineCashier.TestCases.OnlineCashierB2BTest"/>
</testsuite> <!-- OnlineCashierB2B -->
