<?xml version="1.0" encoding="UTF-8"?>
<!-- Generated by org.testng.reporters.JUnitXMLReporter -->
<testsuite hostname="Lenovo-Ray" ignored="0" name="MerchantIncomeExpenditureDetail" tests="2" failures="0" timestamp="22 十一月 2018 12:22:18 GMT" time="61.032" errors="0">
  <testcase name="testMerchantIncomeExpenditureDetailSearch" time="39.476" classname="com.dy.AutoTest.OperationPlatform.TestCases.MerchantManagementOnLine.OnLineMechantInfo.MerchantIncomeExpenditureDetailPageTest"/>
  <testcase name="testMerchantIncomeExpenditureDetailCheck" time="17.537" classname="com.dy.AutoTest.OperationPlatform.TestCases.MerchantManagementOnLine.OnLineMechantInfo.MerchantIncomeExpenditureDetailPageTest"/>
</testsuite> <!-- MerchantIncomeExpenditureDetail -->
