<?xml version="1.0" encoding="UTF-8"?>
<!-- Generated by org.testng.reporters.JUnitXMLReporter -->
<testsuite hostname="Lenovo-Ray" ignored="5" name="MerchantFeeRateAddAuditPass" tests="3" failures="0" timestamp="24 十月 2018 07:56:49 GMT" time="47.677" errors="0">
  <testcase name="testLogin" time="3.704" classname="com.dy.AutoTest.OperationPlatform.TestCases.LoginPageTest"/>
  <testcase name="testMerchantAuditPass" time="35.352" classname="com.dy.AutoTest.OperationPlatform.TestCases.MerchantManagementOnLine.OnLineMechantInfo.MerchantAuditPageTest"/>
  <testcase name="testQuit" time="3.606" classname="com.dy.AutoTest.OperationPlatform.TestCases.MainMenuPageTest"/>
  <testcase name="testMerchantAuditRefuse" time="0.0" classname="com.dy.AutoTest.OperationPlatform.TestCases.MerchantManagementOnLine.OnLineMechantInfo.MerchantAuditPageTest">
    <ignored/>
  </testcase> <!-- testMerchantAuditRefuse -->
  <testcase name="testMechantInfoInsert" time="0.0" classname="com.dy.AutoTest.OperationPlatform.TestCases.MainMenuPageTest">
    <ignored/>
  </testcase> <!-- testMechantInfoInsert -->
  <testcase name="@BeforeTest BeforeTest" time="0.0" classname="com.dy.AutoTest.OperationPlatform.TestCases.SuperTest">
    <ignored/>
  </testcase> <!-- @BeforeTest BeforeTest -->
  <testcase name="@AfterTest AfterTest" time="0.0" classname="com.dy.AutoTest.OperationPlatform.TestCases.SuperTest">
    <ignored/>
  </testcase> <!-- @AfterTest AfterTest -->
  <testcase name="testGetCurrentAccountantDate" time="0.0" classname="com.dy.AutoTest.OperationPlatform.TestCases.MainMenuPageTest">
    <ignored/>
  </testcase> <!-- testGetCurrentAccountantDate -->
</testsuite> <!-- MerchantFeeRateAddAuditPass -->
