<?xml version="1.0" encoding="UTF-8"?>
<testsuite name="MerchantInfoInsert"
           tests="4"
           failures="0"
           errors="0"
           skipped="0"
           time="75.813">
  <properties />
  
  
            <testcase name="testFinanceChannelManageInfo" time="13.485" classname="com.dy.AutoTest.OnlineCashier.TestCases.financechannel.FinanceChannelManageInfoPageTest" />
                <testcase name="testFinanceChannelManageInfo" time="9.494" classname="com.dy.AutoTest.OnlineCashier.TestCases.financechannel.FinanceChannelManageInfoPageTest" />
                <testcase name="testFinanceChannelManageInfo" time="23.511" classname="com.dy.AutoTest.OnlineCashier.TestCases.financechannel.FinanceChannelManageInfoPageTest" />
                <testcase name="testFinanceChannelManageInfo" time="29.323" classname="com.dy.AutoTest.OnlineCashier.TestCases.financechannel.FinanceChannelManageInfoPageTest" />
      
</testsuite>
