<?xml version="1.0" encoding="UTF-8"?>
<testsuite name="OnlineCashierB2C"
           tests="3"
           failures="0"
           errors="0"
           skipped="0"
           time="84.428">
  <properties />
  
  
            <testcase name="testOnlineCashierB2C" time="40.601" classname="com.dy.AutoTest.OnlineCashier.TestCases.OnlineCashierB2CTest" />
                <testcase name="testOnlineCashierB2C" time="25.055" classname="com.dy.AutoTest.OnlineCashier.TestCases.OnlineCashierB2CTest" />
                <testcase name="testOnlineCashierB2C" time="18.772" classname="com.dy.AutoTest.OnlineCashier.TestCases.OnlineCashierB2CTest" />
      
</testsuite>
