<?xml version="1.0" encoding="UTF-8"?>
<testsuite name="MerchantBalanceQuery"
           tests="2"
           failures="0"
           errors="0"
           skipped="0"
           time="18.113">
  <properties />
  
  
            <testcase name="testMerchantBalanceQuery" time="10.939" classname="com.dy.AutoTest.OperationPlatform.TestCases.MerchantManagementOnLine.OnLineMechantInfo.MerchantBalanceQueryPageTest" />
                <testcase name="testMerchantBalanceQuery" time="7.174" classname="com.dy.AutoTest.OperationPlatform.TestCases.MerchantManagementOnLine.OnLineMechantInfo.MerchantBalanceQueryPageTest" />
      
</testsuite>
