<?xml version="1.0" encoding="UTF-8"?>
<testsuite name="MerchantBalanceQuery"
           tests="2"
           failures="0"
           errors="0"
           skipped="0"
           time="15.075">
  <properties />
  
  
            <testcase name="testOverdueMerInfoQuery" time="7.560" classname="com.dy.AutoTest.OperationPlatform.TestCases.MerchantManagementOnLine.OnLineMechantInfo.OverdueMerInfoQueryPageTest" />
                <testcase name="testOverdueMerInfoQuery" time="7.515" classname="com.dy.AutoTest.OperationPlatform.TestCases.MerchantManagementOnLine.OnLineMechantInfo.OverdueMerInfoQueryPageTest" />
      
</testsuite>
