<?xml version="1.0" encoding="UTF-8"?>
<testng-results skipped="0" failed="0" ignored="6" total="10" passed="4">
  <reporter-output>
    <line>
      <![CDATA[        2019-03-04 16:18:10): [Test]-"MerchantInfoManagement_MerchantAudit" is started]]>
    </line>
    <line>
      <![CDATA[                2019-03-04 16:18:10: [Method]-"LoginPageTest.testAuditLogin" is started]]>
    </line>
    <line>
      <![CDATA[                2019-03-04 16:18:24: [Method]-"LoginPageTest.testAuditLogin" is passed]]>
    </line>
    <line>
      <![CDATA[                2019-03-04 16:18:26: [Method]-"MerchantAuditPageTest.testQuery" is started]]>
    </line>
    <line>
      <![CDATA[                2019-03-04 16:19:14: [Method]-"MerchantAuditPageTest.testQuery" is passed]]>
    </line>
    <line>
      <![CDATA[                2019-03-04 16:19:16: [Method]-"MerchantAuditPageTest.testPreAuditPass" is started]]>
    </line>
    <line>
      <![CDATA[                2019-03-04 16:19:26: [Method]-"MerchantAuditPageTest.testPreAuditPass" is passed]]>
    </line>
    <line>
      <![CDATA[                2019-03-04 16:19:28: [Method]-"MerchantAuditPageTest.testPreAuditFail" is started]]>
    </line>
    <line>
      <![CDATA[                2019-03-04 16:19:37: [Method]-"MerchantAuditPageTest.testPreAuditFail" is passed]]>
    </line>
    <line>
      <![CDATA[        2019-03-04 16:19:39): [Test]-"MerchantInfoManagement_MerchantAudit" is finished]]>
    </line>
  </reporter-output>
  <suite name="AcquiringOperationPlatform" duration-ms="88892" started-at="2019-03-04T08:18:10Z" finished-at="2019-03-04T08:19:39Z">
    <groups>
    </groups>
    <test name="MerchantInfoManagement_MerchantAudit" duration-ms="88892" started-at="2019-03-04T08:18:10Z" finished-at="2019-03-04T08:19:39Z">
      <class name="com.dy.AutoTest.AcquiringOperationPlatform.PageTest.LoginPageTest">
        <test-method status="PASS" signature="BeforeTest(org.testng.ITestContext)[pri:0, instance:com.dy.AutoTest.AcquiringOperationPlatform.PageTest.LoginPageTest@4ef74c30]" name="BeforeTest" is-config="true" duration-ms="2" started-at="2019-03-04T08:18:10Z" finished-at="2019-03-04T08:18:10Z">
          <params>
            <param index="0">
              <value>
                <![CDATA[org.testng.TestRunner@238ad211]]>
              </value>
            </param>
          </params>
          <reporter-output>
            <line>
              <![CDATA[        2019-03-04 16:18:10): [Test]-"MerchantInfoManagement_MerchantAudit" is started]]>
            </line>
          </reporter-output>
        </test-method> <!-- BeforeTest -->
        <test-method status="PASS" signature="beforeClass()[pri:0, instance:com.dy.AutoTest.AcquiringOperationPlatform.PageTest.LoginPageTest@4ef74c30]" name="beforeClass" is-config="true" duration-ms="0" started-at="2019-03-04T08:18:10Z" finished-at="2019-03-04T08:18:10Z">
          <reporter-output>
          </reporter-output>
        </test-method> <!-- beforeClass -->
        <test-method status="PASS" signature="init()[pri:0, instance:com.dy.AutoTest.AcquiringOperationPlatform.PageTest.LoginPageTest@4ef74c30]" name="init" is-config="true" duration-ms="5" started-at="2019-03-04T08:18:10Z" finished-at="2019-03-04T08:18:10Z">
          <reporter-output>
          </reporter-output>
        </test-method> <!-- init -->
        <test-method status="PASS" signature="beforeMethod(java.lang.reflect.Method)[pri:0, instance:com.dy.AutoTest.AcquiringOperationPlatform.PageTest.LoginPageTest@4ef74c30]" name="beforeMethod" is-config="true" duration-ms="1" started-at="2019-03-04T08:18:10Z" finished-at="2019-03-04T08:18:10Z">
          <params>
            <param index="0">
              <value>
                <![CDATA[public void com.dy.AutoTest.AcquiringOperationPlatform.PageTest.LoginPageTest.testAuditLogin(com.dy.AutoTest.AcquiringOperationPlatform.POJO.LoginBean)]]>
              </value>
            </param>
          </params>
          <reporter-output>
            <line>
              <![CDATA[                2019-03-04 16:18:10: [Method]-"LoginPageTest.testAuditLogin" is started]]>
            </line>
          </reporter-output>
        </test-method> <!-- beforeMethod -->
        <test-method status="PASS" signature="testAuditLogin(com.dy.AutoTest.AcquiringOperationPlatform.POJO.LoginBean)[pri:0, instance:com.dy.AutoTest.AcquiringOperationPlatform.PageTest.LoginPageTest@4ef74c30]" name="testAuditLogin" duration-ms="14530" started-at="2019-03-04T08:18:10Z" data-provider="LoginByCaseNO" finished-at="2019-03-04T08:18:24Z">
          <params>
            <param index="0">
              <value>
                <![CDATA[com.dy.AutoTest.AcquiringOperationPlatform.POJO.LoginBean@ecfbe91]]>
              </value>
            </param>
          </params>
          <reporter-output>
          </reporter-output>
        </test-method> <!-- testAuditLogin -->
        <test-method status="PASS" signature="afterMethod(org.testng.ITestResult)[pri:0, instance:com.dy.AutoTest.AcquiringOperationPlatform.PageTest.LoginPageTest@4ef74c30]" name="afterMethod" is-config="true" duration-ms="2001" started-at="2019-03-04T08:18:24Z" finished-at="2019-03-04T08:18:26Z">
          <params>
            <param index="0">
              <value>
                <![CDATA[[TestResult name=testAuditLogin status=SUCCESS method=LoginPageTest.testAuditLogin(com.dy.AutoTest.AcquiringOperationPlatform.POJO.LoginBean)[pri:0, instance:com.dy.AutoTest.AcquiringOperationPlatform.PageTest.LoginPageTest@4ef74c30] output={null}]]]>
              </value>
            </param>
          </params>
          <reporter-output>
            <line>
              <![CDATA[                2019-03-04 16:18:24: [Method]-"LoginPageTest.testAuditLogin" is passed]]>
            </line>
          </reporter-output>
        </test-method> <!-- afterMethod -->
        <test-method status="PASS" signature="AfterTest(org.testng.ITestContext)[pri:0, instance:com.dy.AutoTest.AcquiringOperationPlatform.PageTest.LoginPageTest@4ef74c30]" name="AfterTest" is-config="true" duration-ms="0" started-at="2019-03-04T08:19:39Z" finished-at="2019-03-04T08:19:39Z">
          <params>
            <param index="0">
              <value>
                <![CDATA[org.testng.TestRunner@238ad211]]>
              </value>
            </param>
          </params>
          <reporter-output>
            <line>
              <![CDATA[        2019-03-04 16:19:39): [Test]-"MerchantInfoManagement_MerchantAudit" is finished]]>
            </line>
          </reporter-output>
        </test-method> <!-- AfterTest -->
      </class> <!-- com.dy.AutoTest.AcquiringOperationPlatform.PageTest.LoginPageTest -->
      <class name="com.dy.AutoTest.web.actions.SingletonSet">
        <test-method status="PASS" signature="init(java.lang.String, java.lang.String)[pri:0, instance:com.dy.AutoTest.web.actions.SingletonSet@3e62d773]" name="init" is-config="true" duration-ms="4008" started-at="2019-03-04T08:18:06Z" finished-at="2019-03-04T08:18:10Z">
          <params>
            <param index="0">
              <value>
                <![CDATA[chrome]]>
              </value>
            </param>
            <param index="1">
              <value>
                <![CDATA[aop_uat]]>
              </value>
            </param>
          </params>
          <reporter-output>
          </reporter-output>
        </test-method> <!-- init -->
        <test-method status="PASS" signature="releaseJDBC()[pri:0, instance:com.dy.AutoTest.web.actions.SingletonSet@3e62d773]" name="releaseJDBC" is-config="true" duration-ms="2011" started-at="2019-03-04T08:19:39Z" finished-at="2019-03-04T08:19:41Z">
          <reporter-output>
          </reporter-output>
        </test-method> <!-- releaseJDBC -->
      </class> <!-- com.dy.AutoTest.web.actions.SingletonSet -->
      <class name="com.dy.AutoTest.AcquiringOperationPlatform.PageTest.MerchantInfoManagement.MerchantAuditPageTest">
        <test-method status="PASS" signature="beforeClass()[pri:0, instance:com.dy.AutoTest.AcquiringOperationPlatform.PageTest.MerchantInfoManagement.MerchantAuditPageTest@7283d3eb]" name="beforeClass" is-config="true" duration-ms="1" started-at="2019-03-04T08:18:26Z" finished-at="2019-03-04T08:18:26Z">
          <reporter-output>
          </reporter-output>
        </test-method> <!-- beforeClass -->
        <test-method status="PASS" signature="init()[pri:0, instance:com.dy.AutoTest.AcquiringOperationPlatform.PageTest.MerchantInfoManagement.MerchantAuditPageTest@7283d3eb]" name="init" is-config="true" duration-ms="7" started-at="2019-03-04T08:18:26Z" finished-at="2019-03-04T08:18:26Z">
          <reporter-output>
          </reporter-output>
        </test-method> <!-- init -->
        <test-method status="PASS" signature="beforeMethod(java.lang.reflect.Method)[pri:0, instance:com.dy.AutoTest.AcquiringOperationPlatform.PageTest.MerchantInfoManagement.MerchantAuditPageTest@7283d3eb]" name="beforeMethod" is-config="true" duration-ms="1" started-at="2019-03-04T08:18:26Z" finished-at="2019-03-04T08:18:26Z">
          <params>
            <param index="0">
              <value>
                <![CDATA[public void com.dy.AutoTest.AcquiringOperationPlatform.PageTest.MerchantInfoManagement.MerchantAuditPageTest.testQuery(com.dy.AutoTest.AcquiringOperationPlatform.POJO.MerchantInfoManagement_MerchantAuditBean)]]>
              </value>
            </param>
          </params>
          <reporter-output>
            <line>
              <![CDATA[                2019-03-04 16:18:26: [Method]-"MerchantAuditPageTest.testQuery" is started]]>
            </line>
          </reporter-output>
        </test-method> <!-- beforeMethod -->
        <test-method status="PASS" signature="testQuery(com.dy.AutoTest.AcquiringOperationPlatform.POJO.MerchantInfoManagement_MerchantAuditBean)[pri:0, instance:com.dy.AutoTest.AcquiringOperationPlatform.PageTest.MerchantInfoManagement.MerchantAuditPageTest@7283d3eb]" name="testQuery" duration-ms="47869" started-at="2019-03-04T08:18:26Z" data-provider="MerchantInfoManagement_MerchantAuditByCaseNO" finished-at="2019-03-04T08:19:14Z">
          <params>
            <param index="0">
              <value>
                <![CDATA[com.dy.AutoTest.AcquiringOperationPlatform.POJO.MerchantInfoManagement_MerchantAuditBean@ef1695a]]>
              </value>
            </param>
          </params>
          <reporter-output>
          </reporter-output>
        </test-method> <!-- testQuery -->
        <test-method status="PASS" signature="afterMethod(org.testng.ITestResult)[pri:0, instance:com.dy.AutoTest.AcquiringOperationPlatform.PageTest.MerchantInfoManagement.MerchantAuditPageTest@7283d3eb]" name="afterMethod" is-config="true" duration-ms="2002" started-at="2019-03-04T08:19:14Z" finished-at="2019-03-04T08:19:16Z">
          <params>
            <param index="0">
              <value>
                <![CDATA[[TestResult name=testQuery status=SUCCESS method=MerchantAuditPageTest.testQuery(com.dy.AutoTest.AcquiringOperationPlatform.POJO.MerchantInfoManagement_MerchantAuditBean)[pri:0, instance:com.dy.AutoTest.AcquiringOperationPlatform.PageTest.MerchantInfoManagement.MerchantAuditPageTest@7283d3eb] output={null}]]]>
              </value>
            </param>
          </params>
          <reporter-output>
            <line>
              <![CDATA[                2019-03-04 16:19:14: [Method]-"MerchantAuditPageTest.testQuery" is passed]]>
            </line>
          </reporter-output>
        </test-method> <!-- afterMethod -->
        <test-method status="PASS" signature="beforeMethod(java.lang.reflect.Method)[pri:0, instance:com.dy.AutoTest.AcquiringOperationPlatform.PageTest.MerchantInfoManagement.MerchantAuditPageTest@7283d3eb]" name="beforeMethod" is-config="true" duration-ms="0" started-at="2019-03-04T08:19:16Z" finished-at="2019-03-04T08:19:16Z">
          <params>
            <param index="0">
              <value>
                <![CDATA[public void com.dy.AutoTest.AcquiringOperationPlatform.PageTest.MerchantInfoManagement.MerchantAuditPageTest.testPreAuditPass(com.dy.AutoTest.AcquiringOperationPlatform.POJO.MerchantInfoManagement_MerchantAuditBean)]]>
              </value>
            </param>
          </params>
          <reporter-output>
            <line>
              <![CDATA[                2019-03-04 16:19:16: [Method]-"MerchantAuditPageTest.testPreAuditPass" is started]]>
            </line>
          </reporter-output>
        </test-method> <!-- beforeMethod -->
        <test-method status="PASS" signature="testPreAuditPass(com.dy.AutoTest.AcquiringOperationPlatform.POJO.MerchantInfoManagement_MerchantAuditBean)[pri:0, instance:com.dy.AutoTest.AcquiringOperationPlatform.PageTest.MerchantInfoManagement.MerchantAuditPageTest@7283d3eb]" name="testPreAuditPass" duration-ms="9445" started-at="2019-03-04T08:19:16Z" data-provider="MerchantInfoManagement_MerchantAuditByCaseNO" finished-at="2019-03-04T08:19:26Z">
          <params>
            <param index="0">
              <value>
                <![CDATA[com.dy.AutoTest.AcquiringOperationPlatform.POJO.MerchantInfoManagement_MerchantAuditBean@2ca54da9]]>
              </value>
            </param>
          </params>
          <reporter-output>
          </reporter-output>
        </test-method> <!-- testPreAuditPass -->
        <test-method status="PASS" signature="afterMethod(org.testng.ITestResult)[pri:0, instance:com.dy.AutoTest.AcquiringOperationPlatform.PageTest.MerchantInfoManagement.MerchantAuditPageTest@7283d3eb]" name="afterMethod" is-config="true" duration-ms="2000" started-at="2019-03-04T08:19:26Z" finished-at="2019-03-04T08:19:28Z">
          <params>
            <param index="0">
              <value>
                <![CDATA[[TestResult name=testPreAuditPass status=SUCCESS method=MerchantAuditPageTest.testPreAuditPass(com.dy.AutoTest.AcquiringOperationPlatform.POJO.MerchantInfoManagement_MerchantAuditBean)[pri:0, instance:com.dy.AutoTest.AcquiringOperationPlatform.PageTest.MerchantInfoManagement.MerchantAuditPageTest@7283d3eb] output={null}]]]>
              </value>
            </param>
          </params>
          <reporter-output>
            <line>
              <![CDATA[                2019-03-04 16:19:26: [Method]-"MerchantAuditPageTest.testPreAuditPass" is passed]]>
            </line>
          </reporter-output>
        </test-method> <!-- afterMethod -->
        <test-method status="PASS" signature="beforeMethod(java.lang.reflect.Method)[pri:0, instance:com.dy.AutoTest.AcquiringOperationPlatform.PageTest.MerchantInfoManagement.MerchantAuditPageTest@7283d3eb]" name="beforeMethod" is-config="true" duration-ms="1" started-at="2019-03-04T08:19:28Z" finished-at="2019-03-04T08:19:28Z">
          <params>
            <param index="0">
              <value>
                <![CDATA[public void com.dy.AutoTest.AcquiringOperationPlatform.PageTest.MerchantInfoManagement.MerchantAuditPageTest.testPreAuditFail(com.dy.AutoTest.AcquiringOperationPlatform.POJO.MerchantInfoManagement_MerchantAuditBean)]]>
              </value>
            </param>
          </params>
          <reporter-output>
            <line>
              <![CDATA[                2019-03-04 16:19:28: [Method]-"MerchantAuditPageTest.testPreAuditFail" is started]]>
            </line>
          </reporter-output>
        </test-method> <!-- beforeMethod -->
        <test-method status="PASS" signature="testPreAuditFail(com.dy.AutoTest.AcquiringOperationPlatform.POJO.MerchantInfoManagement_MerchantAuditBean)[pri:0, instance:com.dy.AutoTest.AcquiringOperationPlatform.PageTest.MerchantInfoManagement.MerchantAuditPageTest@7283d3eb]" name="testPreAuditFail" duration-ms="8974" started-at="2019-03-04T08:19:28Z" data-provider="MerchantInfoManagement_MerchantAuditByCaseNO" finished-at="2019-03-04T08:19:37Z">
          <params>
            <param index="0">
              <value>
                <![CDATA[com.dy.AutoTest.AcquiringOperationPlatform.POJO.MerchantInfoManagement_MerchantAuditBean@70f4f89e]]>
              </value>
            </param>
          </params>
          <reporter-output>
          </reporter-output>
        </test-method> <!-- testPreAuditFail -->
        <test-method status="PASS" signature="afterMethod(org.testng.ITestResult)[pri:0, instance:com.dy.AutoTest.AcquiringOperationPlatform.PageTest.MerchantInfoManagement.MerchantAuditPageTest@7283d3eb]" name="afterMethod" is-config="true" duration-ms="2000" started-at="2019-03-04T08:19:37Z" finished-at="2019-03-04T08:19:39Z">
          <params>
            <param index="0">
              <value>
                <![CDATA[[TestResult name=testPreAuditFail status=SUCCESS method=MerchantAuditPageTest.testPreAuditFail(com.dy.AutoTest.AcquiringOperationPlatform.POJO.MerchantInfoManagement_MerchantAuditBean)[pri:0, instance:com.dy.AutoTest.AcquiringOperationPlatform.PageTest.MerchantInfoManagement.MerchantAuditPageTest@7283d3eb] output={null}]]]>
              </value>
            </param>
          </params>
          <reporter-output>
            <line>
              <![CDATA[                2019-03-04 16:19:37: [Method]-"MerchantAuditPageTest.testPreAuditFail" is passed]]>
            </line>
          </reporter-output>
        </test-method> <!-- afterMethod -->
      </class> <!-- com.dy.AutoTest.AcquiringOperationPlatform.PageTest.MerchantInfoManagement.MerchantAuditPageTest -->
    </test> <!-- MerchantInfoManagement_MerchantAudit -->
  </suite> <!-- AcquiringOperationPlatform -->
</testng-results>
