<?xml version="1.0" encoding="UTF-8"?>
<testng-results skipped="0" failed="0" ignored="0" total="1" passed="1">
  <reporter-output>
    <line>
      <![CDATA[        2018-10-08 19:39:57): [Test]-"MerchantAuditPass" is started]]>
    </line>
    <line>
      <![CDATA[                2018-10-08 19:39:57: [Method]-"LoginPageTest.testLogin" is started]]>
    </line>
    <line>
      <![CDATA[                2018-10-08 19:40:03: [Method]-"LoginPageTest.testLogin" is passed]]>
    </line>
    <line>
      <![CDATA[        2018-10-08 19:40:05): [Test]-"MerchantAuditPass" is finished]]>
    </line>
  </reporter-output>
  <suite name="SuiteOperationPlatform" duration-ms="7690" started-at="2018-10-08T11:39:57Z" finished-at="2018-10-08T11:40:05Z">
    <groups>
    </groups>
    <test name="MerchantAuditPass" duration-ms="7690" started-at="2018-10-08T11:39:57Z" finished-at="2018-10-08T11:40:05Z">
      <class name="com.dy.AutoTest.web.actions.SingletonSet">
        <test-method status="PASS" signature="init(java.lang.String, java.lang.String)[pri:0, instance:com.dy.AutoTest.web.actions.SingletonSet@51b7e5df]" name="init" is-config="true" duration-ms="5878" started-at="2018-10-08T11:39:51Z" finished-at="2018-10-08T11:39:57Z">
          <params>
            <param index="0">
              <value>
                <![CDATA[chrome]]>
              </value>
            </param>
            <param index="1">
              <value>
                <![CDATA[pop_uat]]>
              </value>
            </param>
          </params>
          <reporter-output>
          </reporter-output>
        </test-method> <!-- init -->
        <test-method status="PASS" signature="releaseBrowser()[pri:0, instance:com.dy.AutoTest.web.actions.SingletonSet@51b7e5df]" name="releaseBrowser" is-config="true" duration-ms="2786" started-at="2018-10-08T11:40:05Z" finished-at="2018-10-08T11:40:08Z">
          <reporter-output>
          </reporter-output>
        </test-method> <!-- releaseBrowser -->
      </class> <!-- com.dy.AutoTest.web.actions.SingletonSet -->
      <class name="com.dy.AutoTest.OperationPlatform.TestCases.LoginPageTest">
        <test-method status="PASS" signature="BeforeTest(org.testng.ITestContext)[pri:0, instance:com.dy.AutoTest.OperationPlatform.TestCases.LoginPageTest@18a70f16]" name="BeforeTest" is-config="true" duration-ms="9" started-at="2018-10-08T11:39:57Z" finished-at="2018-10-08T11:39:57Z">
          <params>
            <param index="0">
              <value>
                <![CDATA[org.testng.TestRunner@64337702]]>
              </value>
            </param>
          </params>
          <reporter-output>
            <line>
              <![CDATA[        2018-10-08 19:39:57): [Test]-"MerchantAuditPass" is started]]>
            </line>
          </reporter-output>
        </test-method> <!-- BeforeTest -->
        <test-method status="PASS" signature="init()[pri:0, instance:com.dy.AutoTest.OperationPlatform.TestCases.LoginPageTest@18a70f16]" name="init" is-config="true" duration-ms="3" started-at="2018-10-08T11:39:57Z" finished-at="2018-10-08T11:39:57Z">
          <reporter-output>
          </reporter-output>
        </test-method> <!-- init -->
        <test-method status="PASS" signature="beforeClass()[pri:0, instance:com.dy.AutoTest.OperationPlatform.TestCases.LoginPageTest@18a70f16]" name="beforeClass" is-config="true" duration-ms="0" started-at="2018-10-08T11:39:57Z" finished-at="2018-10-08T11:39:57Z">
          <reporter-output>
          </reporter-output>
        </test-method> <!-- beforeClass -->
        <test-method status="PASS" signature="beforeMethod(java.lang.reflect.Method)[pri:0, instance:com.dy.AutoTest.OperationPlatform.TestCases.LoginPageTest@18a70f16]" name="beforeMethod" is-config="true" duration-ms="1" started-at="2018-10-08T11:39:57Z" finished-at="2018-10-08T11:39:57Z">
          <params>
            <param index="0">
              <value>
                <![CDATA[public void com.dy.AutoTest.OperationPlatform.TestCases.LoginPageTest.testLogin(java.lang.String)]]>
              </value>
            </param>
          </params>
          <reporter-output>
            <line>
              <![CDATA[                2018-10-08 19:39:57: [Method]-"LoginPageTest.testLogin" is started]]>
            </line>
          </reporter-output>
        </test-method> <!-- beforeMethod -->
        <test-method status="PASS" signature="testLogin(java.lang.String)[pri:0, instance:com.dy.AutoTest.OperationPlatform.TestCases.LoginPageTest@18a70f16]" name="testLogin" duration-ms="5647" started-at="2018-10-08T11:39:57Z" finished-at="2018-10-08T11:40:03Z">
          <params>
            <param index="0">
              <value>
                <![CDATA[T00105]]>
              </value>
            </param>
          </params>
          <reporter-output>
          </reporter-output>
        </test-method> <!-- testLogin -->
        <test-method status="PASS" signature="afterMethod(org.testng.ITestResult)[pri:0, instance:com.dy.AutoTest.OperationPlatform.TestCases.LoginPageTest@18a70f16]" name="afterMethod" is-config="true" duration-ms="2000" started-at="2018-10-08T11:40:03Z" finished-at="2018-10-08T11:40:05Z">
          <params>
            <param index="0">
              <value>
                <![CDATA[[TestResult name=testLogin status=SUCCESS method=LoginPageTest.testLogin(java.lang.String)[pri:0, instance:com.dy.AutoTest.OperationPlatform.TestCases.LoginPageTest@18a70f16] output={null}]]]>
              </value>
            </param>
          </params>
          <reporter-output>
            <line>
              <![CDATA[                2018-10-08 19:40:03: [Method]-"LoginPageTest.testLogin" is passed]]>
            </line>
          </reporter-output>
        </test-method> <!-- afterMethod -->
        <test-method status="PASS" signature="AfterTest(org.testng.ITestContext)[pri:0, instance:com.dy.AutoTest.OperationPlatform.TestCases.LoginPageTest@18a70f16]" name="AfterTest" is-config="true" duration-ms="1" started-at="2018-10-08T11:40:05Z" finished-at="2018-10-08T11:40:05Z">
          <params>
            <param index="0">
              <value>
                <![CDATA[org.testng.TestRunner@64337702]]>
              </value>
            </param>
          </params>
          <reporter-output>
            <line>
              <![CDATA[        2018-10-08 19:40:05): [Test]-"MerchantAuditPass" is finished]]>
            </line>
          </reporter-output>
        </test-method> <!-- AfterTest -->
      </class> <!-- com.dy.AutoTest.OperationPlatform.TestCases.LoginPageTest -->
    </test> <!-- MerchantAuditPass -->
  </suite> <!-- SuiteOperationPlatform -->
</testng-results>
