<?xml version="1.0" encoding="UTF-8"?>
<testng-results skipped="0" failed="0" ignored="2" total="5" passed="3">
  <reporter-output>
    <line>
      <![CDATA[        2019-02-27 14:00:23): [Test]-"Login" is started]]>
    </line>
    <line>
      <![CDATA[                2019-02-27 14:00:23: [Method]-"LoginPageTest.testLogin" is started]]>
    </line>
    <line>
      <![CDATA[                2019-02-27 14:00:28: [Method]-"LoginPageTest.testLogin" is passed]]>
    </line>
    <line>
      <![CDATA[        2019-02-27 14:00:30): [Test]-"Login" is finished]]>
    </line>
    <line>
      <![CDATA[        2019-02-27 14:00:30): [Test]-"MerchantProduct" is started]]>
    </line>
    <line>
      <![CDATA[                2019-02-27 14:00:30: [Method]-"MerchantProductPageTest.testUpdate" is started]]>
    </line>
    <line>
      <![CDATA[                2019-02-27 14:00:41: [Method]-"MerchantProductPageTest.testUpdate" is passed]]>
    </line>
    <line>
      <![CDATA[        2019-02-27 14:00:43): [Test]-"MerchantProduct" is finished]]>
    </line>
  </reporter-output>
  <suite name="SuiteOperationPlatform" duration-ms="24291" started-at="2019-02-27T06:00:23Z" finished-at="2019-02-27T06:00:47Z">
    <groups>
    </groups>
    <test name="Login" duration-ms="6779" started-at="2019-02-27T06:00:23Z" finished-at="2019-02-27T06:00:30Z">
      <class name="com.dy.AutoTest.OperationPlatform.TestCases.LoginPageTest">
        <test-method status="PASS" signature="BeforeTest(org.testng.ITestContext)[pri:0, instance:com.dy.AutoTest.OperationPlatform.TestCases.LoginPageTest@1d082e88]" name="BeforeTest" is-config="true" duration-ms="3" started-at="2019-02-27T06:00:23Z" finished-at="2019-02-27T06:00:23Z">
          <params>
            <param index="0">
              <value>
                <![CDATA[org.testng.TestRunner@1f12e153]]>
              </value>
            </param>
          </params>
          <reporter-output>
            <line>
              <![CDATA[        2019-02-27 14:00:23): [Test]-"Login" is started]]>
            </line>
          </reporter-output>
        </test-method> <!-- BeforeTest -->
        <test-method status="PASS" signature="beforeClass()[pri:0, instance:com.dy.AutoTest.OperationPlatform.TestCases.LoginPageTest@1d082e88]" name="beforeClass" is-config="true" duration-ms="0" started-at="2019-02-27T06:00:23Z" finished-at="2019-02-27T06:00:23Z">
          <reporter-output>
          </reporter-output>
        </test-method> <!-- beforeClass -->
        <test-method status="PASS" signature="init()[pri:0, instance:com.dy.AutoTest.OperationPlatform.TestCases.LoginPageTest@1d082e88]" name="init" is-config="true" duration-ms="4" started-at="2019-02-27T06:00:23Z" finished-at="2019-02-27T06:00:23Z">
          <reporter-output>
          </reporter-output>
        </test-method> <!-- init -->
        <test-method status="PASS" signature="beforeMethod(java.lang.reflect.Method)[pri:0, instance:com.dy.AutoTest.OperationPlatform.TestCases.LoginPageTest@1d082e88]" name="beforeMethod" is-config="true" duration-ms="1" started-at="2019-02-27T06:00:23Z" finished-at="2019-02-27T06:00:23Z">
          <params>
            <param index="0">
              <value>
                <![CDATA[public void com.dy.AutoTest.OperationPlatform.TestCases.LoginPageTest.testLogin(java.lang.String)]]>
              </value>
            </param>
          </params>
          <reporter-output>
            <line>
              <![CDATA[                2019-02-27 14:00:23: [Method]-"LoginPageTest.testLogin" is started]]>
            </line>
          </reporter-output>
        </test-method> <!-- beforeMethod -->
        <test-method status="PASS" signature="testLogin(java.lang.String)[pri:0, instance:com.dy.AutoTest.OperationPlatform.TestCases.LoginPageTest@1d082e88]" name="testLogin" duration-ms="4744" started-at="2019-02-27T06:00:23Z" finished-at="2019-02-27T06:00:28Z">
          <params>
            <param index="0">
              <value>
                <![CDATA[T00064]]>
              </value>
            </param>
          </params>
          <reporter-output>
          </reporter-output>
        </test-method> <!-- testLogin -->
        <test-method status="PASS" signature="afterMethod(org.testng.ITestResult)[pri:0, instance:com.dy.AutoTest.OperationPlatform.TestCases.LoginPageTest@1d082e88]" name="afterMethod" is-config="true" duration-ms="2001" started-at="2019-02-27T06:00:28Z" finished-at="2019-02-27T06:00:30Z">
          <params>
            <param index="0">
              <value>
                <![CDATA[[TestResult name=testLogin status=SUCCESS method=LoginPageTest.testLogin(java.lang.String)[pri:0, instance:com.dy.AutoTest.OperationPlatform.TestCases.LoginPageTest@1d082e88] output={null}]]]>
              </value>
            </param>
          </params>
          <reporter-output>
            <line>
              <![CDATA[                2019-02-27 14:00:28: [Method]-"LoginPageTest.testLogin" is passed]]>
            </line>
          </reporter-output>
        </test-method> <!-- afterMethod -->
        <test-method status="PASS" signature="AfterTest(org.testng.ITestContext)[pri:0, instance:com.dy.AutoTest.OperationPlatform.TestCases.LoginPageTest@1d082e88]" name="AfterTest" is-config="true" duration-ms="1" started-at="2019-02-27T06:00:30Z" finished-at="2019-02-27T06:00:30Z">
          <params>
            <param index="0">
              <value>
                <![CDATA[org.testng.TestRunner@1f12e153]]>
              </value>
            </param>
          </params>
          <reporter-output>
            <line>
              <![CDATA[        2019-02-27 14:00:30): [Test]-"Login" is finished]]>
            </line>
          </reporter-output>
        </test-method> <!-- AfterTest -->
      </class> <!-- com.dy.AutoTest.OperationPlatform.TestCases.LoginPageTest -->
    </test> <!-- Login -->
    <test name="MerchantProduct" duration-ms="12909" started-at="2019-02-27T06:00:30Z" finished-at="2019-02-27T06:00:43Z">
      <class name="com.dy.AutoTest.OperationPlatform.TestCases.MerchantManagementOnLine.OnLineMechantInfo.MerchantProductPageTest">
        <test-method status="PASS" signature="BeforeTest(org.testng.ITestContext)[pri:0, instance:com.dy.AutoTest.OperationPlatform.TestCases.MerchantManagementOnLine.OnLineMechantInfo.MerchantProductPageTest@147ed70f]" name="BeforeTest" is-config="true" duration-ms="1" started-at="2019-02-27T06:00:30Z" finished-at="2019-02-27T06:00:30Z">
          <params>
            <param index="0">
              <value>
                <![CDATA[org.testng.TestRunner@389562d6]]>
              </value>
            </param>
          </params>
          <reporter-output>
            <line>
              <![CDATA[        2019-02-27 14:00:30): [Test]-"MerchantProduct" is started]]>
            </line>
          </reporter-output>
        </test-method> <!-- BeforeTest -->
        <test-method status="PASS" signature="init()[pri:0, instance:com.dy.AutoTest.OperationPlatform.TestCases.MerchantManagementOnLine.OnLineMechantInfo.MerchantProductPageTest@147ed70f]" name="init" is-config="true" duration-ms="3" started-at="2019-02-27T06:00:30Z" finished-at="2019-02-27T06:00:30Z">
          <reporter-output>
          </reporter-output>
        </test-method> <!-- init -->
        <test-method status="PASS" signature="beforeClass()[pri:0, instance:com.dy.AutoTest.OperationPlatform.TestCases.MerchantManagementOnLine.OnLineMechantInfo.MerchantProductPageTest@147ed70f]" name="beforeClass" is-config="true" duration-ms="0" started-at="2019-02-27T06:00:30Z" finished-at="2019-02-27T06:00:30Z">
          <reporter-output>
          </reporter-output>
        </test-method> <!-- beforeClass -->
        <test-method status="PASS" signature="testUpdate(com.dy.AutoTest.OperationPlatform.POJO.MerchantProductBean)[pri:0, instance:com.dy.AutoTest.OperationPlatform.TestCases.MerchantManagementOnLine.OnLineMechantInfo.MerchantProductPageTest@147ed70f]" name="testUpdate" duration-ms="10896" started-at="2019-02-27T06:00:30Z" data-provider="MerchantProductByCaseNO" finished-at="2019-02-27T06:00:41Z">
          <params>
            <param index="0">
              <value>
                <![CDATA[com.dy.AutoTest.OperationPlatform.POJO.MerchantProductBean@6c345c5f]]>
              </value>
            </param>
          </params>
          <reporter-output>
          </reporter-output>
        </test-method> <!-- testUpdate -->
        <test-method status="PASS" signature="beforeMethod(java.lang.reflect.Method)[pri:0, instance:com.dy.AutoTest.OperationPlatform.TestCases.MerchantManagementOnLine.OnLineMechantInfo.MerchantProductPageTest@147ed70f]" name="beforeMethod" is-config="true" duration-ms="0" started-at="2019-02-27T06:00:30Z" finished-at="2019-02-27T06:00:30Z">
          <params>
            <param index="0">
              <value>
                <![CDATA[public void com.dy.AutoTest.OperationPlatform.TestCases.MerchantManagementOnLine.OnLineMechantInfo.MerchantProductPageTest.testUpdate(com.dy.AutoTest.OperationPlatform.POJO.MerchantProductBean)]]>
              </value>
            </param>
          </params>
          <reporter-output>
            <line>
              <![CDATA[                2019-02-27 14:00:30: [Method]-"MerchantProductPageTest.testUpdate" is started]]>
            </line>
          </reporter-output>
        </test-method> <!-- beforeMethod -->
        <test-method status="PASS" signature="afterMethod(org.testng.ITestResult)[pri:0, instance:com.dy.AutoTest.OperationPlatform.TestCases.MerchantManagementOnLine.OnLineMechantInfo.MerchantProductPageTest@147ed70f]" name="afterMethod" is-config="true" duration-ms="2000" started-at="2019-02-27T06:00:41Z" finished-at="2019-02-27T06:00:43Z">
          <params>
            <param index="0">
              <value>
                <![CDATA[[TestResult name=testUpdate status=SUCCESS method=MerchantProductPageTest.testUpdate(com.dy.AutoTest.OperationPlatform.POJO.MerchantProductBean)[pri:0, instance:com.dy.AutoTest.OperationPlatform.TestCases.MerchantManagementOnLine.OnLineMechantInfo.MerchantProductPageTest@147ed70f] output={null}]]]>
              </value>
            </param>
          </params>
          <reporter-output>
            <line>
              <![CDATA[                2019-02-27 14:00:41: [Method]-"MerchantProductPageTest.testUpdate" is passed]]>
            </line>
          </reporter-output>
        </test-method> <!-- afterMethod -->
        <test-method status="PASS" signature="AfterTest(org.testng.ITestContext)[pri:0, instance:com.dy.AutoTest.OperationPlatform.TestCases.MerchantManagementOnLine.OnLineMechantInfo.MerchantProductPageTest@147ed70f]" name="AfterTest" is-config="true" duration-ms="1" started-at="2019-02-27T06:00:43Z" finished-at="2019-02-27T06:00:43Z">
          <params>
            <param index="0">
              <value>
                <![CDATA[org.testng.TestRunner@389562d6]]>
              </value>
            </param>
          </params>
          <reporter-output>
            <line>
              <![CDATA[        2019-02-27 14:00:43): [Test]-"MerchantProduct" is finished]]>
            </line>
          </reporter-output>
        </test-method> <!-- AfterTest -->
      </class> <!-- com.dy.AutoTest.OperationPlatform.TestCases.MerchantManagementOnLine.OnLineMechantInfo.MerchantProductPageTest -->
    </test> <!-- MerchantProduct -->
    <test name="Quit" duration-ms="4569" started-at="2019-02-27T06:00:43Z" finished-at="2019-02-27T06:00:47Z">
      <class name="com.dy.AutoTest.web.actions.SingletonSet">
        <test-method status="PASS" signature="init(java.lang.String, java.lang.String)[pri:0, instance:com.dy.AutoTest.web.actions.SingletonSet@7d3a22a9]" name="init" is-config="true" duration-ms="3563" started-at="2019-02-27T06:00:19Z" finished-at="2019-02-27T06:00:23Z">
          <params>
            <param index="0">
              <value>
                <![CDATA[chrome]]>
              </value>
            </param>
            <param index="1">
              <value>
                <![CDATA[pop_uat]]>
              </value>
            </param>
          </params>
          <reporter-output>
          </reporter-output>
        </test-method> <!-- init -->
        <test-method status="PASS" signature="releaseJDBC()[pri:0, instance:com.dy.AutoTest.web.actions.SingletonSet@7d3a22a9]" name="releaseJDBC" is-config="true" duration-ms="2019" started-at="2019-02-27T06:00:47Z" finished-at="2019-02-27T06:00:49Z">
          <reporter-output>
          </reporter-output>
        </test-method> <!-- releaseJDBC -->
      </class> <!-- com.dy.AutoTest.web.actions.SingletonSet -->
      <class name="com.dy.AutoTest.OperationPlatform.TestCases.MainMenuPageTest">
        <test-method status="PASS" signature="init()[pri:0, instance:com.dy.AutoTest.OperationPlatform.TestCases.MainMenuPageTest@229d10bd]" name="init" is-config="true" duration-ms="2" started-at="2019-02-27T06:00:43Z" finished-at="2019-02-27T06:00:43Z">
          <reporter-output>
          </reporter-output>
        </test-method> <!-- init -->
        <test-method status="PASS" signature="testQuit()[pri:0, instance:com.dy.AutoTest.OperationPlatform.TestCases.MainMenuPageTest@229d10bd]" name="testQuit" duration-ms="3562" started-at="2019-02-27T06:00:43Z" finished-at="2019-02-27T06:00:46Z">
          <reporter-output>
          </reporter-output>
        </test-method> <!-- testQuit -->
        <test-method status="PASS" signature="releaseBrowser()[pri:0, instance:com.dy.AutoTest.OperationPlatform.TestCases.MainMenuPageTest@229d10bd]" name="releaseBrowser" is-config="true" duration-ms="1002" started-at="2019-02-27T06:00:46Z" finished-at="2019-02-27T06:00:47Z">
          <reporter-output>
          </reporter-output>
        </test-method> <!-- releaseBrowser -->
      </class> <!-- com.dy.AutoTest.OperationPlatform.TestCases.MainMenuPageTest -->
    </test> <!-- Quit -->
  </suite> <!-- SuiteOperationPlatform -->
</testng-results>
