<?xml version="1.0" encoding="UTF-8"?>
<testng-results skipped="0" failed="0" ignored="27" total="45" passed="18">
  <reporter-output>
    <line>
      <![CDATA[        2018-10-24 09:23:30): [Test]-"MerchantInfoInsert" is started]]>
    </line>
    <line>
      <![CDATA[                2018-10-24 09:23:30: [Method]-"LoginPageTest.testLogin" is started]]>
    </line>
    <line>
      <![CDATA[                2018-10-24 09:23:36: [Method]-"LoginPageTest.testLogin" is passed]]>
    </line>
    <line>
      <![CDATA[                2018-10-24 09:23:38: [Method]-"MerchantInfoInsertPageTest.testMerchantInfoInsert" is started]]>
    </line>
    <line>
      <![CDATA[                2018-10-24 09:24:30: [Method]-"MerchantInfoInsertPageTest.testMerchantInfoInsert" is passed]]>
    </line>
    <line>
      <![CDATA[        2018-10-24 09:24:37): [Test]-"MerchantInfoInsert" is finished]]>
    </line>
    <line>
      <![CDATA[        2018-10-24 09:24:37): [Test]-"MerchantInfoInsertAuditPass" is started]]>
    </line>
    <line>
      <![CDATA[                2018-10-24 09:24:37: [Method]-"LoginPageTest.testLogin" is started]]>
    </line>
    <line>
      <![CDATA[                2018-10-24 09:24:41: [Method]-"LoginPageTest.testLogin" is passed]]>
    </line>
    <line>
      <![CDATA[                2018-10-24 09:24:43: [Method]-"MerchantAuditPageTest.testMerchantAuditPass" is started]]>
    </line>
    <line>
      <![CDATA[MerchantNO: 872290059475025 商户基本资料新增审核通过]]>
    </line>
    <line>
      <![CDATA[                2018-10-24 09:24:55: [Method]-"MerchantAuditPageTest.testMerchantAuditPass" is passed]]>
    </line>
    <line>
      <![CDATA[        2018-10-24 09:25:01): [Test]-"MerchantInfoInsertAuditPass" is finished]]>
    </line>
    <line>
      <![CDATA[        2018-10-24 09:25:01): [Test]-"MerchantSettlementInsert" is started]]>
    </line>
    <line>
      <![CDATA[                2018-10-24 09:25:01: [Method]-"LoginPageTest.testLogin" is started]]>
    </line>
    <line>
      <![CDATA[                2018-10-24 09:25:05: [Method]-"LoginPageTest.testLogin" is passed]]>
    </line>
    <line>
      <![CDATA[                2018-10-24 09:25:07: [Method]-"MerchantSettlementPageTest.testMerchantSettlementInsert" is started]]>
    </line>
    <line>
      <![CDATA[                2018-10-24 09:25:24: [Method]-"MerchantSettlementPageTest.testMerchantSettlementInsert" is passed]]>
    </line>
    <line>
      <![CDATA[        2018-10-24 09:25:30): [Test]-"MerchantSettlementInsert" is finished]]>
    </line>
    <line>
      <![CDATA[        2018-10-24 09:25:31): [Test]-"MerchantSettlementInsertAuditPass" is started]]>
    </line>
    <line>
      <![CDATA[                2018-10-24 09:25:31: [Method]-"LoginPageTest.testLogin" is started]]>
    </line>
    <line>
      <![CDATA[                2018-10-24 09:25:34: [Method]-"LoginPageTest.testLogin" is passed]]>
    </line>
    <line>
      <![CDATA[                2018-10-24 09:25:36: [Method]-"MerchantAuditPageTest.testMerchantAuditPass" is started]]>
    </line>
    <line>
      <![CDATA[MerchantNO: 872290059475025 商户结算信息新增审核通过]]>
    </line>
    <line>
      <![CDATA[                2018-10-24 09:25:48: [Method]-"MerchantAuditPageTest.testMerchantAuditPass" is passed]]>
    </line>
    <line>
      <![CDATA[        2018-10-24 09:25:54): [Test]-"MerchantSettlementInsertAuditPass" is finished]]>
    </line>
    <line>
      <![CDATA[        2018-10-24 09:25:54): [Test]-"MerchantFeeRateAdd" is started]]>
    </line>
    <line>
      <![CDATA[                2018-10-24 09:25:54: [Method]-"LoginPageTest.testLogin" is started]]>
    </line>
    <line>
      <![CDATA[                2018-10-24 09:25:58: [Method]-"LoginPageTest.testLogin" is passed]]>
    </line>
    <line>
      <![CDATA[                2018-10-24 09:26:00: [Method]-"MerchantFeeRatePageTest.testMerchantFeeRateAdd" is started]]>
    </line>
    <line>
      <![CDATA[                2018-10-24 09:27:37: [Method]-"MerchantFeeRatePageTest.testMerchantFeeRateAdd" is passed]]>
    </line>
    <line>
      <![CDATA[        2018-10-24 09:27:43): [Test]-"MerchantFeeRateAdd" is finished]]>
    </line>
    <line>
      <![CDATA[        2018-10-24 09:27:43): [Test]-"MerchantFeeRateAddAuditPass" is started]]>
    </line>
    <line>
      <![CDATA[                2018-10-24 09:27:43: [Method]-"LoginPageTest.testLogin" is started]]>
    </line>
    <line>
      <![CDATA[                2018-10-24 09:27:48: [Method]-"LoginPageTest.testLogin" is passed]]>
    </line>
    <line>
      <![CDATA[                2018-10-24 09:27:50: [Method]-"MerchantAuditPageTest.testMerchantAuditPass" is started]]>
    </line>
    <line>
      <![CDATA[MerchantNO: 872290059475025 商户费率信息新增审核通过]]>
    </line>
    <line>
      <![CDATA[MerchantNO: 872290059475025 商户费率信息新增审核通过]]>
    </line>
    <line>
      <![CDATA[MerchantNO: 872290059475025 商户费率信息新增审核通过]]>
    </line>
    <line>
      <![CDATA[MerchantNO: 872290059475025 商户费率信息新增审核通过]]>
    </line>
    <line>
      <![CDATA[MerchantNO: 872290059475025 商户费率信息新增审核通过]]>
    </line>
    <line>
      <![CDATA[MerchantNO: 872290059475025 商户费率信息新增审核通过]]>
    </line>
    <line>
      <![CDATA[MerchantNO: 872290059475025 商户费率信息新增审核通过]]>
    </line>
    <line>
      <![CDATA[                2018-10-24 09:28:26: [Method]-"MerchantAuditPageTest.testMerchantAuditPass" is passed]]>
    </line>
    <line>
      <![CDATA[        2018-10-24 09:28:33): [Test]-"MerchantFeeRateAddAuditPass" is finished]]>
    </line>
  </reporter-output>
  <suite name="Demo-181023" duration-ms="302749" started-at="2018-10-24T01:23:30Z" finished-at="2018-10-24T01:28:33Z">
    <groups>
    </groups>
    <test name="MerchantInfoInsert" duration-ms="66929" started-at="2018-10-24T01:23:30Z" finished-at="2018-10-24T01:24:37Z">
      <class name="com.dy.AutoTest.OperationPlatform.TestCases.MerchantManagementOnLine.OnLineMechantInfo.MerchantInfoInsertPageTest">
        <test-method status="PASS" signature="beforeClass()[pri:0, instance:com.dy.AutoTest.OperationPlatform.TestCases.MerchantManagementOnLine.OnLineMechantInfo.MerchantInfoInsertPageTest@61dd025]" name="beforeClass" is-config="true" duration-ms="0" started-at="2018-10-24T01:23:38Z" finished-at="2018-10-24T01:23:38Z">
          <reporter-output>
          </reporter-output>
        </test-method> <!-- beforeClass -->
        <test-method status="PASS" signature="init()[pri:0, instance:com.dy.AutoTest.OperationPlatform.TestCases.MerchantManagementOnLine.OnLineMechantInfo.MerchantInfoInsertPageTest@61dd025]" name="init" is-config="true" duration-ms="6" started-at="2018-10-24T01:23:38Z" finished-at="2018-10-24T01:23:38Z">
          <reporter-output>
          </reporter-output>
        </test-method> <!-- init -->
        <test-method status="PASS" signature="beforeMethod(java.lang.reflect.Method)[pri:0, instance:com.dy.AutoTest.OperationPlatform.TestCases.MerchantManagementOnLine.OnLineMechantInfo.MerchantInfoInsertPageTest@61dd025]" name="beforeMethod" is-config="true" duration-ms="0" started-at="2018-10-24T01:23:38Z" finished-at="2018-10-24T01:23:38Z">
          <params>
            <param index="0">
              <value>
                <![CDATA[public void com.dy.AutoTest.OperationPlatform.TestCases.MerchantManagementOnLine.OnLineMechantInfo.MerchantInfoInsertPageTest.testMerchantInfoInsert(com.dy.AutoTest.OperationPlatform.POJO.MerchantInfoBean)]]>
              </value>
            </param>
          </params>
          <reporter-output>
            <line>
              <![CDATA[                2018-10-24 09:23:38: [Method]-"MerchantInfoInsertPageTest.testMerchantInfoInsert" is started]]>
            </line>
          </reporter-output>
        </test-method> <!-- beforeMethod -->
        <test-method status="PASS" signature="testMerchantInfoInsert(com.dy.AutoTest.OperationPlatform.POJO.MerchantInfoBean)[pri:0, instance:com.dy.AutoTest.OperationPlatform.TestCases.MerchantManagementOnLine.OnLineMechantInfo.MerchantInfoInsertPageTest@61dd025]" name="testMerchantInfoInsert" duration-ms="52252" started-at="2018-10-24T01:23:38Z" data-provider="merchantInfoInsert" finished-at="2018-10-24T01:24:30Z">
          <params>
            <param index="0">
              <value>
                <![CDATA[com.dy.AutoTest.OperationPlatform.POJO.MerchantInfoBean@7876d598]]>
              </value>
            </param>
          </params>
          <reporter-output>
          </reporter-output>
        </test-method> <!-- testMerchantInfoInsert -->
        <test-method status="PASS" signature="afterMethod(org.testng.ITestResult)[pri:0, instance:com.dy.AutoTest.OperationPlatform.TestCases.MerchantManagementOnLine.OnLineMechantInfo.MerchantInfoInsertPageTest@61dd025]" name="afterMethod" is-config="true" duration-ms="2001" started-at="2018-10-24T01:24:30Z" finished-at="2018-10-24T01:24:32Z">
          <params>
            <param index="0">
              <value>
                <![CDATA[[TestResult name=testMerchantInfoInsert status=SUCCESS method=MerchantInfoInsertPageTest.testMerchantInfoInsert(com.dy.AutoTest.OperationPlatform.POJO.MerchantInfoBean)[pri:0, instance:com.dy.AutoTest.OperationPlatform.TestCases.MerchantManagementOnLine.OnLineMechantInfo.MerchantInfoInsertPageTest@61dd025] output={null}]]]>
              </value>
            </param>
          </params>
          <reporter-output>
            <line>
              <![CDATA[                2018-10-24 09:24:30: [Method]-"MerchantInfoInsertPageTest.testMerchantInfoInsert" is passed]]>
            </line>
          </reporter-output>
        </test-method> <!-- afterMethod -->
      </class> <!-- com.dy.AutoTest.OperationPlatform.TestCases.MerchantManagementOnLine.OnLineMechantInfo.MerchantInfoInsertPageTest -->
      <class name="com.dy.AutoTest.OperationPlatform.TestCases.LoginPageTest">
        <test-method status="PASS" signature="BeforeTest(org.testng.ITestContext)[pri:0, instance:com.dy.AutoTest.OperationPlatform.TestCases.LoginPageTest@147ed70f]" name="BeforeTest" is-config="true" duration-ms="2" started-at="2018-10-24T01:23:30Z" finished-at="2018-10-24T01:23:30Z">
          <params>
            <param index="0">
              <value>
                <![CDATA[org.testng.TestRunner@5076da27]]>
              </value>
            </param>
          </params>
          <reporter-output>
            <line>
              <![CDATA[        2018-10-24 09:23:30): [Test]-"MerchantInfoInsert" is started]]>
            </line>
          </reporter-output>
        </test-method> <!-- BeforeTest -->
        <test-method status="PASS" signature="beforeClass()[pri:0, instance:com.dy.AutoTest.OperationPlatform.TestCases.LoginPageTest@147ed70f]" name="beforeClass" is-config="true" duration-ms="0" started-at="2018-10-24T01:23:30Z" finished-at="2018-10-24T01:23:30Z">
          <reporter-output>
          </reporter-output>
        </test-method> <!-- beforeClass -->
        <test-method status="PASS" signature="init()[pri:0, instance:com.dy.AutoTest.OperationPlatform.TestCases.LoginPageTest@147ed70f]" name="init" is-config="true" duration-ms="3" started-at="2018-10-24T01:23:30Z" finished-at="2018-10-24T01:23:30Z">
          <reporter-output>
          </reporter-output>
        </test-method> <!-- init -->
        <test-method status="PASS" signature="beforeMethod(java.lang.reflect.Method)[pri:0, instance:com.dy.AutoTest.OperationPlatform.TestCases.LoginPageTest@147ed70f]" name="beforeMethod" is-config="true" duration-ms="1" started-at="2018-10-24T01:23:30Z" finished-at="2018-10-24T01:23:30Z">
          <params>
            <param index="0">
              <value>
                <![CDATA[public void com.dy.AutoTest.OperationPlatform.TestCases.LoginPageTest.testLogin(java.lang.String)]]>
              </value>
            </param>
          </params>
          <reporter-output>
            <line>
              <![CDATA[                2018-10-24 09:23:30: [Method]-"LoginPageTest.testLogin" is started]]>
            </line>
          </reporter-output>
        </test-method> <!-- beforeMethod -->
        <test-method status="PASS" signature="testLogin(java.lang.String)[pri:0, instance:com.dy.AutoTest.OperationPlatform.TestCases.LoginPageTest@147ed70f]" name="testLogin" duration-ms="6001" started-at="2018-10-24T01:23:30Z" finished-at="2018-10-24T01:23:36Z">
          <params>
            <param index="0">
              <value>
                <![CDATA[T00105]]>
              </value>
            </param>
          </params>
          <reporter-output>
          </reporter-output>
        </test-method> <!-- testLogin -->
        <test-method status="PASS" signature="afterMethod(org.testng.ITestResult)[pri:0, instance:com.dy.AutoTest.OperationPlatform.TestCases.LoginPageTest@147ed70f]" name="afterMethod" is-config="true" duration-ms="2001" started-at="2018-10-24T01:23:36Z" finished-at="2018-10-24T01:23:38Z">
          <params>
            <param index="0">
              <value>
                <![CDATA[[TestResult name=testLogin status=SUCCESS method=LoginPageTest.testLogin(java.lang.String)[pri:0, instance:com.dy.AutoTest.OperationPlatform.TestCases.LoginPageTest@147ed70f] output={null}]]]>
              </value>
            </param>
          </params>
          <reporter-output>
            <line>
              <![CDATA[                2018-10-24 09:23:36: [Method]-"LoginPageTest.testLogin" is passed]]>
            </line>
          </reporter-output>
        </test-method> <!-- afterMethod -->
        <test-method status="PASS" signature="AfterTest(org.testng.ITestContext)[pri:0, instance:com.dy.AutoTest.OperationPlatform.TestCases.LoginPageTest@147ed70f]" name="AfterTest" is-config="true" duration-ms="1" started-at="2018-10-24T01:24:37Z" finished-at="2018-10-24T01:24:37Z">
          <params>
            <param index="0">
              <value>
                <![CDATA[org.testng.TestRunner@5076da27]]>
              </value>
            </param>
          </params>
          <reporter-output>
            <line>
              <![CDATA[        2018-10-24 09:24:37): [Test]-"MerchantInfoInsert" is finished]]>
            </line>
          </reporter-output>
        </test-method> <!-- AfterTest -->
      </class> <!-- com.dy.AutoTest.OperationPlatform.TestCases.LoginPageTest -->
      <class name="com.dy.AutoTest.OperationPlatform.TestCases.MainMenuPageTest">
        <test-method status="PASS" signature="init()[pri:0, instance:com.dy.AutoTest.OperationPlatform.TestCases.MainMenuPageTest@124c278f]" name="init" is-config="true" duration-ms="3" started-at="2018-10-24T01:24:32Z" finished-at="2018-10-24T01:24:32Z">
          <reporter-output>
          </reporter-output>
        </test-method> <!-- init -->
        <test-method status="PASS" signature="testQuit()[pri:0, instance:com.dy.AutoTest.OperationPlatform.TestCases.MainMenuPageTest@124c278f]" name="testQuit" duration-ms="3631" started-at="2018-10-24T01:24:32Z" finished-at="2018-10-24T01:24:36Z">
          <reporter-output>
          </reporter-output>
        </test-method> <!-- testQuit -->
        <test-method status="PASS" signature="releaseBrowser()[pri:0, instance:com.dy.AutoTest.OperationPlatform.TestCases.MainMenuPageTest@124c278f]" name="releaseBrowser" is-config="true" duration-ms="1000" started-at="2018-10-24T01:24:36Z" finished-at="2018-10-24T01:24:37Z">
          <reporter-output>
          </reporter-output>
        </test-method> <!-- releaseBrowser -->
      </class> <!-- com.dy.AutoTest.OperationPlatform.TestCases.MainMenuPageTest -->
    </test> <!-- MerchantInfoInsert -->
    <test name="MerchantInfoInsertAuditPass" duration-ms="24387" started-at="2018-10-24T01:24:37Z" finished-at="2018-10-24T01:25:01Z">
      <class name="com.dy.AutoTest.OperationPlatform.TestCases.LoginPageTest">
        <test-method status="PASS" signature="BeforeTest(org.testng.ITestContext)[pri:0, instance:com.dy.AutoTest.OperationPlatform.TestCases.LoginPageTest@12e61fe6]" name="BeforeTest" is-config="true" duration-ms="0" started-at="2018-10-24T01:24:37Z" finished-at="2018-10-24T01:24:37Z">
          <params>
            <param index="0">
              <value>
                <![CDATA[org.testng.TestRunner@65c03f1b]]>
              </value>
            </param>
          </params>
          <reporter-output>
            <line>
              <![CDATA[        2018-10-24 09:24:37): [Test]-"MerchantInfoInsertAuditPass" is started]]>
            </line>
          </reporter-output>
        </test-method> <!-- BeforeTest -->
        <test-method status="PASS" signature="init()[pri:0, instance:com.dy.AutoTest.OperationPlatform.TestCases.LoginPageTest@12e61fe6]" name="init" is-config="true" duration-ms="1" started-at="2018-10-24T01:24:37Z" finished-at="2018-10-24T01:24:37Z">
          <reporter-output>
          </reporter-output>
        </test-method> <!-- init -->
        <test-method status="PASS" signature="beforeClass()[pri:0, instance:com.dy.AutoTest.OperationPlatform.TestCases.LoginPageTest@12e61fe6]" name="beforeClass" is-config="true" duration-ms="0" started-at="2018-10-24T01:24:37Z" finished-at="2018-10-24T01:24:37Z">
          <reporter-output>
          </reporter-output>
        </test-method> <!-- beforeClass -->
        <test-method status="PASS" signature="beforeMethod(java.lang.reflect.Method)[pri:0, instance:com.dy.AutoTest.OperationPlatform.TestCases.LoginPageTest@12e61fe6]" name="beforeMethod" is-config="true" duration-ms="1" started-at="2018-10-24T01:24:37Z" finished-at="2018-10-24T01:24:37Z">
          <params>
            <param index="0">
              <value>
                <![CDATA[public void com.dy.AutoTest.OperationPlatform.TestCases.LoginPageTest.testLogin(java.lang.String)]]>
              </value>
            </param>
          </params>
          <reporter-output>
            <line>
              <![CDATA[                2018-10-24 09:24:37: [Method]-"LoginPageTest.testLogin" is started]]>
            </line>
          </reporter-output>
        </test-method> <!-- beforeMethod -->
        <test-method status="PASS" signature="testLogin(java.lang.String)[pri:0, instance:com.dy.AutoTest.OperationPlatform.TestCases.LoginPageTest@12e61fe6]" name="testLogin" duration-ms="3834" started-at="2018-10-24T01:24:37Z" finished-at="2018-10-24T01:24:41Z">
          <params>
            <param index="0">
              <value>
                <![CDATA[T00107]]>
              </value>
            </param>
          </params>
          <reporter-output>
          </reporter-output>
        </test-method> <!-- testLogin -->
        <test-method status="PASS" signature="afterMethod(org.testng.ITestResult)[pri:0, instance:com.dy.AutoTest.OperationPlatform.TestCases.LoginPageTest@12e61fe6]" name="afterMethod" is-config="true" duration-ms="2002" started-at="2018-10-24T01:24:41Z" finished-at="2018-10-24T01:24:43Z">
          <params>
            <param index="0">
              <value>
                <![CDATA[[TestResult name=testLogin status=SUCCESS method=LoginPageTest.testLogin(java.lang.String)[pri:0, instance:com.dy.AutoTest.OperationPlatform.TestCases.LoginPageTest@12e61fe6] output={null}]]]>
              </value>
            </param>
          </params>
          <reporter-output>
            <line>
              <![CDATA[                2018-10-24 09:24:41: [Method]-"LoginPageTest.testLogin" is passed]]>
            </line>
          </reporter-output>
        </test-method> <!-- afterMethod -->
        <test-method status="PASS" signature="AfterTest(org.testng.ITestContext)[pri:0, instance:com.dy.AutoTest.OperationPlatform.TestCases.LoginPageTest@12e61fe6]" name="AfterTest" is-config="true" duration-ms="1" started-at="2018-10-24T01:25:01Z" finished-at="2018-10-24T01:25:01Z">
          <params>
            <param index="0">
              <value>
                <![CDATA[org.testng.TestRunner@65c03f1b]]>
              </value>
            </param>
          </params>
          <reporter-output>
            <line>
              <![CDATA[        2018-10-24 09:25:01): [Test]-"MerchantInfoInsertAuditPass" is finished]]>
            </line>
          </reporter-output>
        </test-method> <!-- AfterTest -->
      </class> <!-- com.dy.AutoTest.OperationPlatform.TestCases.LoginPageTest -->
      <class name="com.dy.AutoTest.OperationPlatform.TestCases.MainMenuPageTest">
        <test-method status="PASS" signature="init()[pri:0, instance:com.dy.AutoTest.OperationPlatform.TestCases.MainMenuPageTest@1677d1]" name="init" is-config="true" duration-ms="1" started-at="2018-10-24T01:24:57Z" finished-at="2018-10-24T01:24:57Z">
          <reporter-output>
          </reporter-output>
        </test-method> <!-- init -->
        <test-method status="PASS" signature="testQuit()[pri:0, instance:com.dy.AutoTest.OperationPlatform.TestCases.MainMenuPageTest@1677d1]" name="testQuit" duration-ms="3542" started-at="2018-10-24T01:24:57Z" finished-at="2018-10-24T01:25:00Z">
          <reporter-output>
          </reporter-output>
        </test-method> <!-- testQuit -->
        <test-method status="PASS" signature="releaseBrowser()[pri:0, instance:com.dy.AutoTest.OperationPlatform.TestCases.MainMenuPageTest@1677d1]" name="releaseBrowser" is-config="true" duration-ms="1001" started-at="2018-10-24T01:25:00Z" finished-at="2018-10-24T01:25:01Z">
          <reporter-output>
          </reporter-output>
        </test-method> <!-- releaseBrowser -->
      </class> <!-- com.dy.AutoTest.OperationPlatform.TestCases.MainMenuPageTest -->
      <class name="com.dy.AutoTest.OperationPlatform.TestCases.MerchantManagementOnLine.OnLineMechantInfo.MerchantAuditPageTest">
        <test-method status="PASS" signature="beforeClass()[pri:0, instance:com.dy.AutoTest.OperationPlatform.TestCases.MerchantManagementOnLine.OnLineMechantInfo.MerchantAuditPageTest@7ee955a8]" name="beforeClass" is-config="true" duration-ms="0" started-at="2018-10-24T01:24:43Z" finished-at="2018-10-24T01:24:43Z">
          <reporter-output>
          </reporter-output>
        </test-method> <!-- beforeClass -->
        <test-method status="PASS" signature="init()[pri:0, instance:com.dy.AutoTest.OperationPlatform.TestCases.MerchantManagementOnLine.OnLineMechantInfo.MerchantAuditPageTest@7ee955a8]" name="init" is-config="true" duration-ms="2" started-at="2018-10-24T01:24:43Z" finished-at="2018-10-24T01:24:43Z">
          <reporter-output>
          </reporter-output>
        </test-method> <!-- init -->
        <test-method status="PASS" signature="beforeMethod(java.lang.reflect.Method)[pri:0, instance:com.dy.AutoTest.OperationPlatform.TestCases.MerchantManagementOnLine.OnLineMechantInfo.MerchantAuditPageTest@7ee955a8]" name="beforeMethod" is-config="true" duration-ms="0" started-at="2018-10-24T01:24:43Z" finished-at="2018-10-24T01:24:43Z">
          <params>
            <param index="0">
              <value>
                <![CDATA[public void com.dy.AutoTest.OperationPlatform.TestCases.MerchantManagementOnLine.OnLineMechantInfo.MerchantAuditPageTest.testMerchantAuditPass(java.lang.String)]]>
              </value>
            </param>
          </params>
          <reporter-output>
            <line>
              <![CDATA[                2018-10-24 09:24:43: [Method]-"MerchantAuditPageTest.testMerchantAuditPass" is started]]>
            </line>
          </reporter-output>
        </test-method> <!-- beforeMethod -->
        <test-method status="PASS" signature="testMerchantAuditPass(java.lang.String)[pri:0, instance:com.dy.AutoTest.OperationPlatform.TestCases.MerchantManagementOnLine.OnLineMechantInfo.MerchantAuditPageTest@7ee955a8]" name="testMerchantAuditPass" duration-ms="11989" started-at="2018-10-24T01:24:43Z" finished-at="2018-10-24T01:24:55Z">
          <params>
            <param index="0">
              <value>
                <![CDATA[1]]>
              </value>
            </param>
          </params>
          <reporter-output>
            <line>
              <![CDATA[MerchantNO: 872290059475025 商户基本资料新增审核通过]]>
            </line>
          </reporter-output>
        </test-method> <!-- testMerchantAuditPass -->
        <test-method status="PASS" signature="afterMethod(org.testng.ITestResult)[pri:0, instance:com.dy.AutoTest.OperationPlatform.TestCases.MerchantManagementOnLine.OnLineMechantInfo.MerchantAuditPageTest@7ee955a8]" name="afterMethod" is-config="true" duration-ms="2002" started-at="2018-10-24T01:24:55Z" finished-at="2018-10-24T01:24:57Z">
          <params>
            <param index="0">
              <value>
                <![CDATA[[TestResult name=testMerchantAuditPass status=SUCCESS method=MerchantAuditPageTest.testMerchantAuditPass(java.lang.String)[pri:0, instance:com.dy.AutoTest.OperationPlatform.TestCases.MerchantManagementOnLine.OnLineMechantInfo.MerchantAuditPageTest@7ee955a8] output=MerchantNO: 872290059475025 商户基本资料新增审核通过]]]>
              </value>
            </param>
          </params>
          <reporter-output>
            <line>
              <![CDATA[                2018-10-24 09:24:55: [Method]-"MerchantAuditPageTest.testMerchantAuditPass" is passed]]>
            </line>
          </reporter-output>
        </test-method> <!-- afterMethod -->
      </class> <!-- com.dy.AutoTest.OperationPlatform.TestCases.MerchantManagementOnLine.OnLineMechantInfo.MerchantAuditPageTest -->
    </test> <!-- MerchantInfoInsertAuditPass -->
    <test name="MerchantSettlementInsert" duration-ms="29115" started-at="2018-10-24T01:25:01Z" finished-at="2018-10-24T01:25:30Z">
      <class name="com.dy.AutoTest.OperationPlatform.TestCases.MerchantManagementOnLine.OnLineMechantInfo.MerchantSettlementPageTest">
        <test-method status="PASS" signature="init()[pri:0, instance:com.dy.AutoTest.OperationPlatform.TestCases.MerchantManagementOnLine.OnLineMechantInfo.MerchantSettlementPageTest@778d1062]" name="init" is-config="true" duration-ms="4" started-at="2018-10-24T01:25:07Z" finished-at="2018-10-24T01:25:07Z">
          <reporter-output>
          </reporter-output>
        </test-method> <!-- init -->
        <test-method status="PASS" signature="beforeClass()[pri:0, instance:com.dy.AutoTest.OperationPlatform.TestCases.MerchantManagementOnLine.OnLineMechantInfo.MerchantSettlementPageTest@778d1062]" name="beforeClass" is-config="true" duration-ms="0" started-at="2018-10-24T01:25:07Z" finished-at="2018-10-24T01:25:07Z">
          <reporter-output>
          </reporter-output>
        </test-method> <!-- beforeClass -->
        <test-method status="PASS" signature="beforeMethod(java.lang.reflect.Method)[pri:0, instance:com.dy.AutoTest.OperationPlatform.TestCases.MerchantManagementOnLine.OnLineMechantInfo.MerchantSettlementPageTest@778d1062]" name="beforeMethod" is-config="true" duration-ms="0" started-at="2018-10-24T01:25:07Z" finished-at="2018-10-24T01:25:07Z">
          <params>
            <param index="0">
              <value>
                <![CDATA[public void com.dy.AutoTest.OperationPlatform.TestCases.MerchantManagementOnLine.OnLineMechantInfo.MerchantSettlementPageTest.testMerchantSettlementInsert(com.dy.AutoTest.OperationPlatform.POJO.MerchantSettlementBean)]]>
              </value>
            </param>
          </params>
          <reporter-output>
            <line>
              <![CDATA[                2018-10-24 09:25:07: [Method]-"MerchantSettlementPageTest.testMerchantSettlementInsert" is started]]>
            </line>
          </reporter-output>
        </test-method> <!-- beforeMethod -->
        <test-method status="PASS" signature="testMerchantSettlementInsert(com.dy.AutoTest.OperationPlatform.POJO.MerchantSettlementBean)[pri:0, instance:com.dy.AutoTest.OperationPlatform.TestCases.MerchantManagementOnLine.OnLineMechantInfo.MerchantSettlementPageTest@778d1062]" name="testMerchantSettlementInsert" duration-ms="16772" started-at="2018-10-24T01:25:07Z" data-provider="SettlementInfo" finished-at="2018-10-24T01:25:24Z">
          <params>
            <param index="0">
              <value>
                <![CDATA[com.dy.AutoTest.OperationPlatform.POJO.MerchantSettlementBean@7f31937b]]>
              </value>
            </param>
          </params>
          <reporter-output>
          </reporter-output>
        </test-method> <!-- testMerchantSettlementInsert -->
        <test-method status="PASS" signature="afterMethod(org.testng.ITestResult)[pri:0, instance:com.dy.AutoTest.OperationPlatform.TestCases.MerchantManagementOnLine.OnLineMechantInfo.MerchantSettlementPageTest@778d1062]" name="afterMethod" is-config="true" duration-ms="2000" started-at="2018-10-24T01:25:24Z" finished-at="2018-10-24T01:25:26Z">
          <params>
            <param index="0">
              <value>
                <![CDATA[[TestResult name=testMerchantSettlementInsert status=SUCCESS method=MerchantSettlementPageTest.testMerchantSettlementInsert(com.dy.AutoTest.OperationPlatform.POJO.MerchantSettlementBean)[pri:0, instance:com.dy.AutoTest.OperationPlatform.TestCases.MerchantManagementOnLine.OnLineMechantInfo.MerchantSettlementPageTest@778d1062] output={null}]]]>
              </value>
            </param>
          </params>
          <reporter-output>
            <line>
              <![CDATA[                2018-10-24 09:25:24: [Method]-"MerchantSettlementPageTest.testMerchantSettlementInsert" is passed]]>
            </line>
          </reporter-output>
        </test-method> <!-- afterMethod -->
      </class> <!-- com.dy.AutoTest.OperationPlatform.TestCases.MerchantManagementOnLine.OnLineMechantInfo.MerchantSettlementPageTest -->
      <class name="com.dy.AutoTest.OperationPlatform.TestCases.LoginPageTest">
        <test-method status="PASS" signature="BeforeTest(org.testng.ITestContext)[pri:0, instance:com.dy.AutoTest.OperationPlatform.TestCases.LoginPageTest@2b6faea6]" name="BeforeTest" is-config="true" duration-ms="0" started-at="2018-10-24T01:25:01Z" finished-at="2018-10-24T01:25:01Z">
          <params>
            <param index="0">
              <value>
                <![CDATA[org.testng.TestRunner@4fd9603f]]>
              </value>
            </param>
          </params>
          <reporter-output>
            <line>
              <![CDATA[        2018-10-24 09:25:01): [Test]-"MerchantSettlementInsert" is started]]>
            </line>
          </reporter-output>
        </test-method> <!-- BeforeTest -->
        <test-method status="PASS" signature="beforeClass()[pri:0, instance:com.dy.AutoTest.OperationPlatform.TestCases.LoginPageTest@2b6faea6]" name="beforeClass" is-config="true" duration-ms="0" started-at="2018-10-24T01:25:01Z" finished-at="2018-10-24T01:25:01Z">
          <reporter-output>
          </reporter-output>
        </test-method> <!-- beforeClass -->
        <test-method status="PASS" signature="init()[pri:0, instance:com.dy.AutoTest.OperationPlatform.TestCases.LoginPageTest@2b6faea6]" name="init" is-config="true" duration-ms="6" started-at="2018-10-24T01:25:01Z" finished-at="2018-10-24T01:25:01Z">
          <reporter-output>
          </reporter-output>
        </test-method> <!-- init -->
        <test-method status="PASS" signature="testLogin(java.lang.String)[pri:0, instance:com.dy.AutoTest.OperationPlatform.TestCases.LoginPageTest@2b6faea6]" name="testLogin" duration-ms="3712" started-at="2018-10-24T01:25:01Z" finished-at="2018-10-24T01:25:05Z">
          <params>
            <param index="0">
              <value>
                <![CDATA[T00105]]>
              </value>
            </param>
          </params>
          <reporter-output>
          </reporter-output>
        </test-method> <!-- testLogin -->
        <test-method status="PASS" signature="beforeMethod(java.lang.reflect.Method)[pri:0, instance:com.dy.AutoTest.OperationPlatform.TestCases.LoginPageTest@2b6faea6]" name="beforeMethod" is-config="true" duration-ms="0" started-at="2018-10-24T01:25:01Z" finished-at="2018-10-24T01:25:01Z">
          <params>
            <param index="0">
              <value>
                <![CDATA[public void com.dy.AutoTest.OperationPlatform.TestCases.LoginPageTest.testLogin(java.lang.String)]]>
              </value>
            </param>
          </params>
          <reporter-output>
            <line>
              <![CDATA[                2018-10-24 09:25:01: [Method]-"LoginPageTest.testLogin" is started]]>
            </line>
          </reporter-output>
        </test-method> <!-- beforeMethod -->
        <test-method status="PASS" signature="afterMethod(org.testng.ITestResult)[pri:0, instance:com.dy.AutoTest.OperationPlatform.TestCases.LoginPageTest@2b6faea6]" name="afterMethod" is-config="true" duration-ms="2001" started-at="2018-10-24T01:25:05Z" finished-at="2018-10-24T01:25:07Z">
          <params>
            <param index="0">
              <value>
                <![CDATA[[TestResult name=testLogin status=SUCCESS method=LoginPageTest.testLogin(java.lang.String)[pri:0, instance:com.dy.AutoTest.OperationPlatform.TestCases.LoginPageTest@2b6faea6] output={null}]]]>
              </value>
            </param>
          </params>
          <reporter-output>
            <line>
              <![CDATA[                2018-10-24 09:25:05: [Method]-"LoginPageTest.testLogin" is passed]]>
            </line>
          </reporter-output>
        </test-method> <!-- afterMethod -->
        <test-method status="PASS" signature="AfterTest(org.testng.ITestContext)[pri:0, instance:com.dy.AutoTest.OperationPlatform.TestCases.LoginPageTest@2b6faea6]" name="AfterTest" is-config="true" duration-ms="0" started-at="2018-10-24T01:25:30Z" finished-at="2018-10-24T01:25:30Z">
          <params>
            <param index="0">
              <value>
                <![CDATA[org.testng.TestRunner@4fd9603f]]>
              </value>
            </param>
          </params>
          <reporter-output>
            <line>
              <![CDATA[        2018-10-24 09:25:30): [Test]-"MerchantSettlementInsert" is finished]]>
            </line>
          </reporter-output>
        </test-method> <!-- AfterTest -->
      </class> <!-- com.dy.AutoTest.OperationPlatform.TestCases.LoginPageTest -->
      <class name="com.dy.AutoTest.OperationPlatform.TestCases.MainMenuPageTest">
        <test-method status="PASS" signature="init()[pri:0, instance:com.dy.AutoTest.OperationPlatform.TestCases.MainMenuPageTest@670002]" name="init" is-config="true" duration-ms="2" started-at="2018-10-24T01:25:26Z" finished-at="2018-10-24T01:25:26Z">
          <reporter-output>
          </reporter-output>
        </test-method> <!-- init -->
        <test-method status="PASS" signature="testQuit()[pri:0, instance:com.dy.AutoTest.OperationPlatform.TestCases.MainMenuPageTest@670002]" name="testQuit" duration-ms="3607" started-at="2018-10-24T01:25:26Z" finished-at="2018-10-24T01:25:29Z">
          <reporter-output>
          </reporter-output>
        </test-method> <!-- testQuit -->
        <test-method status="PASS" signature="releaseBrowser()[pri:0, instance:com.dy.AutoTest.OperationPlatform.TestCases.MainMenuPageTest@670002]" name="releaseBrowser" is-config="true" duration-ms="1001" started-at="2018-10-24T01:25:29Z" finished-at="2018-10-24T01:25:30Z">
          <reporter-output>
          </reporter-output>
        </test-method> <!-- releaseBrowser -->
      </class> <!-- com.dy.AutoTest.OperationPlatform.TestCases.MainMenuPageTest -->
    </test> <!-- MerchantSettlementInsert -->
    <test name="MerchantSettlementInsertAuditPass" duration-ms="23775" started-at="2018-10-24T01:25:31Z" finished-at="2018-10-24T01:25:54Z">
      <class name="com.dy.AutoTest.OperationPlatform.TestCases.LoginPageTest">
        <test-method status="PASS" signature="BeforeTest(org.testng.ITestContext)[pri:0, instance:com.dy.AutoTest.OperationPlatform.TestCases.LoginPageTest@794cb805]" name="BeforeTest" is-config="true" duration-ms="1" started-at="2018-10-24T01:25:31Z" finished-at="2018-10-24T01:25:31Z">
          <params>
            <param index="0">
              <value>
                <![CDATA[org.testng.TestRunner@1a8f644c]]>
              </value>
            </param>
          </params>
          <reporter-output>
            <line>
              <![CDATA[        2018-10-24 09:25:31): [Test]-"MerchantSettlementInsertAuditPass" is started]]>
            </line>
          </reporter-output>
        </test-method> <!-- BeforeTest -->
        <test-method status="PASS" signature="beforeClass()[pri:0, instance:com.dy.AutoTest.OperationPlatform.TestCases.LoginPageTest@794cb805]" name="beforeClass" is-config="true" duration-ms="0" started-at="2018-10-24T01:25:31Z" finished-at="2018-10-24T01:25:31Z">
          <reporter-output>
          </reporter-output>
        </test-method> <!-- beforeClass -->
        <test-method status="PASS" signature="init()[pri:0, instance:com.dy.AutoTest.OperationPlatform.TestCases.LoginPageTest@794cb805]" name="init" is-config="true" duration-ms="3" started-at="2018-10-24T01:25:31Z" finished-at="2018-10-24T01:25:31Z">
          <reporter-output>
          </reporter-output>
        </test-method> <!-- init -->
        <test-method status="PASS" signature="beforeMethod(java.lang.reflect.Method)[pri:0, instance:com.dy.AutoTest.OperationPlatform.TestCases.LoginPageTest@794cb805]" name="beforeMethod" is-config="true" duration-ms="1" started-at="2018-10-24T01:25:31Z" finished-at="2018-10-24T01:25:31Z">
          <params>
            <param index="0">
              <value>
                <![CDATA[public void com.dy.AutoTest.OperationPlatform.TestCases.LoginPageTest.testLogin(java.lang.String)]]>
              </value>
            </param>
          </params>
          <reporter-output>
            <line>
              <![CDATA[                2018-10-24 09:25:31: [Method]-"LoginPageTest.testLogin" is started]]>
            </line>
          </reporter-output>
        </test-method> <!-- beforeMethod -->
        <test-method status="PASS" signature="testLogin(java.lang.String)[pri:0, instance:com.dy.AutoTest.OperationPlatform.TestCases.LoginPageTest@794cb805]" name="testLogin" duration-ms="3728" started-at="2018-10-24T01:25:31Z" finished-at="2018-10-24T01:25:34Z">
          <params>
            <param index="0">
              <value>
                <![CDATA[T00107]]>
              </value>
            </param>
          </params>
          <reporter-output>
          </reporter-output>
        </test-method> <!-- testLogin -->
        <test-method status="PASS" signature="afterMethod(org.testng.ITestResult)[pri:0, instance:com.dy.AutoTest.OperationPlatform.TestCases.LoginPageTest@794cb805]" name="afterMethod" is-config="true" duration-ms="2002" started-at="2018-10-24T01:25:34Z" finished-at="2018-10-24T01:25:36Z">
          <params>
            <param index="0">
              <value>
                <![CDATA[[TestResult name=testLogin status=SUCCESS method=LoginPageTest.testLogin(java.lang.String)[pri:0, instance:com.dy.AutoTest.OperationPlatform.TestCases.LoginPageTest@794cb805] output={null}]]]>
              </value>
            </param>
          </params>
          <reporter-output>
            <line>
              <![CDATA[                2018-10-24 09:25:34: [Method]-"LoginPageTest.testLogin" is passed]]>
            </line>
          </reporter-output>
        </test-method> <!-- afterMethod -->
        <test-method status="PASS" signature="AfterTest(org.testng.ITestContext)[pri:0, instance:com.dy.AutoTest.OperationPlatform.TestCases.LoginPageTest@794cb805]" name="AfterTest" is-config="true" duration-ms="1" started-at="2018-10-24T01:25:54Z" finished-at="2018-10-24T01:25:54Z">
          <params>
            <param index="0">
              <value>
                <![CDATA[org.testng.TestRunner@1a8f644c]]>
              </value>
            </param>
          </params>
          <reporter-output>
            <line>
              <![CDATA[        2018-10-24 09:25:54): [Test]-"MerchantSettlementInsertAuditPass" is finished]]>
            </line>
          </reporter-output>
        </test-method> <!-- AfterTest -->
      </class> <!-- com.dy.AutoTest.OperationPlatform.TestCases.LoginPageTest -->
      <class name="com.dy.AutoTest.OperationPlatform.TestCases.MainMenuPageTest">
        <test-method status="PASS" signature="init()[pri:0, instance:com.dy.AutoTest.OperationPlatform.TestCases.MainMenuPageTest@59d016c9]" name="init" is-config="true" duration-ms="1" started-at="2018-10-24T01:25:50Z" finished-at="2018-10-24T01:25:50Z">
          <reporter-output>
          </reporter-output>
        </test-method> <!-- init -->
        <test-method status="PASS" signature="testQuit()[pri:0, instance:com.dy.AutoTest.OperationPlatform.TestCases.MainMenuPageTest@59d016c9]" name="testQuit" duration-ms="3562" started-at="2018-10-24T01:25:50Z" finished-at="2018-10-24T01:25:53Z">
          <reporter-output>
          </reporter-output>
        </test-method> <!-- testQuit -->
        <test-method status="PASS" signature="releaseBrowser()[pri:0, instance:com.dy.AutoTest.OperationPlatform.TestCases.MainMenuPageTest@59d016c9]" name="releaseBrowser" is-config="true" duration-ms="1000" started-at="2018-10-24T01:25:53Z" finished-at="2018-10-24T01:25:54Z">
          <reporter-output>
          </reporter-output>
        </test-method> <!-- releaseBrowser -->
      </class> <!-- com.dy.AutoTest.OperationPlatform.TestCases.MainMenuPageTest -->
      <class name="com.dy.AutoTest.OperationPlatform.TestCases.MerchantManagementOnLine.OnLineMechantInfo.MerchantAuditPageTest">
        <test-method status="PASS" signature="beforeClass()[pri:0, instance:com.dy.AutoTest.OperationPlatform.TestCases.MerchantManagementOnLine.OnLineMechantInfo.MerchantAuditPageTest@4b5a5ed1]" name="beforeClass" is-config="true" duration-ms="1" started-at="2018-10-24T01:25:36Z" finished-at="2018-10-24T01:25:36Z">
          <reporter-output>
          </reporter-output>
        </test-method> <!-- beforeClass -->
        <test-method status="PASS" signature="init()[pri:0, instance:com.dy.AutoTest.OperationPlatform.TestCases.MerchantManagementOnLine.OnLineMechantInfo.MerchantAuditPageTest@4b5a5ed1]" name="init" is-config="true" duration-ms="4" started-at="2018-10-24T01:25:36Z" finished-at="2018-10-24T01:25:36Z">
          <reporter-output>
          </reporter-output>
        </test-method> <!-- init -->
        <test-method status="PASS" signature="beforeMethod(java.lang.reflect.Method)[pri:0, instance:com.dy.AutoTest.OperationPlatform.TestCases.MerchantManagementOnLine.OnLineMechantInfo.MerchantAuditPageTest@4b5a5ed1]" name="beforeMethod" is-config="true" duration-ms="1" started-at="2018-10-24T01:25:36Z" finished-at="2018-10-24T01:25:36Z">
          <params>
            <param index="0">
              <value>
                <![CDATA[public void com.dy.AutoTest.OperationPlatform.TestCases.MerchantManagementOnLine.OnLineMechantInfo.MerchantAuditPageTest.testMerchantAuditPass(java.lang.String)]]>
              </value>
            </param>
          </params>
          <reporter-output>
            <line>
              <![CDATA[                2018-10-24 09:25:36: [Method]-"MerchantAuditPageTest.testMerchantAuditPass" is started]]>
            </line>
          </reporter-output>
        </test-method> <!-- beforeMethod -->
        <test-method status="PASS" signature="testMerchantAuditPass(java.lang.String)[pri:0, instance:com.dy.AutoTest.OperationPlatform.TestCases.MerchantManagementOnLine.OnLineMechantInfo.MerchantAuditPageTest@4b5a5ed1]" name="testMerchantAuditPass" duration-ms="11459" started-at="2018-10-24T01:25:36Z" finished-at="2018-10-24T01:25:48Z">
          <params>
            <param index="0">
              <value>
                <![CDATA[6]]>
              </value>
            </param>
          </params>
          <reporter-output>
            <line>
              <![CDATA[MerchantNO: 872290059475025 商户结算信息新增审核通过]]>
            </line>
          </reporter-output>
        </test-method> <!-- testMerchantAuditPass -->
        <test-method status="PASS" signature="afterMethod(org.testng.ITestResult)[pri:0, instance:com.dy.AutoTest.OperationPlatform.TestCases.MerchantManagementOnLine.OnLineMechantInfo.MerchantAuditPageTest@4b5a5ed1]" name="afterMethod" is-config="true" duration-ms="2002" started-at="2018-10-24T01:25:48Z" finished-at="2018-10-24T01:25:50Z">
          <params>
            <param index="0">
              <value>
                <![CDATA[[TestResult name=testMerchantAuditPass status=SUCCESS method=MerchantAuditPageTest.testMerchantAuditPass(java.lang.String)[pri:0, instance:com.dy.AutoTest.OperationPlatform.TestCases.MerchantManagementOnLine.OnLineMechantInfo.MerchantAuditPageTest@4b5a5ed1] output=MerchantNO: 872290059475025 商户结算信息新增审核通过]]]>
              </value>
            </param>
          </params>
          <reporter-output>
            <line>
              <![CDATA[                2018-10-24 09:25:48: [Method]-"MerchantAuditPageTest.testMerchantAuditPass" is passed]]>
            </line>
          </reporter-output>
        </test-method> <!-- afterMethod -->
      </class> <!-- com.dy.AutoTest.OperationPlatform.TestCases.MerchantManagementOnLine.OnLineMechantInfo.MerchantAuditPageTest -->
    </test> <!-- MerchantSettlementInsertAuditPass -->
    <test name="MerchantFeeRateAdd" duration-ms="109116" started-at="2018-10-24T01:25:54Z" finished-at="2018-10-24T01:27:43Z">
      <class name="com.dy.AutoTest.OperationPlatform.TestCases.MerchantManagementOnLine.OnLineMechantInfo.MerchantFeeRatePageTest">
        <test-method status="PASS" signature="beforeClass()[pri:0, instance:com.dy.AutoTest.OperationPlatform.TestCases.MerchantManagementOnLine.OnLineMechantInfo.MerchantFeeRatePageTest@4b14c583]" name="beforeClass" is-config="true" duration-ms="0" started-at="2018-10-24T01:26:00Z" finished-at="2018-10-24T01:26:00Z">
          <reporter-output>
          </reporter-output>
        </test-method> <!-- beforeClass -->
        <test-method status="PASS" signature="init()[pri:0, instance:com.dy.AutoTest.OperationPlatform.TestCases.MerchantManagementOnLine.OnLineMechantInfo.MerchantFeeRatePageTest@4b14c583]" name="init" is-config="true" duration-ms="3" started-at="2018-10-24T01:26:00Z" finished-at="2018-10-24T01:26:00Z">
          <reporter-output>
          </reporter-output>
        </test-method> <!-- init -->
        <test-method status="PASS" signature="beforeMethod(java.lang.reflect.Method)[pri:0, instance:com.dy.AutoTest.OperationPlatform.TestCases.MerchantManagementOnLine.OnLineMechantInfo.MerchantFeeRatePageTest@4b14c583]" name="beforeMethod" is-config="true" duration-ms="1" started-at="2018-10-24T01:26:00Z" finished-at="2018-10-24T01:26:00Z">
          <params>
            <param index="0">
              <value>
                <![CDATA[public void com.dy.AutoTest.OperationPlatform.TestCases.MerchantManagementOnLine.OnLineMechantInfo.MerchantFeeRatePageTest.testMerchantFeeRateAdd(com.dy.AutoTest.OperationPlatform.POJO.MerchantFeeRateBean)]]>
              </value>
            </param>
          </params>
          <reporter-output>
            <line>
              <![CDATA[                2018-10-24 09:26:00: [Method]-"MerchantFeeRatePageTest.testMerchantFeeRateAdd" is started]]>
            </line>
          </reporter-output>
        </test-method> <!-- beforeMethod -->
        <test-method status="PASS" signature="testMerchantFeeRateAdd(com.dy.AutoTest.OperationPlatform.POJO.MerchantFeeRateBean)[pri:0, instance:com.dy.AutoTest.OperationPlatform.TestCases.MerchantManagementOnLine.OnLineMechantInfo.MerchantFeeRatePageTest@4b14c583]" name="testMerchantFeeRateAdd" duration-ms="96782" started-at="2018-10-24T01:26:00Z" data-provider="feeRate" finished-at="2018-10-24T01:27:37Z">
          <params>
            <param index="0">
              <value>
                <![CDATA[com.dy.AutoTest.OperationPlatform.POJO.MerchantFeeRateBean@3a02172a]]>
              </value>
            </param>
          </params>
          <reporter-output>
          </reporter-output>
        </test-method> <!-- testMerchantFeeRateAdd -->
        <test-method status="PASS" signature="afterMethod(org.testng.ITestResult)[pri:0, instance:com.dy.AutoTest.OperationPlatform.TestCases.MerchantManagementOnLine.OnLineMechantInfo.MerchantFeeRatePageTest@4b14c583]" name="afterMethod" is-config="true" duration-ms="2001" started-at="2018-10-24T01:27:37Z" finished-at="2018-10-24T01:27:39Z">
          <params>
            <param index="0">
              <value>
                <![CDATA[[TestResult name=testMerchantFeeRateAdd status=SUCCESS method=MerchantFeeRatePageTest.testMerchantFeeRateAdd(com.dy.AutoTest.OperationPlatform.POJO.MerchantFeeRateBean)[pri:0, instance:com.dy.AutoTest.OperationPlatform.TestCases.MerchantManagementOnLine.OnLineMechantInfo.MerchantFeeRatePageTest@4b14c583] output={null}]]]>
              </value>
            </param>
          </params>
          <reporter-output>
            <line>
              <![CDATA[                2018-10-24 09:27:37: [Method]-"MerchantFeeRatePageTest.testMerchantFeeRateAdd" is passed]]>
            </line>
          </reporter-output>
        </test-method> <!-- afterMethod -->
      </class> <!-- com.dy.AutoTest.OperationPlatform.TestCases.MerchantManagementOnLine.OnLineMechantInfo.MerchantFeeRatePageTest -->
      <class name="com.dy.AutoTest.OperationPlatform.TestCases.LoginPageTest">
        <test-method status="PASS" signature="BeforeTest(org.testng.ITestContext)[pri:0, instance:com.dy.AutoTest.OperationPlatform.TestCases.LoginPageTest@5c909414]" name="BeforeTest" is-config="true" duration-ms="0" started-at="2018-10-24T01:25:54Z" finished-at="2018-10-24T01:25:54Z">
          <params>
            <param index="0">
              <value>
                <![CDATA[org.testng.TestRunner@7c4e22d8]]>
              </value>
            </param>
          </params>
          <reporter-output>
            <line>
              <![CDATA[        2018-10-24 09:25:54): [Test]-"MerchantFeeRateAdd" is started]]>
            </line>
          </reporter-output>
        </test-method> <!-- BeforeTest -->
        <test-method status="PASS" signature="beforeClass()[pri:0, instance:com.dy.AutoTest.OperationPlatform.TestCases.LoginPageTest@5c909414]" name="beforeClass" is-config="true" duration-ms="0" started-at="2018-10-24T01:25:54Z" finished-at="2018-10-24T01:25:54Z">
          <reporter-output>
          </reporter-output>
        </test-method> <!-- beforeClass -->
        <test-method status="PASS" signature="init()[pri:0, instance:com.dy.AutoTest.OperationPlatform.TestCases.LoginPageTest@5c909414]" name="init" is-config="true" duration-ms="2" started-at="2018-10-24T01:25:54Z" finished-at="2018-10-24T01:25:54Z">
          <reporter-output>
          </reporter-output>
        </test-method> <!-- init -->
        <test-method status="PASS" signature="beforeMethod(java.lang.reflect.Method)[pri:0, instance:com.dy.AutoTest.OperationPlatform.TestCases.LoginPageTest@5c909414]" name="beforeMethod" is-config="true" duration-ms="1" started-at="2018-10-24T01:25:54Z" finished-at="2018-10-24T01:25:54Z">
          <params>
            <param index="0">
              <value>
                <![CDATA[public void com.dy.AutoTest.OperationPlatform.TestCases.LoginPageTest.testLogin(java.lang.String)]]>
              </value>
            </param>
          </params>
          <reporter-output>
            <line>
              <![CDATA[                2018-10-24 09:25:54: [Method]-"LoginPageTest.testLogin" is started]]>
            </line>
          </reporter-output>
        </test-method> <!-- beforeMethod -->
        <test-method status="PASS" signature="testLogin(java.lang.String)[pri:0, instance:com.dy.AutoTest.OperationPlatform.TestCases.LoginPageTest@5c909414]" name="testLogin" duration-ms="3716" started-at="2018-10-24T01:25:54Z" finished-at="2018-10-24T01:25:58Z">
          <params>
            <param index="0">
              <value>
                <![CDATA[T00105]]>
              </value>
            </param>
          </params>
          <reporter-output>
          </reporter-output>
        </test-method> <!-- testLogin -->
        <test-method status="PASS" signature="afterMethod(org.testng.ITestResult)[pri:0, instance:com.dy.AutoTest.OperationPlatform.TestCases.LoginPageTest@5c909414]" name="afterMethod" is-config="true" duration-ms="2000" started-at="2018-10-24T01:25:58Z" finished-at="2018-10-24T01:26:00Z">
          <params>
            <param index="0">
              <value>
                <![CDATA[[TestResult name=testLogin status=SUCCESS method=LoginPageTest.testLogin(java.lang.String)[pri:0, instance:com.dy.AutoTest.OperationPlatform.TestCases.LoginPageTest@5c909414] output={null}]]]>
              </value>
            </param>
          </params>
          <reporter-output>
            <line>
              <![CDATA[                2018-10-24 09:25:58: [Method]-"LoginPageTest.testLogin" is passed]]>
            </line>
          </reporter-output>
        </test-method> <!-- afterMethod -->
        <test-method status="PASS" signature="AfterTest(org.testng.ITestContext)[pri:0, instance:com.dy.AutoTest.OperationPlatform.TestCases.LoginPageTest@5c909414]" name="AfterTest" is-config="true" duration-ms="1" started-at="2018-10-24T01:27:43Z" finished-at="2018-10-24T01:27:43Z">
          <params>
            <param index="0">
              <value>
                <![CDATA[org.testng.TestRunner@7c4e22d8]]>
              </value>
            </param>
          </params>
          <reporter-output>
            <line>
              <![CDATA[        2018-10-24 09:27:43): [Test]-"MerchantFeeRateAdd" is finished]]>
            </line>
          </reporter-output>
        </test-method> <!-- AfterTest -->
      </class> <!-- com.dy.AutoTest.OperationPlatform.TestCases.LoginPageTest -->
      <class name="com.dy.AutoTest.OperationPlatform.TestCases.MainMenuPageTest">
        <test-method status="PASS" signature="init()[pri:0, instance:com.dy.AutoTest.OperationPlatform.TestCases.MainMenuPageTest@65466a6a]" name="init" is-config="true" duration-ms="2" started-at="2018-10-24T01:27:39Z" finished-at="2018-10-24T01:27:39Z">
          <reporter-output>
          </reporter-output>
        </test-method> <!-- init -->
        <test-method status="PASS" signature="testQuit()[pri:0, instance:com.dy.AutoTest.OperationPlatform.TestCases.MainMenuPageTest@65466a6a]" name="testQuit" duration-ms="3594" started-at="2018-10-24T01:27:39Z" finished-at="2018-10-24T01:27:42Z">
          <reporter-output>
          </reporter-output>
        </test-method> <!-- testQuit -->
        <test-method status="PASS" signature="releaseBrowser()[pri:0, instance:com.dy.AutoTest.OperationPlatform.TestCases.MainMenuPageTest@65466a6a]" name="releaseBrowser" is-config="true" duration-ms="1002" started-at="2018-10-24T01:27:42Z" finished-at="2018-10-24T01:27:43Z">
          <reporter-output>
          </reporter-output>
        </test-method> <!-- releaseBrowser -->
      </class> <!-- com.dy.AutoTest.OperationPlatform.TestCases.MainMenuPageTest -->
    </test> <!-- MerchantFeeRateAdd -->
    <test name="MerchantFeeRateAddAuditPass" duration-ms="49274" started-at="2018-10-24T01:27:43Z" finished-at="2018-10-24T01:28:33Z">
      <class name="com.dy.AutoTest.web.actions.SingletonSet">
        <test-method status="PASS" signature="init(java.lang.String, java.lang.String)[pri:0, instance:com.dy.AutoTest.web.actions.SingletonSet@79b06cab]" name="init" is-config="true" duration-ms="3714" started-at="2018-10-24T01:23:26Z" finished-at="2018-10-24T01:23:30Z">
          <params>
            <param index="0">
              <value>
                <![CDATA[chrome]]>
              </value>
            </param>
            <param index="1">
              <value>
                <![CDATA[pop_uat]]>
              </value>
            </param>
          </params>
          <reporter-output>
          </reporter-output>
        </test-method> <!-- init -->
        <test-method status="PASS" signature="releaseBrowser()[pri:0, instance:com.dy.AutoTest.web.actions.SingletonSet@79b06cab]" name="releaseBrowser" is-config="true" duration-ms="2793" started-at="2018-10-24T01:28:33Z" finished-at="2018-10-24T01:28:36Z">
          <reporter-output>
          </reporter-output>
        </test-method> <!-- releaseBrowser -->
      </class> <!-- com.dy.AutoTest.web.actions.SingletonSet -->
      <class name="com.dy.AutoTest.OperationPlatform.TestCases.LoginPageTest">
        <test-method status="PASS" signature="BeforeTest(org.testng.ITestContext)[pri:0, instance:com.dy.AutoTest.OperationPlatform.TestCases.LoginPageTest@3eb7fc54]" name="BeforeTest" is-config="true" duration-ms="1" started-at="2018-10-24T01:27:43Z" finished-at="2018-10-24T01:27:43Z">
          <params>
            <param index="0">
              <value>
                <![CDATA[org.testng.TestRunner@1892f2ad]]>
              </value>
            </param>
          </params>
          <reporter-output>
            <line>
              <![CDATA[        2018-10-24 09:27:43): [Test]-"MerchantFeeRateAddAuditPass" is started]]>
            </line>
          </reporter-output>
        </test-method> <!-- BeforeTest -->
        <test-method status="PASS" signature="beforeClass()[pri:0, instance:com.dy.AutoTest.OperationPlatform.TestCases.LoginPageTest@3eb7fc54]" name="beforeClass" is-config="true" duration-ms="7" started-at="2018-10-24T01:27:43Z" finished-at="2018-10-24T01:27:43Z">
          <reporter-output>
          </reporter-output>
        </test-method> <!-- beforeClass -->
        <test-method status="PASS" signature="init()[pri:0, instance:com.dy.AutoTest.OperationPlatform.TestCases.LoginPageTest@3eb7fc54]" name="init" is-config="true" duration-ms="2" started-at="2018-10-24T01:27:43Z" finished-at="2018-10-24T01:27:43Z">
          <reporter-output>
          </reporter-output>
        </test-method> <!-- init -->
        <test-method status="PASS" signature="beforeMethod(java.lang.reflect.Method)[pri:0, instance:com.dy.AutoTest.OperationPlatform.TestCases.LoginPageTest@3eb7fc54]" name="beforeMethod" is-config="true" duration-ms="1" started-at="2018-10-24T01:27:43Z" finished-at="2018-10-24T01:27:43Z">
          <params>
            <param index="0">
              <value>
                <![CDATA[public void com.dy.AutoTest.OperationPlatform.TestCases.LoginPageTest.testLogin(java.lang.String)]]>
              </value>
            </param>
          </params>
          <reporter-output>
            <line>
              <![CDATA[                2018-10-24 09:27:43: [Method]-"LoginPageTest.testLogin" is started]]>
            </line>
          </reporter-output>
        </test-method> <!-- beforeMethod -->
        <test-method status="PASS" signature="testLogin(java.lang.String)[pri:0, instance:com.dy.AutoTest.OperationPlatform.TestCases.LoginPageTest@3eb7fc54]" name="testLogin" duration-ms="4305" started-at="2018-10-24T01:27:43Z" finished-at="2018-10-24T01:27:48Z">
          <params>
            <param index="0">
              <value>
                <![CDATA[T00107]]>
              </value>
            </param>
          </params>
          <reporter-output>
          </reporter-output>
        </test-method> <!-- testLogin -->
        <test-method status="PASS" signature="afterMethod(org.testng.ITestResult)[pri:0, instance:com.dy.AutoTest.OperationPlatform.TestCases.LoginPageTest@3eb7fc54]" name="afterMethod" is-config="true" duration-ms="2001" started-at="2018-10-24T01:27:48Z" finished-at="2018-10-24T01:27:50Z">
          <params>
            <param index="0">
              <value>
                <![CDATA[[TestResult name=testLogin status=SUCCESS method=LoginPageTest.testLogin(java.lang.String)[pri:0, instance:com.dy.AutoTest.OperationPlatform.TestCases.LoginPageTest@3eb7fc54] output={null}]]]>
              </value>
            </param>
          </params>
          <reporter-output>
            <line>
              <![CDATA[                2018-10-24 09:27:48: [Method]-"LoginPageTest.testLogin" is passed]]>
            </line>
          </reporter-output>
        </test-method> <!-- afterMethod -->
        <test-method status="PASS" signature="AfterTest(org.testng.ITestContext)[pri:0, instance:com.dy.AutoTest.OperationPlatform.TestCases.LoginPageTest@3eb7fc54]" name="AfterTest" is-config="true" duration-ms="1" started-at="2018-10-24T01:28:33Z" finished-at="2018-10-24T01:28:33Z">
          <params>
            <param index="0">
              <value>
                <![CDATA[org.testng.TestRunner@1892f2ad]]>
              </value>
            </param>
          </params>
          <reporter-output>
            <line>
              <![CDATA[        2018-10-24 09:28:33): [Test]-"MerchantFeeRateAddAuditPass" is finished]]>
            </line>
          </reporter-output>
        </test-method> <!-- AfterTest -->
      </class> <!-- com.dy.AutoTest.OperationPlatform.TestCases.LoginPageTest -->
      <class name="com.dy.AutoTest.OperationPlatform.TestCases.MainMenuPageTest">
        <test-method status="PASS" signature="init()[pri:0, instance:com.dy.AutoTest.OperationPlatform.TestCases.MainMenuPageTest@3c22fc4c]" name="init" is-config="true" duration-ms="2" started-at="2018-10-24T01:28:28Z" finished-at="2018-10-24T01:28:28Z">
          <reporter-output>
          </reporter-output>
        </test-method> <!-- init -->
        <test-method status="PASS" signature="testQuit()[pri:0, instance:com.dy.AutoTest.OperationPlatform.TestCases.MainMenuPageTest@3c22fc4c]" name="testQuit" duration-ms="3571" started-at="2018-10-24T01:28:28Z" finished-at="2018-10-24T01:28:32Z">
          <reporter-output>
          </reporter-output>
        </test-method> <!-- testQuit -->
        <test-method status="PASS" signature="releaseBrowser()[pri:0, instance:com.dy.AutoTest.OperationPlatform.TestCases.MainMenuPageTest@3c22fc4c]" name="releaseBrowser" is-config="true" duration-ms="1001" started-at="2018-10-24T01:28:32Z" finished-at="2018-10-24T01:28:33Z">
          <reporter-output>
          </reporter-output>
        </test-method> <!-- releaseBrowser -->
      </class> <!-- com.dy.AutoTest.OperationPlatform.TestCases.MainMenuPageTest -->
      <class name="com.dy.AutoTest.OperationPlatform.TestCases.MerchantManagementOnLine.OnLineMechantInfo.MerchantAuditPageTest">
        <test-method status="PASS" signature="beforeClass()[pri:0, instance:com.dy.AutoTest.OperationPlatform.TestCases.MerchantManagementOnLine.OnLineMechantInfo.MerchantAuditPageTest@7f552bd3]" name="beforeClass" is-config="true" duration-ms="1" started-at="2018-10-24T01:27:50Z" finished-at="2018-10-24T01:27:50Z">
          <reporter-output>
          </reporter-output>
        </test-method> <!-- beforeClass -->
        <test-method status="PASS" signature="init()[pri:0, instance:com.dy.AutoTest.OperationPlatform.TestCases.MerchantManagementOnLine.OnLineMechantInfo.MerchantAuditPageTest@7f552bd3]" name="init" is-config="true" duration-ms="2" started-at="2018-10-24T01:27:50Z" finished-at="2018-10-24T01:27:50Z">
          <reporter-output>
          </reporter-output>
        </test-method> <!-- init -->
        <test-method status="PASS" signature="beforeMethod(java.lang.reflect.Method)[pri:0, instance:com.dy.AutoTest.OperationPlatform.TestCases.MerchantManagementOnLine.OnLineMechantInfo.MerchantAuditPageTest@7f552bd3]" name="beforeMethod" is-config="true" duration-ms="0" started-at="2018-10-24T01:27:50Z" finished-at="2018-10-24T01:27:50Z">
          <params>
            <param index="0">
              <value>
                <![CDATA[public void com.dy.AutoTest.OperationPlatform.TestCases.MerchantManagementOnLine.OnLineMechantInfo.MerchantAuditPageTest.testMerchantAuditPass(java.lang.String)]]>
              </value>
            </param>
          </params>
          <reporter-output>
            <line>
              <![CDATA[                2018-10-24 09:27:50: [Method]-"MerchantAuditPageTest.testMerchantAuditPass" is started]]>
            </line>
          </reporter-output>
        </test-method> <!-- beforeMethod -->
        <test-method status="PASS" signature="testMerchantAuditPass(java.lang.String)[pri:0, instance:com.dy.AutoTest.OperationPlatform.TestCases.MerchantManagementOnLine.OnLineMechantInfo.MerchantAuditPageTest@7f552bd3]" name="testMerchantAuditPass" duration-ms="36365" started-at="2018-10-24T01:27:50Z" finished-at="2018-10-24T01:28:26Z">
          <params>
            <param index="0">
              <value>
                <![CDATA[3]]>
              </value>
            </param>
          </params>
          <reporter-output>
            <line>
              <![CDATA[MerchantNO: 872290059475025 商户费率信息新增审核通过]]>
            </line>
            <line>
              <![CDATA[MerchantNO: 872290059475025 商户费率信息新增审核通过]]>
            </line>
            <line>
              <![CDATA[MerchantNO: 872290059475025 商户费率信息新增审核通过]]>
            </line>
            <line>
              <![CDATA[MerchantNO: 872290059475025 商户费率信息新增审核通过]]>
            </line>
            <line>
              <![CDATA[MerchantNO: 872290059475025 商户费率信息新增审核通过]]>
            </line>
            <line>
              <![CDATA[MerchantNO: 872290059475025 商户费率信息新增审核通过]]>
            </line>
            <line>
              <![CDATA[MerchantNO: 872290059475025 商户费率信息新增审核通过]]>
            </line>
          </reporter-output>
        </test-method> <!-- testMerchantAuditPass -->
        <test-method status="PASS" signature="afterMethod(org.testng.ITestResult)[pri:0, instance:com.dy.AutoTest.OperationPlatform.TestCases.MerchantManagementOnLine.OnLineMechantInfo.MerchantAuditPageTest@7f552bd3]" name="afterMethod" is-config="true" duration-ms="2000" started-at="2018-10-24T01:28:26Z" finished-at="2018-10-24T01:28:28Z">
          <params>
            <param index="0">
              <value>
                <![CDATA[[TestResult name=testMerchantAuditPass status=SUCCESS method=MerchantAuditPageTest.testMerchantAuditPass(java.lang.String)[pri:0, instance:com.dy.AutoTest.OperationPlatform.TestCases.MerchantManagementOnLine.OnLineMechantInfo.MerchantAuditPageTest@7f552bd3] output=MerchantNO: 872290059475025 商户费率信息新增审核通过]]]>
              </value>
            </param>
          </params>
          <reporter-output>
            <line>
              <![CDATA[                2018-10-24 09:28:26: [Method]-"MerchantAuditPageTest.testMerchantAuditPass" is passed]]>
            </line>
          </reporter-output>
        </test-method> <!-- afterMethod -->
      </class> <!-- com.dy.AutoTest.OperationPlatform.TestCases.MerchantManagementOnLine.OnLineMechantInfo.MerchantAuditPageTest -->
    </test> <!-- MerchantFeeRateAddAuditPass -->
  </suite> <!-- Demo-181023 -->
</testng-results>
