<?xml version="1.0" encoding="UTF-8"?>
<testng-results skipped="0" failed="0" ignored="5" total="8" passed="3">
  <reporter-output>
    <line>
      <![CDATA[        2018-11-09 17:13:44): [Test]-"UserInfoQuery" is started]]>
    </line>
    <line>
      <![CDATA[                2018-11-09 17:13:44: [Method]-"LoginPageTest.testLogin" is started]]>
    </line>
    <line>
      <![CDATA[                2018-11-09 17:13:55: [Method]-"LoginPageTest.testLogin" is passed]]>
    </line>
    <line>
      <![CDATA[                2018-11-09 17:13:57: [Method]-"UserInfoQueryTest.testUserInfoQuery" is started]]>
    </line>
    <line>
      <![CDATA[                2018-11-09 17:14:15: [Method]-"UserInfoQueryTest.testUserInfoQuery" is passed]]>
    </line>
    <line>
      <![CDATA[        2018-11-09 17:14:22): [Test]-"UserInfoQuery" is finished]]>
    </line>
  </reporter-output>
  <suite name="UserInfoQuery" duration-ms="37451" started-at="2018-11-09T09:13:44Z" finished-at="2018-11-09T09:14:22Z">
    <groups>
    </groups>
    <test name="UserInfoQuery" duration-ms="37451" started-at="2018-11-09T09:13:44Z" finished-at="2018-11-09T09:14:22Z">
      <class name="com.dy.AutoTest.web.actions.SingletonSet">
        <test-method status="PASS" signature="init(java.lang.String, java.lang.String)[pri:0, instance:com.dy.AutoTest.web.actions.SingletonSet@61009542]" name="init" is-config="true" duration-ms="3378" started-at="2018-11-09T09:13:41Z" finished-at="2018-11-09T09:13:44Z">
          <params>
            <param index="0">
              <value>
                <![CDATA[chrome]]>
              </value>
            </param>
            <param index="1">
              <value>
                <![CDATA[pop_uat]]>
              </value>
            </param>
          </params>
          <reporter-output>
          </reporter-output>
        </test-method> <!-- init -->
        <test-method status="PASS" signature="releaseJDBC()[pri:0, instance:com.dy.AutoTest.web.actions.SingletonSet@61009542]" name="releaseJDBC" is-config="true" duration-ms="2763" started-at="2018-11-09T09:14:22Z" finished-at="2018-11-09T09:14:25Z">
          <reporter-output>
          </reporter-output>
        </test-method> <!-- releaseJDBC -->
      </class> <!-- com.dy.AutoTest.web.actions.SingletonSet -->
      <class name="com.dy.AutoTest.OperationPlatform.TestCases.LoginPageTest">
        <test-method status="PASS" signature="BeforeTest(org.testng.ITestContext)[pri:0, instance:com.dy.AutoTest.OperationPlatform.TestCases.LoginPageTest@77e9807f]" name="BeforeTest" is-config="true" duration-ms="5" started-at="2018-11-09T09:13:44Z" finished-at="2018-11-09T09:13:44Z">
          <params>
            <param index="0">
              <value>
                <![CDATA[org.testng.TestRunner@15bc339]]>
              </value>
            </param>
          </params>
          <reporter-output>
            <line>
              <![CDATA[        2018-11-09 17:13:44): [Test]-"UserInfoQuery" is started]]>
            </line>
          </reporter-output>
        </test-method> <!-- BeforeTest -->
        <test-method status="PASS" signature="init()[pri:0, instance:com.dy.AutoTest.OperationPlatform.TestCases.LoginPageTest@77e9807f]" name="init" is-config="true" duration-ms="2" started-at="2018-11-09T09:13:44Z" finished-at="2018-11-09T09:13:44Z">
          <reporter-output>
          </reporter-output>
        </test-method> <!-- init -->
        <test-method status="PASS" signature="beforeClass()[pri:0, instance:com.dy.AutoTest.OperationPlatform.TestCases.LoginPageTest@77e9807f]" name="beforeClass" is-config="true" duration-ms="0" started-at="2018-11-09T09:13:44Z" finished-at="2018-11-09T09:13:44Z">
          <reporter-output>
          </reporter-output>
        </test-method> <!-- beforeClass -->
        <test-method status="PASS" signature="beforeMethod(java.lang.reflect.Method)[pri:0, instance:com.dy.AutoTest.OperationPlatform.TestCases.LoginPageTest@77e9807f]" name="beforeMethod" is-config="true" duration-ms="1" started-at="2018-11-09T09:13:44Z" finished-at="2018-11-09T09:13:44Z">
          <params>
            <param index="0">
              <value>
                <![CDATA[public void com.dy.AutoTest.OperationPlatform.TestCases.LoginPageTest.testLogin(java.lang.String)]]>
              </value>
            </param>
          </params>
          <reporter-output>
            <line>
              <![CDATA[                2018-11-09 17:13:44: [Method]-"LoginPageTest.testLogin" is started]]>
            </line>
          </reporter-output>
        </test-method> <!-- beforeMethod -->
        <test-method status="PASS" signature="testLogin(java.lang.String)[pri:0, instance:com.dy.AutoTest.OperationPlatform.TestCases.LoginPageTest@77e9807f]" name="testLogin" duration-ms="10124" started-at="2018-11-09T09:13:44Z" finished-at="2018-11-09T09:13:55Z">
          <params>
            <param index="0">
              <value>
                <![CDATA[T00105]]>
              </value>
            </param>
          </params>
          <reporter-output>
          </reporter-output>
        </test-method> <!-- testLogin -->
        <test-method status="PASS" signature="afterMethod(org.testng.ITestResult)[pri:0, instance:com.dy.AutoTest.OperationPlatform.TestCases.LoginPageTest@77e9807f]" name="afterMethod" is-config="true" duration-ms="2001" started-at="2018-11-09T09:13:55Z" finished-at="2018-11-09T09:13:57Z">
          <params>
            <param index="0">
              <value>
                <![CDATA[[TestResult name=testLogin status=SUCCESS method=LoginPageTest.testLogin(java.lang.String)[pri:0, instance:com.dy.AutoTest.OperationPlatform.TestCases.LoginPageTest@77e9807f] output={null}]]]>
              </value>
            </param>
          </params>
          <reporter-output>
            <line>
              <![CDATA[                2018-11-09 17:13:55: [Method]-"LoginPageTest.testLogin" is passed]]>
            </line>
          </reporter-output>
        </test-method> <!-- afterMethod -->
        <test-method status="PASS" signature="AfterTest(org.testng.ITestContext)[pri:0, instance:com.dy.AutoTest.OperationPlatform.TestCases.LoginPageTest@77e9807f]" name="AfterTest" is-config="true" duration-ms="1" started-at="2018-11-09T09:14:22Z" finished-at="2018-11-09T09:14:22Z">
          <params>
            <param index="0">
              <value>
                <![CDATA[org.testng.TestRunner@15bc339]]>
              </value>
            </param>
          </params>
          <reporter-output>
            <line>
              <![CDATA[        2018-11-09 17:14:22): [Test]-"UserInfoQuery" is finished]]>
            </line>
          </reporter-output>
        </test-method> <!-- AfterTest -->
      </class> <!-- com.dy.AutoTest.OperationPlatform.TestCases.LoginPageTest -->
      <class name="com.dy.AutoTest.OperationPlatform.TestCases.MainMenuPageTest">
        <test-method status="PASS" signature="init()[pri:0, instance:com.dy.AutoTest.OperationPlatform.TestCases.MainMenuPageTest@1a38c59b]" name="init" is-config="true" duration-ms="7" started-at="2018-11-09T09:14:17Z" finished-at="2018-11-09T09:14:17Z">
          <reporter-output>
          </reporter-output>
        </test-method> <!-- init -->
        <test-method status="PASS" signature="testQuit()[pri:0, instance:com.dy.AutoTest.OperationPlatform.TestCases.MainMenuPageTest@1a38c59b]" name="testQuit" duration-ms="3867" started-at="2018-11-09T09:14:17Z" finished-at="2018-11-09T09:14:21Z">
          <reporter-output>
          </reporter-output>
        </test-method> <!-- testQuit -->
        <test-method status="PASS" signature="releaseBrowser()[pri:0, instance:com.dy.AutoTest.OperationPlatform.TestCases.MainMenuPageTest@1a38c59b]" name="releaseBrowser" is-config="true" duration-ms="1002" started-at="2018-11-09T09:14:21Z" finished-at="2018-11-09T09:14:22Z">
          <reporter-output>
          </reporter-output>
        </test-method> <!-- releaseBrowser -->
      </class> <!-- com.dy.AutoTest.OperationPlatform.TestCases.MainMenuPageTest -->
      <class name="com.dy.AutoTest.OperationPlatform.TestCases.UserManagement.UserInfoManagement.UserInfoQueryTest">
        <test-method status="PASS" signature="beforeClass()[pri:0, instance:com.dy.AutoTest.OperationPlatform.TestCases.UserManagement.UserInfoManagement.UserInfoQueryTest@448ff1a8]" name="beforeClass" is-config="true" duration-ms="1" started-at="2018-11-09T09:13:57Z" finished-at="2018-11-09T09:13:57Z">
          <reporter-output>
          </reporter-output>
        </test-method> <!-- beforeClass -->
        <test-method status="PASS" signature="init()[pri:0, instance:com.dy.AutoTest.OperationPlatform.TestCases.UserManagement.UserInfoManagement.UserInfoQueryTest@448ff1a8]" name="init" is-config="true" duration-ms="2" started-at="2018-11-09T09:13:57Z" finished-at="2018-11-09T09:13:57Z">
          <reporter-output>
          </reporter-output>
        </test-method> <!-- init -->
        <test-method status="PASS" signature="testUserInfoQuery(com.dy.AutoTest.OperationPlatform.POJO.UserInfoQueryBean)[pri:0, instance:com.dy.AutoTest.OperationPlatform.TestCases.UserManagement.UserInfoManagement.UserInfoQueryTest@448ff1a8]" name="testUserInfoQuery" duration-ms="18408" started-at="2018-11-09T09:13:57Z" data-provider="pop_UserInfoQuery" finished-at="2018-11-09T09:14:15Z">
          <params>
            <param index="0">
              <value>
                <![CDATA[com.dy.AutoTest.OperationPlatform.POJO.UserInfoQueryBean@31e3250d]]>
              </value>
            </param>
          </params>
          <reporter-output>
          </reporter-output>
        </test-method> <!-- testUserInfoQuery -->
        <test-method status="PASS" signature="beforeMethod(java.lang.reflect.Method)[pri:0, instance:com.dy.AutoTest.OperationPlatform.TestCases.UserManagement.UserInfoManagement.UserInfoQueryTest@448ff1a8]" name="beforeMethod" is-config="true" duration-ms="0" started-at="2018-11-09T09:13:57Z" finished-at="2018-11-09T09:13:57Z">
          <params>
            <param index="0">
              <value>
                <![CDATA[public void com.dy.AutoTest.OperationPlatform.TestCases.UserManagement.UserInfoManagement.UserInfoQueryTest.testUserInfoQuery(com.dy.AutoTest.OperationPlatform.POJO.UserInfoQueryBean)]]>
              </value>
            </param>
          </params>
          <reporter-output>
            <line>
              <![CDATA[                2018-11-09 17:13:57: [Method]-"UserInfoQueryTest.testUserInfoQuery" is started]]>
            </line>
          </reporter-output>
        </test-method> <!-- beforeMethod -->
        <test-method status="PASS" signature="afterMethod(org.testng.ITestResult)[pri:0, instance:com.dy.AutoTest.OperationPlatform.TestCases.UserManagement.UserInfoManagement.UserInfoQueryTest@448ff1a8]" name="afterMethod" is-config="true" duration-ms="2002" started-at="2018-11-09T09:14:15Z" finished-at="2018-11-09T09:14:17Z">
          <params>
            <param index="0">
              <value>
                <![CDATA[[TestResult name=testUserInfoQuery status=SUCCESS method=UserInfoQueryTest.testUserInfoQuery(com.dy.AutoTest.OperationPlatform.POJO.UserInfoQueryBean)[pri:0, instance:com.dy.AutoTest.OperationPlatform.TestCases.UserManagement.UserInfoManagement.UserInfoQueryTest@448ff1a8] output={null}]]]>
              </value>
            </param>
          </params>
          <reporter-output>
            <line>
              <![CDATA[                2018-11-09 17:14:15: [Method]-"UserInfoQueryTest.testUserInfoQuery" is passed]]>
            </line>
          </reporter-output>
        </test-method> <!-- afterMethod -->
      </class> <!-- com.dy.AutoTest.OperationPlatform.TestCases.UserManagement.UserInfoManagement.UserInfoQueryTest -->
    </test> <!-- UserInfoQuery -->
  </suite> <!-- UserInfoQuery -->
</testng-results>
