<?xml version="1.0" encoding="UTF-8"?>
<testng-results skipped="0" failed="0" ignored="2" total="6" passed="4">
  <reporter-output>
    <line>
      <![CDATA[        2019-01-02 17:46:27): [Test]-"Login" is started]]>
    </line>
    <line>
      <![CDATA[                2019-01-02 17:46:27: [Method]-"LoginPageTest.testLogin" is started]]>
    </line>
    <line>
      <![CDATA[                2019-01-02 17:46:32: [Method]-"LoginPageTest.testLogin" is passed]]>
    </line>
    <line>
      <![CDATA[        2019-01-02 17:46:34): [Test]-"Login" is finished]]>
    </line>
    <line>
      <![CDATA[        2019-01-02 17:46:34): [Test]-"SuspiciousTradeManagement_ProcessedSuspiciousTradeQuery" is started]]>
    </line>
    <line>
      <![CDATA[                2019-01-02 17:46:34: [Method]-"ProcessedSuspiciousTradeQueryPageTest.testQuery" is started]]>
    </line>
    <line>
      <![CDATA[                2019-01-02 17:46:49: [Method]-"ProcessedSuspiciousTradeQueryPageTest.testQuery" is passed]]>
    </line>
    <line>
      <![CDATA[                2019-01-02 17:46:51: [Method]-"ProcessedSuspiciousTradeQueryPageTest.testCheck" is started]]>
    </line>
    <line>
      <![CDATA[                2019-01-02 17:46:58: [Method]-"ProcessedSuspiciousTradeQueryPageTest.testCheck" is passed]]>
    </line>
    <line>
      <![CDATA[        2019-01-02 17:47:00): [Test]-"SuspiciousTradeManagement_ProcessedSuspiciousTradeQuery" is finished]]>
    </line>
  </reporter-output>
  <suite name="SuiteOperationPlatform" duration-ms="38343" started-at="2019-01-02T09:46:27Z" finished-at="2019-01-02T09:47:05Z">
    <groups>
    </groups>
    <test name="Login" duration-ms="7338" started-at="2019-01-02T09:46:27Z" finished-at="2019-01-02T09:46:34Z">
      <class name="com.dy.AutoTest.OperationPlatform.TestCases.LoginPageTest">
        <test-method status="PASS" signature="BeforeTest(org.testng.ITestContext)[pri:0, instance:com.dy.AutoTest.OperationPlatform.TestCases.LoginPageTest@38af9828]" name="BeforeTest" is-config="true" duration-ms="2" started-at="2019-01-02T09:46:27Z" finished-at="2019-01-02T09:46:27Z">
          <params>
            <param index="0">
              <value>
                <![CDATA[org.testng.TestRunner@4f169009]]>
              </value>
            </param>
          </params>
          <reporter-output>
            <line>
              <![CDATA[        2019-01-02 17:46:27): [Test]-"Login" is started]]>
            </line>
          </reporter-output>
        </test-method> <!-- BeforeTest -->
        <test-method status="PASS" signature="beforeClass()[pri:0, instance:com.dy.AutoTest.OperationPlatform.TestCases.LoginPageTest@38af9828]" name="beforeClass" is-config="true" duration-ms="0" started-at="2019-01-02T09:46:27Z" finished-at="2019-01-02T09:46:27Z">
          <reporter-output>
          </reporter-output>
        </test-method> <!-- beforeClass -->
        <test-method status="PASS" signature="init()[pri:0, instance:com.dy.AutoTest.OperationPlatform.TestCases.LoginPageTest@38af9828]" name="init" is-config="true" duration-ms="4" started-at="2019-01-02T09:46:27Z" finished-at="2019-01-02T09:46:27Z">
          <reporter-output>
          </reporter-output>
        </test-method> <!-- init -->
        <test-method status="PASS" signature="beforeMethod(java.lang.reflect.Method)[pri:0, instance:com.dy.AutoTest.OperationPlatform.TestCases.LoginPageTest@38af9828]" name="beforeMethod" is-config="true" duration-ms="0" started-at="2019-01-02T09:46:27Z" finished-at="2019-01-02T09:46:27Z">
          <params>
            <param index="0">
              <value>
                <![CDATA[public void com.dy.AutoTest.OperationPlatform.TestCases.LoginPageTest.testLogin(java.lang.String)]]>
              </value>
            </param>
          </params>
          <reporter-output>
            <line>
              <![CDATA[                2019-01-02 17:46:27: [Method]-"LoginPageTest.testLogin" is started]]>
            </line>
          </reporter-output>
        </test-method> <!-- beforeMethod -->
        <test-method status="PASS" signature="testLogin(java.lang.String)[pri:0, instance:com.dy.AutoTest.OperationPlatform.TestCases.LoginPageTest@38af9828]" name="testLogin" duration-ms="5307" started-at="2019-01-02T09:46:27Z" finished-at="2019-01-02T09:46:32Z">
          <params>
            <param index="0">
              <value>
                <![CDATA[T00064]]>
              </value>
            </param>
          </params>
          <reporter-output>
          </reporter-output>
        </test-method> <!-- testLogin -->
        <test-method status="PASS" signature="afterMethod(org.testng.ITestResult)[pri:0, instance:com.dy.AutoTest.OperationPlatform.TestCases.LoginPageTest@38af9828]" name="afterMethod" is-config="true" duration-ms="2002" started-at="2019-01-02T09:46:32Z" finished-at="2019-01-02T09:46:34Z">
          <params>
            <param index="0">
              <value>
                <![CDATA[[TestResult name=testLogin status=SUCCESS method=LoginPageTest.testLogin(java.lang.String)[pri:0, instance:com.dy.AutoTest.OperationPlatform.TestCases.LoginPageTest@38af9828] output={null}]]]>
              </value>
            </param>
          </params>
          <reporter-output>
            <line>
              <![CDATA[                2019-01-02 17:46:32: [Method]-"LoginPageTest.testLogin" is passed]]>
            </line>
          </reporter-output>
        </test-method> <!-- afterMethod -->
        <test-method status="PASS" signature="AfterTest(org.testng.ITestContext)[pri:0, instance:com.dy.AutoTest.OperationPlatform.TestCases.LoginPageTest@38af9828]" name="AfterTest" is-config="true" duration-ms="1" started-at="2019-01-02T09:46:34Z" finished-at="2019-01-02T09:46:34Z">
          <params>
            <param index="0">
              <value>
                <![CDATA[org.testng.TestRunner@4f169009]]>
              </value>
            </param>
          </params>
          <reporter-output>
            <line>
              <![CDATA[        2019-01-02 17:46:34): [Test]-"Login" is finished]]>
            </line>
          </reporter-output>
        </test-method> <!-- AfterTest -->
      </class> <!-- com.dy.AutoTest.OperationPlatform.TestCases.LoginPageTest -->
    </test> <!-- Login -->
    <test name="SuspiciousTradeManagement_ProcessedSuspiciousTradeQuery" duration-ms="26063" started-at="2019-01-02T09:46:34Z" finished-at="2019-01-02T09:47:00Z">
      <class name="com.dy.AutoTest.OperationPlatform.TestCases.OnlineRiskControl.SuspiciousTradeManagement.ProcessedSuspiciousTradeQueryPageTest">
        <test-method status="PASS" signature="BeforeTest(org.testng.ITestContext)[pri:0, instance:com.dy.AutoTest.OperationPlatform.TestCases.OnlineRiskControl.SuspiciousTradeManagement.ProcessedSuspiciousTradeQueryPageTest@c667f46]" name="BeforeTest" is-config="true" duration-ms="0" started-at="2019-01-02T09:46:34Z" finished-at="2019-01-02T09:46:34Z">
          <params>
            <param index="0">
              <value>
                <![CDATA[org.testng.TestRunner@9dada78]]>
              </value>
            </param>
          </params>
          <reporter-output>
            <line>
              <![CDATA[        2019-01-02 17:46:34): [Test]-"SuspiciousTradeManagement_ProcessedSuspiciousTradeQuery" is started]]>
            </line>
          </reporter-output>
        </test-method> <!-- BeforeTest -->
        <test-method status="PASS" signature="init()[pri:0, instance:com.dy.AutoTest.OperationPlatform.TestCases.OnlineRiskControl.SuspiciousTradeManagement.ProcessedSuspiciousTradeQueryPageTest@c667f46]" name="init" is-config="true" duration-ms="6" started-at="2019-01-02T09:46:34Z" finished-at="2019-01-02T09:46:34Z">
          <reporter-output>
          </reporter-output>
        </test-method> <!-- init -->
        <test-method status="PASS" signature="beforeClass()[pri:0, instance:com.dy.AutoTest.OperationPlatform.TestCases.OnlineRiskControl.SuspiciousTradeManagement.ProcessedSuspiciousTradeQueryPageTest@c667f46]" name="beforeClass" is-config="true" duration-ms="0" started-at="2019-01-02T09:46:34Z" finished-at="2019-01-02T09:46:34Z">
          <reporter-output>
          </reporter-output>
        </test-method> <!-- beforeClass -->
        <test-method status="PASS" signature="beforeMethod(java.lang.reflect.Method)[pri:0, instance:com.dy.AutoTest.OperationPlatform.TestCases.OnlineRiskControl.SuspiciousTradeManagement.ProcessedSuspiciousTradeQueryPageTest@c667f46]" name="beforeMethod" is-config="true" duration-ms="1" started-at="2019-01-02T09:46:34Z" finished-at="2019-01-02T09:46:34Z">
          <params>
            <param index="0">
              <value>
                <![CDATA[public void com.dy.AutoTest.OperationPlatform.TestCases.OnlineRiskControl.SuspiciousTradeManagement.ProcessedSuspiciousTradeQueryPageTest.testQuery(com.dy.AutoTest.OperationPlatform.POJO.SuspiciousTradeManagement_ProcessedSuspiciousTradeQueryBean)]]>
              </value>
            </param>
          </params>
          <reporter-output>
            <line>
              <![CDATA[                2019-01-02 17:46:34: [Method]-"ProcessedSuspiciousTradeQueryPageTest.testQuery" is started]]>
            </line>
          </reporter-output>
        </test-method> <!-- beforeMethod -->
        <test-method status="PASS" signature="testQuery(com.dy.AutoTest.OperationPlatform.POJO.SuspiciousTradeManagement_ProcessedSuspiciousTradeQueryBean)[pri:0, instance:com.dy.AutoTest.OperationPlatform.TestCases.OnlineRiskControl.SuspiciousTradeManagement.ProcessedSuspiciousTradeQueryPageTest@c667f46]" name="testQuery" duration-ms="14504" started-at="2019-01-02T09:46:34Z" data-provider="SuspiciousTradeManagement_ProcessedSuspiciousTradeQueryByCaseNO" finished-at="2019-01-02T09:46:49Z">
          <params>
            <param index="0">
              <value>
                <![CDATA[com.dy.AutoTest.OperationPlatform.POJO.SuspiciousTradeManagement_ProcessedSuspiciousTradeQueryBean@2eb917d0]]>
              </value>
            </param>
          </params>
          <reporter-output>
          </reporter-output>
        </test-method> <!-- testQuery -->
        <test-method status="PASS" signature="afterMethod(org.testng.ITestResult)[pri:0, instance:com.dy.AutoTest.OperationPlatform.TestCases.OnlineRiskControl.SuspiciousTradeManagement.ProcessedSuspiciousTradeQueryPageTest@c667f46]" name="afterMethod" is-config="true" duration-ms="2002" started-at="2019-01-02T09:46:49Z" finished-at="2019-01-02T09:46:51Z">
          <params>
            <param index="0">
              <value>
                <![CDATA[[TestResult name=testQuery status=SUCCESS method=ProcessedSuspiciousTradeQueryPageTest.testQuery(com.dy.AutoTest.OperationPlatform.POJO.SuspiciousTradeManagement_ProcessedSuspiciousTradeQueryBean)[pri:0, instance:com.dy.AutoTest.OperationPlatform.TestCases.OnlineRiskControl.SuspiciousTradeManagement.ProcessedSuspiciousTradeQueryPageTest@c667f46] output={null}]]]>
              </value>
            </param>
          </params>
          <reporter-output>
            <line>
              <![CDATA[                2019-01-02 17:46:49: [Method]-"ProcessedSuspiciousTradeQueryPageTest.testQuery" is passed]]>
            </line>
          </reporter-output>
        </test-method> <!-- afterMethod -->
        <test-method status="PASS" signature="beforeMethod(java.lang.reflect.Method)[pri:0, instance:com.dy.AutoTest.OperationPlatform.TestCases.OnlineRiskControl.SuspiciousTradeManagement.ProcessedSuspiciousTradeQueryPageTest@c667f46]" name="beforeMethod" is-config="true" duration-ms="1" started-at="2019-01-02T09:46:51Z" finished-at="2019-01-02T09:46:51Z">
          <params>
            <param index="0">
              <value>
                <![CDATA[public void com.dy.AutoTest.OperationPlatform.TestCases.OnlineRiskControl.SuspiciousTradeManagement.ProcessedSuspiciousTradeQueryPageTest.testCheck(com.dy.AutoTest.OperationPlatform.POJO.SuspiciousTradeManagement_ProcessedSuspiciousTradeQueryBean)]]>
              </value>
            </param>
          </params>
          <reporter-output>
            <line>
              <![CDATA[                2019-01-02 17:46:51: [Method]-"ProcessedSuspiciousTradeQueryPageTest.testCheck" is started]]>
            </line>
          </reporter-output>
        </test-method> <!-- beforeMethod -->
        <test-method status="PASS" signature="testCheck(com.dy.AutoTest.OperationPlatform.POJO.SuspiciousTradeManagement_ProcessedSuspiciousTradeQueryBean)[pri:0, instance:com.dy.AutoTest.OperationPlatform.TestCases.OnlineRiskControl.SuspiciousTradeManagement.ProcessedSuspiciousTradeQueryPageTest@c667f46]" name="testCheck" duration-ms="7527" started-at="2019-01-02T09:46:51Z" data-provider="SuspiciousTradeManagement_ProcessedSuspiciousTradeQueryByCaseNO" finished-at="2019-01-02T09:46:58Z">
          <params>
            <param index="0">
              <value>
                <![CDATA[com.dy.AutoTest.OperationPlatform.POJO.SuspiciousTradeManagement_ProcessedSuspiciousTradeQueryBean@440e3ce6]]>
              </value>
            </param>
          </params>
          <reporter-output>
          </reporter-output>
        </test-method> <!-- testCheck -->
        <test-method status="PASS" signature="afterMethod(org.testng.ITestResult)[pri:0, instance:com.dy.AutoTest.OperationPlatform.TestCases.OnlineRiskControl.SuspiciousTradeManagement.ProcessedSuspiciousTradeQueryPageTest@c667f46]" name="afterMethod" is-config="true" duration-ms="2002" started-at="2019-01-02T09:46:58Z" finished-at="2019-01-02T09:47:00Z">
          <params>
            <param index="0">
              <value>
                <![CDATA[[TestResult name=testCheck status=SUCCESS method=ProcessedSuspiciousTradeQueryPageTest.testCheck(com.dy.AutoTest.OperationPlatform.POJO.SuspiciousTradeManagement_ProcessedSuspiciousTradeQueryBean)[pri:0, instance:com.dy.AutoTest.OperationPlatform.TestCases.OnlineRiskControl.SuspiciousTradeManagement.ProcessedSuspiciousTradeQueryPageTest@c667f46] output={null}]]]>
              </value>
            </param>
          </params>
          <reporter-output>
            <line>
              <![CDATA[                2019-01-02 17:46:58: [Method]-"ProcessedSuspiciousTradeQueryPageTest.testCheck" is passed]]>
            </line>
          </reporter-output>
        </test-method> <!-- afterMethod -->
        <test-method status="PASS" signature="AfterTest(org.testng.ITestContext)[pri:0, instance:com.dy.AutoTest.OperationPlatform.TestCases.OnlineRiskControl.SuspiciousTradeManagement.ProcessedSuspiciousTradeQueryPageTest@c667f46]" name="AfterTest" is-config="true" duration-ms="0" started-at="2019-01-02T09:47:00Z" finished-at="2019-01-02T09:47:00Z">
          <params>
            <param index="0">
              <value>
                <![CDATA[org.testng.TestRunner@9dada78]]>
              </value>
            </param>
          </params>
          <reporter-output>
            <line>
              <![CDATA[        2019-01-02 17:47:00): [Test]-"SuspiciousTradeManagement_ProcessedSuspiciousTradeQuery" is finished]]>
            </line>
          </reporter-output>
        </test-method> <!-- AfterTest -->
      </class> <!-- com.dy.AutoTest.OperationPlatform.TestCases.OnlineRiskControl.SuspiciousTradeManagement.ProcessedSuspiciousTradeQueryPageTest -->
    </test> <!-- SuspiciousTradeManagement_ProcessedSuspiciousTradeQuery -->
    <test name="Quit" duration-ms="4892" started-at="2019-01-02T09:47:00Z" finished-at="2019-01-02T09:47:05Z">
      <class name="com.dy.AutoTest.web.actions.SingletonSet">
        <test-method status="PASS" signature="init(java.lang.String, java.lang.String)[pri:0, instance:com.dy.AutoTest.web.actions.SingletonSet@76b07f29]" name="init" is-config="true" duration-ms="4045" started-at="2019-01-02T09:46:23Z" finished-at="2019-01-02T09:46:27Z">
          <params>
            <param index="0">
              <value>
                <![CDATA[chrome]]>
              </value>
            </param>
            <param index="1">
              <value>
                <![CDATA[pop_uat]]>
              </value>
            </param>
          </params>
          <reporter-output>
          </reporter-output>
        </test-method> <!-- init -->
        <test-method status="PASS" signature="releaseJDBC()[pri:0, instance:com.dy.AutoTest.web.actions.SingletonSet@76b07f29]" name="releaseJDBC" is-config="true" duration-ms="2878" started-at="2019-01-02T09:47:05Z" finished-at="2019-01-02T09:47:08Z">
          <reporter-output>
          </reporter-output>
        </test-method> <!-- releaseJDBC -->
      </class> <!-- com.dy.AutoTest.web.actions.SingletonSet -->
      <class name="com.dy.AutoTest.OperationPlatform.TestCases.MainMenuPageTest">
        <test-method status="PASS" signature="init()[pri:0, instance:com.dy.AutoTest.OperationPlatform.TestCases.MainMenuPageTest@1e13529a]" name="init" is-config="true" duration-ms="2" started-at="2019-01-02T09:47:00Z" finished-at="2019-01-02T09:47:00Z">
          <reporter-output>
          </reporter-output>
        </test-method> <!-- init -->
        <test-method status="PASS" signature="testQuit()[pri:0, instance:com.dy.AutoTest.OperationPlatform.TestCases.MainMenuPageTest@1e13529a]" name="testQuit" duration-ms="3885" started-at="2019-01-02T09:47:00Z" finished-at="2019-01-02T09:47:04Z">
          <reporter-output>
          </reporter-output>
        </test-method> <!-- testQuit -->
        <test-method status="PASS" signature="releaseBrowser()[pri:0, instance:com.dy.AutoTest.OperationPlatform.TestCases.MainMenuPageTest@1e13529a]" name="releaseBrowser" is-config="true" duration-ms="1001" started-at="2019-01-02T09:47:04Z" finished-at="2019-01-02T09:47:05Z">
          <reporter-output>
          </reporter-output>
        </test-method> <!-- releaseBrowser -->
      </class> <!-- com.dy.AutoTest.OperationPlatform.TestCases.MainMenuPageTest -->
    </test> <!-- Quit -->
  </suite> <!-- SuiteOperationPlatform -->
</testng-results>
