<?xml version="1.0" encoding="UTF-8"?>
<testng-results skipped="0" failed="0" ignored="27" total="45" passed="18">
  <reporter-output>
    <line>
      <![CDATA[        2018-10-25 15:34:39): [Test]-"MerchantInfoInsert" is started]]>
    </line>
    <line>
      <![CDATA[                2018-10-25 15:34:39: [Method]-"LoginPageTest.testLogin" is started]]>
    </line>
    <line>
      <![CDATA[                2018-10-25 15:34:59: [Method]-"LoginPageTest.testLogin" is passed]]>
    </line>
    <line>
      <![CDATA[                2018-10-25 15:35:01: [Method]-"MerchantInfoInsertPageTest.testMerchantInfoInsert" is started]]>
    </line>
    <line>
      <![CDATA[                2018-10-25 15:37:44: [Method]-"MerchantInfoInsertPageTest.testMerchantInfoInsert" is passed]]>
    </line>
    <line>
      <![CDATA[        2018-10-25 15:37:52): [Test]-"MerchantInfoInsert" is finished]]>
    </line>
    <line>
      <![CDATA[        2018-10-25 15:37:52): [Test]-"MerchantInfoInsertAuditPass" is started]]>
    </line>
    <line>
      <![CDATA[                2018-10-25 15:37:52: [Method]-"LoginPageTest.testLogin" is started]]>
    </line>
    <line>
      <![CDATA[                2018-10-25 15:38:00: [Method]-"LoginPageTest.testLogin" is passed]]>
    </line>
    <line>
      <![CDATA[                2018-10-25 15:38:02: [Method]-"MerchantAuditPageTest.testMerchantAuditPass" is started]]>
    </line>
    <line>
      <![CDATA[MerchantNO: 872290059475034 商户基本资料新增审核通过]]>
    </line>
    <line>
      <![CDATA[                2018-10-25 15:38:22: [Method]-"MerchantAuditPageTest.testMerchantAuditPass" is passed]]>
    </line>
    <line>
      <![CDATA[        2018-10-25 15:38:30): [Test]-"MerchantInfoInsertAuditPass" is finished]]>
    </line>
    <line>
      <![CDATA[        2018-10-25 15:38:30): [Test]-"MerchantSettlementInsert" is started]]>
    </line>
    <line>
      <![CDATA[                2018-10-25 15:38:30: [Method]-"LoginPageTest.testLogin" is started]]>
    </line>
    <line>
      <![CDATA[                2018-10-25 15:38:37: [Method]-"LoginPageTest.testLogin" is passed]]>
    </line>
    <line>
      <![CDATA[                2018-10-25 15:38:39: [Method]-"MerchantSettlementPageTest.testMerchantSettlementInsert" is started]]>
    </line>
    <line>
      <![CDATA[                2018-10-25 15:39:02: [Method]-"MerchantSettlementPageTest.testMerchantSettlementInsert" is passed]]>
    </line>
    <line>
      <![CDATA[        2018-10-25 15:39:09): [Test]-"MerchantSettlementInsert" is finished]]>
    </line>
    <line>
      <![CDATA[        2018-10-25 15:39:09): [Test]-"MerchantSettlementInsertAuditPass" is started]]>
    </line>
    <line>
      <![CDATA[                2018-10-25 15:39:09: [Method]-"LoginPageTest.testLogin" is started]]>
    </line>
    <line>
      <![CDATA[                2018-10-25 15:39:16: [Method]-"LoginPageTest.testLogin" is passed]]>
    </line>
    <line>
      <![CDATA[                2018-10-25 15:39:18: [Method]-"MerchantAuditPageTest.testMerchantAuditPass" is started]]>
    </line>
    <line>
      <![CDATA[MerchantNO: 872290059475034 商户结算信息新增审核通过]]>
    </line>
    <line>
      <![CDATA[                2018-10-25 15:39:35: [Method]-"MerchantAuditPageTest.testMerchantAuditPass" is passed]]>
    </line>
    <line>
      <![CDATA[        2018-10-25 15:39:42): [Test]-"MerchantSettlementInsertAuditPass" is finished]]>
    </line>
    <line>
      <![CDATA[        2018-10-25 15:39:42): [Test]-"MerchantFeeRateAdd" is started]]>
    </line>
    <line>
      <![CDATA[                2018-10-25 15:39:42: [Method]-"LoginPageTest.testLogin" is started]]>
    </line>
    <line>
      <![CDATA[                2018-10-25 15:39:49: [Method]-"LoginPageTest.testLogin" is passed]]>
    </line>
    <line>
      <![CDATA[                2018-10-25 15:39:51: [Method]-"MerchantFeeRatePageTest.testMerchantFeeRateAdd" is started]]>
    </line>
    <line>
      <![CDATA[                2018-10-25 15:42:08: [Method]-"MerchantFeeRatePageTest.testMerchantFeeRateAdd" is passed]]>
    </line>
    <line>
      <![CDATA[        2018-10-25 15:42:15): [Test]-"MerchantFeeRateAdd" is finished]]>
    </line>
    <line>
      <![CDATA[        2018-10-25 15:42:15): [Test]-"MerchantFeeRateAddAuditPass" is started]]>
    </line>
    <line>
      <![CDATA[                2018-10-25 15:42:15: [Method]-"LoginPageTest.testLogin" is started]]>
    </line>
    <line>
      <![CDATA[                2018-10-25 15:42:22: [Method]-"LoginPageTest.testLogin" is passed]]>
    </line>
    <line>
      <![CDATA[                2018-10-25 15:42:24: [Method]-"MerchantAuditPageTest.testMerchantAuditPass" is started]]>
    </line>
    <line>
      <![CDATA[                2018-10-25 15:42:31: [Method]-"MerchantAuditPageTest.testMerchantAuditPass" is passed]]>
    </line>
    <line>
      <![CDATA[        2018-10-25 15:42:38): [Test]-"MerchantFeeRateAddAuditPass" is finished]]>
    </line>
  </reporter-output>
  <suite name="Demo-181023" duration-ms="479304" started-at="2018-10-25T07:34:39Z" finished-at="2018-10-25T07:42:38Z">
    <groups>
    </groups>
    <test name="MerchantInfoInsert" duration-ms="192727" started-at="2018-10-25T07:34:39Z" finished-at="2018-10-25T07:37:52Z">
      <class name="com.dy.AutoTest.OperationPlatform.TestCases.MerchantManagementOnLine.OnLineMechantInfo.MerchantInfoInsertPageTest">
        <test-method status="PASS" signature="beforeClass()[pri:0, instance:com.dy.AutoTest.OperationPlatform.TestCases.MerchantManagementOnLine.OnLineMechantInfo.MerchantInfoInsertPageTest@6b19b79]" name="beforeClass" is-config="true" duration-ms="0" started-at="2018-10-25T07:35:01Z" finished-at="2018-10-25T07:35:01Z">
          <reporter-output>
          </reporter-output>
        </test-method> <!-- beforeClass -->
        <test-method status="PASS" signature="init()[pri:0, instance:com.dy.AutoTest.OperationPlatform.TestCases.MerchantManagementOnLine.OnLineMechantInfo.MerchantInfoInsertPageTest@6b19b79]" name="init" is-config="true" duration-ms="75" started-at="2018-10-25T07:35:01Z" finished-at="2018-10-25T07:35:01Z">
          <reporter-output>
          </reporter-output>
        </test-method> <!-- init -->
        <test-method status="PASS" signature="beforeMethod(java.lang.reflect.Method)[pri:0, instance:com.dy.AutoTest.OperationPlatform.TestCases.MerchantManagementOnLine.OnLineMechantInfo.MerchantInfoInsertPageTest@6b19b79]" name="beforeMethod" is-config="true" duration-ms="2" started-at="2018-10-25T07:35:01Z" finished-at="2018-10-25T07:35:01Z">
          <params>
            <param index="0">
              <value>
                <![CDATA[public void com.dy.AutoTest.OperationPlatform.TestCases.MerchantManagementOnLine.OnLineMechantInfo.MerchantInfoInsertPageTest.testMerchantInfoInsert(com.dy.AutoTest.OperationPlatform.POJO.MerchantInfoBean)]]>
              </value>
            </param>
          </params>
          <reporter-output>
            <line>
              <![CDATA[                2018-10-25 15:35:01: [Method]-"MerchantInfoInsertPageTest.testMerchantInfoInsert" is started]]>
            </line>
          </reporter-output>
        </test-method> <!-- beforeMethod -->
        <test-method status="PASS" signature="testMerchantInfoInsert(com.dy.AutoTest.OperationPlatform.POJO.MerchantInfoBean)[pri:0, instance:com.dy.AutoTest.OperationPlatform.TestCases.MerchantManagementOnLine.OnLineMechantInfo.MerchantInfoInsertPageTest@6b19b79]" name="testMerchantInfoInsert" duration-ms="163008" started-at="2018-10-25T07:35:01Z" data-provider="merchantInfoInsert" finished-at="2018-10-25T07:37:44Z">
          <params>
            <param index="0">
              <value>
                <![CDATA[com.dy.AutoTest.OperationPlatform.POJO.MerchantInfoBean@439a8f59]]>
              </value>
            </param>
          </params>
          <reporter-output>
          </reporter-output>
        </test-method> <!-- testMerchantInfoInsert -->
        <test-method status="PASS" signature="afterMethod(org.testng.ITestResult)[pri:0, instance:com.dy.AutoTest.OperationPlatform.TestCases.MerchantManagementOnLine.OnLineMechantInfo.MerchantInfoInsertPageTest@6b19b79]" name="afterMethod" is-config="true" duration-ms="2002" started-at="2018-10-25T07:37:44Z" finished-at="2018-10-25T07:37:46Z">
          <params>
            <param index="0">
              <value>
                <![CDATA[[TestResult name=testMerchantInfoInsert status=SUCCESS method=MerchantInfoInsertPageTest.testMerchantInfoInsert(com.dy.AutoTest.OperationPlatform.POJO.MerchantInfoBean)[pri:0, instance:com.dy.AutoTest.OperationPlatform.TestCases.MerchantManagementOnLine.OnLineMechantInfo.MerchantInfoInsertPageTest@6b19b79] output={null}]]]>
              </value>
            </param>
          </params>
          <reporter-output>
            <line>
              <![CDATA[                2018-10-25 15:37:44: [Method]-"MerchantInfoInsertPageTest.testMerchantInfoInsert" is passed]]>
            </line>
          </reporter-output>
        </test-method> <!-- afterMethod -->
      </class> <!-- com.dy.AutoTest.OperationPlatform.TestCases.MerchantManagementOnLine.OnLineMechantInfo.MerchantInfoInsertPageTest -->
      <class name="com.dy.AutoTest.OperationPlatform.TestCases.LoginPageTest">
        <test-method status="PASS" signature="BeforeTest(org.testng.ITestContext)[pri:0, instance:com.dy.AutoTest.OperationPlatform.TestCases.LoginPageTest@60704c]" name="BeforeTest" is-config="true" duration-ms="17" started-at="2018-10-25T07:34:39Z" finished-at="2018-10-25T07:34:39Z">
          <params>
            <param index="0">
              <value>
                <![CDATA[org.testng.TestRunner@556f00f1]]>
              </value>
            </param>
          </params>
          <reporter-output>
            <line>
              <![CDATA[        2018-10-25 15:34:39): [Test]-"MerchantInfoInsert" is started]]>
            </line>
          </reporter-output>
        </test-method> <!-- BeforeTest -->
        <test-method status="PASS" signature="beforeClass()[pri:0, instance:com.dy.AutoTest.OperationPlatform.TestCases.LoginPageTest@60704c]" name="beforeClass" is-config="true" duration-ms="0" started-at="2018-10-25T07:34:39Z" finished-at="2018-10-25T07:34:39Z">
          <reporter-output>
          </reporter-output>
        </test-method> <!-- beforeClass -->
        <test-method status="PASS" signature="init()[pri:0, instance:com.dy.AutoTest.OperationPlatform.TestCases.LoginPageTest@60704c]" name="init" is-config="true" duration-ms="80" started-at="2018-10-25T07:34:39Z" finished-at="2018-10-25T07:34:39Z">
          <reporter-output>
          </reporter-output>
        </test-method> <!-- init -->
        <test-method status="PASS" signature="beforeMethod(java.lang.reflect.Method)[pri:0, instance:com.dy.AutoTest.OperationPlatform.TestCases.LoginPageTest@60704c]" name="beforeMethod" is-config="true" duration-ms="4" started-at="2018-10-25T07:34:39Z" finished-at="2018-10-25T07:34:39Z">
          <params>
            <param index="0">
              <value>
                <![CDATA[public void com.dy.AutoTest.OperationPlatform.TestCases.LoginPageTest.testLogin(java.lang.String)]]>
              </value>
            </param>
          </params>
          <reporter-output>
            <line>
              <![CDATA[                2018-10-25 15:34:39: [Method]-"LoginPageTest.testLogin" is started]]>
            </line>
          </reporter-output>
        </test-method> <!-- beforeMethod -->
        <test-method status="PASS" signature="testLogin(java.lang.String)[pri:0, instance:com.dy.AutoTest.OperationPlatform.TestCases.LoginPageTest@60704c]" name="testLogin" duration-ms="19969" started-at="2018-10-25T07:34:39Z" finished-at="2018-10-25T07:34:59Z">
          <params>
            <param index="0">
              <value>
                <![CDATA[T00105]]>
              </value>
            </param>
          </params>
          <reporter-output>
          </reporter-output>
        </test-method> <!-- testLogin -->
        <test-method status="PASS" signature="afterMethod(org.testng.ITestResult)[pri:0, instance:com.dy.AutoTest.OperationPlatform.TestCases.LoginPageTest@60704c]" name="afterMethod" is-config="true" duration-ms="2003" started-at="2018-10-25T07:34:59Z" finished-at="2018-10-25T07:35:01Z">
          <params>
            <param index="0">
              <value>
                <![CDATA[[TestResult name=testLogin status=SUCCESS method=LoginPageTest.testLogin(java.lang.String)[pri:0, instance:com.dy.AutoTest.OperationPlatform.TestCases.LoginPageTest@60704c] output={null}]]]>
              </value>
            </param>
          </params>
          <reporter-output>
            <line>
              <![CDATA[                2018-10-25 15:34:59: [Method]-"LoginPageTest.testLogin" is passed]]>
            </line>
          </reporter-output>
        </test-method> <!-- afterMethod -->
        <test-method status="PASS" signature="AfterTest(org.testng.ITestContext)[pri:0, instance:com.dy.AutoTest.OperationPlatform.TestCases.LoginPageTest@60704c]" name="AfterTest" is-config="true" duration-ms="1" started-at="2018-10-25T07:37:52Z" finished-at="2018-10-25T07:37:52Z">
          <params>
            <param index="0">
              <value>
                <![CDATA[org.testng.TestRunner@556f00f1]]>
              </value>
            </param>
          </params>
          <reporter-output>
            <line>
              <![CDATA[        2018-10-25 15:37:52): [Test]-"MerchantInfoInsert" is finished]]>
            </line>
          </reporter-output>
        </test-method> <!-- AfterTest -->
      </class> <!-- com.dy.AutoTest.OperationPlatform.TestCases.LoginPageTest -->
      <class name="com.dy.AutoTest.OperationPlatform.TestCases.MainMenuPageTest">
        <test-method status="PASS" signature="init()[pri:0, instance:com.dy.AutoTest.OperationPlatform.TestCases.MainMenuPageTest@2a32de6c]" name="init" is-config="true" duration-ms="25" started-at="2018-10-25T07:37:46Z" finished-at="2018-10-25T07:37:46Z">
          <reporter-output>
          </reporter-output>
        </test-method> <!-- init -->
        <test-method status="PASS" signature="testQuit()[pri:0, instance:com.dy.AutoTest.OperationPlatform.TestCases.MainMenuPageTest@2a32de6c]" name="testQuit" duration-ms="4294" started-at="2018-10-25T07:37:46Z" finished-at="2018-10-25T07:37:51Z">
          <reporter-output>
          </reporter-output>
        </test-method> <!-- testQuit -->
        <test-method status="PASS" signature="releaseBrowser()[pri:0, instance:com.dy.AutoTest.OperationPlatform.TestCases.MainMenuPageTest@2a32de6c]" name="releaseBrowser" is-config="true" duration-ms="1001" started-at="2018-10-25T07:37:51Z" finished-at="2018-10-25T07:37:52Z">
          <reporter-output>
          </reporter-output>
        </test-method> <!-- releaseBrowser -->
      </class> <!-- com.dy.AutoTest.OperationPlatform.TestCases.MainMenuPageTest -->
    </test> <!-- MerchantInfoInsert -->
    <test name="MerchantInfoInsertAuditPass" duration-ms="38319" started-at="2018-10-25T07:37:52Z" finished-at="2018-10-25T07:38:30Z">
      <class name="com.dy.AutoTest.OperationPlatform.TestCases.LoginPageTest">
        <test-method status="PASS" signature="BeforeTest(org.testng.ITestContext)[pri:0, instance:com.dy.AutoTest.OperationPlatform.TestCases.LoginPageTest@15b204a1]" name="BeforeTest" is-config="true" duration-ms="7" started-at="2018-10-25T07:37:52Z" finished-at="2018-10-25T07:37:52Z">
          <params>
            <param index="0">
              <value>
                <![CDATA[org.testng.TestRunner@fb8adcf]]>
              </value>
            </param>
          </params>
          <reporter-output>
            <line>
              <![CDATA[        2018-10-25 15:37:52): [Test]-"MerchantInfoInsertAuditPass" is started]]>
            </line>
          </reporter-output>
        </test-method> <!-- BeforeTest -->
        <test-method status="PASS" signature="beforeClass()[pri:0, instance:com.dy.AutoTest.OperationPlatform.TestCases.LoginPageTest@15b204a1]" name="beforeClass" is-config="true" duration-ms="0" started-at="2018-10-25T07:37:52Z" finished-at="2018-10-25T07:37:52Z">
          <reporter-output>
          </reporter-output>
        </test-method> <!-- beforeClass -->
        <test-method status="PASS" signature="init()[pri:0, instance:com.dy.AutoTest.OperationPlatform.TestCases.LoginPageTest@15b204a1]" name="init" is-config="true" duration-ms="3" started-at="2018-10-25T07:37:52Z" finished-at="2018-10-25T07:37:52Z">
          <reporter-output>
          </reporter-output>
        </test-method> <!-- init -->
        <test-method status="PASS" signature="beforeMethod(java.lang.reflect.Method)[pri:0, instance:com.dy.AutoTest.OperationPlatform.TestCases.LoginPageTest@15b204a1]" name="beforeMethod" is-config="true" duration-ms="3" started-at="2018-10-25T07:37:52Z" finished-at="2018-10-25T07:37:52Z">
          <params>
            <param index="0">
              <value>
                <![CDATA[public void com.dy.AutoTest.OperationPlatform.TestCases.LoginPageTest.testLogin(java.lang.String)]]>
              </value>
            </param>
          </params>
          <reporter-output>
            <line>
              <![CDATA[                2018-10-25 15:37:52: [Method]-"LoginPageTest.testLogin" is started]]>
            </line>
          </reporter-output>
        </test-method> <!-- beforeMethod -->
        <test-method status="PASS" signature="testLogin(java.lang.String)[pri:0, instance:com.dy.AutoTest.OperationPlatform.TestCases.LoginPageTest@15b204a1]" name="testLogin" duration-ms="8354" started-at="2018-10-25T07:37:52Z" finished-at="2018-10-25T07:38:00Z">
          <params>
            <param index="0">
              <value>
                <![CDATA[T00107]]>
              </value>
            </param>
          </params>
          <reporter-output>
          </reporter-output>
        </test-method> <!-- testLogin -->
        <test-method status="PASS" signature="afterMethod(org.testng.ITestResult)[pri:0, instance:com.dy.AutoTest.OperationPlatform.TestCases.LoginPageTest@15b204a1]" name="afterMethod" is-config="true" duration-ms="2003" started-at="2018-10-25T07:38:00Z" finished-at="2018-10-25T07:38:02Z">
          <params>
            <param index="0">
              <value>
                <![CDATA[[TestResult name=testLogin status=SUCCESS method=LoginPageTest.testLogin(java.lang.String)[pri:0, instance:com.dy.AutoTest.OperationPlatform.TestCases.LoginPageTest@15b204a1] output={null}]]]>
              </value>
            </param>
          </params>
          <reporter-output>
            <line>
              <![CDATA[                2018-10-25 15:38:00: [Method]-"LoginPageTest.testLogin" is passed]]>
            </line>
          </reporter-output>
        </test-method> <!-- afterMethod -->
        <test-method status="PASS" signature="AfterTest(org.testng.ITestContext)[pri:0, instance:com.dy.AutoTest.OperationPlatform.TestCases.LoginPageTest@15b204a1]" name="AfterTest" is-config="true" duration-ms="1" started-at="2018-10-25T07:38:30Z" finished-at="2018-10-25T07:38:30Z">
          <params>
            <param index="0">
              <value>
                <![CDATA[org.testng.TestRunner@fb8adcf]]>
              </value>
            </param>
          </params>
          <reporter-output>
            <line>
              <![CDATA[        2018-10-25 15:38:30): [Test]-"MerchantInfoInsertAuditPass" is finished]]>
            </line>
          </reporter-output>
        </test-method> <!-- AfterTest -->
      </class> <!-- com.dy.AutoTest.OperationPlatform.TestCases.LoginPageTest -->
      <class name="com.dy.AutoTest.OperationPlatform.TestCases.MainMenuPageTest">
        <test-method status="PASS" signature="init()[pri:0, instance:com.dy.AutoTest.OperationPlatform.TestCases.MainMenuPageTest@1fe20588]" name="init" is-config="true" duration-ms="4" started-at="2018-10-25T07:38:24Z" finished-at="2018-10-25T07:38:24Z">
          <reporter-output>
          </reporter-output>
        </test-method> <!-- init -->
        <test-method status="PASS" signature="testQuit()[pri:0, instance:com.dy.AutoTest.OperationPlatform.TestCases.MainMenuPageTest@1fe20588]" name="testQuit" duration-ms="5004" started-at="2018-10-25T07:38:24Z" finished-at="2018-10-25T07:38:29Z">
          <reporter-output>
          </reporter-output>
        </test-method> <!-- testQuit -->
        <test-method status="PASS" signature="releaseBrowser()[pri:0, instance:com.dy.AutoTest.OperationPlatform.TestCases.MainMenuPageTest@1fe20588]" name="releaseBrowser" is-config="true" duration-ms="1000" started-at="2018-10-25T07:38:29Z" finished-at="2018-10-25T07:38:30Z">
          <reporter-output>
          </reporter-output>
        </test-method> <!-- releaseBrowser -->
      </class> <!-- com.dy.AutoTest.OperationPlatform.TestCases.MainMenuPageTest -->
      <class name="com.dy.AutoTest.OperationPlatform.TestCases.MerchantManagementOnLine.OnLineMechantInfo.MerchantAuditPageTest">
        <test-method status="PASS" signature="beforeClass()[pri:0, instance:com.dy.AutoTest.OperationPlatform.TestCases.MerchantManagementOnLine.OnLineMechantInfo.MerchantAuditPageTest@77167fb7]" name="beforeClass" is-config="true" duration-ms="1" started-at="2018-10-25T07:38:02Z" finished-at="2018-10-25T07:38:02Z">
          <reporter-output>
          </reporter-output>
        </test-method> <!-- beforeClass -->
        <test-method status="PASS" signature="init()[pri:0, instance:com.dy.AutoTest.OperationPlatform.TestCases.MerchantManagementOnLine.OnLineMechantInfo.MerchantAuditPageTest@77167fb7]" name="init" is-config="true" duration-ms="64" started-at="2018-10-25T07:38:02Z" finished-at="2018-10-25T07:38:02Z">
          <reporter-output>
          </reporter-output>
        </test-method> <!-- init -->
        <test-method status="PASS" signature="beforeMethod(java.lang.reflect.Method)[pri:0, instance:com.dy.AutoTest.OperationPlatform.TestCases.MerchantManagementOnLine.OnLineMechantInfo.MerchantAuditPageTest@77167fb7]" name="beforeMethod" is-config="true" duration-ms="1" started-at="2018-10-25T07:38:02Z" finished-at="2018-10-25T07:38:02Z">
          <params>
            <param index="0">
              <value>
                <![CDATA[public void com.dy.AutoTest.OperationPlatform.TestCases.MerchantManagementOnLine.OnLineMechantInfo.MerchantAuditPageTest.testMerchantAuditPass(java.lang.String)]]>
              </value>
            </param>
          </params>
          <reporter-output>
            <line>
              <![CDATA[                2018-10-25 15:38:02: [Method]-"MerchantAuditPageTest.testMerchantAuditPass" is started]]>
            </line>
          </reporter-output>
        </test-method> <!-- beforeMethod -->
        <test-method status="PASS" signature="testMerchantAuditPass(java.lang.String)[pri:0, instance:com.dy.AutoTest.OperationPlatform.TestCases.MerchantManagementOnLine.OnLineMechantInfo.MerchantAuditPageTest@77167fb7]" name="testMerchantAuditPass" duration-ms="19824" started-at="2018-10-25T07:38:02Z" finished-at="2018-10-25T07:38:22Z">
          <params>
            <param index="0">
              <value>
                <![CDATA[1]]>
              </value>
            </param>
          </params>
          <reporter-output>
            <line>
              <![CDATA[MerchantNO: 872290059475034 商户基本资料新增审核通过]]>
            </line>
          </reporter-output>
        </test-method> <!-- testMerchantAuditPass -->
        <test-method status="PASS" signature="afterMethod(org.testng.ITestResult)[pri:0, instance:com.dy.AutoTest.OperationPlatform.TestCases.MerchantManagementOnLine.OnLineMechantInfo.MerchantAuditPageTest@77167fb7]" name="afterMethod" is-config="true" duration-ms="2001" started-at="2018-10-25T07:38:22Z" finished-at="2018-10-25T07:38:24Z">
          <params>
            <param index="0">
              <value>
                <![CDATA[[TestResult name=testMerchantAuditPass status=SUCCESS method=MerchantAuditPageTest.testMerchantAuditPass(java.lang.String)[pri:0, instance:com.dy.AutoTest.OperationPlatform.TestCases.MerchantManagementOnLine.OnLineMechantInfo.MerchantAuditPageTest@77167fb7] output=MerchantNO: 872290059475034 商户基本资料新增审核通过]]]>
              </value>
            </param>
          </params>
          <reporter-output>
            <line>
              <![CDATA[                2018-10-25 15:38:22: [Method]-"MerchantAuditPageTest.testMerchantAuditPass" is passed]]>
            </line>
          </reporter-output>
        </test-method> <!-- afterMethod -->
      </class> <!-- com.dy.AutoTest.OperationPlatform.TestCases.MerchantManagementOnLine.OnLineMechantInfo.MerchantAuditPageTest -->
    </test> <!-- MerchantInfoInsertAuditPass -->
    <test name="MerchantSettlementInsert" duration-ms="38969" started-at="2018-10-25T07:38:30Z" finished-at="2018-10-25T07:39:09Z">
      <class name="com.dy.AutoTest.OperationPlatform.TestCases.MerchantManagementOnLine.OnLineMechantInfo.MerchantSettlementPageTest">
        <test-method status="PASS" signature="beforeClass()[pri:0, instance:com.dy.AutoTest.OperationPlatform.TestCases.MerchantManagementOnLine.OnLineMechantInfo.MerchantSettlementPageTest@4445629]" name="beforeClass" is-config="true" duration-ms="0" started-at="2018-10-25T07:38:39Z" finished-at="2018-10-25T07:38:39Z">
          <reporter-output>
          </reporter-output>
        </test-method> <!-- beforeClass -->
        <test-method status="PASS" signature="init()[pri:0, instance:com.dy.AutoTest.OperationPlatform.TestCases.MerchantManagementOnLine.OnLineMechantInfo.MerchantSettlementPageTest@4445629]" name="init" is-config="true" duration-ms="66" started-at="2018-10-25T07:38:39Z" finished-at="2018-10-25T07:38:39Z">
          <reporter-output>
          </reporter-output>
        </test-method> <!-- init -->
        <test-method status="PASS" signature="beforeMethod(java.lang.reflect.Method)[pri:0, instance:com.dy.AutoTest.OperationPlatform.TestCases.MerchantManagementOnLine.OnLineMechantInfo.MerchantSettlementPageTest@4445629]" name="beforeMethod" is-config="true" duration-ms="1" started-at="2018-10-25T07:38:39Z" finished-at="2018-10-25T07:38:39Z">
          <params>
            <param index="0">
              <value>
                <![CDATA[public void com.dy.AutoTest.OperationPlatform.TestCases.MerchantManagementOnLine.OnLineMechantInfo.MerchantSettlementPageTest.testMerchantSettlementInsert(com.dy.AutoTest.OperationPlatform.POJO.MerchantSettlementBean)]]>
              </value>
            </param>
          </params>
          <reporter-output>
            <line>
              <![CDATA[                2018-10-25 15:38:39: [Method]-"MerchantSettlementPageTest.testMerchantSettlementInsert" is started]]>
            </line>
          </reporter-output>
        </test-method> <!-- beforeMethod -->
        <test-method status="PASS" signature="testMerchantSettlementInsert(com.dy.AutoTest.OperationPlatform.POJO.MerchantSettlementBean)[pri:0, instance:com.dy.AutoTest.OperationPlatform.TestCases.MerchantManagementOnLine.OnLineMechantInfo.MerchantSettlementPageTest@4445629]" name="testMerchantSettlementInsert" duration-ms="22667" started-at="2018-10-25T07:38:39Z" data-provider="SettlementInfo" finished-at="2018-10-25T07:39:02Z">
          <params>
            <param index="0">
              <value>
                <![CDATA[com.dy.AutoTest.OperationPlatform.POJO.MerchantSettlementBean@697b48e4]]>
              </value>
            </param>
          </params>
          <reporter-output>
          </reporter-output>
        </test-method> <!-- testMerchantSettlementInsert -->
        <test-method status="PASS" signature="afterMethod(org.testng.ITestResult)[pri:0, instance:com.dy.AutoTest.OperationPlatform.TestCases.MerchantManagementOnLine.OnLineMechantInfo.MerchantSettlementPageTest@4445629]" name="afterMethod" is-config="true" duration-ms="2003" started-at="2018-10-25T07:39:02Z" finished-at="2018-10-25T07:39:04Z">
          <params>
            <param index="0">
              <value>
                <![CDATA[[TestResult name=testMerchantSettlementInsert status=SUCCESS method=MerchantSettlementPageTest.testMerchantSettlementInsert(com.dy.AutoTest.OperationPlatform.POJO.MerchantSettlementBean)[pri:0, instance:com.dy.AutoTest.OperationPlatform.TestCases.MerchantManagementOnLine.OnLineMechantInfo.MerchantSettlementPageTest@4445629] output={null}]]]>
              </value>
            </param>
          </params>
          <reporter-output>
            <line>
              <![CDATA[                2018-10-25 15:39:02: [Method]-"MerchantSettlementPageTest.testMerchantSettlementInsert" is passed]]>
            </line>
          </reporter-output>
        </test-method> <!-- afterMethod -->
      </class> <!-- com.dy.AutoTest.OperationPlatform.TestCases.MerchantManagementOnLine.OnLineMechantInfo.MerchantSettlementPageTest -->
      <class name="com.dy.AutoTest.OperationPlatform.TestCases.LoginPageTest">
        <test-method status="PASS" signature="BeforeTest(org.testng.ITestContext)[pri:0, instance:com.dy.AutoTest.OperationPlatform.TestCases.LoginPageTest@18ce0030]" name="BeforeTest" is-config="true" duration-ms="2" started-at="2018-10-25T07:38:30Z" finished-at="2018-10-25T07:38:30Z">
          <params>
            <param index="0">
              <value>
                <![CDATA[org.testng.TestRunner@6cef2367]]>
              </value>
            </param>
          </params>
          <reporter-output>
            <line>
              <![CDATA[        2018-10-25 15:38:30): [Test]-"MerchantSettlementInsert" is started]]>
            </line>
          </reporter-output>
        </test-method> <!-- BeforeTest -->
        <test-method status="PASS" signature="beforeClass()[pri:0, instance:com.dy.AutoTest.OperationPlatform.TestCases.LoginPageTest@18ce0030]" name="beforeClass" is-config="true" duration-ms="1" started-at="2018-10-25T07:38:30Z" finished-at="2018-10-25T07:38:30Z">
          <reporter-output>
          </reporter-output>
        </test-method> <!-- beforeClass -->
        <test-method status="PASS" signature="init()[pri:0, instance:com.dy.AutoTest.OperationPlatform.TestCases.LoginPageTest@18ce0030]" name="init" is-config="true" duration-ms="2" started-at="2018-10-25T07:38:30Z" finished-at="2018-10-25T07:38:30Z">
          <reporter-output>
          </reporter-output>
        </test-method> <!-- init -->
        <test-method status="PASS" signature="beforeMethod(java.lang.reflect.Method)[pri:0, instance:com.dy.AutoTest.OperationPlatform.TestCases.LoginPageTest@18ce0030]" name="beforeMethod" is-config="true" duration-ms="1" started-at="2018-10-25T07:38:30Z" finished-at="2018-10-25T07:38:30Z">
          <params>
            <param index="0">
              <value>
                <![CDATA[public void com.dy.AutoTest.OperationPlatform.TestCases.LoginPageTest.testLogin(java.lang.String)]]>
              </value>
            </param>
          </params>
          <reporter-output>
            <line>
              <![CDATA[                2018-10-25 15:38:30: [Method]-"LoginPageTest.testLogin" is started]]>
            </line>
          </reporter-output>
        </test-method> <!-- beforeMethod -->
        <test-method status="PASS" signature="testLogin(java.lang.String)[pri:0, instance:com.dy.AutoTest.OperationPlatform.TestCases.LoginPageTest@18ce0030]" name="testLogin" duration-ms="6855" started-at="2018-10-25T07:38:30Z" finished-at="2018-10-25T07:38:37Z">
          <params>
            <param index="0">
              <value>
                <![CDATA[T00105]]>
              </value>
            </param>
          </params>
          <reporter-output>
          </reporter-output>
        </test-method> <!-- testLogin -->
        <test-method status="PASS" signature="afterMethod(org.testng.ITestResult)[pri:0, instance:com.dy.AutoTest.OperationPlatform.TestCases.LoginPageTest@18ce0030]" name="afterMethod" is-config="true" duration-ms="2002" started-at="2018-10-25T07:38:37Z" finished-at="2018-10-25T07:38:39Z">
          <params>
            <param index="0">
              <value>
                <![CDATA[[TestResult name=testLogin status=SUCCESS method=LoginPageTest.testLogin(java.lang.String)[pri:0, instance:com.dy.AutoTest.OperationPlatform.TestCases.LoginPageTest@18ce0030] output={null}]]]>
              </value>
            </param>
          </params>
          <reporter-output>
            <line>
              <![CDATA[                2018-10-25 15:38:37: [Method]-"LoginPageTest.testLogin" is passed]]>
            </line>
          </reporter-output>
        </test-method> <!-- afterMethod -->
        <test-method status="PASS" signature="AfterTest(org.testng.ITestContext)[pri:0, instance:com.dy.AutoTest.OperationPlatform.TestCases.LoginPageTest@18ce0030]" name="AfterTest" is-config="true" duration-ms="1" started-at="2018-10-25T07:39:09Z" finished-at="2018-10-25T07:39:09Z">
          <params>
            <param index="0">
              <value>
                <![CDATA[org.testng.TestRunner@6cef2367]]>
              </value>
            </param>
          </params>
          <reporter-output>
            <line>
              <![CDATA[        2018-10-25 15:39:09): [Test]-"MerchantSettlementInsert" is finished]]>
            </line>
          </reporter-output>
        </test-method> <!-- AfterTest -->
      </class> <!-- com.dy.AutoTest.OperationPlatform.TestCases.LoginPageTest -->
      <class name="com.dy.AutoTest.OperationPlatform.TestCases.MainMenuPageTest">
        <test-method status="PASS" signature="init()[pri:0, instance:com.dy.AutoTest.OperationPlatform.TestCases.MainMenuPageTest@45b9a632]" name="init" is-config="true" duration-ms="2" started-at="2018-10-25T07:39:04Z" finished-at="2018-10-25T07:39:04Z">
          <reporter-output>
          </reporter-output>
        </test-method> <!-- init -->
        <test-method status="PASS" signature="testQuit()[pri:0, instance:com.dy.AutoTest.OperationPlatform.TestCases.MainMenuPageTest@45b9a632]" name="testQuit" duration-ms="4339" started-at="2018-10-25T07:39:04Z" finished-at="2018-10-25T07:39:08Z">
          <reporter-output>
          </reporter-output>
        </test-method> <!-- testQuit -->
        <test-method status="PASS" signature="releaseBrowser()[pri:0, instance:com.dy.AutoTest.OperationPlatform.TestCases.MainMenuPageTest@45b9a632]" name="releaseBrowser" is-config="true" duration-ms="1002" started-at="2018-10-25T07:39:08Z" finished-at="2018-10-25T07:39:09Z">
          <reporter-output>
          </reporter-output>
        </test-method> <!-- releaseBrowser -->
      </class> <!-- com.dy.AutoTest.OperationPlatform.TestCases.MainMenuPageTest -->
    </test> <!-- MerchantSettlementInsert -->
    <test name="MerchantSettlementInsertAuditPass" duration-ms="32906" started-at="2018-10-25T07:39:09Z" finished-at="2018-10-25T07:39:42Z">
      <class name="com.dy.AutoTest.OperationPlatform.TestCases.LoginPageTest">
        <test-method status="PASS" signature="BeforeTest(org.testng.ITestContext)[pri:0, instance:com.dy.AutoTest.OperationPlatform.TestCases.LoginPageTest@43301423]" name="BeforeTest" is-config="true" duration-ms="2" started-at="2018-10-25T07:39:09Z" finished-at="2018-10-25T07:39:09Z">
          <params>
            <param index="0">
              <value>
                <![CDATA[org.testng.TestRunner@5c374b46]]>
              </value>
            </param>
          </params>
          <reporter-output>
            <line>
              <![CDATA[        2018-10-25 15:39:09): [Test]-"MerchantSettlementInsertAuditPass" is started]]>
            </line>
          </reporter-output>
        </test-method> <!-- BeforeTest -->
        <test-method status="PASS" signature="beforeClass()[pri:0, instance:com.dy.AutoTest.OperationPlatform.TestCases.LoginPageTest@43301423]" name="beforeClass" is-config="true" duration-ms="0" started-at="2018-10-25T07:39:09Z" finished-at="2018-10-25T07:39:09Z">
          <reporter-output>
          </reporter-output>
        </test-method> <!-- beforeClass -->
        <test-method status="PASS" signature="init()[pri:0, instance:com.dy.AutoTest.OperationPlatform.TestCases.LoginPageTest@43301423]" name="init" is-config="true" duration-ms="4" started-at="2018-10-25T07:39:09Z" finished-at="2018-10-25T07:39:09Z">
          <reporter-output>
          </reporter-output>
        </test-method> <!-- init -->
        <test-method status="PASS" signature="beforeMethod(java.lang.reflect.Method)[pri:0, instance:com.dy.AutoTest.OperationPlatform.TestCases.LoginPageTest@43301423]" name="beforeMethod" is-config="true" duration-ms="1" started-at="2018-10-25T07:39:09Z" finished-at="2018-10-25T07:39:09Z">
          <params>
            <param index="0">
              <value>
                <![CDATA[public void com.dy.AutoTest.OperationPlatform.TestCases.LoginPageTest.testLogin(java.lang.String)]]>
              </value>
            </param>
          </params>
          <reporter-output>
            <line>
              <![CDATA[                2018-10-25 15:39:09: [Method]-"LoginPageTest.testLogin" is started]]>
            </line>
          </reporter-output>
        </test-method> <!-- beforeMethod -->
        <test-method status="PASS" signature="testLogin(java.lang.String)[pri:0, instance:com.dy.AutoTest.OperationPlatform.TestCases.LoginPageTest@43301423]" name="testLogin" duration-ms="6973" started-at="2018-10-25T07:39:09Z" finished-at="2018-10-25T07:39:16Z">
          <params>
            <param index="0">
              <value>
                <![CDATA[T00107]]>
              </value>
            </param>
          </params>
          <reporter-output>
          </reporter-output>
        </test-method> <!-- testLogin -->
        <test-method status="PASS" signature="afterMethod(org.testng.ITestResult)[pri:0, instance:com.dy.AutoTest.OperationPlatform.TestCases.LoginPageTest@43301423]" name="afterMethod" is-config="true" duration-ms="2002" started-at="2018-10-25T07:39:16Z" finished-at="2018-10-25T07:39:18Z">
          <params>
            <param index="0">
              <value>
                <![CDATA[[TestResult name=testLogin status=SUCCESS method=LoginPageTest.testLogin(java.lang.String)[pri:0, instance:com.dy.AutoTest.OperationPlatform.TestCases.LoginPageTest@43301423] output={null}]]]>
              </value>
            </param>
          </params>
          <reporter-output>
            <line>
              <![CDATA[                2018-10-25 15:39:16: [Method]-"LoginPageTest.testLogin" is passed]]>
            </line>
          </reporter-output>
        </test-method> <!-- afterMethod -->
        <test-method status="PASS" signature="AfterTest(org.testng.ITestContext)[pri:0, instance:com.dy.AutoTest.OperationPlatform.TestCases.LoginPageTest@43301423]" name="AfterTest" is-config="true" duration-ms="1" started-at="2018-10-25T07:39:42Z" finished-at="2018-10-25T07:39:42Z">
          <params>
            <param index="0">
              <value>
                <![CDATA[org.testng.TestRunner@5c374b46]]>
              </value>
            </param>
          </params>
          <reporter-output>
            <line>
              <![CDATA[        2018-10-25 15:39:42): [Test]-"MerchantSettlementInsertAuditPass" is finished]]>
            </line>
          </reporter-output>
        </test-method> <!-- AfterTest -->
      </class> <!-- com.dy.AutoTest.OperationPlatform.TestCases.LoginPageTest -->
      <class name="com.dy.AutoTest.OperationPlatform.TestCases.MainMenuPageTest">
        <test-method status="PASS" signature="init()[pri:0, instance:com.dy.AutoTest.OperationPlatform.TestCases.MainMenuPageTest@1a04f701]" name="init" is-config="true" duration-ms="3" started-at="2018-10-25T07:39:37Z" finished-at="2018-10-25T07:39:37Z">
          <reporter-output>
          </reporter-output>
        </test-method> <!-- init -->
        <test-method status="PASS" signature="testQuit()[pri:0, instance:com.dy.AutoTest.OperationPlatform.TestCases.MainMenuPageTest@1a04f701]" name="testQuit" duration-ms="4410" started-at="2018-10-25T07:39:37Z" finished-at="2018-10-25T07:39:41Z">
          <reporter-output>
          </reporter-output>
        </test-method> <!-- testQuit -->
        <test-method status="PASS" signature="releaseBrowser()[pri:0, instance:com.dy.AutoTest.OperationPlatform.TestCases.MainMenuPageTest@1a04f701]" name="releaseBrowser" is-config="true" duration-ms="1002" started-at="2018-10-25T07:39:41Z" finished-at="2018-10-25T07:39:42Z">
          <reporter-output>
          </reporter-output>
        </test-method> <!-- releaseBrowser -->
      </class> <!-- com.dy.AutoTest.OperationPlatform.TestCases.MainMenuPageTest -->
      <class name="com.dy.AutoTest.OperationPlatform.TestCases.MerchantManagementOnLine.OnLineMechantInfo.MerchantAuditPageTest">
        <test-method status="PASS" signature="init()[pri:0, instance:com.dy.AutoTest.OperationPlatform.TestCases.MerchantManagementOnLine.OnLineMechantInfo.MerchantAuditPageTest@2f112965]" name="init" is-config="true" duration-ms="2" started-at="2018-10-25T07:39:18Z" finished-at="2018-10-25T07:39:18Z">
          <reporter-output>
          </reporter-output>
        </test-method> <!-- init -->
        <test-method status="PASS" signature="beforeClass()[pri:0, instance:com.dy.AutoTest.OperationPlatform.TestCases.MerchantManagementOnLine.OnLineMechantInfo.MerchantAuditPageTest@2f112965]" name="beforeClass" is-config="true" duration-ms="0" started-at="2018-10-25T07:39:18Z" finished-at="2018-10-25T07:39:18Z">
          <reporter-output>
          </reporter-output>
        </test-method> <!-- beforeClass -->
        <test-method status="PASS" signature="beforeMethod(java.lang.reflect.Method)[pri:0, instance:com.dy.AutoTest.OperationPlatform.TestCases.MerchantManagementOnLine.OnLineMechantInfo.MerchantAuditPageTest@2f112965]" name="beforeMethod" is-config="true" duration-ms="1" started-at="2018-10-25T07:39:18Z" finished-at="2018-10-25T07:39:18Z">
          <params>
            <param index="0">
              <value>
                <![CDATA[public void com.dy.AutoTest.OperationPlatform.TestCases.MerchantManagementOnLine.OnLineMechantInfo.MerchantAuditPageTest.testMerchantAuditPass(java.lang.String)]]>
              </value>
            </param>
          </params>
          <reporter-output>
            <line>
              <![CDATA[                2018-10-25 15:39:18: [Method]-"MerchantAuditPageTest.testMerchantAuditPass" is started]]>
            </line>
          </reporter-output>
        </test-method> <!-- beforeMethod -->
        <test-method status="PASS" signature="testMerchantAuditPass(java.lang.String)[pri:0, instance:com.dy.AutoTest.OperationPlatform.TestCases.MerchantManagementOnLine.OnLineMechantInfo.MerchantAuditPageTest@2f112965]" name="testMerchantAuditPass" duration-ms="16491" started-at="2018-10-25T07:39:18Z" finished-at="2018-10-25T07:39:35Z">
          <params>
            <param index="0">
              <value>
                <![CDATA[6]]>
              </value>
            </param>
          </params>
          <reporter-output>
            <line>
              <![CDATA[MerchantNO: 872290059475034 商户结算信息新增审核通过]]>
            </line>
          </reporter-output>
        </test-method> <!-- testMerchantAuditPass -->
        <test-method status="PASS" signature="afterMethod(org.testng.ITestResult)[pri:0, instance:com.dy.AutoTest.OperationPlatform.TestCases.MerchantManagementOnLine.OnLineMechantInfo.MerchantAuditPageTest@2f112965]" name="afterMethod" is-config="true" duration-ms="2002" started-at="2018-10-25T07:39:35Z" finished-at="2018-10-25T07:39:37Z">
          <params>
            <param index="0">
              <value>
                <![CDATA[[TestResult name=testMerchantAuditPass status=SUCCESS method=MerchantAuditPageTest.testMerchantAuditPass(java.lang.String)[pri:0, instance:com.dy.AutoTest.OperationPlatform.TestCases.MerchantManagementOnLine.OnLineMechantInfo.MerchantAuditPageTest@2f112965] output=MerchantNO: 872290059475034 商户结算信息新增审核通过]]]>
              </value>
            </param>
          </params>
          <reporter-output>
            <line>
              <![CDATA[                2018-10-25 15:39:35: [Method]-"MerchantAuditPageTest.testMerchantAuditPass" is passed]]>
            </line>
          </reporter-output>
        </test-method> <!-- afterMethod -->
      </class> <!-- com.dy.AutoTest.OperationPlatform.TestCases.MerchantManagementOnLine.OnLineMechantInfo.MerchantAuditPageTest -->
    </test> <!-- MerchantSettlementInsertAuditPass -->
    <test name="MerchantFeeRateAdd" duration-ms="152617" started-at="2018-10-25T07:39:42Z" finished-at="2018-10-25T07:42:15Z">
      <class name="com.dy.AutoTest.OperationPlatform.TestCases.MerchantManagementOnLine.OnLineMechantInfo.MerchantFeeRatePageTest">
        <test-method status="PASS" signature="beforeClass()[pri:0, instance:com.dy.AutoTest.OperationPlatform.TestCases.MerchantManagementOnLine.OnLineMechantInfo.MerchantFeeRatePageTest@6193932a]" name="beforeClass" is-config="true" duration-ms="1" started-at="2018-10-25T07:39:51Z" finished-at="2018-10-25T07:39:51Z">
          <reporter-output>
          </reporter-output>
        </test-method> <!-- beforeClass -->
        <test-method status="PASS" signature="init()[pri:0, instance:com.dy.AutoTest.OperationPlatform.TestCases.MerchantManagementOnLine.OnLineMechantInfo.MerchantFeeRatePageTest@6193932a]" name="init" is-config="true" duration-ms="34" started-at="2018-10-25T07:39:51Z" finished-at="2018-10-25T07:39:51Z">
          <reporter-output>
          </reporter-output>
        </test-method> <!-- init -->
        <test-method status="PASS" signature="beforeMethod(java.lang.reflect.Method)[pri:0, instance:com.dy.AutoTest.OperationPlatform.TestCases.MerchantManagementOnLine.OnLineMechantInfo.MerchantFeeRatePageTest@6193932a]" name="beforeMethod" is-config="true" duration-ms="10" started-at="2018-10-25T07:39:51Z" finished-at="2018-10-25T07:39:51Z">
          <params>
            <param index="0">
              <value>
                <![CDATA[public void com.dy.AutoTest.OperationPlatform.TestCases.MerchantManagementOnLine.OnLineMechantInfo.MerchantFeeRatePageTest.testMerchantFeeRateAdd(com.dy.AutoTest.OperationPlatform.POJO.MerchantFeeRateBean)]]>
              </value>
            </param>
          </params>
          <reporter-output>
            <line>
              <![CDATA[                2018-10-25 15:39:51: [Method]-"MerchantFeeRatePageTest.testMerchantFeeRateAdd" is started]]>
            </line>
          </reporter-output>
        </test-method> <!-- beforeMethod -->
        <test-method status="PASS" signature="testMerchantFeeRateAdd(com.dy.AutoTest.OperationPlatform.POJO.MerchantFeeRateBean)[pri:0, instance:com.dy.AutoTest.OperationPlatform.TestCases.MerchantManagementOnLine.OnLineMechantInfo.MerchantFeeRatePageTest@6193932a]" name="testMerchantFeeRateAdd" duration-ms="137060" started-at="2018-10-25T07:39:51Z" data-provider="feeRate" finished-at="2018-10-25T07:42:08Z">
          <params>
            <param index="0">
              <value>
                <![CDATA[com.dy.AutoTest.OperationPlatform.POJO.MerchantFeeRateBean@30ae6721]]>
              </value>
            </param>
          </params>
          <reporter-output>
          </reporter-output>
        </test-method> <!-- testMerchantFeeRateAdd -->
        <test-method status="PASS" signature="afterMethod(org.testng.ITestResult)[pri:0, instance:com.dy.AutoTest.OperationPlatform.TestCases.MerchantManagementOnLine.OnLineMechantInfo.MerchantFeeRatePageTest@6193932a]" name="afterMethod" is-config="true" duration-ms="2003" started-at="2018-10-25T07:42:08Z" finished-at="2018-10-25T07:42:10Z">
          <params>
            <param index="0">
              <value>
                <![CDATA[[TestResult name=testMerchantFeeRateAdd status=SUCCESS method=MerchantFeeRatePageTest.testMerchantFeeRateAdd(com.dy.AutoTest.OperationPlatform.POJO.MerchantFeeRateBean)[pri:0, instance:com.dy.AutoTest.OperationPlatform.TestCases.MerchantManagementOnLine.OnLineMechantInfo.MerchantFeeRatePageTest@6193932a] output={null}]]]>
              </value>
            </param>
          </params>
          <reporter-output>
            <line>
              <![CDATA[                2018-10-25 15:42:08: [Method]-"MerchantFeeRatePageTest.testMerchantFeeRateAdd" is passed]]>
            </line>
          </reporter-output>
        </test-method> <!-- afterMethod -->
      </class> <!-- com.dy.AutoTest.OperationPlatform.TestCases.MerchantManagementOnLine.OnLineMechantInfo.MerchantFeeRatePageTest -->
      <class name="com.dy.AutoTest.OperationPlatform.TestCases.LoginPageTest">
        <test-method status="PASS" signature="BeforeTest(org.testng.ITestContext)[pri:0, instance:com.dy.AutoTest.OperationPlatform.TestCases.LoginPageTest@71b1176b]" name="BeforeTest" is-config="true" duration-ms="1" started-at="2018-10-25T07:39:42Z" finished-at="2018-10-25T07:39:42Z">
          <params>
            <param index="0">
              <value>
                <![CDATA[org.testng.TestRunner@7172b0b9]]>
              </value>
            </param>
          </params>
          <reporter-output>
            <line>
              <![CDATA[        2018-10-25 15:39:42): [Test]-"MerchantFeeRateAdd" is started]]>
            </line>
          </reporter-output>
        </test-method> <!-- BeforeTest -->
        <test-method status="PASS" signature="init()[pri:0, instance:com.dy.AutoTest.OperationPlatform.TestCases.LoginPageTest@71b1176b]" name="init" is-config="true" duration-ms="7" started-at="2018-10-25T07:39:42Z" finished-at="2018-10-25T07:39:42Z">
          <reporter-output>
          </reporter-output>
        </test-method> <!-- init -->
        <test-method status="PASS" signature="beforeClass()[pri:0, instance:com.dy.AutoTest.OperationPlatform.TestCases.LoginPageTest@71b1176b]" name="beforeClass" is-config="true" duration-ms="0" started-at="2018-10-25T07:39:42Z" finished-at="2018-10-25T07:39:42Z">
          <reporter-output>
          </reporter-output>
        </test-method> <!-- beforeClass -->
        <test-method status="PASS" signature="beforeMethod(java.lang.reflect.Method)[pri:0, instance:com.dy.AutoTest.OperationPlatform.TestCases.LoginPageTest@71b1176b]" name="beforeMethod" is-config="true" duration-ms="2" started-at="2018-10-25T07:39:42Z" finished-at="2018-10-25T07:39:42Z">
          <params>
            <param index="0">
              <value>
                <![CDATA[public void com.dy.AutoTest.OperationPlatform.TestCases.LoginPageTest.testLogin(java.lang.String)]]>
              </value>
            </param>
          </params>
          <reporter-output>
            <line>
              <![CDATA[                2018-10-25 15:39:42: [Method]-"LoginPageTest.testLogin" is started]]>
            </line>
          </reporter-output>
        </test-method> <!-- beforeMethod -->
        <test-method status="PASS" signature="testLogin(java.lang.String)[pri:0, instance:com.dy.AutoTest.OperationPlatform.TestCases.LoginPageTest@71b1176b]" name="testLogin" duration-ms="6596" started-at="2018-10-25T07:39:42Z" finished-at="2018-10-25T07:39:49Z">
          <params>
            <param index="0">
              <value>
                <![CDATA[T00105]]>
              </value>
            </param>
          </params>
          <reporter-output>
          </reporter-output>
        </test-method> <!-- testLogin -->
        <test-method status="PASS" signature="afterMethod(org.testng.ITestResult)[pri:0, instance:com.dy.AutoTest.OperationPlatform.TestCases.LoginPageTest@71b1176b]" name="afterMethod" is-config="true" duration-ms="2003" started-at="2018-10-25T07:39:49Z" finished-at="2018-10-25T07:39:51Z">
          <params>
            <param index="0">
              <value>
                <![CDATA[[TestResult name=testLogin status=SUCCESS method=LoginPageTest.testLogin(java.lang.String)[pri:0, instance:com.dy.AutoTest.OperationPlatform.TestCases.LoginPageTest@71b1176b] output={null}]]]>
              </value>
            </param>
          </params>
          <reporter-output>
            <line>
              <![CDATA[                2018-10-25 15:39:49: [Method]-"LoginPageTest.testLogin" is passed]]>
            </line>
          </reporter-output>
        </test-method> <!-- afterMethod -->
        <test-method status="PASS" signature="AfterTest(org.testng.ITestContext)[pri:0, instance:com.dy.AutoTest.OperationPlatform.TestCases.LoginPageTest@71b1176b]" name="AfterTest" is-config="true" duration-ms="1" started-at="2018-10-25T07:42:15Z" finished-at="2018-10-25T07:42:15Z">
          <params>
            <param index="0">
              <value>
                <![CDATA[org.testng.TestRunner@7172b0b9]]>
              </value>
            </param>
          </params>
          <reporter-output>
            <line>
              <![CDATA[        2018-10-25 15:42:15): [Test]-"MerchantFeeRateAdd" is finished]]>
            </line>
          </reporter-output>
        </test-method> <!-- AfterTest -->
      </class> <!-- com.dy.AutoTest.OperationPlatform.TestCases.LoginPageTest -->
      <class name="com.dy.AutoTest.OperationPlatform.TestCases.MainMenuPageTest">
        <test-method status="PASS" signature="init()[pri:0, instance:com.dy.AutoTest.OperationPlatform.TestCases.MainMenuPageTest@647fd8ce]" name="init" is-config="true" duration-ms="2" started-at="2018-10-25T07:42:10Z" finished-at="2018-10-25T07:42:10Z">
          <reporter-output>
          </reporter-output>
        </test-method> <!-- init -->
        <test-method status="PASS" signature="testQuit()[pri:0, instance:com.dy.AutoTest.OperationPlatform.TestCases.MainMenuPageTest@647fd8ce]" name="testQuit" duration-ms="3868" started-at="2018-10-25T07:42:10Z" finished-at="2018-10-25T07:42:14Z">
          <reporter-output>
          </reporter-output>
        </test-method> <!-- testQuit -->
        <test-method status="PASS" signature="releaseBrowser()[pri:0, instance:com.dy.AutoTest.OperationPlatform.TestCases.MainMenuPageTest@647fd8ce]" name="releaseBrowser" is-config="true" duration-ms="1002" started-at="2018-10-25T07:42:14Z" finished-at="2018-10-25T07:42:15Z">
          <reporter-output>
          </reporter-output>
        </test-method> <!-- releaseBrowser -->
      </class> <!-- com.dy.AutoTest.OperationPlatform.TestCases.MainMenuPageTest -->
    </test> <!-- MerchantFeeRateAdd -->
    <test name="MerchantFeeRateAddAuditPass" duration-ms="23468" started-at="2018-10-25T07:42:15Z" finished-at="2018-10-25T07:42:38Z">
      <class name="com.dy.AutoTest.web.actions.SingletonSet">
        <test-method status="PASS" signature="init(java.lang.String, java.lang.String)[pri:0, instance:com.dy.AutoTest.web.actions.SingletonSet@7ee955a8]" name="init" is-config="true" duration-ms="18219" started-at="2018-10-25T07:34:21Z" finished-at="2018-10-25T07:34:39Z">
          <params>
            <param index="0">
              <value>
                <![CDATA[chrome]]>
              </value>
            </param>
            <param index="1">
              <value>
                <![CDATA[pop_uat]]>
              </value>
            </param>
          </params>
          <reporter-output>
          </reporter-output>
        </test-method> <!-- init -->
        <test-method status="PASS" signature="releaseBrowser()[pri:0, instance:com.dy.AutoTest.web.actions.SingletonSet@7ee955a8]" name="releaseBrowser" is-config="true" duration-ms="3342" started-at="2018-10-25T07:42:38Z" finished-at="2018-10-25T07:42:42Z">
          <reporter-output>
          </reporter-output>
        </test-method> <!-- releaseBrowser -->
      </class> <!-- com.dy.AutoTest.web.actions.SingletonSet -->
      <class name="com.dy.AutoTest.OperationPlatform.TestCases.LoginPageTest">
        <test-method status="PASS" signature="BeforeTest(org.testng.ITestContext)[pri:0, instance:com.dy.AutoTest.OperationPlatform.TestCases.LoginPageTest@1677d1]" name="BeforeTest" is-config="true" duration-ms="10" started-at="2018-10-25T07:42:15Z" finished-at="2018-10-25T07:42:15Z">
          <params>
            <param index="0">
              <value>
                <![CDATA[org.testng.TestRunner@3beead8d]]>
              </value>
            </param>
          </params>
          <reporter-output>
            <line>
              <![CDATA[        2018-10-25 15:42:15): [Test]-"MerchantFeeRateAddAuditPass" is started]]>
            </line>
          </reporter-output>
        </test-method> <!-- BeforeTest -->
        <test-method status="PASS" signature="init()[pri:0, instance:com.dy.AutoTest.OperationPlatform.TestCases.LoginPageTest@1677d1]" name="init" is-config="true" duration-ms="3" started-at="2018-10-25T07:42:15Z" finished-at="2018-10-25T07:42:15Z">
          <reporter-output>
          </reporter-output>
        </test-method> <!-- init -->
        <test-method status="PASS" signature="beforeClass()[pri:0, instance:com.dy.AutoTest.OperationPlatform.TestCases.LoginPageTest@1677d1]" name="beforeClass" is-config="true" duration-ms="0" started-at="2018-10-25T07:42:15Z" finished-at="2018-10-25T07:42:15Z">
          <reporter-output>
          </reporter-output>
        </test-method> <!-- beforeClass -->
        <test-method status="PASS" signature="beforeMethod(java.lang.reflect.Method)[pri:0, instance:com.dy.AutoTest.OperationPlatform.TestCases.LoginPageTest@1677d1]" name="beforeMethod" is-config="true" duration-ms="1" started-at="2018-10-25T07:42:15Z" finished-at="2018-10-25T07:42:15Z">
          <params>
            <param index="0">
              <value>
                <![CDATA[public void com.dy.AutoTest.OperationPlatform.TestCases.LoginPageTest.testLogin(java.lang.String)]]>
              </value>
            </param>
          </params>
          <reporter-output>
            <line>
              <![CDATA[                2018-10-25 15:42:15: [Method]-"LoginPageTest.testLogin" is started]]>
            </line>
          </reporter-output>
        </test-method> <!-- beforeMethod -->
        <test-method status="PASS" signature="testLogin(java.lang.String)[pri:0, instance:com.dy.AutoTest.OperationPlatform.TestCases.LoginPageTest@1677d1]" name="testLogin" duration-ms="6772" started-at="2018-10-25T07:42:15Z" finished-at="2018-10-25T07:42:22Z">
          <params>
            <param index="0">
              <value>
                <![CDATA[T00107]]>
              </value>
            </param>
          </params>
          <reporter-output>
          </reporter-output>
        </test-method> <!-- testLogin -->
        <test-method status="PASS" signature="afterMethod(org.testng.ITestResult)[pri:0, instance:com.dy.AutoTest.OperationPlatform.TestCases.LoginPageTest@1677d1]" name="afterMethod" is-config="true" duration-ms="2004" started-at="2018-10-25T07:42:22Z" finished-at="2018-10-25T07:42:24Z">
          <params>
            <param index="0">
              <value>
                <![CDATA[[TestResult name=testLogin status=SUCCESS method=LoginPageTest.testLogin(java.lang.String)[pri:0, instance:com.dy.AutoTest.OperationPlatform.TestCases.LoginPageTest@1677d1] output={null}]]]>
              </value>
            </param>
          </params>
          <reporter-output>
            <line>
              <![CDATA[                2018-10-25 15:42:22: [Method]-"LoginPageTest.testLogin" is passed]]>
            </line>
          </reporter-output>
        </test-method> <!-- afterMethod -->
        <test-method status="PASS" signature="AfterTest(org.testng.ITestContext)[pri:0, instance:com.dy.AutoTest.OperationPlatform.TestCases.LoginPageTest@1677d1]" name="AfterTest" is-config="true" duration-ms="1" started-at="2018-10-25T07:42:38Z" finished-at="2018-10-25T07:42:38Z">
          <params>
            <param index="0">
              <value>
                <![CDATA[org.testng.TestRunner@3beead8d]]>
              </value>
            </param>
          </params>
          <reporter-output>
            <line>
              <![CDATA[        2018-10-25 15:42:38): [Test]-"MerchantFeeRateAddAuditPass" is finished]]>
            </line>
          </reporter-output>
        </test-method> <!-- AfterTest -->
      </class> <!-- com.dy.AutoTest.OperationPlatform.TestCases.LoginPageTest -->
      <class name="com.dy.AutoTest.OperationPlatform.TestCases.MainMenuPageTest">
        <test-method status="PASS" signature="init()[pri:0, instance:com.dy.AutoTest.OperationPlatform.TestCases.MainMenuPageTest@6ac13091]" name="init" is-config="true" duration-ms="2" started-at="2018-10-25T07:42:33Z" finished-at="2018-10-25T07:42:33Z">
          <reporter-output>
          </reporter-output>
        </test-method> <!-- init -->
        <test-method status="PASS" signature="testQuit()[pri:0, instance:com.dy.AutoTest.OperationPlatform.TestCases.MainMenuPageTest@6ac13091]" name="testQuit" duration-ms="4071" started-at="2018-10-25T07:42:33Z" finished-at="2018-10-25T07:42:37Z">
          <reporter-output>
          </reporter-output>
        </test-method> <!-- testQuit -->
        <test-method status="PASS" signature="releaseBrowser()[pri:0, instance:com.dy.AutoTest.OperationPlatform.TestCases.MainMenuPageTest@6ac13091]" name="releaseBrowser" is-config="true" duration-ms="1000" started-at="2018-10-25T07:42:37Z" finished-at="2018-10-25T07:42:38Z">
          <reporter-output>
          </reporter-output>
        </test-method> <!-- releaseBrowser -->
      </class> <!-- com.dy.AutoTest.OperationPlatform.TestCases.MainMenuPageTest -->
      <class name="com.dy.AutoTest.OperationPlatform.TestCases.MerchantManagementOnLine.OnLineMechantInfo.MerchantAuditPageTest">
        <test-method status="PASS" signature="beforeClass()[pri:0, instance:com.dy.AutoTest.OperationPlatform.TestCases.MerchantManagementOnLine.OnLineMechantInfo.MerchantAuditPageTest@48fa0f47]" name="beforeClass" is-config="true" duration-ms="1" started-at="2018-10-25T07:42:24Z" finished-at="2018-10-25T07:42:24Z">
          <reporter-output>
          </reporter-output>
        </test-method> <!-- beforeClass -->
        <test-method status="PASS" signature="init()[pri:0, instance:com.dy.AutoTest.OperationPlatform.TestCases.MerchantManagementOnLine.OnLineMechantInfo.MerchantAuditPageTest@48fa0f47]" name="init" is-config="true" duration-ms="4" started-at="2018-10-25T07:42:24Z" finished-at="2018-10-25T07:42:24Z">
          <reporter-output>
          </reporter-output>
        </test-method> <!-- init -->
        <test-method status="PASS" signature="beforeMethod(java.lang.reflect.Method)[pri:0, instance:com.dy.AutoTest.OperationPlatform.TestCases.MerchantManagementOnLine.OnLineMechantInfo.MerchantAuditPageTest@48fa0f47]" name="beforeMethod" is-config="true" duration-ms="1" started-at="2018-10-25T07:42:24Z" finished-at="2018-10-25T07:42:24Z">
          <params>
            <param index="0">
              <value>
                <![CDATA[public void com.dy.AutoTest.OperationPlatform.TestCases.MerchantManagementOnLine.OnLineMechantInfo.MerchantAuditPageTest.testMerchantAuditPass(java.lang.String)]]>
              </value>
            </param>
          </params>
          <reporter-output>
            <line>
              <![CDATA[                2018-10-25 15:42:24: [Method]-"MerchantAuditPageTest.testMerchantAuditPass" is started]]>
            </line>
          </reporter-output>
        </test-method> <!-- beforeMethod -->
        <test-method status="PASS" signature="testMerchantAuditPass(java.lang.String)[pri:0, instance:com.dy.AutoTest.OperationPlatform.TestCases.MerchantManagementOnLine.OnLineMechantInfo.MerchantAuditPageTest@48fa0f47]" name="testMerchantAuditPass" duration-ms="7575" started-at="2018-10-25T07:42:24Z" finished-at="2018-10-25T07:42:31Z">
          <params>
            <param index="0">
              <value>
                <![CDATA[3]]>
              </value>
            </param>
          </params>
          <reporter-output>
          </reporter-output>
        </test-method> <!-- testMerchantAuditPass -->
        <test-method status="PASS" signature="afterMethod(org.testng.ITestResult)[pri:0, instance:com.dy.AutoTest.OperationPlatform.TestCases.MerchantManagementOnLine.OnLineMechantInfo.MerchantAuditPageTest@48fa0f47]" name="afterMethod" is-config="true" duration-ms="2003" started-at="2018-10-25T07:42:31Z" finished-at="2018-10-25T07:42:33Z">
          <params>
            <param index="0">
              <value>
                <![CDATA[[TestResult name=testMerchantAuditPass status=SUCCESS method=MerchantAuditPageTest.testMerchantAuditPass(java.lang.String)[pri:0, instance:com.dy.AutoTest.OperationPlatform.TestCases.MerchantManagementOnLine.OnLineMechantInfo.MerchantAuditPageTest@48fa0f47] output={null}]]]>
              </value>
            </param>
          </params>
          <reporter-output>
            <line>
              <![CDATA[                2018-10-25 15:42:31: [Method]-"MerchantAuditPageTest.testMerchantAuditPass" is passed]]>
            </line>
          </reporter-output>
        </test-method> <!-- afterMethod -->
      </class> <!-- com.dy.AutoTest.OperationPlatform.TestCases.MerchantManagementOnLine.OnLineMechantInfo.MerchantAuditPageTest -->
    </test> <!-- MerchantFeeRateAddAuditPass -->
  </suite> <!-- Demo-181023 -->
</testng-results>
