<?xml version="1.0" encoding="UTF-8"?>
<testng-results skipped="0" failed="0" ignored="0" total="1" passed="1">
  <reporter-output>
    <line>
      <![CDATA[        2018-10-29 17:16:04): [Test]-"OnlineCashierB2C" is started]]>
    </line>
    <line>
      <![CDATA[                2018-10-29 17:16:04: [Method]-"OnlineCashierB2CTest.testOnlineCashierB2C" is started]]>
    </line>
    <line>
      <![CDATA[[info]支付成功！用户 13467890004 在 888021059500001 下，消费 0.2 元]]>
    </line>
    <line>
      <![CDATA[                2018-10-29 17:16:20: [Method]-"OnlineCashierB2CTest.testOnlineCashierB2C" is passed]]>
    </line>
    <line>
      <![CDATA[        2018-10-29 17:16:22): [Test]-"OnlineCashierB2C" is finished]]>
    </line>
  </reporter-output>
  <suite name="OnlineCashierB2C" duration-ms="17927" started-at="2018-10-29T09:16:04Z" finished-at="2018-10-29T09:16:22Z">
    <groups>
    </groups>
    <test name="OnlineCashierB2C" duration-ms="17927" started-at="2018-10-29T09:16:04Z" finished-at="2018-10-29T09:16:22Z">
      <class name="com.dy.AutoTest.web.actions.SingletonSet">
        <test-method status="PASS" signature="init(java.lang.String, java.lang.String)[pri:0, instance:com.dy.AutoTest.web.actions.SingletonSet@376a0d86]" name="init" is-config="true" duration-ms="3570" started-at="2018-10-29T09:16:01Z" finished-at="2018-10-29T09:16:04Z">
          <params>
            <param index="0">
              <value>
                <![CDATA[chrome]]>
              </value>
            </param>
            <param index="1">
              <value>
                <![CDATA[online_simulator_uat]]>
              </value>
            </param>
          </params>
          <reporter-output>
          </reporter-output>
        </test-method> <!-- init -->
        <test-method status="PASS" signature="releaseBrowser()[pri:0, instance:com.dy.AutoTest.web.actions.SingletonSet@376a0d86]" name="releaseBrowser" is-config="true" duration-ms="2693" started-at="2018-10-29T09:16:22Z" finished-at="2018-10-29T09:16:25Z">
          <reporter-output>
          </reporter-output>
        </test-method> <!-- releaseBrowser -->
      </class> <!-- com.dy.AutoTest.web.actions.SingletonSet -->
      <class name="com.dy.AutoTest.OnlineCashier.TestCases.OnlineCashierB2CTest">
        <test-method status="PASS" signature="BeforeTest(org.testng.ITestContext)[pri:0, instance:com.dy.AutoTest.OnlineCashier.TestCases.OnlineCashierB2CTest@62656be4]" name="BeforeTest" is-config="true" duration-ms="2" started-at="2018-10-29T09:16:04Z" finished-at="2018-10-29T09:16:04Z">
          <params>
            <param index="0">
              <value>
                <![CDATA[org.testng.TestRunner@21505815]]>
              </value>
            </param>
          </params>
          <reporter-output>
            <line>
              <![CDATA[        2018-10-29 17:16:04): [Test]-"OnlineCashierB2C" is started]]>
            </line>
          </reporter-output>
        </test-method> <!-- BeforeTest -->
        <test-method status="PASS" signature="init()[pri:0, instance:com.dy.AutoTest.OnlineCashier.TestCases.OnlineCashierB2CTest@62656be4]" name="init" is-config="true" duration-ms="3" started-at="2018-10-29T09:16:04Z" finished-at="2018-10-29T09:16:04Z">
          <reporter-output>
          </reporter-output>
        </test-method> <!-- init -->
        <test-method status="PASS" signature="beforeClass()[pri:0, instance:com.dy.AutoTest.OnlineCashier.TestCases.OnlineCashierB2CTest@62656be4]" name="beforeClass" is-config="true" duration-ms="0" started-at="2018-10-29T09:16:04Z" finished-at="2018-10-29T09:16:04Z">
          <reporter-output>
          </reporter-output>
        </test-method> <!-- beforeClass -->
        <test-method status="PASS" signature="beforeMethod(java.lang.reflect.Method)[pri:0, instance:com.dy.AutoTest.OnlineCashier.TestCases.OnlineCashierB2CTest@62656be4]" name="beforeMethod" is-config="true" duration-ms="0" started-at="2018-10-29T09:16:04Z" finished-at="2018-10-29T09:16:04Z">
          <params>
            <param index="0">
              <value>
                <![CDATA[public void com.dy.AutoTest.OnlineCashier.TestCases.OnlineCashierB2CTest.testOnlineCashierB2C(com.dy.AutoTest.OnlineCashier.POJO.OnlineCashierB2CBean)]]>
              </value>
            </param>
          </params>
          <reporter-output>
            <line>
              <![CDATA[                2018-10-29 17:16:04: [Method]-"OnlineCashierB2CTest.testOnlineCashierB2C" is started]]>
            </line>
          </reporter-output>
        </test-method> <!-- beforeMethod -->
        <test-method status="PASS" signature="testOnlineCashierB2C(com.dy.AutoTest.OnlineCashier.POJO.OnlineCashierB2CBean)[pri:0, instance:com.dy.AutoTest.OnlineCashier.TestCases.OnlineCashierB2CTest@62656be4]" name="testOnlineCashierB2C" duration-ms="15886" started-at="2018-10-29T09:16:04Z" data-provider="B2C" finished-at="2018-10-29T09:16:20Z">
          <params>
            <param index="0">
              <value>
                <![CDATA[com.dy.AutoTest.OnlineCashier.POJO.OnlineCashierB2CBean@6b587673]]>
              </value>
            </param>
          </params>
          <reporter-output>
            <line>
              <![CDATA[[info]支付成功！用户 13467890004 在 888021059500001 下，消费 0.2 元]]>
            </line>
          </reporter-output>
        </test-method> <!-- testOnlineCashierB2C -->
        <test-method status="PASS" signature="afterMethod(org.testng.ITestResult)[pri:0, instance:com.dy.AutoTest.OnlineCashier.TestCases.OnlineCashierB2CTest@62656be4]" name="afterMethod" is-config="true" duration-ms="2001" started-at="2018-10-29T09:16:20Z" finished-at="2018-10-29T09:16:22Z">
          <params>
            <param index="0">
              <value>
                <![CDATA[[TestResult name=testOnlineCashierB2C status=SUCCESS method=OnlineCashierB2CTest.testOnlineCashierB2C(com.dy.AutoTest.OnlineCashier.POJO.OnlineCashierB2CBean)[pri:0, instance:com.dy.AutoTest.OnlineCashier.TestCases.OnlineCashierB2CTest@62656be4] output=[info]支付成功！用户 13467890004 在 888021059500001 下，消费 0.2 元]]]>
              </value>
            </param>
          </params>
          <reporter-output>
            <line>
              <![CDATA[                2018-10-29 17:16:20: [Method]-"OnlineCashierB2CTest.testOnlineCashierB2C" is passed]]>
            </line>
          </reporter-output>
        </test-method> <!-- afterMethod -->
        <test-method status="PASS" signature="AfterTest(org.testng.ITestContext)[pri:0, instance:com.dy.AutoTest.OnlineCashier.TestCases.OnlineCashierB2CTest@62656be4]" name="AfterTest" is-config="true" duration-ms="1" started-at="2018-10-29T09:16:22Z" finished-at="2018-10-29T09:16:22Z">
          <params>
            <param index="0">
              <value>
                <![CDATA[org.testng.TestRunner@21505815]]>
              </value>
            </param>
          </params>
          <reporter-output>
            <line>
              <![CDATA[        2018-10-29 17:16:22): [Test]-"OnlineCashierB2C" is finished]]>
            </line>
          </reporter-output>
        </test-method> <!-- AfterTest -->
      </class> <!-- com.dy.AutoTest.OnlineCashier.TestCases.OnlineCashierB2CTest -->
    </test> <!-- OnlineCashierB2C -->
  </suite> <!-- OnlineCashierB2C -->
</testng-results>
