<?xml version="1.0" encoding="UTF-8"?>
<testng-results skipped="0" failed="0" ignored="0" total="15" passed="15">
  <reporter-output>
  </reporter-output>
  <suite name="Default suite" duration-ms="186" started-at="2018-11-29T07:01:09Z" finished-at="2018-11-29T07:01:09Z">
    <groups>
    </groups>
    <test name="Default test" duration-ms="186" started-at="2018-11-29T07:01:09Z" finished-at="2018-11-29T07:01:09Z">
      <class name="com.dy.AutoTest.AutoGenerateTest">
        <test-method status="PASS" signature="init()[pri:0, instance:com.dy.AutoTest.AutoGenerateTest@7fe8ea47]" name="init" is-config="true" duration-ms="18" started-at="2018-11-29T07:01:09Z" finished-at="2018-11-29T07:01:09Z">
          <reporter-output>
          </reporter-output>
        </test-method> <!-- init -->
        <test-method status="PASS" signature="testAutoGenerate(com.dy.AutoTest.web.beans.LocatorBean)[pri:0, instance:com.dy.AutoTest.AutoGenerateTest@7fe8ea47]" name="testAutoGenerate" duration-ms="5" started-at="2018-11-29T07:01:09Z" data-provider="locator" finished-at="2018-11-29T07:01:09Z">
          <params>
            <param index="0">
              <value>
                <![CDATA[com.dy.AutoTest.web.beans.LocatorBean@1d082e88]]>
              </value>
            </param>
          </params>
          <reporter-output>
          </reporter-output>
        </test-method> <!-- testAutoGenerate -->
        <test-method status="PASS" signature="testAutoGenerate(com.dy.AutoTest.web.beans.LocatorBean)[pri:0, instance:com.dy.AutoTest.AutoGenerateTest@7fe8ea47]" name="testAutoGenerate" duration-ms="5" started-at="2018-11-29T07:01:09Z" data-provider="locator" finished-at="2018-11-29T07:01:09Z">
          <params>
            <param index="0">
              <value>
                <![CDATA[com.dy.AutoTest.web.beans.LocatorBean@4fe767f3]]>
              </value>
            </param>
          </params>
          <reporter-output>
          </reporter-output>
        </test-method> <!-- testAutoGenerate -->
        <test-method status="PASS" signature="testAutoGenerate(com.dy.AutoTest.web.beans.LocatorBean)[pri:0, instance:com.dy.AutoTest.AutoGenerateTest@7fe8ea47]" name="testAutoGenerate" duration-ms="2" started-at="2018-11-29T07:01:09Z" data-provider="locator" finished-at="2018-11-29T07:01:09Z">
          <params>
            <param index="0">
              <value>
                <![CDATA[com.dy.AutoTest.web.beans.LocatorBean@184cf7cf]]>
              </value>
            </param>
          </params>
          <reporter-output>
          </reporter-output>
        </test-method> <!-- testAutoGenerate -->
        <test-method status="PASS" signature="testAutoGenerate(com.dy.AutoTest.web.beans.LocatorBean)[pri:0, instance:com.dy.AutoTest.AutoGenerateTest@7fe8ea47]" name="testAutoGenerate" duration-ms="2" started-at="2018-11-29T07:01:09Z" data-provider="locator" finished-at="2018-11-29T07:01:09Z">
          <params>
            <param index="0">
              <value>
                <![CDATA[com.dy.AutoTest.web.beans.LocatorBean@5bfa9431]]>
              </value>
            </param>
          </params>
          <reporter-output>
          </reporter-output>
        </test-method> <!-- testAutoGenerate -->
        <test-method status="PASS" signature="testAutoGenerate(com.dy.AutoTest.web.beans.LocatorBean)[pri:0, instance:com.dy.AutoTest.AutoGenerateTest@7fe8ea47]" name="testAutoGenerate" duration-ms="3" started-at="2018-11-29T07:01:09Z" data-provider="locator" finished-at="2018-11-29T07:01:09Z">
          <params>
            <param index="0">
              <value>
                <![CDATA[com.dy.AutoTest.web.beans.LocatorBean@223f3642]]>
              </value>
            </param>
          </params>
          <reporter-output>
          </reporter-output>
        </test-method> <!-- testAutoGenerate -->
        <test-method status="PASS" signature="testAutoGenerate(com.dy.AutoTest.web.beans.LocatorBean)[pri:0, instance:com.dy.AutoTest.AutoGenerateTest@7fe8ea47]" name="testAutoGenerate" duration-ms="2" started-at="2018-11-29T07:01:09Z" data-provider="locator" finished-at="2018-11-29T07:01:09Z">
          <params>
            <param index="0">
              <value>
                <![CDATA[com.dy.AutoTest.web.beans.LocatorBean@37918c79]]>
              </value>
            </param>
          </params>
          <reporter-output>
          </reporter-output>
        </test-method> <!-- testAutoGenerate -->
        <test-method status="PASS" signature="testAutoGenerate(com.dy.AutoTest.web.beans.LocatorBean)[pri:0, instance:com.dy.AutoTest.AutoGenerateTest@7fe8ea47]" name="testAutoGenerate" duration-ms="8" started-at="2018-11-29T07:01:09Z" data-provider="locator" finished-at="2018-11-29T07:01:09Z">
          <params>
            <param index="0">
              <value>
                <![CDATA[com.dy.AutoTest.web.beans.LocatorBean@233fe9b6]]>
              </value>
            </param>
          </params>
          <reporter-output>
          </reporter-output>
        </test-method> <!-- testAutoGenerate -->
        <test-method status="PASS" signature="testAutoGenerate(com.dy.AutoTest.web.beans.LocatorBean)[pri:0, instance:com.dy.AutoTest.AutoGenerateTest@7fe8ea47]" name="testAutoGenerate" duration-ms="8" started-at="2018-11-29T07:01:09Z" data-provider="locator" finished-at="2018-11-29T07:01:09Z">
          <params>
            <param index="0">
              <value>
                <![CDATA[com.dy.AutoTest.web.beans.LocatorBean@ec756bd]]>
              </value>
            </param>
          </params>
          <reporter-output>
          </reporter-output>
        </test-method> <!-- testAutoGenerate -->
        <test-method status="PASS" signature="testAutoGenerate(com.dy.AutoTest.web.beans.LocatorBean)[pri:0, instance:com.dy.AutoTest.AutoGenerateTest@7fe8ea47]" name="testAutoGenerate" duration-ms="3" started-at="2018-11-29T07:01:09Z" data-provider="locator" finished-at="2018-11-29T07:01:09Z">
          <params>
            <param index="0">
              <value>
                <![CDATA[com.dy.AutoTest.web.beans.LocatorBean@60dcc9fe]]>
              </value>
            </param>
          </params>
          <reporter-output>
          </reporter-output>
        </test-method> <!-- testAutoGenerate -->
        <test-method status="PASS" signature="testAutoGenerate(com.dy.AutoTest.web.beans.LocatorBean)[pri:0, instance:com.dy.AutoTest.AutoGenerateTest@7fe8ea47]" name="testAutoGenerate" duration-ms="14" started-at="2018-11-29T07:01:09Z" data-provider="locator" finished-at="2018-11-29T07:01:09Z">
          <params>
            <param index="0">
              <value>
                <![CDATA[com.dy.AutoTest.web.beans.LocatorBean@16e7dcfd]]>
              </value>
            </param>
          </params>
          <reporter-output>
          </reporter-output>
        </test-method> <!-- testAutoGenerate -->
        <test-method status="PASS" signature="testAutoGenerate(com.dy.AutoTest.web.beans.LocatorBean)[pri:0, instance:com.dy.AutoTest.AutoGenerateTest@7fe8ea47]" name="testAutoGenerate" duration-ms="1" started-at="2018-11-29T07:01:09Z" data-provider="locator" finished-at="2018-11-29T07:01:09Z">
          <params>
            <param index="0">
              <value>
                <![CDATA[com.dy.AutoTest.web.beans.LocatorBean@3b07a0d6]]>
              </value>
            </param>
          </params>
          <reporter-output>
          </reporter-output>
        </test-method> <!-- testAutoGenerate -->
        <test-method status="PASS" signature="testAutoGenerate(com.dy.AutoTest.web.beans.LocatorBean)[pri:0, instance:com.dy.AutoTest.AutoGenerateTest@7fe8ea47]" name="testAutoGenerate" duration-ms="3" started-at="2018-11-29T07:01:09Z" data-provider="locator" finished-at="2018-11-29T07:01:09Z">
          <params>
            <param index="0">
              <value>
                <![CDATA[com.dy.AutoTest.web.beans.LocatorBean@3901d134]]>
              </value>
            </param>
          </params>
          <reporter-output>
          </reporter-output>
        </test-method> <!-- testAutoGenerate -->
        <test-method status="PASS" signature="testAutoGenerate(com.dy.AutoTest.web.beans.LocatorBean)[pri:0, instance:com.dy.AutoTest.AutoGenerateTest@7fe8ea47]" name="testAutoGenerate" duration-ms="2" started-at="2018-11-29T07:01:09Z" data-provider="locator" finished-at="2018-11-29T07:01:09Z">
          <params>
            <param index="0">
              <value>
                <![CDATA[com.dy.AutoTest.web.beans.LocatorBean@12d4bf7e]]>
              </value>
            </param>
          </params>
          <reporter-output>
          </reporter-output>
        </test-method> <!-- testAutoGenerate -->
        <test-method status="PASS" signature="testAutoGenerate(com.dy.AutoTest.web.beans.LocatorBean)[pri:0, instance:com.dy.AutoTest.AutoGenerateTest@7fe8ea47]" name="testAutoGenerate" duration-ms="8" started-at="2018-11-29T07:01:09Z" data-provider="locator" finished-at="2018-11-29T07:01:09Z">
          <params>
            <param index="0">
              <value>
                <![CDATA[com.dy.AutoTest.web.beans.LocatorBean@7b227d8d]]>
              </value>
            </param>
          </params>
          <reporter-output>
          </reporter-output>
        </test-method> <!-- testAutoGenerate -->
        <test-method status="PASS" signature="testAutoGenerate(com.dy.AutoTest.web.beans.LocatorBean)[pri:0, instance:com.dy.AutoTest.AutoGenerateTest@7fe8ea47]" name="testAutoGenerate" duration-ms="5" started-at="2018-11-29T07:01:09Z" data-provider="locator" finished-at="2018-11-29T07:01:09Z">
          <params>
            <param index="0">
              <value>
                <![CDATA[com.dy.AutoTest.web.beans.LocatorBean@45018215]]>
              </value>
            </param>
          </params>
          <reporter-output>
          </reporter-output>
        </test-method> <!-- testAutoGenerate -->
        <test-method status="PASS" signature="end()[pri:0, instance:com.dy.AutoTest.AutoGenerateTest@7fe8ea47]" name="end" is-config="true" duration-ms="19" started-at="2018-11-29T07:01:09Z" finished-at="2018-11-29T07:01:09Z">
          <reporter-output>
          </reporter-output>
        </test-method> <!-- end -->
      </class> <!-- com.dy.AutoTest.AutoGenerateTest -->
    </test> <!-- Default test -->
  </suite> <!-- Default suite -->
</testng-results>
