<?xml version="1.0" encoding="UTF-8"?>
<testng-results skipped="0" failed="0" ignored="7" total="10" passed="3">
  <reporter-output>
    <line>
      <![CDATA[        2019-02-12 15:13:17): [Test]-"Login" is started]]>
    </line>
    <line>
      <![CDATA[                2019-02-12 15:13:17: [Method]-"LoginPageTest.testLogin" is started]]>
    </line>
    <line>
      <![CDATA[                2019-02-12 15:13:31: [Method]-"LoginPageTest.testLogin" is passed]]>
    </line>
    <line>
      <![CDATA[        2019-02-12 15:13:33): [Test]-"Login" is finished]]>
    </line>
    <line>
      <![CDATA[        2019-02-12 15:13:33): [Test]-"TerminalInventoryManage_TerminalInfoListQuery" is started]]>
    </line>
    <line>
      <![CDATA[                2019-02-12 15:13:33: [Method]-"TerminalInfoListQueryPageTest.testUpdate" is started]]>
    </line>
    <line>
      <![CDATA[                2019-02-12 15:14:03: [Method]-"TerminalInfoListQueryPageTest.testUpdate" is passed]]>
    </line>
    <line>
      <![CDATA[        2019-02-12 15:14:05): [Test]-"TerminalInventoryManage_TerminalInfoListQuery" is finished]]>
    </line>
    <line>
      <![CDATA[        2019-02-12 15:14:05): [Test]-"Quit" is started]]>
    </line>
    <line>
      <![CDATA[                2019-02-12 15:14:05: [Method]-"LoginPageTest.testQuit" is started]]>
    </line>
    <line>
      <![CDATA[                2019-02-12 15:14:08: [Method]-"LoginPageTest.testQuit" is passed]]>
    </line>
    <line>
      <![CDATA[        2019-02-12 15:14:10): [Test]-"Quit" is finished]]>
    </line>
  </reporter-output>
  <suite name="AcquiringOperationPlatform" duration-ms="52531" started-at="2019-02-12T07:13:17Z" finished-at="2019-02-12T07:14:10Z">
    <groups>
    </groups>
    <test name="Login" duration-ms="15698" started-at="2019-02-12T07:13:17Z" finished-at="2019-02-12T07:13:33Z">
      <class name="com.dy.AutoTest.AcquiringOperationPlatform.PageTest.LoginPageTest">
        <test-method status="PASS" signature="BeforeTest(org.testng.ITestContext)[pri:0, instance:com.dy.AutoTest.AcquiringOperationPlatform.PageTest.LoginPageTest@1e730495]" name="BeforeTest" is-config="true" duration-ms="2" started-at="2019-02-12T07:13:17Z" finished-at="2019-02-12T07:13:17Z">
          <params>
            <param index="0">
              <value>
                <![CDATA[org.testng.TestRunner@5a85b4e6]]>
              </value>
            </param>
          </params>
          <reporter-output>
            <line>
              <![CDATA[        2019-02-12 15:13:17): [Test]-"Login" is started]]>
            </line>
          </reporter-output>
        </test-method> <!-- BeforeTest -->
        <test-method status="PASS" signature="beforeClass()[pri:0, instance:com.dy.AutoTest.AcquiringOperationPlatform.PageTest.LoginPageTest@1e730495]" name="beforeClass" is-config="true" duration-ms="0" started-at="2019-02-12T07:13:17Z" finished-at="2019-02-12T07:13:17Z">
          <reporter-output>
          </reporter-output>
        </test-method> <!-- beforeClass -->
        <test-method status="PASS" signature="init()[pri:0, instance:com.dy.AutoTest.AcquiringOperationPlatform.PageTest.LoginPageTest@1e730495]" name="init" is-config="true" duration-ms="4" started-at="2019-02-12T07:13:17Z" finished-at="2019-02-12T07:13:17Z">
          <reporter-output>
          </reporter-output>
        </test-method> <!-- init -->
        <test-method status="PASS" signature="beforeMethod(java.lang.reflect.Method)[pri:0, instance:com.dy.AutoTest.AcquiringOperationPlatform.PageTest.LoginPageTest@1e730495]" name="beforeMethod" is-config="true" duration-ms="1" started-at="2019-02-12T07:13:17Z" finished-at="2019-02-12T07:13:17Z">
          <params>
            <param index="0">
              <value>
                <![CDATA[public void com.dy.AutoTest.AcquiringOperationPlatform.PageTest.LoginPageTest.testLogin(com.dy.AutoTest.AcquiringOperationPlatform.POJO.LoginBean)]]>
              </value>
            </param>
          </params>
          <reporter-output>
            <line>
              <![CDATA[                2019-02-12 15:13:17: [Method]-"LoginPageTest.testLogin" is started]]>
            </line>
          </reporter-output>
        </test-method> <!-- beforeMethod -->
        <test-method status="PASS" signature="testLogin(com.dy.AutoTest.AcquiringOperationPlatform.POJO.LoginBean)[pri:0, instance:com.dy.AutoTest.AcquiringOperationPlatform.PageTest.LoginPageTest@1e730495]" name="testLogin" duration-ms="13659" started-at="2019-02-12T07:13:17Z" data-provider="LoginByCaseNO" finished-at="2019-02-12T07:13:31Z">
          <params>
            <param index="0">
              <value>
                <![CDATA[com.dy.AutoTest.AcquiringOperationPlatform.POJO.LoginBean@38831718]]>
              </value>
            </param>
          </params>
          <reporter-output>
          </reporter-output>
        </test-method> <!-- testLogin -->
        <test-method status="PASS" signature="afterMethod(org.testng.ITestResult)[pri:0, instance:com.dy.AutoTest.AcquiringOperationPlatform.PageTest.LoginPageTest@1e730495]" name="afterMethod" is-config="true" duration-ms="2002" started-at="2019-02-12T07:13:31Z" finished-at="2019-02-12T07:13:33Z">
          <params>
            <param index="0">
              <value>
                <![CDATA[[TestResult name=testLogin status=SUCCESS method=LoginPageTest.testLogin(com.dy.AutoTest.AcquiringOperationPlatform.POJO.LoginBean)[pri:0, instance:com.dy.AutoTest.AcquiringOperationPlatform.PageTest.LoginPageTest@1e730495] output={null}]]]>
              </value>
            </param>
          </params>
          <reporter-output>
            <line>
              <![CDATA[                2019-02-12 15:13:31: [Method]-"LoginPageTest.testLogin" is passed]]>
            </line>
          </reporter-output>
        </test-method> <!-- afterMethod -->
        <test-method status="PASS" signature="AfterTest(org.testng.ITestContext)[pri:0, instance:com.dy.AutoTest.AcquiringOperationPlatform.PageTest.LoginPageTest@1e730495]" name="AfterTest" is-config="true" duration-ms="0" started-at="2019-02-12T07:13:33Z" finished-at="2019-02-12T07:13:33Z">
          <params>
            <param index="0">
              <value>
                <![CDATA[org.testng.TestRunner@5a85b4e6]]>
              </value>
            </param>
          </params>
          <reporter-output>
            <line>
              <![CDATA[        2019-02-12 15:13:33): [Test]-"Login" is finished]]>
            </line>
          </reporter-output>
        </test-method> <!-- AfterTest -->
      </class> <!-- com.dy.AutoTest.AcquiringOperationPlatform.PageTest.LoginPageTest -->
    </test> <!-- Login -->
    <test name="TerminalInventoryManage_TerminalInfoListQuery" duration-ms="32035" started-at="2019-02-12T07:13:33Z" finished-at="2019-02-12T07:14:05Z">
      <class name="com.dy.AutoTest.AcquiringOperationPlatform.PageTest.TMS.TerminalInventoryManage.TerminalInfoListQueryPageTest">
        <test-method status="PASS" signature="BeforeTest(org.testng.ITestContext)[pri:0, instance:com.dy.AutoTest.AcquiringOperationPlatform.PageTest.TMS.TerminalInventoryManage.TerminalInfoListQueryPageTest@27ae2fd0]" name="BeforeTest" is-config="true" duration-ms="1" started-at="2019-02-12T07:13:33Z" finished-at="2019-02-12T07:13:33Z">
          <params>
            <param index="0">
              <value>
                <![CDATA[org.testng.TestRunner@766b6d02]]>
              </value>
            </param>
          </params>
          <reporter-output>
            <line>
              <![CDATA[        2019-02-12 15:13:33): [Test]-"TerminalInventoryManage_TerminalInfoListQuery" is started]]>
            </line>
          </reporter-output>
        </test-method> <!-- BeforeTest -->
        <test-method status="PASS" signature="beforeClass()[pri:0, instance:com.dy.AutoTest.AcquiringOperationPlatform.PageTest.TMS.TerminalInventoryManage.TerminalInfoListQueryPageTest@27ae2fd0]" name="beforeClass" is-config="true" duration-ms="0" started-at="2019-02-12T07:13:33Z" finished-at="2019-02-12T07:13:33Z">
          <reporter-output>
          </reporter-output>
        </test-method> <!-- beforeClass -->
        <test-method status="PASS" signature="init()[pri:0, instance:com.dy.AutoTest.AcquiringOperationPlatform.PageTest.TMS.TerminalInventoryManage.TerminalInfoListQueryPageTest@27ae2fd0]" name="init" is-config="true" duration-ms="3" started-at="2019-02-12T07:13:33Z" finished-at="2019-02-12T07:13:33Z">
          <reporter-output>
          </reporter-output>
        </test-method> <!-- init -->
        <test-method status="PASS" signature="testUpdate(com.dy.AutoTest.AcquiringOperationPlatform.POJO.TerminalInventoryManage_TerminalInfoListQueryBean)[pri:0, instance:com.dy.AutoTest.AcquiringOperationPlatform.PageTest.TMS.TerminalInventoryManage.TerminalInfoListQueryPageTest@27ae2fd0]" name="testUpdate" duration-ms="30024" started-at="2019-02-12T07:13:33Z" data-provider="TerminalInventoryManage_TerminalInfoListQueryByCaseNO" finished-at="2019-02-12T07:14:03Z">
          <params>
            <param index="0">
              <value>
                <![CDATA[com.dy.AutoTest.AcquiringOperationPlatform.POJO.TerminalInventoryManage_TerminalInfoListQueryBean@7927bd9f]]>
              </value>
            </param>
          </params>
          <reporter-output>
          </reporter-output>
        </test-method> <!-- testUpdate -->
        <test-method status="PASS" signature="beforeMethod(java.lang.reflect.Method)[pri:0, instance:com.dy.AutoTest.AcquiringOperationPlatform.PageTest.TMS.TerminalInventoryManage.TerminalInfoListQueryPageTest@27ae2fd0]" name="beforeMethod" is-config="true" duration-ms="0" started-at="2019-02-12T07:13:33Z" finished-at="2019-02-12T07:13:33Z">
          <params>
            <param index="0">
              <value>
                <![CDATA[public void com.dy.AutoTest.AcquiringOperationPlatform.PageTest.TMS.TerminalInventoryManage.TerminalInfoListQueryPageTest.testUpdate(com.dy.AutoTest.AcquiringOperationPlatform.POJO.TerminalInventoryManage_TerminalInfoListQueryBean)]]>
              </value>
            </param>
          </params>
          <reporter-output>
            <line>
              <![CDATA[                2019-02-12 15:13:33: [Method]-"TerminalInfoListQueryPageTest.testUpdate" is started]]>
            </line>
          </reporter-output>
        </test-method> <!-- beforeMethod -->
        <test-method status="PASS" signature="afterMethod(org.testng.ITestResult)[pri:0, instance:com.dy.AutoTest.AcquiringOperationPlatform.PageTest.TMS.TerminalInventoryManage.TerminalInfoListQueryPageTest@27ae2fd0]" name="afterMethod" is-config="true" duration-ms="2000" started-at="2019-02-12T07:14:03Z" finished-at="2019-02-12T07:14:05Z">
          <params>
            <param index="0">
              <value>
                <![CDATA[[TestResult name=testUpdate status=SUCCESS method=TerminalInfoListQueryPageTest.testUpdate(com.dy.AutoTest.AcquiringOperationPlatform.POJO.TerminalInventoryManage_TerminalInfoListQueryBean)[pri:0, instance:com.dy.AutoTest.AcquiringOperationPlatform.PageTest.TMS.TerminalInventoryManage.TerminalInfoListQueryPageTest@27ae2fd0] output={null}]]]>
              </value>
            </param>
          </params>
          <reporter-output>
            <line>
              <![CDATA[                2019-02-12 15:14:03: [Method]-"TerminalInfoListQueryPageTest.testUpdate" is passed]]>
            </line>
          </reporter-output>
        </test-method> <!-- afterMethod -->
        <test-method status="PASS" signature="AfterTest(org.testng.ITestContext)[pri:0, instance:com.dy.AutoTest.AcquiringOperationPlatform.PageTest.TMS.TerminalInventoryManage.TerminalInfoListQueryPageTest@27ae2fd0]" name="AfterTest" is-config="true" duration-ms="0" started-at="2019-02-12T07:14:05Z" finished-at="2019-02-12T07:14:05Z">
          <params>
            <param index="0">
              <value>
                <![CDATA[org.testng.TestRunner@766b6d02]]>
              </value>
            </param>
          </params>
          <reporter-output>
            <line>
              <![CDATA[        2019-02-12 15:14:05): [Test]-"TerminalInventoryManage_TerminalInfoListQuery" is finished]]>
            </line>
          </reporter-output>
        </test-method> <!-- AfterTest -->
      </class> <!-- com.dy.AutoTest.AcquiringOperationPlatform.PageTest.TMS.TerminalInventoryManage.TerminalInfoListQueryPageTest -->
    </test> <!-- TerminalInventoryManage_TerminalInfoListQuery -->
    <test name="Quit" duration-ms="4767" started-at="2019-02-12T07:14:05Z" finished-at="2019-02-12T07:14:10Z">
      <class name="com.dy.AutoTest.AcquiringOperationPlatform.PageTest.LoginPageTest">
        <test-method status="PASS" signature="BeforeTest(org.testng.ITestContext)[pri:0, instance:com.dy.AutoTest.AcquiringOperationPlatform.PageTest.LoginPageTest@15b204a1]" name="BeforeTest" is-config="true" duration-ms="1" started-at="2019-02-12T07:14:05Z" finished-at="2019-02-12T07:14:05Z">
          <params>
            <param index="0">
              <value>
                <![CDATA[org.testng.TestRunner@6b09ce57]]>
              </value>
            </param>
          </params>
          <reporter-output>
            <line>
              <![CDATA[        2019-02-12 15:14:05): [Test]-"Quit" is started]]>
            </line>
          </reporter-output>
        </test-method> <!-- BeforeTest -->
        <test-method status="PASS" signature="beforeClass()[pri:0, instance:com.dy.AutoTest.AcquiringOperationPlatform.PageTest.LoginPageTest@15b204a1]" name="beforeClass" is-config="true" duration-ms="0" started-at="2019-02-12T07:14:05Z" finished-at="2019-02-12T07:14:05Z">
          <reporter-output>
          </reporter-output>
        </test-method> <!-- beforeClass -->
        <test-method status="PASS" signature="init()[pri:0, instance:com.dy.AutoTest.AcquiringOperationPlatform.PageTest.LoginPageTest@15b204a1]" name="init" is-config="true" duration-ms="1" started-at="2019-02-12T07:14:05Z" finished-at="2019-02-12T07:14:05Z">
          <reporter-output>
          </reporter-output>
        </test-method> <!-- init -->
        <test-method status="PASS" signature="beforeMethod(java.lang.reflect.Method)[pri:0, instance:com.dy.AutoTest.AcquiringOperationPlatform.PageTest.LoginPageTest@15b204a1]" name="beforeMethod" is-config="true" duration-ms="1" started-at="2019-02-12T07:14:05Z" finished-at="2019-02-12T07:14:05Z">
          <params>
            <param index="0">
              <value>
                <![CDATA[public void com.dy.AutoTest.AcquiringOperationPlatform.PageTest.LoginPageTest.testQuit()]]>
              </value>
            </param>
          </params>
          <reporter-output>
            <line>
              <![CDATA[                2019-02-12 15:14:05: [Method]-"LoginPageTest.testQuit" is started]]>
            </line>
          </reporter-output>
        </test-method> <!-- beforeMethod -->
        <test-method status="PASS" signature="testQuit()[pri:0, instance:com.dy.AutoTest.AcquiringOperationPlatform.PageTest.LoginPageTest@15b204a1]" name="testQuit" duration-ms="2761" started-at="2019-02-12T07:14:05Z" finished-at="2019-02-12T07:14:08Z">
          <reporter-output>
          </reporter-output>
        </test-method> <!-- testQuit -->
        <test-method status="PASS" signature="afterMethod(org.testng.ITestResult)[pri:0, instance:com.dy.AutoTest.AcquiringOperationPlatform.PageTest.LoginPageTest@15b204a1]" name="afterMethod" is-config="true" duration-ms="2001" started-at="2019-02-12T07:14:08Z" finished-at="2019-02-12T07:14:10Z">
          <params>
            <param index="0">
              <value>
                <![CDATA[[TestResult name=testQuit status=SUCCESS method=LoginPageTest.testQuit()[pri:0, instance:com.dy.AutoTest.AcquiringOperationPlatform.PageTest.LoginPageTest@15b204a1] output={null}]]]>
              </value>
            </param>
          </params>
          <reporter-output>
            <line>
              <![CDATA[                2019-02-12 15:14:08: [Method]-"LoginPageTest.testQuit" is passed]]>
            </line>
          </reporter-output>
        </test-method> <!-- afterMethod -->
        <test-method status="PASS" signature="AfterTest(org.testng.ITestContext)[pri:0, instance:com.dy.AutoTest.AcquiringOperationPlatform.PageTest.LoginPageTest@15b204a1]" name="AfterTest" is-config="true" duration-ms="0" started-at="2019-02-12T07:14:10Z" finished-at="2019-02-12T07:14:10Z">
          <params>
            <param index="0">
              <value>
                <![CDATA[org.testng.TestRunner@6b09ce57]]>
              </value>
            </param>
          </params>
          <reporter-output>
            <line>
              <![CDATA[        2019-02-12 15:14:10): [Test]-"Quit" is finished]]>
            </line>
          </reporter-output>
        </test-method> <!-- AfterTest -->
      </class> <!-- com.dy.AutoTest.AcquiringOperationPlatform.PageTest.LoginPageTest -->
      <class name="com.dy.AutoTest.web.actions.SingletonSet">
        <test-method status="PASS" signature="init(java.lang.String, java.lang.String)[pri:0, instance:com.dy.AutoTest.web.actions.SingletonSet@23f7d05d]" name="init" is-config="true" duration-ms="3753" started-at="2019-02-12T07:13:13Z" finished-at="2019-02-12T07:13:17Z">
          <params>
            <param index="0">
              <value>
                <![CDATA[chrome]]>
              </value>
            </param>
            <param index="1">
              <value>
                <![CDATA[aop_uat]]>
              </value>
            </param>
          </params>
          <reporter-output>
          </reporter-output>
        </test-method> <!-- init -->
        <test-method status="PASS" signature="releaseJDBC()[pri:0, instance:com.dy.AutoTest.web.actions.SingletonSet@23f7d05d]" name="releaseJDBC" is-config="true" duration-ms="2011" started-at="2019-02-12T07:14:10Z" finished-at="2019-02-12T07:14:12Z">
          <reporter-output>
          </reporter-output>
        </test-method> <!-- releaseJDBC -->
      </class> <!-- com.dy.AutoTest.web.actions.SingletonSet -->
    </test> <!-- Quit -->
  </suite> <!-- AcquiringOperationPlatform -->
</testng-results>
