<?xml version="1.0" encoding="UTF-8"?>
<testng-results skipped="0" failed="0" ignored="18" total="26" passed="8">
  <reporter-output>
    <line>
      <![CDATA[        2018-11-16 16:35:56): [Test]-"Login" is started]]>
    </line>
    <line>
      <![CDATA[                2018-11-16 16:35:56: [Method]-"LoginPageTest.testLogin" is started]]>
    </line>
    <line>
      <![CDATA[                2018-11-16 16:36:01: [Method]-"LoginPageTest.testLogin" is passed]]>
    </line>
    <line>
      <![CDATA[        2018-11-16 16:36:03): [Test]-"Login" is finished]]>
    </line>
    <line>
      <![CDATA[        2018-11-16 16:36:03): [Test]-"MerchantSettlementDetail" is started]]>
    </line>
    <line>
      <![CDATA[                2018-11-16 16:36:03: [Method]-"MerchantSettlementPageTest.testMerchantSettlementDetail" is started]]>
    </line>
    <line>
      <![CDATA[                2018-11-16 16:36:13: [Method]-"MerchantSettlementPageTest.testMerchantSettlementDetail" is passed]]>
    </line>
    <line>
      <![CDATA[        2018-11-16 16:36:15): [Test]-"MerchantSettlementDetail" is finished]]>
    </line>
    <line>
      <![CDATA[        2018-11-16 16:36:15): [Test]-"MerchantSettlementAlter" is started]]>
    </line>
    <line>
      <![CDATA[                2018-11-16 16:36:15: [Method]-"MerchantSettlementPageTest.testMerchantSettlementAlter" is started]]>
    </line>
    <line>
      <![CDATA[修改成功,请审核！]]>
    </line>
    <line>
      <![CDATA[                2018-11-16 16:36:47: [Method]-"MerchantSettlementPageTest.testMerchantSettlementAlter" is passed]]>
    </line>
    <line>
      <![CDATA[        2018-11-16 16:36:54): [Test]-"MerchantSettlementAlter" is finished]]>
    </line>
    <line>
      <![CDATA[        2018-11-16 16:36:54): [Test]-"MerchantAuditPass" is started]]>
    </line>
    <line>
      <![CDATA[                2018-11-16 16:36:54: [Method]-"LoginPageTest.testLogin" is started]]>
    </line>
    <line>
      <![CDATA[                2018-11-16 16:36:57: [Method]-"LoginPageTest.testLogin" is passed]]>
    </line>
    <line>
      <![CDATA[                2018-11-16 16:36:59: [Method]-"MerchantAuditPageTest.testMerchantAuditPass" is started]]>
    </line>
    <line>
      <![CDATA[MerchantNO: 872290070135000 商户结算信息新增审核通过]]>
    </line>
    <line>
      <![CDATA[                2018-11-16 16:37:10: [Method]-"MerchantAuditPageTest.testMerchantAuditPass" is passed]]>
    </line>
    <line>
      <![CDATA[                2018-11-16 16:37:12: [Method]-"MerchantSettlementPageTest.testMerchantSettlementAlterVerify" is started]]>
    </line>
    <line>
      <![CDATA[                2018-11-16 16:37:27: [Method]-"MerchantSettlementPageTest.testMerchantSettlementAlterVerify" is passed]]>
    </line>
    <line>
      <![CDATA[        2018-11-16 16:37:34): [Test]-"MerchantAuditPass" is finished]]>
    </line>
  </reporter-output>
  <suite name="SuiteOperationPlatform" duration-ms="98023" started-at="2018-11-16T08:35:56Z" finished-at="2018-11-16T08:37:34Z">
    <groups>
    </groups>
    <test name="Login" duration-ms="7250" started-at="2018-11-16T08:35:56Z" finished-at="2018-11-16T08:36:03Z">
      <class name="com.dy.AutoTest.OperationPlatform.TestCases.LoginPageTest">
        <test-method status="PASS" signature="BeforeTest(org.testng.ITestContext)[pri:0, instance:com.dy.AutoTest.OperationPlatform.TestCases.LoginPageTest@c540f5a]" name="BeforeTest" is-config="true" duration-ms="5" started-at="2018-11-16T08:35:56Z" finished-at="2018-11-16T08:35:56Z">
          <params>
            <param index="0">
              <value>
                <![CDATA[org.testng.TestRunner@7d37ee0c]]>
              </value>
            </param>
          </params>
          <reporter-output>
            <line>
              <![CDATA[        2018-11-16 16:35:56): [Test]-"Login" is started]]>
            </line>
          </reporter-output>
        </test-method> <!-- BeforeTest -->
        <test-method status="PASS" signature="beforeClass()[pri:0, instance:com.dy.AutoTest.OperationPlatform.TestCases.LoginPageTest@c540f5a]" name="beforeClass" is-config="true" duration-ms="0" started-at="2018-11-16T08:35:56Z" finished-at="2018-11-16T08:35:56Z">
          <reporter-output>
          </reporter-output>
        </test-method> <!-- beforeClass -->
        <test-method status="PASS" signature="init()[pri:0, instance:com.dy.AutoTest.OperationPlatform.TestCases.LoginPageTest@c540f5a]" name="init" is-config="true" duration-ms="4" started-at="2018-11-16T08:35:56Z" finished-at="2018-11-16T08:35:56Z">
          <reporter-output>
          </reporter-output>
        </test-method> <!-- init -->
        <test-method status="PASS" signature="beforeMethod(java.lang.reflect.Method)[pri:0, instance:com.dy.AutoTest.OperationPlatform.TestCases.LoginPageTest@c540f5a]" name="beforeMethod" is-config="true" duration-ms="1" started-at="2018-11-16T08:35:56Z" finished-at="2018-11-16T08:35:56Z">
          <params>
            <param index="0">
              <value>
                <![CDATA[public void com.dy.AutoTest.OperationPlatform.TestCases.LoginPageTest.testLogin(java.lang.String)]]>
              </value>
            </param>
          </params>
          <reporter-output>
            <line>
              <![CDATA[                2018-11-16 16:35:56: [Method]-"LoginPageTest.testLogin" is started]]>
            </line>
          </reporter-output>
        </test-method> <!-- beforeMethod -->
        <test-method status="PASS" signature="testLogin(java.lang.String)[pri:0, instance:com.dy.AutoTest.OperationPlatform.TestCases.LoginPageTest@c540f5a]" name="testLogin" duration-ms="5216" started-at="2018-11-16T08:35:56Z" finished-at="2018-11-16T08:36:01Z">
          <params>
            <param index="0">
              <value>
                <![CDATA[T00064]]>
              </value>
            </param>
          </params>
          <reporter-output>
          </reporter-output>
        </test-method> <!-- testLogin -->
        <test-method status="PASS" signature="afterMethod(org.testng.ITestResult)[pri:0, instance:com.dy.AutoTest.OperationPlatform.TestCases.LoginPageTest@c540f5a]" name="afterMethod" is-config="true" duration-ms="2001" started-at="2018-11-16T08:36:01Z" finished-at="2018-11-16T08:36:03Z">
          <params>
            <param index="0">
              <value>
                <![CDATA[[TestResult name=testLogin status=SUCCESS method=LoginPageTest.testLogin(java.lang.String)[pri:0, instance:com.dy.AutoTest.OperationPlatform.TestCases.LoginPageTest@c540f5a] output={null}]]]>
              </value>
            </param>
          </params>
          <reporter-output>
            <line>
              <![CDATA[                2018-11-16 16:36:01: [Method]-"LoginPageTest.testLogin" is passed]]>
            </line>
          </reporter-output>
        </test-method> <!-- afterMethod -->
        <test-method status="PASS" signature="AfterTest(org.testng.ITestContext)[pri:0, instance:com.dy.AutoTest.OperationPlatform.TestCases.LoginPageTest@c540f5a]" name="AfterTest" is-config="true" duration-ms="0" started-at="2018-11-16T08:36:03Z" finished-at="2018-11-16T08:36:03Z">
          <params>
            <param index="0">
              <value>
                <![CDATA[org.testng.TestRunner@7d37ee0c]]>
              </value>
            </param>
          </params>
          <reporter-output>
            <line>
              <![CDATA[        2018-11-16 16:36:03): [Test]-"Login" is finished]]>
            </line>
          </reporter-output>
        </test-method> <!-- AfterTest -->
      </class> <!-- com.dy.AutoTest.OperationPlatform.TestCases.LoginPageTest -->
    </test> <!-- Login -->
    <test name="MerchantSettlementDetail" duration-ms="12455" started-at="2018-11-16T08:36:03Z" finished-at="2018-11-16T08:36:15Z">
      <class name="com.dy.AutoTest.OperationPlatform.TestCases.MerchantManagementOnLine.OnLineMechantInfo.MerchantSettlementPageTest">
        <test-method status="PASS" signature="BeforeTest(org.testng.ITestContext)[pri:0, instance:com.dy.AutoTest.OperationPlatform.TestCases.MerchantManagementOnLine.OnLineMechantInfo.MerchantSettlementPageTest@4c6e276e]" name="BeforeTest" is-config="true" duration-ms="0" started-at="2018-11-16T08:36:03Z" finished-at="2018-11-16T08:36:03Z">
          <params>
            <param index="0">
              <value>
                <![CDATA[org.testng.TestRunner@5a7b309b]]>
              </value>
            </param>
          </params>
          <reporter-output>
            <line>
              <![CDATA[        2018-11-16 16:36:03): [Test]-"MerchantSettlementDetail" is started]]>
            </line>
          </reporter-output>
        </test-method> <!-- BeforeTest -->
        <test-method status="PASS" signature="beforeClass()[pri:0, instance:com.dy.AutoTest.OperationPlatform.TestCases.MerchantManagementOnLine.OnLineMechantInfo.MerchantSettlementPageTest@4c6e276e]" name="beforeClass" is-config="true" duration-ms="1" started-at="2018-11-16T08:36:03Z" finished-at="2018-11-16T08:36:03Z">
          <reporter-output>
          </reporter-output>
        </test-method> <!-- beforeClass -->
        <test-method status="PASS" signature="init()[pri:0, instance:com.dy.AutoTest.OperationPlatform.TestCases.MerchantManagementOnLine.OnLineMechantInfo.MerchantSettlementPageTest@4c6e276e]" name="init" is-config="true" duration-ms="3" started-at="2018-11-16T08:36:03Z" finished-at="2018-11-16T08:36:03Z">
          <reporter-output>
          </reporter-output>
        </test-method> <!-- init -->
        <test-method status="PASS" signature="testMerchantSettlementDetail(com.dy.AutoTest.OperationPlatform.POJO.MerchantSettlementAlterBean)[pri:0, instance:com.dy.AutoTest.OperationPlatform.TestCases.MerchantManagementOnLine.OnLineMechantInfo.MerchantSettlementPageTest@4c6e276e]" name="testMerchantSettlementDetail" duration-ms="10440" started-at="2018-11-16T08:36:03Z" data-provider="SettlementInfoAlter" finished-at="2018-11-16T08:36:13Z">
          <params>
            <param index="0">
              <value>
                <![CDATA[com.dy.AutoTest.OperationPlatform.POJO.MerchantSettlementAlterBean@7651218e]]>
              </value>
            </param>
          </params>
          <reporter-output>
          </reporter-output>
        </test-method> <!-- testMerchantSettlementDetail -->
        <test-method status="PASS" signature="beforeMethod(java.lang.reflect.Method)[pri:0, instance:com.dy.AutoTest.OperationPlatform.TestCases.MerchantManagementOnLine.OnLineMechantInfo.MerchantSettlementPageTest@4c6e276e]" name="beforeMethod" is-config="true" duration-ms="0" started-at="2018-11-16T08:36:03Z" finished-at="2018-11-16T08:36:03Z">
          <params>
            <param index="0">
              <value>
                <![CDATA[public void com.dy.AutoTest.OperationPlatform.TestCases.MerchantManagementOnLine.OnLineMechantInfo.MerchantSettlementPageTest.testMerchantSettlementDetail(com.dy.AutoTest.OperationPlatform.POJO.MerchantSettlementAlterBean)]]>
              </value>
            </param>
          </params>
          <reporter-output>
            <line>
              <![CDATA[                2018-11-16 16:36:03: [Method]-"MerchantSettlementPageTest.testMerchantSettlementDetail" is started]]>
            </line>
          </reporter-output>
        </test-method> <!-- beforeMethod -->
        <test-method status="PASS" signature="afterMethod(org.testng.ITestResult)[pri:0, instance:com.dy.AutoTest.OperationPlatform.TestCases.MerchantManagementOnLine.OnLineMechantInfo.MerchantSettlementPageTest@4c6e276e]" name="afterMethod" is-config="true" duration-ms="2002" started-at="2018-11-16T08:36:13Z" finished-at="2018-11-16T08:36:15Z">
          <params>
            <param index="0">
              <value>
                <![CDATA[[TestResult name=testMerchantSettlementDetail status=SUCCESS method=MerchantSettlementPageTest.testMerchantSettlementDetail(com.dy.AutoTest.OperationPlatform.POJO.MerchantSettlementAlterBean)[pri:0, instance:com.dy.AutoTest.OperationPlatform.TestCases.MerchantManagementOnLine.OnLineMechantInfo.MerchantSettlementPageTest@4c6e276e] output={null}]]]>
              </value>
            </param>
          </params>
          <reporter-output>
            <line>
              <![CDATA[                2018-11-16 16:36:13: [Method]-"MerchantSettlementPageTest.testMerchantSettlementDetail" is passed]]>
            </line>
          </reporter-output>
        </test-method> <!-- afterMethod -->
        <test-method status="PASS" signature="AfterTest(org.testng.ITestContext)[pri:0, instance:com.dy.AutoTest.OperationPlatform.TestCases.MerchantManagementOnLine.OnLineMechantInfo.MerchantSettlementPageTest@4c6e276e]" name="AfterTest" is-config="true" duration-ms="1" started-at="2018-11-16T08:36:15Z" finished-at="2018-11-16T08:36:15Z">
          <params>
            <param index="0">
              <value>
                <![CDATA[org.testng.TestRunner@5a7b309b]]>
              </value>
            </param>
          </params>
          <reporter-output>
            <line>
              <![CDATA[        2018-11-16 16:36:15): [Test]-"MerchantSettlementDetail" is finished]]>
            </line>
          </reporter-output>
        </test-method> <!-- AfterTest -->
      </class> <!-- com.dy.AutoTest.OperationPlatform.TestCases.MerchantManagementOnLine.OnLineMechantInfo.MerchantSettlementPageTest -->
    </test> <!-- MerchantSettlementDetail -->
    <test name="MerchantSettlementAlter" duration-ms="38233" started-at="2018-11-16T08:36:15Z" finished-at="2018-11-16T08:36:54Z">
      <class name="com.dy.AutoTest.OperationPlatform.TestCases.MerchantManagementOnLine.OnLineMechantInfo.MerchantSettlementPageTest">
        <test-method status="PASS" signature="BeforeTest(org.testng.ITestContext)[pri:0, instance:com.dy.AutoTest.OperationPlatform.TestCases.MerchantManagementOnLine.OnLineMechantInfo.MerchantSettlementPageTest@1b083826]" name="BeforeTest" is-config="true" duration-ms="2" started-at="2018-11-16T08:36:15Z" finished-at="2018-11-16T08:36:15Z">
          <params>
            <param index="0">
              <value>
                <![CDATA[org.testng.TestRunner@4602f874]]>
              </value>
            </param>
          </params>
          <reporter-output>
            <line>
              <![CDATA[        2018-11-16 16:36:15): [Test]-"MerchantSettlementAlter" is started]]>
            </line>
          </reporter-output>
        </test-method> <!-- BeforeTest -->
        <test-method status="PASS" signature="beforeClass()[pri:0, instance:com.dy.AutoTest.OperationPlatform.TestCases.MerchantManagementOnLine.OnLineMechantInfo.MerchantSettlementPageTest@1b083826]" name="beforeClass" is-config="true" duration-ms="1" started-at="2018-11-16T08:36:15Z" finished-at="2018-11-16T08:36:15Z">
          <reporter-output>
          </reporter-output>
        </test-method> <!-- beforeClass -->
        <test-method status="PASS" signature="init()[pri:0, instance:com.dy.AutoTest.OperationPlatform.TestCases.MerchantManagementOnLine.OnLineMechantInfo.MerchantSettlementPageTest@1b083826]" name="init" is-config="true" duration-ms="2" started-at="2018-11-16T08:36:15Z" finished-at="2018-11-16T08:36:15Z">
          <reporter-output>
          </reporter-output>
        </test-method> <!-- init -->
        <test-method status="PASS" signature="beforeMethod(java.lang.reflect.Method)[pri:0, instance:com.dy.AutoTest.OperationPlatform.TestCases.MerchantManagementOnLine.OnLineMechantInfo.MerchantSettlementPageTest@1b083826]" name="beforeMethod" is-config="true" duration-ms="1" started-at="2018-11-16T08:36:15Z" finished-at="2018-11-16T08:36:15Z">
          <params>
            <param index="0">
              <value>
                <![CDATA[public void com.dy.AutoTest.OperationPlatform.TestCases.MerchantManagementOnLine.OnLineMechantInfo.MerchantSettlementPageTest.testMerchantSettlementAlter(com.dy.AutoTest.OperationPlatform.POJO.MerchantSettlementAlterBean)]]>
              </value>
            </param>
          </params>
          <reporter-output>
            <line>
              <![CDATA[                2018-11-16 16:36:15: [Method]-"MerchantSettlementPageTest.testMerchantSettlementAlter" is started]]>
            </line>
          </reporter-output>
        </test-method> <!-- beforeMethod -->
        <test-method status="PASS" signature="testMerchantSettlementAlter(com.dy.AutoTest.OperationPlatform.POJO.MerchantSettlementAlterBean)[pri:0, instance:com.dy.AutoTest.OperationPlatform.TestCases.MerchantManagementOnLine.OnLineMechantInfo.MerchantSettlementPageTest@1b083826]" name="testMerchantSettlementAlter" duration-ms="31650" started-at="2018-11-16T08:36:15Z" data-provider="SettlementInfoAlter" finished-at="2018-11-16T08:36:47Z">
          <params>
            <param index="0">
              <value>
                <![CDATA[com.dy.AutoTest.OperationPlatform.POJO.MerchantSettlementAlterBean@3153ddfc]]>
              </value>
            </param>
          </params>
          <reporter-output>
            <line>
              <![CDATA[修改成功,请审核！]]>
            </line>
          </reporter-output>
        </test-method> <!-- testMerchantSettlementAlter -->
        <test-method status="PASS" signature="afterMethod(org.testng.ITestResult)[pri:0, instance:com.dy.AutoTest.OperationPlatform.TestCases.MerchantManagementOnLine.OnLineMechantInfo.MerchantSettlementPageTest@1b083826]" name="afterMethod" is-config="true" duration-ms="2001" started-at="2018-11-16T08:36:47Z" finished-at="2018-11-16T08:36:49Z">
          <params>
            <param index="0">
              <value>
                <![CDATA[[TestResult name=testMerchantSettlementAlter status=SUCCESS method=MerchantSettlementPageTest.testMerchantSettlementAlter(com.dy.AutoTest.OperationPlatform.POJO.MerchantSettlementAlterBean)[pri:0, instance:com.dy.AutoTest.OperationPlatform.TestCases.MerchantManagementOnLine.OnLineMechantInfo.MerchantSettlementPageTest@1b083826] output=修改成功,请审核！]]]>
              </value>
            </param>
          </params>
          <reporter-output>
            <line>
              <![CDATA[                2018-11-16 16:36:47: [Method]-"MerchantSettlementPageTest.testMerchantSettlementAlter" is passed]]>
            </line>
          </reporter-output>
        </test-method> <!-- afterMethod -->
        <test-method status="PASS" signature="AfterTest(org.testng.ITestContext)[pri:0, instance:com.dy.AutoTest.OperationPlatform.TestCases.MerchantManagementOnLine.OnLineMechantInfo.MerchantSettlementPageTest@1b083826]" name="AfterTest" is-config="true" duration-ms="0" started-at="2018-11-16T08:36:54Z" finished-at="2018-11-16T08:36:54Z">
          <params>
            <param index="0">
              <value>
                <![CDATA[org.testng.TestRunner@4602f874]]>
              </value>
            </param>
          </params>
          <reporter-output>
            <line>
              <![CDATA[        2018-11-16 16:36:54): [Test]-"MerchantSettlementAlter" is finished]]>
            </line>
          </reporter-output>
        </test-method> <!-- AfterTest -->
      </class> <!-- com.dy.AutoTest.OperationPlatform.TestCases.MerchantManagementOnLine.OnLineMechantInfo.MerchantSettlementPageTest -->
      <class name="com.dy.AutoTest.OperationPlatform.TestCases.MainMenuPageTest">
        <test-method status="PASS" signature="init()[pri:0, instance:com.dy.AutoTest.OperationPlatform.TestCases.MainMenuPageTest@105fece7]" name="init" is-config="true" duration-ms="4" started-at="2018-11-16T08:36:49Z" finished-at="2018-11-16T08:36:49Z">
          <reporter-output>
          </reporter-output>
        </test-method> <!-- init -->
        <test-method status="PASS" signature="testQuit()[pri:0, instance:com.dy.AutoTest.OperationPlatform.TestCases.MainMenuPageTest@105fece7]" name="testQuit" duration-ms="3558" started-at="2018-11-16T08:36:49Z" finished-at="2018-11-16T08:36:53Z">
          <reporter-output>
          </reporter-output>
        </test-method> <!-- testQuit -->
        <test-method status="PASS" signature="releaseBrowser()[pri:0, instance:com.dy.AutoTest.OperationPlatform.TestCases.MainMenuPageTest@105fece7]" name="releaseBrowser" is-config="true" duration-ms="1001" started-at="2018-11-16T08:36:53Z" finished-at="2018-11-16T08:36:54Z">
          <reporter-output>
          </reporter-output>
        </test-method> <!-- releaseBrowser -->
      </class> <!-- com.dy.AutoTest.OperationPlatform.TestCases.MainMenuPageTest -->
    </test> <!-- MerchantSettlementAlter -->
    <test name="MerchantAuditPass" duration-ms="40020" started-at="2018-11-16T08:36:54Z" finished-at="2018-11-16T08:37:34Z">
      <class name="com.dy.AutoTest.OperationPlatform.TestCases.MerchantManagementOnLine.OnLineMechantInfo.MerchantSettlementPageTest">
        <test-method status="PASS" signature="beforeClass()[pri:0, instance:com.dy.AutoTest.OperationPlatform.TestCases.MerchantManagementOnLine.OnLineMechantInfo.MerchantSettlementPageTest@214b199c]" name="beforeClass" is-config="true" duration-ms="1" started-at="2018-11-16T08:37:12Z" finished-at="2018-11-16T08:37:12Z">
          <reporter-output>
          </reporter-output>
        </test-method> <!-- beforeClass -->
        <test-method status="PASS" signature="init()[pri:0, instance:com.dy.AutoTest.OperationPlatform.TestCases.MerchantManagementOnLine.OnLineMechantInfo.MerchantSettlementPageTest@214b199c]" name="init" is-config="true" duration-ms="8" started-at="2018-11-16T08:37:12Z" finished-at="2018-11-16T08:37:12Z">
          <reporter-output>
          </reporter-output>
        </test-method> <!-- init -->
        <test-method status="PASS" signature="beforeMethod(java.lang.reflect.Method)[pri:0, instance:com.dy.AutoTest.OperationPlatform.TestCases.MerchantManagementOnLine.OnLineMechantInfo.MerchantSettlementPageTest@214b199c]" name="beforeMethod" is-config="true" duration-ms="1" started-at="2018-11-16T08:37:12Z" finished-at="2018-11-16T08:37:12Z">
          <params>
            <param index="0">
              <value>
                <![CDATA[public void com.dy.AutoTest.OperationPlatform.TestCases.MerchantManagementOnLine.OnLineMechantInfo.MerchantSettlementPageTest.testMerchantSettlementAlterVerify(com.dy.AutoTest.OperationPlatform.POJO.MerchantSettlementAlterBean)]]>
              </value>
            </param>
          </params>
          <reporter-output>
            <line>
              <![CDATA[                2018-11-16 16:37:12: [Method]-"MerchantSettlementPageTest.testMerchantSettlementAlterVerify" is started]]>
            </line>
          </reporter-output>
        </test-method> <!-- beforeMethod -->
        <test-method status="PASS" signature="testMerchantSettlementAlterVerify(com.dy.AutoTest.OperationPlatform.POJO.MerchantSettlementAlterBean)[pri:0, instance:com.dy.AutoTest.OperationPlatform.TestCases.MerchantManagementOnLine.OnLineMechantInfo.MerchantSettlementPageTest@214b199c]" name="testMerchantSettlementAlterVerify" duration-ms="15142" started-at="2018-11-16T08:37:12Z" data-provider="SettlementInfoAlter" finished-at="2018-11-16T08:37:27Z">
          <params>
            <param index="0">
              <value>
                <![CDATA[com.dy.AutoTest.OperationPlatform.POJO.MerchantSettlementAlterBean@19b07407]]>
              </value>
            </param>
          </params>
          <reporter-output>
          </reporter-output>
        </test-method> <!-- testMerchantSettlementAlterVerify -->
        <test-method status="PASS" signature="afterMethod(org.testng.ITestResult)[pri:0, instance:com.dy.AutoTest.OperationPlatform.TestCases.MerchantManagementOnLine.OnLineMechantInfo.MerchantSettlementPageTest@214b199c]" name="afterMethod" is-config="true" duration-ms="2002" started-at="2018-11-16T08:37:27Z" finished-at="2018-11-16T08:37:29Z">
          <params>
            <param index="0">
              <value>
                <![CDATA[[TestResult name=testMerchantSettlementAlterVerify status=SUCCESS method=MerchantSettlementPageTest.testMerchantSettlementAlterVerify(com.dy.AutoTest.OperationPlatform.POJO.MerchantSettlementAlterBean)[pri:0, instance:com.dy.AutoTest.OperationPlatform.TestCases.MerchantManagementOnLine.OnLineMechantInfo.MerchantSettlementPageTest@214b199c] output={null}]]]>
              </value>
            </param>
          </params>
          <reporter-output>
            <line>
              <![CDATA[                2018-11-16 16:37:27: [Method]-"MerchantSettlementPageTest.testMerchantSettlementAlterVerify" is passed]]>
            </line>
          </reporter-output>
        </test-method> <!-- afterMethod -->
      </class> <!-- com.dy.AutoTest.OperationPlatform.TestCases.MerchantManagementOnLine.OnLineMechantInfo.MerchantSettlementPageTest -->
      <class name="com.dy.AutoTest.web.actions.SingletonSet">
        <test-method status="PASS" signature="init(java.lang.String, java.lang.String)[pri:0, instance:com.dy.AutoTest.web.actions.SingletonSet@7bb58ca3]" name="init" is-config="true" duration-ms="3604" started-at="2018-11-16T08:35:52Z" finished-at="2018-11-16T08:35:56Z">
          <params>
            <param index="0">
              <value>
                <![CDATA[chrome]]>
              </value>
            </param>
            <param index="1">
              <value>
                <![CDATA[pop_uat]]>
              </value>
            </param>
          </params>
          <reporter-output>
          </reporter-output>
        </test-method> <!-- init -->
        <test-method status="PASS" signature="releaseJDBC()[pri:0, instance:com.dy.AutoTest.web.actions.SingletonSet@7bb58ca3]" name="releaseJDBC" is-config="true" duration-ms="2751" started-at="2018-11-16T08:37:34Z" finished-at="2018-11-16T08:37:36Z">
          <reporter-output>
          </reporter-output>
        </test-method> <!-- releaseJDBC -->
      </class> <!-- com.dy.AutoTest.web.actions.SingletonSet -->
      <class name="com.dy.AutoTest.OperationPlatform.TestCases.LoginPageTest">
        <test-method status="PASS" signature="BeforeTest(org.testng.ITestContext)[pri:0, instance:com.dy.AutoTest.OperationPlatform.TestCases.LoginPageTest@2b546384]" name="BeforeTest" is-config="true" duration-ms="1" started-at="2018-11-16T08:36:54Z" finished-at="2018-11-16T08:36:54Z">
          <params>
            <param index="0">
              <value>
                <![CDATA[org.testng.TestRunner@7739aac4]]>
              </value>
            </param>
          </params>
          <reporter-output>
            <line>
              <![CDATA[        2018-11-16 16:36:54): [Test]-"MerchantAuditPass" is started]]>
            </line>
          </reporter-output>
        </test-method> <!-- BeforeTest -->
        <test-method status="PASS" signature="beforeClass()[pri:0, instance:com.dy.AutoTest.OperationPlatform.TestCases.LoginPageTest@2b546384]" name="beforeClass" is-config="true" duration-ms="0" started-at="2018-11-16T08:36:54Z" finished-at="2018-11-16T08:36:54Z">
          <reporter-output>
          </reporter-output>
        </test-method> <!-- beforeClass -->
        <test-method status="PASS" signature="init()[pri:0, instance:com.dy.AutoTest.OperationPlatform.TestCases.LoginPageTest@2b546384]" name="init" is-config="true" duration-ms="1" started-at="2018-11-16T08:36:54Z" finished-at="2018-11-16T08:36:54Z">
          <reporter-output>
          </reporter-output>
        </test-method> <!-- init -->
        <test-method status="PASS" signature="beforeMethod(java.lang.reflect.Method)[pri:0, instance:com.dy.AutoTest.OperationPlatform.TestCases.LoginPageTest@2b546384]" name="beforeMethod" is-config="true" duration-ms="1" started-at="2018-11-16T08:36:54Z" finished-at="2018-11-16T08:36:54Z">
          <params>
            <param index="0">
              <value>
                <![CDATA[public void com.dy.AutoTest.OperationPlatform.TestCases.LoginPageTest.testLogin(java.lang.String)]]>
              </value>
            </param>
          </params>
          <reporter-output>
            <line>
              <![CDATA[                2018-11-16 16:36:54: [Method]-"LoginPageTest.testLogin" is started]]>
            </line>
          </reporter-output>
        </test-method> <!-- beforeMethod -->
        <test-method status="PASS" signature="testLogin(java.lang.String)[pri:0, instance:com.dy.AutoTest.OperationPlatform.TestCases.LoginPageTest@2b546384]" name="testLogin" duration-ms="3550" started-at="2018-11-16T08:36:54Z" finished-at="2018-11-16T08:36:57Z">
          <params>
            <param index="0">
              <value>
                <![CDATA[T00107]]>
              </value>
            </param>
          </params>
          <reporter-output>
          </reporter-output>
        </test-method> <!-- testLogin -->
        <test-method status="PASS" signature="afterMethod(org.testng.ITestResult)[pri:0, instance:com.dy.AutoTest.OperationPlatform.TestCases.LoginPageTest@2b546384]" name="afterMethod" is-config="true" duration-ms="2001" started-at="2018-11-16T08:36:57Z" finished-at="2018-11-16T08:36:59Z">
          <params>
            <param index="0">
              <value>
                <![CDATA[[TestResult name=testLogin status=SUCCESS method=LoginPageTest.testLogin(java.lang.String)[pri:0, instance:com.dy.AutoTest.OperationPlatform.TestCases.LoginPageTest@2b546384] output={null}]]]>
              </value>
            </param>
          </params>
          <reporter-output>
            <line>
              <![CDATA[                2018-11-16 16:36:57: [Method]-"LoginPageTest.testLogin" is passed]]>
            </line>
          </reporter-output>
        </test-method> <!-- afterMethod -->
        <test-method status="PASS" signature="AfterTest(org.testng.ITestContext)[pri:0, instance:com.dy.AutoTest.OperationPlatform.TestCases.LoginPageTest@2b546384]" name="AfterTest" is-config="true" duration-ms="0" started-at="2018-11-16T08:37:34Z" finished-at="2018-11-16T08:37:34Z">
          <params>
            <param index="0">
              <value>
                <![CDATA[org.testng.TestRunner@7739aac4]]>
              </value>
            </param>
          </params>
          <reporter-output>
            <line>
              <![CDATA[        2018-11-16 16:37:34): [Test]-"MerchantAuditPass" is finished]]>
            </line>
          </reporter-output>
        </test-method> <!-- AfterTest -->
      </class> <!-- com.dy.AutoTest.OperationPlatform.TestCases.LoginPageTest -->
      <class name="com.dy.AutoTest.OperationPlatform.TestCases.MainMenuPageTest">
        <test-method status="PASS" signature="init()[pri:0, instance:com.dy.AutoTest.OperationPlatform.TestCases.MainMenuPageTest@20d3d15a]" name="init" is-config="true" duration-ms="2" started-at="2018-11-16T08:37:29Z" finished-at="2018-11-16T08:37:29Z">
          <reporter-output>
          </reporter-output>
        </test-method> <!-- init -->
        <test-method status="PASS" signature="testQuit()[pri:0, instance:com.dy.AutoTest.OperationPlatform.TestCases.MainMenuPageTest@20d3d15a]" name="testQuit" duration-ms="3533" started-at="2018-11-16T08:37:29Z" finished-at="2018-11-16T08:37:33Z">
          <reporter-output>
          </reporter-output>
        </test-method> <!-- testQuit -->
        <test-method status="PASS" signature="releaseBrowser()[pri:0, instance:com.dy.AutoTest.OperationPlatform.TestCases.MainMenuPageTest@20d3d15a]" name="releaseBrowser" is-config="true" duration-ms="1000" started-at="2018-11-16T08:37:33Z" finished-at="2018-11-16T08:37:34Z">
          <reporter-output>
          </reporter-output>
        </test-method> <!-- releaseBrowser -->
      </class> <!-- com.dy.AutoTest.OperationPlatform.TestCases.MainMenuPageTest -->
      <class name="com.dy.AutoTest.OperationPlatform.TestCases.MerchantManagementOnLine.OnLineMechantInfo.MerchantAuditPageTest">
        <test-method status="PASS" signature="beforeClass()[pri:0, instance:com.dy.AutoTest.OperationPlatform.TestCases.MerchantManagementOnLine.OnLineMechantInfo.MerchantAuditPageTest@5d740a0f]" name="beforeClass" is-config="true" duration-ms="0" started-at="2018-11-16T08:36:59Z" finished-at="2018-11-16T08:36:59Z">
          <reporter-output>
          </reporter-output>
        </test-method> <!-- beforeClass -->
        <test-method status="PASS" signature="init()[pri:0, instance:com.dy.AutoTest.OperationPlatform.TestCases.MerchantManagementOnLine.OnLineMechantInfo.MerchantAuditPageTest@5d740a0f]" name="init" is-config="true" duration-ms="2" started-at="2018-11-16T08:36:59Z" finished-at="2018-11-16T08:36:59Z">
          <reporter-output>
          </reporter-output>
        </test-method> <!-- init -->
        <test-method status="PASS" signature="beforeMethod(java.lang.reflect.Method)[pri:0, instance:com.dy.AutoTest.OperationPlatform.TestCases.MerchantManagementOnLine.OnLineMechantInfo.MerchantAuditPageTest@5d740a0f]" name="beforeMethod" is-config="true" duration-ms="0" started-at="2018-11-16T08:36:59Z" finished-at="2018-11-16T08:36:59Z">
          <params>
            <param index="0">
              <value>
                <![CDATA[public void com.dy.AutoTest.OperationPlatform.TestCases.MerchantManagementOnLine.OnLineMechantInfo.MerchantAuditPageTest.testMerchantAuditPass(java.lang.String)]]>
              </value>
            </param>
          </params>
          <reporter-output>
            <line>
              <![CDATA[                2018-11-16 16:36:59: [Method]-"MerchantAuditPageTest.testMerchantAuditPass" is started]]>
            </line>
          </reporter-output>
        </test-method> <!-- beforeMethod -->
        <test-method status="PASS" signature="testMerchantAuditPass(java.lang.String)[pri:0, instance:com.dy.AutoTest.OperationPlatform.TestCases.MerchantManagementOnLine.OnLineMechantInfo.MerchantAuditPageTest@5d740a0f]" name="testMerchantAuditPass" duration-ms="10757" started-at="2018-11-16T08:36:59Z" finished-at="2018-11-16T08:37:10Z">
          <params>
            <param index="0">
              <value>
                <![CDATA[5]]>
              </value>
            </param>
          </params>
          <reporter-output>
            <line>
              <![CDATA[MerchantNO: 872290070135000 商户结算信息新增审核通过]]>
            </line>
          </reporter-output>
        </test-method> <!-- testMerchantAuditPass -->
        <test-method status="PASS" signature="afterMethod(org.testng.ITestResult)[pri:0, instance:com.dy.AutoTest.OperationPlatform.TestCases.MerchantManagementOnLine.OnLineMechantInfo.MerchantAuditPageTest@5d740a0f]" name="afterMethod" is-config="true" duration-ms="2000" started-at="2018-11-16T08:37:10Z" finished-at="2018-11-16T08:37:12Z">
          <params>
            <param index="0">
              <value>
                <![CDATA[[TestResult name=testMerchantAuditPass status=SUCCESS method=MerchantAuditPageTest.testMerchantAuditPass(java.lang.String)[pri:0, instance:com.dy.AutoTest.OperationPlatform.TestCases.MerchantManagementOnLine.OnLineMechantInfo.MerchantAuditPageTest@5d740a0f] output=MerchantNO: 872290070135000 商户结算信息新增审核通过]]]>
              </value>
            </param>
          </params>
          <reporter-output>
            <line>
              <![CDATA[                2018-11-16 16:37:10: [Method]-"MerchantAuditPageTest.testMerchantAuditPass" is passed]]>
            </line>
          </reporter-output>
        </test-method> <!-- afterMethod -->
      </class> <!-- com.dy.AutoTest.OperationPlatform.TestCases.MerchantManagementOnLine.OnLineMechantInfo.MerchantAuditPageTest -->
    </test> <!-- MerchantAuditPass -->
  </suite> <!-- SuiteOperationPlatform -->
</testng-results>
