<?xml version="1.0" encoding="UTF-8"?>
<testng-results skipped="0" failed="0" ignored="4" total="7" passed="3">
  <reporter-output>
    <line>
      <![CDATA[        2018-11-29 14:10:48): [Test]-"Login" is started]]>
    </line>
    <line>
      <![CDATA[                2018-11-29 14:10:48: [Method]-"LoginPageTest.testLogin" is started]]>
    </line>
    <line>
      <![CDATA[                2018-11-29 14:10:53: [Method]-"LoginPageTest.testLogin" is passed]]>
    </line>
    <line>
      <![CDATA[        2018-11-29 14:10:55): [Test]-"Login" is finished]]>
    </line>
    <line>
      <![CDATA[        2018-11-29 14:10:56): [Test]-"OnlinePurchaseOrderQuery" is started]]>
    </line>
    <line>
      <![CDATA[                2018-11-29 14:10:56: [Method]-"OnlinePurchaseOrderQueryPageTest.testCheck" is started]]>
    </line>
    <line>
      <![CDATA[                2018-11-29 14:11:21: [Method]-"OnlinePurchaseOrderQueryPageTest.testCheck" is passed]]>
    </line>
    <line>
      <![CDATA[        2018-11-29 14:11:23): [Test]-"OnlinePurchaseOrderQuery" is finished]]>
    </line>
  </reporter-output>
  <suite name="SuiteOperationPlatform" duration-ms="39565" started-at="2018-11-29T06:10:48Z" finished-at="2018-11-29T06:11:27Z">
    <groups>
    </groups>
    <test name="Login" duration-ms="7578" started-at="2018-11-29T06:10:48Z" finished-at="2018-11-29T06:10:56Z">
      <class name="com.dy.AutoTest.OperationPlatform.TestCases.LoginPageTest">
        <test-method status="PASS" signature="BeforeTest(org.testng.ITestContext)[pri:0, instance:com.dy.AutoTest.OperationPlatform.TestCases.LoginPageTest@23f7d05d]" name="BeforeTest" is-config="true" duration-ms="2" started-at="2018-11-29T06:10:48Z" finished-at="2018-11-29T06:10:48Z">
          <params>
            <param index="0">
              <value>
                <![CDATA[org.testng.TestRunner@45e22def]]>
              </value>
            </param>
          </params>
          <reporter-output>
            <line>
              <![CDATA[        2018-11-29 14:10:48): [Test]-"Login" is started]]>
            </line>
          </reporter-output>
        </test-method> <!-- BeforeTest -->
        <test-method status="PASS" signature="beforeClass()[pri:0, instance:com.dy.AutoTest.OperationPlatform.TestCases.LoginPageTest@23f7d05d]" name="beforeClass" is-config="true" duration-ms="0" started-at="2018-11-29T06:10:48Z" finished-at="2018-11-29T06:10:48Z">
          <reporter-output>
          </reporter-output>
        </test-method> <!-- beforeClass -->
        <test-method status="PASS" signature="init()[pri:0, instance:com.dy.AutoTest.OperationPlatform.TestCases.LoginPageTest@23f7d05d]" name="init" is-config="true" duration-ms="4" started-at="2018-11-29T06:10:48Z" finished-at="2018-11-29T06:10:48Z">
          <reporter-output>
          </reporter-output>
        </test-method> <!-- init -->
        <test-method status="PASS" signature="beforeMethod(java.lang.reflect.Method)[pri:0, instance:com.dy.AutoTest.OperationPlatform.TestCases.LoginPageTest@23f7d05d]" name="beforeMethod" is-config="true" duration-ms="0" started-at="2018-11-29T06:10:48Z" finished-at="2018-11-29T06:10:48Z">
          <params>
            <param index="0">
              <value>
                <![CDATA[public void com.dy.AutoTest.OperationPlatform.TestCases.LoginPageTest.testLogin(java.lang.String)]]>
              </value>
            </param>
          </params>
          <reporter-output>
            <line>
              <![CDATA[                2018-11-29 14:10:48: [Method]-"LoginPageTest.testLogin" is started]]>
            </line>
          </reporter-output>
        </test-method> <!-- beforeMethod -->
        <test-method status="PASS" signature="testLogin(java.lang.String)[pri:0, instance:com.dy.AutoTest.OperationPlatform.TestCases.LoginPageTest@23f7d05d]" name="testLogin" duration-ms="5546" started-at="2018-11-29T06:10:48Z" finished-at="2018-11-29T06:10:53Z">
          <params>
            <param index="0">
              <value>
                <![CDATA[T00064]]>
              </value>
            </param>
          </params>
          <reporter-output>
          </reporter-output>
        </test-method> <!-- testLogin -->
        <test-method status="PASS" signature="afterMethod(org.testng.ITestResult)[pri:0, instance:com.dy.AutoTest.OperationPlatform.TestCases.LoginPageTest@23f7d05d]" name="afterMethod" is-config="true" duration-ms="2001" started-at="2018-11-29T06:10:53Z" finished-at="2018-11-29T06:10:55Z">
          <params>
            <param index="0">
              <value>
                <![CDATA[[TestResult name=testLogin status=SUCCESS method=LoginPageTest.testLogin(java.lang.String)[pri:0, instance:com.dy.AutoTest.OperationPlatform.TestCases.LoginPageTest@23f7d05d] output={null}]]]>
              </value>
            </param>
          </params>
          <reporter-output>
            <line>
              <![CDATA[                2018-11-29 14:10:53: [Method]-"LoginPageTest.testLogin" is passed]]>
            </line>
          </reporter-output>
        </test-method> <!-- afterMethod -->
        <test-method status="PASS" signature="AfterTest(org.testng.ITestContext)[pri:0, instance:com.dy.AutoTest.OperationPlatform.TestCases.LoginPageTest@23f7d05d]" name="AfterTest" is-config="true" duration-ms="1" started-at="2018-11-29T06:10:55Z" finished-at="2018-11-29T06:10:56Z">
          <params>
            <param index="0">
              <value>
                <![CDATA[org.testng.TestRunner@45e22def]]>
              </value>
            </param>
          </params>
          <reporter-output>
            <line>
              <![CDATA[        2018-11-29 14:10:55): [Test]-"Login" is finished]]>
            </line>
          </reporter-output>
        </test-method> <!-- AfterTest -->
      </class> <!-- com.dy.AutoTest.OperationPlatform.TestCases.LoginPageTest -->
    </test> <!-- Login -->
    <test name="OnlinePurchaseOrderQuery" duration-ms="27246" started-at="2018-11-29T06:10:56Z" finished-at="2018-11-29T06:11:23Z">
      <class name="com.dy.AutoTest.OperationPlatform.TestCases.OnlineTransaction.PurchaseOrder.OnlinePurchaseOrderQueryPageTest">
        <test-method status="PASS" signature="BeforeTest(org.testng.ITestContext)[pri:0, instance:com.dy.AutoTest.OperationPlatform.TestCases.OnlineTransaction.PurchaseOrder.OnlinePurchaseOrderQueryPageTest@27ae2fd0]" name="BeforeTest" is-config="true" duration-ms="0" started-at="2018-11-29T06:10:56Z" finished-at="2018-11-29T06:10:56Z">
          <params>
            <param index="0">
              <value>
                <![CDATA[org.testng.TestRunner@6ae3fb94]]>
              </value>
            </param>
          </params>
          <reporter-output>
            <line>
              <![CDATA[        2018-11-29 14:10:56): [Test]-"OnlinePurchaseOrderQuery" is started]]>
            </line>
          </reporter-output>
        </test-method> <!-- BeforeTest -->
        <test-method status="PASS" signature="beforeClass()[pri:0, instance:com.dy.AutoTest.OperationPlatform.TestCases.OnlineTransaction.PurchaseOrder.OnlinePurchaseOrderQueryPageTest@27ae2fd0]" name="beforeClass" is-config="true" duration-ms="0" started-at="2018-11-29T06:10:56Z" finished-at="2018-11-29T06:10:56Z">
          <reporter-output>
          </reporter-output>
        </test-method> <!-- beforeClass -->
        <test-method status="PASS" signature="init()[pri:0, instance:com.dy.AutoTest.OperationPlatform.TestCases.OnlineTransaction.PurchaseOrder.OnlinePurchaseOrderQueryPageTest@27ae2fd0]" name="init" is-config="true" duration-ms="3" started-at="2018-11-29T06:10:56Z" finished-at="2018-11-29T06:10:56Z">
          <reporter-output>
          </reporter-output>
        </test-method> <!-- init -->
        <test-method status="PASS" signature="beforeMethod(java.lang.reflect.Method)[pri:0, instance:com.dy.AutoTest.OperationPlatform.TestCases.OnlineTransaction.PurchaseOrder.OnlinePurchaseOrderQueryPageTest@27ae2fd0]" name="beforeMethod" is-config="true" duration-ms="1" started-at="2018-11-29T06:10:56Z" finished-at="2018-11-29T06:10:56Z">
          <params>
            <param index="0">
              <value>
                <![CDATA[public void com.dy.AutoTest.OperationPlatform.TestCases.OnlineTransaction.PurchaseOrder.OnlinePurchaseOrderQueryPageTest.testCheck(com.dy.AutoTest.OperationPlatform.POJO.OnlinePurchaseOrderQueryBean)]]>
              </value>
            </param>
          </params>
          <reporter-output>
            <line>
              <![CDATA[                2018-11-29 14:10:56: [Method]-"OnlinePurchaseOrderQueryPageTest.testCheck" is started]]>
            </line>
          </reporter-output>
        </test-method> <!-- beforeMethod -->
        <test-method status="PASS" signature="testCheck(com.dy.AutoTest.OperationPlatform.POJO.OnlinePurchaseOrderQueryBean)[pri:0, instance:com.dy.AutoTest.OperationPlatform.TestCases.OnlineTransaction.PurchaseOrder.OnlinePurchaseOrderQueryPageTest@27ae2fd0]" name="testCheck" duration-ms="25231" started-at="2018-11-29T06:10:56Z" description="运营平台-线上交易-查看详情" data-provider="OnlinePurchaseOrderQueryByCaseNO" finished-at="2018-11-29T06:11:21Z">
          <params>
            <param index="0">
              <value>
                <![CDATA[com.dy.AutoTest.OperationPlatform.POJO.OnlinePurchaseOrderQueryBean@66629f63]]>
              </value>
            </param>
          </params>
          <reporter-output>
          </reporter-output>
        </test-method> <!-- testCheck -->
        <test-method status="PASS" signature="afterMethod(org.testng.ITestResult)[pri:0, instance:com.dy.AutoTest.OperationPlatform.TestCases.OnlineTransaction.PurchaseOrder.OnlinePurchaseOrderQueryPageTest@27ae2fd0]" name="afterMethod" is-config="true" duration-ms="2001" started-at="2018-11-29T06:11:21Z" finished-at="2018-11-29T06:11:23Z">
          <params>
            <param index="0">
              <value>
                <![CDATA[[TestResult name=testCheck status=SUCCESS method=OnlinePurchaseOrderQueryPageTest.testCheck(com.dy.AutoTest.OperationPlatform.POJO.OnlinePurchaseOrderQueryBean)[pri:0, instance:com.dy.AutoTest.OperationPlatform.TestCases.OnlineTransaction.PurchaseOrder.OnlinePurchaseOrderQueryPageTest@27ae2fd0] output={null}]]]>
              </value>
            </param>
          </params>
          <reporter-output>
            <line>
              <![CDATA[                2018-11-29 14:11:21: [Method]-"OnlinePurchaseOrderQueryPageTest.testCheck" is passed]]>
            </line>
          </reporter-output>
        </test-method> <!-- afterMethod -->
        <test-method status="PASS" signature="AfterTest(org.testng.ITestContext)[pri:0, instance:com.dy.AutoTest.OperationPlatform.TestCases.OnlineTransaction.PurchaseOrder.OnlinePurchaseOrderQueryPageTest@27ae2fd0]" name="AfterTest" is-config="true" duration-ms="1" started-at="2018-11-29T06:11:23Z" finished-at="2018-11-29T06:11:23Z">
          <params>
            <param index="0">
              <value>
                <![CDATA[org.testng.TestRunner@6ae3fb94]]>
              </value>
            </param>
          </params>
          <reporter-output>
            <line>
              <![CDATA[        2018-11-29 14:11:23): [Test]-"OnlinePurchaseOrderQuery" is finished]]>
            </line>
          </reporter-output>
        </test-method> <!-- AfterTest -->
      </class> <!-- com.dy.AutoTest.OperationPlatform.TestCases.OnlineTransaction.PurchaseOrder.OnlinePurchaseOrderQueryPageTest -->
    </test> <!-- OnlinePurchaseOrderQuery -->
    <test name="Quit" duration-ms="4703" started-at="2018-11-29T06:11:23Z" finished-at="2018-11-29T06:11:27Z">
      <class name="com.dy.AutoTest.web.actions.SingletonSet">
        <test-method status="PASS" signature="init(java.lang.String, java.lang.String)[pri:0, instance:com.dy.AutoTest.web.actions.SingletonSet@23986957]" name="init" is-config="true" duration-ms="3650" started-at="2018-11-29T06:10:44Z" finished-at="2018-11-29T06:10:48Z">
          <params>
            <param index="0">
              <value>
                <![CDATA[chrome]]>
              </value>
            </param>
            <param index="1">
              <value>
                <![CDATA[pop_uat]]>
              </value>
            </param>
          </params>
          <reporter-output>
          </reporter-output>
        </test-method> <!-- init -->
        <test-method status="PASS" signature="releaseJDBC()[pri:0, instance:com.dy.AutoTest.web.actions.SingletonSet@23986957]" name="releaseJDBC" is-config="true" duration-ms="2794" started-at="2018-11-29T06:11:28Z" finished-at="2018-11-29T06:11:30Z">
          <reporter-output>
          </reporter-output>
        </test-method> <!-- releaseJDBC -->
      </class> <!-- com.dy.AutoTest.web.actions.SingletonSet -->
      <class name="com.dy.AutoTest.OperationPlatform.TestCases.MainMenuPageTest">
        <test-method status="PASS" signature="init()[pri:0, instance:com.dy.AutoTest.OperationPlatform.TestCases.MainMenuPageTest@1fe20588]" name="init" is-config="true" duration-ms="3" started-at="2018-11-29T06:11:23Z" finished-at="2018-11-29T06:11:23Z">
          <reporter-output>
          </reporter-output>
        </test-method> <!-- init -->
        <test-method status="PASS" signature="testQuit()[pri:0, instance:com.dy.AutoTest.OperationPlatform.TestCases.MainMenuPageTest@1fe20588]" name="testQuit" duration-ms="3694" started-at="2018-11-29T06:11:23Z" finished-at="2018-11-29T06:11:26Z">
          <reporter-output>
          </reporter-output>
        </test-method> <!-- testQuit -->
        <test-method status="PASS" signature="releaseBrowser()[pri:0, instance:com.dy.AutoTest.OperationPlatform.TestCases.MainMenuPageTest@1fe20588]" name="releaseBrowser" is-config="true" duration-ms="1001" started-at="2018-11-29T06:11:26Z" finished-at="2018-11-29T06:11:27Z">
          <reporter-output>
          </reporter-output>
        </test-method> <!-- releaseBrowser -->
      </class> <!-- com.dy.AutoTest.OperationPlatform.TestCases.MainMenuPageTest -->
    </test> <!-- Quit -->
  </suite> <!-- SuiteOperationPlatform -->
</testng-results>
