<?xml version="1.0" encoding="UTF-8"?>
<testng-results skipped="0" failed="0" ignored="0" total="9" passed="9">
  <reporter-output>
  </reporter-output>
  <suite name="Default suite" duration-ms="152" started-at="2018-11-21T07:13:30Z" finished-at="2018-11-21T07:13:30Z">
    <groups>
    </groups>
    <test name="Default test" duration-ms="152" started-at="2018-11-21T07:13:30Z" finished-at="2018-11-21T07:13:30Z">
      <class name="com.dy.AutoTest.web.util.AutoGenerateTest">
        <test-method status="PASS" signature="init()[pri:0, instance:com.dy.AutoTest.web.util.AutoGenerateTest@7fe8ea47]" name="init" is-config="true" duration-ms="16" started-at="2018-11-21T07:13:30Z" finished-at="2018-11-21T07:13:30Z">
          <reporter-output>
          </reporter-output>
        </test-method> <!-- init -->
        <test-method status="PASS" signature="testAutoGenerate(com.dy.AutoTest.web.beans.LocatorBean)[pri:0, instance:com.dy.AutoTest.web.util.AutoGenerateTest@7fe8ea47]" name="testAutoGenerate" duration-ms="7" started-at="2018-11-21T07:13:30Z" data-provider="locator" finished-at="2018-11-21T07:13:30Z">
          <params>
            <param index="0">
              <value>
                <![CDATA[com.dy.AutoTest.web.beans.LocatorBean@1d082e88]]>
              </value>
            </param>
          </params>
          <reporter-output>
          </reporter-output>
        </test-method> <!-- testAutoGenerate -->
        <test-method status="PASS" signature="testAutoGenerate(com.dy.AutoTest.web.beans.LocatorBean)[pri:0, instance:com.dy.AutoTest.web.util.AutoGenerateTest@7fe8ea47]" name="testAutoGenerate" duration-ms="2" started-at="2018-11-21T07:13:30Z" data-provider="locator" finished-at="2018-11-21T07:13:30Z">
          <params>
            <param index="0">
              <value>
                <![CDATA[com.dy.AutoTest.web.beans.LocatorBean@4fe767f3]]>
              </value>
            </param>
          </params>
          <reporter-output>
          </reporter-output>
        </test-method> <!-- testAutoGenerate -->
        <test-method status="PASS" signature="testAutoGenerate(com.dy.AutoTest.web.beans.LocatorBean)[pri:0, instance:com.dy.AutoTest.web.util.AutoGenerateTest@7fe8ea47]" name="testAutoGenerate" duration-ms="5" started-at="2018-11-21T07:13:30Z" data-provider="locator" finished-at="2018-11-21T07:13:30Z">
          <params>
            <param index="0">
              <value>
                <![CDATA[com.dy.AutoTest.web.beans.LocatorBean@184cf7cf]]>
              </value>
            </param>
          </params>
          <reporter-output>
          </reporter-output>
        </test-method> <!-- testAutoGenerate -->
        <test-method status="PASS" signature="testAutoGenerate(com.dy.AutoTest.web.beans.LocatorBean)[pri:0, instance:com.dy.AutoTest.web.util.AutoGenerateTest@7fe8ea47]" name="testAutoGenerate" duration-ms="3" started-at="2018-11-21T07:13:30Z" data-provider="locator" finished-at="2018-11-21T07:13:30Z">
          <params>
            <param index="0">
              <value>
                <![CDATA[com.dy.AutoTest.web.beans.LocatorBean@5bfa9431]]>
              </value>
            </param>
          </params>
          <reporter-output>
          </reporter-output>
        </test-method> <!-- testAutoGenerate -->
        <test-method status="PASS" signature="testAutoGenerate(com.dy.AutoTest.web.beans.LocatorBean)[pri:0, instance:com.dy.AutoTest.web.util.AutoGenerateTest@7fe8ea47]" name="testAutoGenerate" duration-ms="1" started-at="2018-11-21T07:13:30Z" data-provider="locator" finished-at="2018-11-21T07:13:30Z">
          <params>
            <param index="0">
              <value>
                <![CDATA[com.dy.AutoTest.web.beans.LocatorBean@223f3642]]>
              </value>
            </param>
          </params>
          <reporter-output>
          </reporter-output>
        </test-method> <!-- testAutoGenerate -->
        <test-method status="PASS" signature="testAutoGenerate(com.dy.AutoTest.web.beans.LocatorBean)[pri:0, instance:com.dy.AutoTest.web.util.AutoGenerateTest@7fe8ea47]" name="testAutoGenerate" duration-ms="2" started-at="2018-11-21T07:13:30Z" data-provider="locator" finished-at="2018-11-21T07:13:30Z">
          <params>
            <param index="0">
              <value>
                <![CDATA[com.dy.AutoTest.web.beans.LocatorBean@37918c79]]>
              </value>
            </param>
          </params>
          <reporter-output>
          </reporter-output>
        </test-method> <!-- testAutoGenerate -->
        <test-method status="PASS" signature="testAutoGenerate(com.dy.AutoTest.web.beans.LocatorBean)[pri:0, instance:com.dy.AutoTest.web.util.AutoGenerateTest@7fe8ea47]" name="testAutoGenerate" duration-ms="2" started-at="2018-11-21T07:13:30Z" data-provider="locator" finished-at="2018-11-21T07:13:30Z">
          <params>
            <param index="0">
              <value>
                <![CDATA[com.dy.AutoTest.web.beans.LocatorBean@233fe9b6]]>
              </value>
            </param>
          </params>
          <reporter-output>
          </reporter-output>
        </test-method> <!-- testAutoGenerate -->
        <test-method status="PASS" signature="testAutoGenerate(com.dy.AutoTest.web.beans.LocatorBean)[pri:0, instance:com.dy.AutoTest.web.util.AutoGenerateTest@7fe8ea47]" name="testAutoGenerate" duration-ms="2" started-at="2018-11-21T07:13:30Z" data-provider="locator" finished-at="2018-11-21T07:13:30Z">
          <params>
            <param index="0">
              <value>
                <![CDATA[com.dy.AutoTest.web.beans.LocatorBean@ec756bd]]>
              </value>
            </param>
          </params>
          <reporter-output>
          </reporter-output>
        </test-method> <!-- testAutoGenerate -->
        <test-method status="PASS" signature="testAutoGenerate(com.dy.AutoTest.web.beans.LocatorBean)[pri:0, instance:com.dy.AutoTest.web.util.AutoGenerateTest@7fe8ea47]" name="testAutoGenerate" duration-ms="2" started-at="2018-11-21T07:13:30Z" data-provider="locator" finished-at="2018-11-21T07:13:30Z">
          <params>
            <param index="0">
              <value>
                <![CDATA[com.dy.AutoTest.web.beans.LocatorBean@60dcc9fe]]>
              </value>
            </param>
          </params>
          <reporter-output>
          </reporter-output>
        </test-method> <!-- testAutoGenerate -->
        <test-method status="PASS" signature="end()[pri:0, instance:com.dy.AutoTest.web.util.AutoGenerateTest@7fe8ea47]" name="end" is-config="true" duration-ms="53" started-at="2018-11-21T07:13:30Z" finished-at="2018-11-21T07:13:30Z">
          <reporter-output>
          </reporter-output>
        </test-method> <!-- end -->
      </class> <!-- com.dy.AutoTest.web.util.AutoGenerateTest -->
    </test> <!-- Default test -->
  </suite> <!-- Default suite -->
</testng-results>
