<?xml version="1.0" encoding="UTF-8"?>
<testng-results skipped="0" failed="0" ignored="0" total="1" passed="1">
  <reporter-output>
    <line>
      <![CDATA[        2018-10-15 09:33:21): [Test]-"MerchantAuditPass" is started]]>
    </line>
    <line>
      <![CDATA[                2018-10-15 09:33:21: [Method]-"LoginPageTest.testLogin" is started]]>
    </line>
    <line>
      <![CDATA[                2018-10-15 09:33:27: [Method]-"LoginPageTest.testLogin" is passed]]>
    </line>
    <line>
      <![CDATA[        2018-10-15 09:33:29): [Test]-"MerchantAuditPass" is finished]]>
    </line>
  </reporter-output>
  <suite name="SuiteOperationPlatform" duration-ms="8263" started-at="2018-10-15T01:33:20Z" finished-at="2018-10-15T01:33:29Z">
    <groups>
    </groups>
    <test name="MerchantAuditPass" duration-ms="8263" started-at="2018-10-15T01:33:20Z" finished-at="2018-10-15T01:33:29Z">
      <class name="com.dy.AutoTest.web.actions.SingletonSet">
        <test-method status="PASS" signature="init(java.lang.String, java.lang.String)[pri:0, instance:com.dy.AutoTest.web.actions.SingletonSet@5d47c63f]" name="init" is-config="true" duration-ms="6580" started-at="2018-10-15T01:33:14Z" finished-at="2018-10-15T01:33:20Z">
          <params>
            <param index="0">
              <value>
                <![CDATA[chrome]]>
              </value>
            </param>
            <param index="1">
              <value>
                <![CDATA[pop_uat]]>
              </value>
            </param>
          </params>
          <reporter-output>
          </reporter-output>
        </test-method> <!-- init -->
        <test-method status="PASS" signature="releaseBrowser()[pri:0, instance:com.dy.AutoTest.web.actions.SingletonSet@5d47c63f]" name="releaseBrowser" is-config="true" duration-ms="2768" started-at="2018-10-15T01:33:29Z" finished-at="2018-10-15T01:33:32Z">
          <reporter-output>
          </reporter-output>
        </test-method> <!-- releaseBrowser -->
      </class> <!-- com.dy.AutoTest.web.actions.SingletonSet -->
      <class name="com.dy.AutoTest.OperationPlatform.TestCases.LoginPageTest">
        <test-method status="PASS" signature="BeforeTest(org.testng.ITestContext)[pri:0, instance:com.dy.AutoTest.OperationPlatform.TestCases.LoginPageTest@5ea434c8]" name="BeforeTest" is-config="true" duration-ms="5" started-at="2018-10-15T01:33:21Z" finished-at="2018-10-15T01:33:21Z">
          <params>
            <param index="0">
              <value>
                <![CDATA[org.testng.TestRunner@64337702]]>
              </value>
            </param>
          </params>
          <reporter-output>
            <line>
              <![CDATA[        2018-10-15 09:33:21): [Test]-"MerchantAuditPass" is started]]>
            </line>
          </reporter-output>
        </test-method> <!-- BeforeTest -->
        <test-method status="PASS" signature="beforeClass()[pri:0, instance:com.dy.AutoTest.OperationPlatform.TestCases.LoginPageTest@5ea434c8]" name="beforeClass" is-config="true" duration-ms="0" started-at="2018-10-15T01:33:21Z" finished-at="2018-10-15T01:33:21Z">
          <reporter-output>
          </reporter-output>
        </test-method> <!-- beforeClass -->
        <test-method status="PASS" signature="init()[pri:0, instance:com.dy.AutoTest.OperationPlatform.TestCases.LoginPageTest@5ea434c8]" name="init" is-config="true" duration-ms="22" started-at="2018-10-15T01:33:21Z" finished-at="2018-10-15T01:33:21Z">
          <reporter-output>
          </reporter-output>
        </test-method> <!-- init -->
        <test-method status="PASS" signature="beforeMethod(java.lang.reflect.Method)[pri:0, instance:com.dy.AutoTest.OperationPlatform.TestCases.LoginPageTest@5ea434c8]" name="beforeMethod" is-config="true" duration-ms="1" started-at="2018-10-15T01:33:21Z" finished-at="2018-10-15T01:33:21Z">
          <params>
            <param index="0">
              <value>
                <![CDATA[public void com.dy.AutoTest.OperationPlatform.TestCases.LoginPageTest.testLogin(java.lang.String)]]>
              </value>
            </param>
          </params>
          <reporter-output>
            <line>
              <![CDATA[                2018-10-15 09:33:21: [Method]-"LoginPageTest.testLogin" is started]]>
            </line>
          </reporter-output>
        </test-method> <!-- beforeMethod -->
        <test-method status="PASS" signature="testLogin(java.lang.String)[pri:0, instance:com.dy.AutoTest.OperationPlatform.TestCases.LoginPageTest@5ea434c8]" name="testLogin" duration-ms="6174" started-at="2018-10-15T01:33:21Z" finished-at="2018-10-15T01:33:27Z">
          <params>
            <param index="0">
              <value>
                <![CDATA[T00105]]>
              </value>
            </param>
          </params>
          <reporter-output>
          </reporter-output>
        </test-method> <!-- testLogin -->
        <test-method status="PASS" signature="afterMethod(org.testng.ITestResult)[pri:0, instance:com.dy.AutoTest.OperationPlatform.TestCases.LoginPageTest@5ea434c8]" name="afterMethod" is-config="true" duration-ms="2002" started-at="2018-10-15T01:33:27Z" finished-at="2018-10-15T01:33:29Z">
          <params>
            <param index="0">
              <value>
                <![CDATA[[TestResult name=testLogin status=SUCCESS method=LoginPageTest.testLogin(java.lang.String)[pri:0, instance:com.dy.AutoTest.OperationPlatform.TestCases.LoginPageTest@5ea434c8] output={null}]]]>
              </value>
            </param>
          </params>
          <reporter-output>
            <line>
              <![CDATA[                2018-10-15 09:33:27: [Method]-"LoginPageTest.testLogin" is passed]]>
            </line>
          </reporter-output>
        </test-method> <!-- afterMethod -->
        <test-method status="PASS" signature="AfterTest(org.testng.ITestContext)[pri:0, instance:com.dy.AutoTest.OperationPlatform.TestCases.LoginPageTest@5ea434c8]" name="AfterTest" is-config="true" duration-ms="2" started-at="2018-10-15T01:33:29Z" finished-at="2018-10-15T01:33:29Z">
          <params>
            <param index="0">
              <value>
                <![CDATA[org.testng.TestRunner@64337702]]>
              </value>
            </param>
          </params>
          <reporter-output>
            <line>
              <![CDATA[        2018-10-15 09:33:29): [Test]-"MerchantAuditPass" is finished]]>
            </line>
          </reporter-output>
        </test-method> <!-- AfterTest -->
      </class> <!-- com.dy.AutoTest.OperationPlatform.TestCases.LoginPageTest -->
    </test> <!-- MerchantAuditPass -->
  </suite> <!-- SuiteOperationPlatform -->
</testng-results>
