<?xml version="1.0" encoding="UTF-8"?>
<testng-results skipped="0" failed="0" ignored="4" total="8" passed="4">
  <reporter-output>
    <line>
      <![CDATA[        2018-11-12 11:00:11): [Test]-"UserAccountModifySearch" is started]]>
    </line>
    <line>
      <![CDATA[                2018-11-12 11:00:11: [Method]-"LoginPageTest.testLogin" is started]]>
    </line>
    <line>
      <![CDATA[                2018-11-12 11:00:18: [Method]-"LoginPageTest.testLogin" is passed]]>
    </line>
    <line>
      <![CDATA[                2018-11-12 11:00:20: [Method]-"UserAccountModifySearchTest.testUserAccountModifySearch" is started]]>
    </line>
    <line>
      <![CDATA[                2018-11-12 11:00:22: [Method]-"UserAccountModifySearchTest.testUserAccountModifySearch" is passed]]>
    </line>
    <line>
      <![CDATA[                2018-11-12 11:00:24: [Method]-"UserAccountModifySearchTest.testUserAccountModifySearch" is started]]>
    </line>
    <line>
      <![CDATA[                2018-11-12 11:00:26: [Method]-"UserAccountModifySearchTest.testUserAccountModifySearch" is passed]]>
    </line>
    <line>
      <![CDATA[        2018-11-12 11:00:33): [Test]-"UserAccountModifySearch" is finished]]>
    </line>
  </reporter-output>
  <suite name="UserAccountModifySearch" duration-ms="22224" started-at="2018-11-12T03:00:11Z" finished-at="2018-11-12T03:00:33Z">
    <groups>
    </groups>
    <test name="UserAccountModifySearch" duration-ms="22224" started-at="2018-11-12T03:00:11Z" finished-at="2018-11-12T03:00:33Z">
      <class name="com.dy.AutoTest.web.actions.SingletonSet">
        <test-method status="PASS" signature="init(java.lang.String, java.lang.String)[pri:0, instance:com.dy.AutoTest.web.actions.SingletonSet@61009542]" name="init" is-config="true" duration-ms="3486" started-at="2018-11-12T03:00:07Z" finished-at="2018-11-12T03:00:11Z">
          <params>
            <param index="0">
              <value>
                <![CDATA[chrome]]>
              </value>
            </param>
            <param index="1">
              <value>
                <![CDATA[pop_uat]]>
              </value>
            </param>
          </params>
          <reporter-output>
          </reporter-output>
        </test-method> <!-- init -->
        <test-method status="PASS" signature="releaseJDBC()[pri:0, instance:com.dy.AutoTest.web.actions.SingletonSet@61009542]" name="releaseJDBC" is-config="true" duration-ms="2814" started-at="2018-11-12T03:00:33Z" finished-at="2018-11-12T03:00:36Z">
          <reporter-output>
          </reporter-output>
        </test-method> <!-- releaseJDBC -->
      </class> <!-- com.dy.AutoTest.web.actions.SingletonSet -->
      <class name="com.dy.AutoTest.OperationPlatform.TestCases.LoginPageTest">
        <test-method status="PASS" signature="BeforeTest(org.testng.ITestContext)[pri:0, instance:com.dy.AutoTest.OperationPlatform.TestCases.LoginPageTest@77e9807f]" name="BeforeTest" is-config="true" duration-ms="8" started-at="2018-11-12T03:00:11Z" finished-at="2018-11-12T03:00:11Z">
          <params>
            <param index="0">
              <value>
                <![CDATA[org.testng.TestRunner@1e7f2e0f]]>
              </value>
            </param>
          </params>
          <reporter-output>
            <line>
              <![CDATA[        2018-11-12 11:00:11): [Test]-"UserAccountModifySearch" is started]]>
            </line>
          </reporter-output>
        </test-method> <!-- BeforeTest -->
        <test-method status="PASS" signature="beforeClass()[pri:0, instance:com.dy.AutoTest.OperationPlatform.TestCases.LoginPageTest@77e9807f]" name="beforeClass" is-config="true" duration-ms="1" started-at="2018-11-12T03:00:11Z" finished-at="2018-11-12T03:00:11Z">
          <reporter-output>
          </reporter-output>
        </test-method> <!-- beforeClass -->
        <test-method status="PASS" signature="init()[pri:0, instance:com.dy.AutoTest.OperationPlatform.TestCases.LoginPageTest@77e9807f]" name="init" is-config="true" duration-ms="4" started-at="2018-11-12T03:00:11Z" finished-at="2018-11-12T03:00:11Z">
          <reporter-output>
          </reporter-output>
        </test-method> <!-- init -->
        <test-method status="PASS" signature="beforeMethod(java.lang.reflect.Method)[pri:0, instance:com.dy.AutoTest.OperationPlatform.TestCases.LoginPageTest@77e9807f]" name="beforeMethod" is-config="true" duration-ms="1" started-at="2018-11-12T03:00:11Z" finished-at="2018-11-12T03:00:11Z">
          <params>
            <param index="0">
              <value>
                <![CDATA[public void com.dy.AutoTest.OperationPlatform.TestCases.LoginPageTest.testLogin(java.lang.String)]]>
              </value>
            </param>
          </params>
          <reporter-output>
            <line>
              <![CDATA[                2018-11-12 11:00:11: [Method]-"LoginPageTest.testLogin" is started]]>
            </line>
          </reporter-output>
        </test-method> <!-- beforeMethod -->
        <test-method status="PASS" signature="testLogin(java.lang.String)[pri:0, instance:com.dy.AutoTest.OperationPlatform.TestCases.LoginPageTest@77e9807f]" name="testLogin" duration-ms="6877" started-at="2018-11-12T03:00:11Z" finished-at="2018-11-12T03:00:18Z">
          <params>
            <param index="0">
              <value>
                <![CDATA[T00105]]>
              </value>
            </param>
          </params>
          <reporter-output>
          </reporter-output>
        </test-method> <!-- testLogin -->
        <test-method status="PASS" signature="afterMethod(org.testng.ITestResult)[pri:0, instance:com.dy.AutoTest.OperationPlatform.TestCases.LoginPageTest@77e9807f]" name="afterMethod" is-config="true" duration-ms="2000" started-at="2018-11-12T03:00:18Z" finished-at="2018-11-12T03:00:20Z">
          <params>
            <param index="0">
              <value>
                <![CDATA[[TestResult name=testLogin status=SUCCESS method=LoginPageTest.testLogin(java.lang.String)[pri:0, instance:com.dy.AutoTest.OperationPlatform.TestCases.LoginPageTest@77e9807f] output={null}]]]>
              </value>
            </param>
          </params>
          <reporter-output>
            <line>
              <![CDATA[                2018-11-12 11:00:18: [Method]-"LoginPageTest.testLogin" is passed]]>
            </line>
          </reporter-output>
        </test-method> <!-- afterMethod -->
        <test-method status="PASS" signature="AfterTest(org.testng.ITestContext)[pri:0, instance:com.dy.AutoTest.OperationPlatform.TestCases.LoginPageTest@77e9807f]" name="AfterTest" is-config="true" duration-ms="2" started-at="2018-11-12T03:00:33Z" finished-at="2018-11-12T03:00:33Z">
          <params>
            <param index="0">
              <value>
                <![CDATA[org.testng.TestRunner@1e7f2e0f]]>
              </value>
            </param>
          </params>
          <reporter-output>
            <line>
              <![CDATA[        2018-11-12 11:00:33): [Test]-"UserAccountModifySearch" is finished]]>
            </line>
          </reporter-output>
        </test-method> <!-- AfterTest -->
      </class> <!-- com.dy.AutoTest.OperationPlatform.TestCases.LoginPageTest -->
      <class name="com.dy.AutoTest.OperationPlatform.TestCases.UserManagement.UserInfoManagement.UserAccountModifySearchTest">
        <test-method status="PASS" signature="beforeClass()[pri:0, instance:com.dy.AutoTest.OperationPlatform.TestCases.UserManagement.UserInfoManagement.UserAccountModifySearchTest@448ff1a8]" name="beforeClass" is-config="true" duration-ms="0" started-at="2018-11-12T03:00:20Z" finished-at="2018-11-12T03:00:20Z">
          <reporter-output>
          </reporter-output>
        </test-method> <!-- beforeClass -->
        <test-method status="PASS" signature="init()[pri:0, instance:com.dy.AutoTest.OperationPlatform.TestCases.UserManagement.UserInfoManagement.UserAccountModifySearchTest@448ff1a8]" name="init" is-config="true" duration-ms="1" started-at="2018-11-12T03:00:20Z" finished-at="2018-11-12T03:00:20Z">
          <reporter-output>
          </reporter-output>
        </test-method> <!-- init -->
        <test-method status="PASS" signature="beforeMethod(java.lang.reflect.Method)[pri:0, instance:com.dy.AutoTest.OperationPlatform.TestCases.UserManagement.UserInfoManagement.UserAccountModifySearchTest@448ff1a8]" name="beforeMethod" is-config="true" duration-ms="1" started-at="2018-11-12T03:00:20Z" finished-at="2018-11-12T03:00:20Z">
          <params>
            <param index="0">
              <value>
                <![CDATA[public void com.dy.AutoTest.OperationPlatform.TestCases.UserManagement.UserInfoManagement.UserAccountModifySearchTest.testUserAccountModifySearch(com.dy.AutoTest.OperationPlatform.POJO.UserAccountModifySearchBean)]]>
              </value>
            </param>
          </params>
          <reporter-output>
            <line>
              <![CDATA[                2018-11-12 11:00:20: [Method]-"UserAccountModifySearchTest.testUserAccountModifySearch" is started]]>
            </line>
          </reporter-output>
        </test-method> <!-- beforeMethod -->
        <test-method status="PASS" signature="testUserAccountModifySearch(com.dy.AutoTest.OperationPlatform.POJO.UserAccountModifySearchBean)[pri:0, instance:com.dy.AutoTest.OperationPlatform.TestCases.UserManagement.UserInfoManagement.UserAccountModifySearchTest@448ff1a8]" name="testUserAccountModifySearch" duration-ms="2446" started-at="2018-11-12T03:00:20Z" data-provider="UserAccountModifySearch" finished-at="2018-11-12T03:00:22Z">
          <params>
            <param index="0">
              <value>
                <![CDATA[com.dy.AutoTest.OperationPlatform.POJO.UserAccountModifySearchBean@31e3250d]]>
              </value>
            </param>
          </params>
          <reporter-output>
          </reporter-output>
        </test-method> <!-- testUserAccountModifySearch -->
        <test-method status="PASS" signature="afterMethod(org.testng.ITestResult)[pri:0, instance:com.dy.AutoTest.OperationPlatform.TestCases.UserManagement.UserInfoManagement.UserAccountModifySearchTest@448ff1a8]" name="afterMethod" is-config="true" duration-ms="2000" started-at="2018-11-12T03:00:22Z" finished-at="2018-11-12T03:00:24Z">
          <params>
            <param index="0">
              <value>
                <![CDATA[[TestResult name=testUserAccountModifySearch status=SUCCESS method=UserAccountModifySearchTest.testUserAccountModifySearch(com.dy.AutoTest.OperationPlatform.POJO.UserAccountModifySearchBean)[pri:0, instance:com.dy.AutoTest.OperationPlatform.TestCases.UserManagement.UserInfoManagement.UserAccountModifySearchTest@448ff1a8] output={null}]]]>
              </value>
            </param>
          </params>
          <reporter-output>
            <line>
              <![CDATA[                2018-11-12 11:00:22: [Method]-"UserAccountModifySearchTest.testUserAccountModifySearch" is passed]]>
            </line>
          </reporter-output>
        </test-method> <!-- afterMethod -->
        <test-method status="PASS" signature="beforeMethod(java.lang.reflect.Method)[pri:0, instance:com.dy.AutoTest.OperationPlatform.TestCases.UserManagement.UserInfoManagement.UserAccountModifySearchTest@448ff1a8]" name="beforeMethod" is-config="true" duration-ms="2" started-at="2018-11-12T03:00:24Z" finished-at="2018-11-12T03:00:24Z">
          <params>
            <param index="0">
              <value>
                <![CDATA[public void com.dy.AutoTest.OperationPlatform.TestCases.UserManagement.UserInfoManagement.UserAccountModifySearchTest.testUserAccountModifySearch(com.dy.AutoTest.OperationPlatform.POJO.UserAccountModifySearchBean)]]>
              </value>
            </param>
          </params>
          <reporter-output>
            <line>
              <![CDATA[                2018-11-12 11:00:24: [Method]-"UserAccountModifySearchTest.testUserAccountModifySearch" is started]]>
            </line>
          </reporter-output>
        </test-method> <!-- beforeMethod -->
        <test-method status="PASS" signature="testUserAccountModifySearch(com.dy.AutoTest.OperationPlatform.POJO.UserAccountModifySearchBean)[pri:0, instance:com.dy.AutoTest.OperationPlatform.TestCases.UserManagement.UserInfoManagement.UserAccountModifySearchTest@448ff1a8]" name="testUserAccountModifySearch" duration-ms="2315" started-at="2018-11-12T03:00:24Z" data-provider="UserAccountModifySearch" finished-at="2018-11-12T03:00:26Z">
          <params>
            <param index="0">
              <value>
                <![CDATA[com.dy.AutoTest.OperationPlatform.POJO.UserAccountModifySearchBean@538613b3]]>
              </value>
            </param>
          </params>
          <reporter-output>
          </reporter-output>
        </test-method> <!-- testUserAccountModifySearch -->
        <test-method status="PASS" signature="afterMethod(org.testng.ITestResult)[pri:0, instance:com.dy.AutoTest.OperationPlatform.TestCases.UserManagement.UserInfoManagement.UserAccountModifySearchTest@448ff1a8]" name="afterMethod" is-config="true" duration-ms="2000" started-at="2018-11-12T03:00:26Z" finished-at="2018-11-12T03:00:28Z">
          <params>
            <param index="0">
              <value>
                <![CDATA[[TestResult name=testUserAccountModifySearch status=SUCCESS method=UserAccountModifySearchTest.testUserAccountModifySearch(com.dy.AutoTest.OperationPlatform.POJO.UserAccountModifySearchBean)[pri:0, instance:com.dy.AutoTest.OperationPlatform.TestCases.UserManagement.UserInfoManagement.UserAccountModifySearchTest@448ff1a8] output={null}]]]>
              </value>
            </param>
          </params>
          <reporter-output>
            <line>
              <![CDATA[                2018-11-12 11:00:26: [Method]-"UserAccountModifySearchTest.testUserAccountModifySearch" is passed]]>
            </line>
          </reporter-output>
        </test-method> <!-- afterMethod -->
      </class> <!-- com.dy.AutoTest.OperationPlatform.TestCases.UserManagement.UserInfoManagement.UserAccountModifySearchTest -->
      <class name="com.dy.AutoTest.OperationPlatform.TestCases.MainMenuPageTest">
        <test-method status="PASS" signature="init()[pri:0, instance:com.dy.AutoTest.OperationPlatform.TestCases.MainMenuPageTest@1a38c59b]" name="init" is-config="true" duration-ms="1" started-at="2018-11-12T03:00:28Z" finished-at="2018-11-12T03:00:28Z">
          <reporter-output>
          </reporter-output>
        </test-method> <!-- init -->
        <test-method status="PASS" signature="testQuit()[pri:0, instance:com.dy.AutoTest.OperationPlatform.TestCases.MainMenuPageTest@1a38c59b]" name="testQuit" duration-ms="3529" started-at="2018-11-12T03:00:28Z" finished-at="2018-11-12T03:00:32Z">
          <reporter-output>
          </reporter-output>
        </test-method> <!-- testQuit -->
        <test-method status="PASS" signature="releaseBrowser()[pri:0, instance:com.dy.AutoTest.OperationPlatform.TestCases.MainMenuPageTest@1a38c59b]" name="releaseBrowser" is-config="true" duration-ms="1000" started-at="2018-11-12T03:00:32Z" finished-at="2018-11-12T03:00:33Z">
          <reporter-output>
          </reporter-output>
        </test-method> <!-- releaseBrowser -->
      </class> <!-- com.dy.AutoTest.OperationPlatform.TestCases.MainMenuPageTest -->
    </test> <!-- UserAccountModifySearch -->
  </suite> <!-- UserAccountModifySearch -->
</testng-results>
