<?xml version="1.0" encoding="UTF-8"?>
<testng-results skipped="0" failed="0" ignored="0" total="71" passed="71">
  <reporter-output>
  </reporter-output>
  <suite name="Default suite" duration-ms="517" started-at="2018-11-21T05:21:53Z" finished-at="2018-11-21T05:21:53Z">
    <groups>
    </groups>
    <test name="Default test" duration-ms="517" started-at="2018-11-21T05:21:53Z" finished-at="2018-11-21T05:21:53Z">
      <class name="com.dy.AutoTest.web.util.test.AutoGenerateTest">
        <test-method status="PASS" signature="init()[pri:0, instance:com.dy.AutoTest.web.util.test.AutoGenerateTest@7fe8ea47]" name="init" is-config="true" duration-ms="15" started-at="2018-11-21T05:21:53Z" finished-at="2018-11-21T05:21:53Z">
          <reporter-output>
          </reporter-output>
        </test-method> <!-- init -->
        <test-method status="PASS" signature="testAutoGenerate(com.dy.AutoTest.web.beans.LocatorBean)[pri:0, instance:com.dy.AutoTest.web.util.test.AutoGenerateTest@7fe8ea47]" name="testAutoGenerate" duration-ms="6" started-at="2018-11-21T05:21:53Z" data-provider="locator" finished-at="2018-11-21T05:21:53Z">
          <params>
            <param index="0">
              <value>
                <![CDATA[com.dy.AutoTest.web.beans.LocatorBean@60704c]]>
              </value>
            </param>
          </params>
          <reporter-output>
          </reporter-output>
        </test-method> <!-- testAutoGenerate -->
        <test-method status="PASS" signature="testAutoGenerate(com.dy.AutoTest.web.beans.LocatorBean)[pri:0, instance:com.dy.AutoTest.web.util.test.AutoGenerateTest@7fe8ea47]" name="testAutoGenerate" duration-ms="2" started-at="2018-11-21T05:21:53Z" data-provider="locator" finished-at="2018-11-21T05:21:53Z">
          <params>
            <param index="0">
              <value>
                <![CDATA[com.dy.AutoTest.web.beans.LocatorBean@2805c96b]]>
              </value>
            </param>
          </params>
          <reporter-output>
          </reporter-output>
        </test-method> <!-- testAutoGenerate -->
        <test-method status="PASS" signature="testAutoGenerate(com.dy.AutoTest.web.beans.LocatorBean)[pri:0, instance:com.dy.AutoTest.web.util.test.AutoGenerateTest@7fe8ea47]" name="testAutoGenerate" duration-ms="3" started-at="2018-11-21T05:21:53Z" data-provider="locator" finished-at="2018-11-21T05:21:53Z">
          <params>
            <param index="0">
              <value>
                <![CDATA[com.dy.AutoTest.web.beans.LocatorBean@2fd6b6c7]]>
              </value>
            </param>
          </params>
          <reporter-output>
          </reporter-output>
        </test-method> <!-- testAutoGenerate -->
        <test-method status="PASS" signature="testAutoGenerate(com.dy.AutoTest.web.beans.LocatorBean)[pri:0, instance:com.dy.AutoTest.web.util.test.AutoGenerateTest@7fe8ea47]" name="testAutoGenerate" duration-ms="2" started-at="2018-11-21T05:21:53Z" data-provider="locator" finished-at="2018-11-21T05:21:53Z">
          <params>
            <param index="0">
              <value>
                <![CDATA[com.dy.AutoTest.web.beans.LocatorBean@5db250b4]]>
              </value>
            </param>
          </params>
          <reporter-output>
          </reporter-output>
        </test-method> <!-- testAutoGenerate -->
        <test-method status="PASS" signature="testAutoGenerate(com.dy.AutoTest.web.beans.LocatorBean)[pri:0, instance:com.dy.AutoTest.web.util.test.AutoGenerateTest@7fe8ea47]" name="testAutoGenerate" duration-ms="1" started-at="2018-11-21T05:21:53Z" data-provider="locator" finished-at="2018-11-21T05:21:53Z">
          <params>
            <param index="0">
              <value>
                <![CDATA[com.dy.AutoTest.web.beans.LocatorBean@38c5cc4c]]>
              </value>
            </param>
          </params>
          <reporter-output>
          </reporter-output>
        </test-method> <!-- testAutoGenerate -->
        <test-method status="PASS" signature="testAutoGenerate(com.dy.AutoTest.web.beans.LocatorBean)[pri:0, instance:com.dy.AutoTest.web.util.test.AutoGenerateTest@7fe8ea47]" name="testAutoGenerate" duration-ms="3" started-at="2018-11-21T05:21:53Z" data-provider="locator" finished-at="2018-11-21T05:21:53Z">
          <params>
            <param index="0">
              <value>
                <![CDATA[com.dy.AutoTest.web.beans.LocatorBean@78e94dcf]]>
              </value>
            </param>
          </params>
          <reporter-output>
          </reporter-output>
        </test-method> <!-- testAutoGenerate -->
        <test-method status="PASS" signature="testAutoGenerate(com.dy.AutoTest.web.beans.LocatorBean)[pri:0, instance:com.dy.AutoTest.web.util.test.AutoGenerateTest@7fe8ea47]" name="testAutoGenerate" duration-ms="1" started-at="2018-11-21T05:21:53Z" data-provider="locator" finished-at="2018-11-21T05:21:53Z">
          <params>
            <param index="0">
              <value>
                <![CDATA[com.dy.AutoTest.web.beans.LocatorBean@358ee631]]>
              </value>
            </param>
          </params>
          <reporter-output>
          </reporter-output>
        </test-method> <!-- testAutoGenerate -->
        <test-method status="PASS" signature="testAutoGenerate(com.dy.AutoTest.web.beans.LocatorBean)[pri:0, instance:com.dy.AutoTest.web.util.test.AutoGenerateTest@7fe8ea47]" name="testAutoGenerate" duration-ms="1" started-at="2018-11-21T05:21:53Z" data-provider="locator" finished-at="2018-11-21T05:21:53Z">
          <params>
            <param index="0">
              <value>
                <![CDATA[com.dy.AutoTest.web.beans.LocatorBean@3c72f59f]]>
              </value>
            </param>
          </params>
          <reporter-output>
          </reporter-output>
        </test-method> <!-- testAutoGenerate -->
        <test-method status="PASS" signature="testAutoGenerate(com.dy.AutoTest.web.beans.LocatorBean)[pri:0, instance:com.dy.AutoTest.web.util.test.AutoGenerateTest@7fe8ea47]" name="testAutoGenerate" duration-ms="1" started-at="2018-11-21T05:21:53Z" data-provider="locator" finished-at="2018-11-21T05:21:53Z">
          <params>
            <param index="0">
              <value>
                <![CDATA[com.dy.AutoTest.web.beans.LocatorBean@222114ba]]>
              </value>
            </param>
          </params>
          <reporter-output>
          </reporter-output>
        </test-method> <!-- testAutoGenerate -->
        <test-method status="PASS" signature="testAutoGenerate(com.dy.AutoTest.web.beans.LocatorBean)[pri:0, instance:com.dy.AutoTest.web.util.test.AutoGenerateTest@7fe8ea47]" name="testAutoGenerate" duration-ms="2" started-at="2018-11-21T05:21:53Z" data-provider="locator" finished-at="2018-11-21T05:21:53Z">
          <params>
            <param index="0">
              <value>
                <![CDATA[com.dy.AutoTest.web.beans.LocatorBean@3d121db3]]>
              </value>
            </param>
          </params>
          <reporter-output>
          </reporter-output>
        </test-method> <!-- testAutoGenerate -->
        <test-method status="PASS" signature="testAutoGenerate(com.dy.AutoTest.web.beans.LocatorBean)[pri:0, instance:com.dy.AutoTest.web.util.test.AutoGenerateTest@7fe8ea47]" name="testAutoGenerate" duration-ms="3" started-at="2018-11-21T05:21:53Z" data-provider="locator" finished-at="2018-11-21T05:21:53Z">
          <params>
            <param index="0">
              <value>
                <![CDATA[com.dy.AutoTest.web.beans.LocatorBean@11a9e7c8]]>
              </value>
            </param>
          </params>
          <reporter-output>
          </reporter-output>
        </test-method> <!-- testAutoGenerate -->
        <test-method status="PASS" signature="testAutoGenerate(com.dy.AutoTest.web.beans.LocatorBean)[pri:0, instance:com.dy.AutoTest.web.util.test.AutoGenerateTest@7fe8ea47]" name="testAutoGenerate" duration-ms="3" started-at="2018-11-21T05:21:53Z" data-provider="locator" finished-at="2018-11-21T05:21:53Z">
          <params>
            <param index="0">
              <value>
                <![CDATA[com.dy.AutoTest.web.beans.LocatorBean@14d3bc22]]>
              </value>
            </param>
          </params>
          <reporter-output>
          </reporter-output>
        </test-method> <!-- testAutoGenerate -->
        <test-method status="PASS" signature="testAutoGenerate(com.dy.AutoTest.web.beans.LocatorBean)[pri:0, instance:com.dy.AutoTest.web.util.test.AutoGenerateTest@7fe8ea47]" name="testAutoGenerate" duration-ms="2" started-at="2018-11-21T05:21:53Z" data-provider="locator" finished-at="2018-11-21T05:21:53Z">
          <params>
            <param index="0">
              <value>
                <![CDATA[com.dy.AutoTest.web.beans.LocatorBean@4c1d9d4b]]>
              </value>
            </param>
          </params>
          <reporter-output>
          </reporter-output>
        </test-method> <!-- testAutoGenerate -->
        <test-method status="PASS" signature="testAutoGenerate(com.dy.AutoTest.web.beans.LocatorBean)[pri:0, instance:com.dy.AutoTest.web.util.test.AutoGenerateTest@7fe8ea47]" name="testAutoGenerate" duration-ms="1" started-at="2018-11-21T05:21:53Z" data-provider="locator" finished-at="2018-11-21T05:21:53Z">
          <params>
            <param index="0">
              <value>
                <![CDATA[com.dy.AutoTest.web.beans.LocatorBean@7219ec67]]>
              </value>
            </param>
          </params>
          <reporter-output>
          </reporter-output>
        </test-method> <!-- testAutoGenerate -->
        <test-method status="PASS" signature="testAutoGenerate(com.dy.AutoTest.web.beans.LocatorBean)[pri:0, instance:com.dy.AutoTest.web.util.test.AutoGenerateTest@7fe8ea47]" name="testAutoGenerate" duration-ms="1" started-at="2018-11-21T05:21:53Z" data-provider="locator" finished-at="2018-11-21T05:21:53Z">
          <params>
            <param index="0">
              <value>
                <![CDATA[com.dy.AutoTest.web.beans.LocatorBean@65d6b83b]]>
              </value>
            </param>
          </params>
          <reporter-output>
          </reporter-output>
        </test-method> <!-- testAutoGenerate -->
        <test-method status="PASS" signature="testAutoGenerate(com.dy.AutoTest.web.beans.LocatorBean)[pri:0, instance:com.dy.AutoTest.web.util.test.AutoGenerateTest@7fe8ea47]" name="testAutoGenerate" duration-ms="4" started-at="2018-11-21T05:21:53Z" data-provider="locator" finished-at="2018-11-21T05:21:53Z">
          <params>
            <param index="0">
              <value>
                <![CDATA[com.dy.AutoTest.web.beans.LocatorBean@30b7c004]]>
              </value>
            </param>
          </params>
          <reporter-output>
          </reporter-output>
        </test-method> <!-- testAutoGenerate -->
        <test-method status="PASS" signature="testAutoGenerate(com.dy.AutoTest.web.beans.LocatorBean)[pri:0, instance:com.dy.AutoTest.web.util.test.AutoGenerateTest@7fe8ea47]" name="testAutoGenerate" duration-ms="1" started-at="2018-11-21T05:21:53Z" data-provider="locator" finished-at="2018-11-21T05:21:53Z">
          <params>
            <param index="0">
              <value>
                <![CDATA[com.dy.AutoTest.web.beans.LocatorBean@27ae2fd0]]>
              </value>
            </param>
          </params>
          <reporter-output>
          </reporter-output>
        </test-method> <!-- testAutoGenerate -->
        <test-method status="PASS" signature="testAutoGenerate(com.dy.AutoTest.web.beans.LocatorBean)[pri:0, instance:com.dy.AutoTest.web.util.test.AutoGenerateTest@7fe8ea47]" name="testAutoGenerate" duration-ms="1" started-at="2018-11-21T05:21:53Z" data-provider="locator" finished-at="2018-11-21T05:21:53Z">
          <params>
            <param index="0">
              <value>
                <![CDATA[com.dy.AutoTest.web.beans.LocatorBean@2f177a4b]]>
              </value>
            </param>
          </params>
          <reporter-output>
          </reporter-output>
        </test-method> <!-- testAutoGenerate -->
        <test-method status="PASS" signature="testAutoGenerate(com.dy.AutoTest.web.beans.LocatorBean)[pri:0, instance:com.dy.AutoTest.web.util.test.AutoGenerateTest@7fe8ea47]" name="testAutoGenerate" duration-ms="1" started-at="2018-11-21T05:21:53Z" data-provider="locator" finished-at="2018-11-21T05:21:53Z">
          <params>
            <param index="0">
              <value>
                <![CDATA[com.dy.AutoTest.web.beans.LocatorBean@147ed70f]]>
              </value>
            </param>
          </params>
          <reporter-output>
          </reporter-output>
        </test-method> <!-- testAutoGenerate -->
        <test-method status="PASS" signature="testAutoGenerate(com.dy.AutoTest.web.beans.LocatorBean)[pri:0, instance:com.dy.AutoTest.web.util.test.AutoGenerateTest@7fe8ea47]" name="testAutoGenerate" duration-ms="2" started-at="2018-11-21T05:21:53Z" data-provider="locator" finished-at="2018-11-21T05:21:53Z">
          <params>
            <param index="0">
              <value>
                <![CDATA[com.dy.AutoTest.web.beans.LocatorBean@124c278f]]>
              </value>
            </param>
          </params>
          <reporter-output>
          </reporter-output>
        </test-method> <!-- testAutoGenerate -->
        <test-method status="PASS" signature="testAutoGenerate(com.dy.AutoTest.web.beans.LocatorBean)[pri:0, instance:com.dy.AutoTest.web.util.test.AutoGenerateTest@7fe8ea47]" name="testAutoGenerate" duration-ms="1" started-at="2018-11-21T05:21:53Z" data-provider="locator" finished-at="2018-11-21T05:21:53Z">
          <params>
            <param index="0">
              <value>
                <![CDATA[com.dy.AutoTest.web.beans.LocatorBean@77167fb7]]>
              </value>
            </param>
          </params>
          <reporter-output>
          </reporter-output>
        </test-method> <!-- testAutoGenerate -->
        <test-method status="PASS" signature="testAutoGenerate(com.dy.AutoTest.web.beans.LocatorBean)[pri:0, instance:com.dy.AutoTest.web.util.test.AutoGenerateTest@7fe8ea47]" name="testAutoGenerate" duration-ms="5" started-at="2018-11-21T05:21:53Z" data-provider="locator" finished-at="2018-11-21T05:21:53Z">
          <params>
            <param index="0">
              <value>
                <![CDATA[com.dy.AutoTest.web.beans.LocatorBean@6ce139a4]]>
              </value>
            </param>
          </params>
          <reporter-output>
          </reporter-output>
        </test-method> <!-- testAutoGenerate -->
        <test-method status="PASS" signature="testAutoGenerate(com.dy.AutoTest.web.beans.LocatorBean)[pri:0, instance:com.dy.AutoTest.web.util.test.AutoGenerateTest@7fe8ea47]" name="testAutoGenerate" duration-ms="1" started-at="2018-11-21T05:21:53Z" data-provider="locator" finished-at="2018-11-21T05:21:53Z">
          <params>
            <param index="0">
              <value>
                <![CDATA[com.dy.AutoTest.web.beans.LocatorBean@2ddc8ecb]]>
              </value>
            </param>
          </params>
          <reporter-output>
          </reporter-output>
        </test-method> <!-- testAutoGenerate -->
        <test-method status="PASS" signature="testAutoGenerate(com.dy.AutoTest.web.beans.LocatorBean)[pri:0, instance:com.dy.AutoTest.web.util.test.AutoGenerateTest@7fe8ea47]" name="testAutoGenerate" duration-ms="2" started-at="2018-11-21T05:21:53Z" data-provider="locator" finished-at="2018-11-21T05:21:53Z">
          <params>
            <param index="0">
              <value>
                <![CDATA[com.dy.AutoTest.web.beans.LocatorBean@47542153]]>
              </value>
            </param>
          </params>
          <reporter-output>
          </reporter-output>
        </test-method> <!-- testAutoGenerate -->
        <test-method status="PASS" signature="testAutoGenerate(com.dy.AutoTest.web.beans.LocatorBean)[pri:0, instance:com.dy.AutoTest.web.util.test.AutoGenerateTest@7fe8ea47]" name="testAutoGenerate" duration-ms="1" started-at="2018-11-21T05:21:53Z" data-provider="locator" finished-at="2018-11-21T05:21:53Z">
          <params>
            <param index="0">
              <value>
                <![CDATA[com.dy.AutoTest.web.beans.LocatorBean@7a4ccb53]]>
              </value>
            </param>
          </params>
          <reporter-output>
          </reporter-output>
        </test-method> <!-- testAutoGenerate -->
        <test-method status="PASS" signature="testAutoGenerate(com.dy.AutoTest.web.beans.LocatorBean)[pri:0, instance:com.dy.AutoTest.web.util.test.AutoGenerateTest@7fe8ea47]" name="testAutoGenerate" duration-ms="3" started-at="2018-11-21T05:21:53Z" data-provider="locator" finished-at="2018-11-21T05:21:53Z">
          <params>
            <param index="0">
              <value>
                <![CDATA[com.dy.AutoTest.web.beans.LocatorBean@56a6d5a6]]>
              </value>
            </param>
          </params>
          <reporter-output>
          </reporter-output>
        </test-method> <!-- testAutoGenerate -->
        <test-method status="PASS" signature="testAutoGenerate(com.dy.AutoTest.web.beans.LocatorBean)[pri:0, instance:com.dy.AutoTest.web.util.test.AutoGenerateTest@7fe8ea47]" name="testAutoGenerate" duration-ms="6" started-at="2018-11-21T05:21:53Z" data-provider="locator" finished-at="2018-11-21T05:21:53Z">
          <params>
            <param index="0">
              <value>
                <![CDATA[com.dy.AutoTest.web.beans.LocatorBean@4445629]]>
              </value>
            </param>
          </params>
          <reporter-output>
          </reporter-output>
        </test-method> <!-- testAutoGenerate -->
        <test-method status="PASS" signature="testAutoGenerate(com.dy.AutoTest.web.beans.LocatorBean)[pri:0, instance:com.dy.AutoTest.web.util.test.AutoGenerateTest@7fe8ea47]" name="testAutoGenerate" duration-ms="2" started-at="2018-11-21T05:21:53Z" data-provider="locator" finished-at="2018-11-21T05:21:53Z">
          <params>
            <param index="0">
              <value>
                <![CDATA[com.dy.AutoTest.web.beans.LocatorBean@25d250c6]]>
              </value>
            </param>
          </params>
          <reporter-output>
          </reporter-output>
        </test-method> <!-- testAutoGenerate -->
        <test-method status="PASS" signature="testAutoGenerate(com.dy.AutoTest.web.beans.LocatorBean)[pri:0, instance:com.dy.AutoTest.web.util.test.AutoGenerateTest@7fe8ea47]" name="testAutoGenerate" duration-ms="3" started-at="2018-11-21T05:21:53Z" data-provider="locator" finished-at="2018-11-21T05:21:53Z">
          <params>
            <param index="0">
              <value>
                <![CDATA[com.dy.AutoTest.web.beans.LocatorBean@6b26e945]]>
              </value>
            </param>
          </params>
          <reporter-output>
          </reporter-output>
        </test-method> <!-- testAutoGenerate -->
        <test-method status="PASS" signature="testAutoGenerate(com.dy.AutoTest.web.beans.LocatorBean)[pri:0, instance:com.dy.AutoTest.web.util.test.AutoGenerateTest@7fe8ea47]" name="testAutoGenerate" duration-ms="5" started-at="2018-11-21T05:21:53Z" data-provider="locator" finished-at="2018-11-21T05:21:53Z">
          <params>
            <param index="0">
              <value>
                <![CDATA[com.dy.AutoTest.web.beans.LocatorBean@54c562f7]]>
              </value>
            </param>
          </params>
          <reporter-output>
          </reporter-output>
        </test-method> <!-- testAutoGenerate -->
        <test-method status="PASS" signature="testAutoGenerate(com.dy.AutoTest.web.beans.LocatorBean)[pri:0, instance:com.dy.AutoTest.web.util.test.AutoGenerateTest@7fe8ea47]" name="testAutoGenerate" duration-ms="3" started-at="2018-11-21T05:21:53Z" data-provider="locator" finished-at="2018-11-21T05:21:53Z">
          <params>
            <param index="0">
              <value>
                <![CDATA[com.dy.AutoTest.web.beans.LocatorBean@6dbb137d]]>
              </value>
            </param>
          </params>
          <reporter-output>
          </reporter-output>
        </test-method> <!-- testAutoGenerate -->
        <test-method status="PASS" signature="testAutoGenerate(com.dy.AutoTest.web.beans.LocatorBean)[pri:0, instance:com.dy.AutoTest.web.util.test.AutoGenerateTest@7fe8ea47]" name="testAutoGenerate" duration-ms="10" started-at="2018-11-21T05:21:53Z" data-provider="locator" finished-at="2018-11-21T05:21:53Z">
          <params>
            <param index="0">
              <value>
                <![CDATA[com.dy.AutoTest.web.beans.LocatorBean@43301423]]>
              </value>
            </param>
          </params>
          <reporter-output>
          </reporter-output>
        </test-method> <!-- testAutoGenerate -->
        <test-method status="PASS" signature="testAutoGenerate(com.dy.AutoTest.web.beans.LocatorBean)[pri:0, instance:com.dy.AutoTest.web.util.test.AutoGenerateTest@7fe8ea47]" name="testAutoGenerate" duration-ms="41" started-at="2018-11-21T05:21:53Z" data-provider="locator" finished-at="2018-11-21T05:21:53Z">
          <params>
            <param index="0">
              <value>
                <![CDATA[com.dy.AutoTest.web.beans.LocatorBean@1a04f701]]>
              </value>
            </param>
          </params>
          <reporter-output>
          </reporter-output>
        </test-method> <!-- testAutoGenerate -->
        <test-method status="PASS" signature="testAutoGenerate(com.dy.AutoTest.web.beans.LocatorBean)[pri:0, instance:com.dy.AutoTest.web.util.test.AutoGenerateTest@7fe8ea47]" name="testAutoGenerate" duration-ms="2" started-at="2018-11-21T05:21:53Z" data-provider="locator" finished-at="2018-11-21T05:21:53Z">
          <params>
            <param index="0">
              <value>
                <![CDATA[com.dy.AutoTest.web.beans.LocatorBean@d4342c2]]>
              </value>
            </param>
          </params>
          <reporter-output>
          </reporter-output>
        </test-method> <!-- testAutoGenerate -->
        <test-method status="PASS" signature="testAutoGenerate(com.dy.AutoTest.web.beans.LocatorBean)[pri:0, instance:com.dy.AutoTest.web.util.test.AutoGenerateTest@7fe8ea47]" name="testAutoGenerate" duration-ms="6" started-at="2018-11-21T05:21:53Z" data-provider="locator" finished-at="2018-11-21T05:21:53Z">
          <params>
            <param index="0">
              <value>
                <![CDATA[com.dy.AutoTest.web.beans.LocatorBean@163e4e87]]>
              </value>
            </param>
          </params>
          <reporter-output>
          </reporter-output>
        </test-method> <!-- testAutoGenerate -->
        <test-method status="PASS" signature="testAutoGenerate(com.dy.AutoTest.web.beans.LocatorBean)[pri:0, instance:com.dy.AutoTest.web.util.test.AutoGenerateTest@7fe8ea47]" name="testAutoGenerate" duration-ms="4" started-at="2018-11-21T05:21:53Z" data-provider="locator" finished-at="2018-11-21T05:21:53Z">
          <params>
            <param index="0">
              <value>
                <![CDATA[com.dy.AutoTest.web.beans.LocatorBean@419c5f1a]]>
              </value>
            </param>
          </params>
          <reporter-output>
          </reporter-output>
        </test-method> <!-- testAutoGenerate -->
        <test-method status="PASS" signature="testAutoGenerate(com.dy.AutoTest.web.beans.LocatorBean)[pri:0, instance:com.dy.AutoTest.web.util.test.AutoGenerateTest@7fe8ea47]" name="testAutoGenerate" duration-ms="4" started-at="2018-11-21T05:21:53Z" data-provider="locator" finished-at="2018-11-21T05:21:53Z">
          <params>
            <param index="0">
              <value>
                <![CDATA[com.dy.AutoTest.web.beans.LocatorBean@769e7ee8]]>
              </value>
            </param>
          </params>
          <reporter-output>
          </reporter-output>
        </test-method> <!-- testAutoGenerate -->
        <test-method status="PASS" signature="testAutoGenerate(com.dy.AutoTest.web.beans.LocatorBean)[pri:0, instance:com.dy.AutoTest.web.util.test.AutoGenerateTest@7fe8ea47]" name="testAutoGenerate" duration-ms="3" started-at="2018-11-21T05:21:53Z" data-provider="locator" finished-at="2018-11-21T05:21:53Z">
          <params>
            <param index="0">
              <value>
                <![CDATA[com.dy.AutoTest.web.beans.LocatorBean@71b1176b]]>
              </value>
            </param>
          </params>
          <reporter-output>
          </reporter-output>
        </test-method> <!-- testAutoGenerate -->
        <test-method status="PASS" signature="testAutoGenerate(com.dy.AutoTest.web.beans.LocatorBean)[pri:0, instance:com.dy.AutoTest.web.util.test.AutoGenerateTest@7fe8ea47]" name="testAutoGenerate" duration-ms="1" started-at="2018-11-21T05:21:53Z" data-provider="locator" finished-at="2018-11-21T05:21:53Z">
          <params>
            <param index="0">
              <value>
                <![CDATA[com.dy.AutoTest.web.beans.LocatorBean@647fd8ce]]>
              </value>
            </param>
          </params>
          <reporter-output>
          </reporter-output>
        </test-method> <!-- testAutoGenerate -->
        <test-method status="PASS" signature="testAutoGenerate(com.dy.AutoTest.web.beans.LocatorBean)[pri:0, instance:com.dy.AutoTest.web.util.test.AutoGenerateTest@7fe8ea47]" name="testAutoGenerate" duration-ms="2" started-at="2018-11-21T05:21:53Z" data-provider="locator" finished-at="2018-11-21T05:21:53Z">
          <params>
            <param index="0">
              <value>
                <![CDATA[com.dy.AutoTest.web.beans.LocatorBean@78aab498]]>
              </value>
            </param>
          </params>
          <reporter-output>
          </reporter-output>
        </test-method> <!-- testAutoGenerate -->
        <test-method status="PASS" signature="testAutoGenerate(com.dy.AutoTest.web.beans.LocatorBean)[pri:0, instance:com.dy.AutoTest.web.util.test.AutoGenerateTest@7fe8ea47]" name="testAutoGenerate" duration-ms="4" started-at="2018-11-21T05:21:53Z" data-provider="locator" finished-at="2018-11-21T05:21:53Z">
          <params>
            <param index="0">
              <value>
                <![CDATA[com.dy.AutoTest.web.beans.LocatorBean@1ffe63b9]]>
              </value>
            </param>
          </params>
          <reporter-output>
          </reporter-output>
        </test-method> <!-- testAutoGenerate -->
        <test-method status="PASS" signature="testAutoGenerate(com.dy.AutoTest.web.beans.LocatorBean)[pri:0, instance:com.dy.AutoTest.web.util.test.AutoGenerateTest@7fe8ea47]" name="testAutoGenerate" duration-ms="5" started-at="2018-11-21T05:21:53Z" data-provider="locator" finished-at="2018-11-21T05:21:53Z">
          <params>
            <param index="0">
              <value>
                <![CDATA[com.dy.AutoTest.web.beans.LocatorBean@7c469c48]]>
              </value>
            </param>
          </params>
          <reporter-output>
          </reporter-output>
        </test-method> <!-- testAutoGenerate -->
        <test-method status="PASS" signature="testAutoGenerate(com.dy.AutoTest.web.beans.LocatorBean)[pri:0, instance:com.dy.AutoTest.web.util.test.AutoGenerateTest@7fe8ea47]" name="testAutoGenerate" duration-ms="6" started-at="2018-11-21T05:21:53Z" data-provider="locator" finished-at="2018-11-21T05:21:53Z">
          <params>
            <param index="0">
              <value>
                <![CDATA[com.dy.AutoTest.web.beans.LocatorBean@7ee955a8]]>
              </value>
            </param>
          </params>
          <reporter-output>
          </reporter-output>
        </test-method> <!-- testAutoGenerate -->
        <test-method status="PASS" signature="testAutoGenerate(com.dy.AutoTest.web.beans.LocatorBean)[pri:0, instance:com.dy.AutoTest.web.util.test.AutoGenerateTest@7fe8ea47]" name="testAutoGenerate" duration-ms="10" started-at="2018-11-21T05:21:53Z" data-provider="locator" finished-at="2018-11-21T05:21:53Z">
          <params>
            <param index="0">
              <value>
                <![CDATA[com.dy.AutoTest.web.beans.LocatorBean@48fa0f47]]>
              </value>
            </param>
          </params>
          <reporter-output>
          </reporter-output>
        </test-method> <!-- testAutoGenerate -->
        <test-method status="PASS" signature="testAutoGenerate(com.dy.AutoTest.web.beans.LocatorBean)[pri:0, instance:com.dy.AutoTest.web.util.test.AutoGenerateTest@7fe8ea47]" name="testAutoGenerate" duration-ms="4" started-at="2018-11-21T05:21:53Z" data-provider="locator" finished-at="2018-11-21T05:21:53Z">
          <params>
            <param index="0">
              <value>
                <![CDATA[com.dy.AutoTest.web.beans.LocatorBean@5e316c74]]>
              </value>
            </param>
          </params>
          <reporter-output>
          </reporter-output>
        </test-method> <!-- testAutoGenerate -->
        <test-method status="PASS" signature="testAutoGenerate(com.dy.AutoTest.web.beans.LocatorBean)[pri:0, instance:com.dy.AutoTest.web.util.test.AutoGenerateTest@7fe8ea47]" name="testAutoGenerate" duration-ms="5" started-at="2018-11-21T05:21:53Z" data-provider="locator" finished-at="2018-11-21T05:21:53Z">
          <params>
            <param index="0">
              <value>
                <![CDATA[com.dy.AutoTest.web.beans.LocatorBean@75329a49]]>
              </value>
            </param>
          </params>
          <reporter-output>
          </reporter-output>
        </test-method> <!-- testAutoGenerate -->
        <test-method status="PASS" signature="testAutoGenerate(com.dy.AutoTest.web.beans.LocatorBean)[pri:0, instance:com.dy.AutoTest.web.util.test.AutoGenerateTest@7fe8ea47]" name="testAutoGenerate" duration-ms="1" started-at="2018-11-21T05:21:53Z" data-provider="locator" finished-at="2018-11-21T05:21:53Z">
          <params>
            <param index="0">
              <value>
                <![CDATA[com.dy.AutoTest.web.beans.LocatorBean@4313f5bc]]>
              </value>
            </param>
          </params>
          <reporter-output>
          </reporter-output>
        </test-method> <!-- testAutoGenerate -->
        <test-method status="PASS" signature="testAutoGenerate(com.dy.AutoTest.web.beans.LocatorBean)[pri:0, instance:com.dy.AutoTest.web.util.test.AutoGenerateTest@7fe8ea47]" name="testAutoGenerate" duration-ms="2" started-at="2018-11-21T05:21:53Z" data-provider="locator" finished-at="2018-11-21T05:21:53Z">
          <params>
            <param index="0">
              <value>
                <![CDATA[com.dy.AutoTest.web.beans.LocatorBean@1e802ef9]]>
              </value>
            </param>
          </params>
          <reporter-output>
          </reporter-output>
        </test-method> <!-- testAutoGenerate -->
        <test-method status="PASS" signature="testAutoGenerate(com.dy.AutoTest.web.beans.LocatorBean)[pri:0, instance:com.dy.AutoTest.web.util.test.AutoGenerateTest@7fe8ea47]" name="testAutoGenerate" duration-ms="4" started-at="2018-11-21T05:21:53Z" data-provider="locator" finished-at="2018-11-21T05:21:53Z">
          <params>
            <param index="0">
              <value>
                <![CDATA[com.dy.AutoTest.web.beans.LocatorBean@778d1062]]>
              </value>
            </param>
          </params>
          <reporter-output>
          </reporter-output>
        </test-method> <!-- testAutoGenerate -->
        <test-method status="PASS" signature="testAutoGenerate(com.dy.AutoTest.web.beans.LocatorBean)[pri:0, instance:com.dy.AutoTest.web.util.test.AutoGenerateTest@7fe8ea47]" name="testAutoGenerate" duration-ms="5" started-at="2018-11-21T05:21:53Z" data-provider="locator" finished-at="2018-11-21T05:21:53Z">
          <params>
            <param index="0">
              <value>
                <![CDATA[com.dy.AutoTest.web.beans.LocatorBean@1f0f1111]]>
              </value>
            </param>
          </params>
          <reporter-output>
          </reporter-output>
        </test-method> <!-- testAutoGenerate -->
        <test-method status="PASS" signature="testAutoGenerate(com.dy.AutoTest.web.beans.LocatorBean)[pri:0, instance:com.dy.AutoTest.web.util.test.AutoGenerateTest@7fe8ea47]" name="testAutoGenerate" duration-ms="1" started-at="2018-11-21T05:21:53Z" data-provider="locator" finished-at="2018-11-21T05:21:53Z">
          <params>
            <param index="0">
              <value>
                <![CDATA[com.dy.AutoTest.web.beans.LocatorBean@56528192]]>
              </value>
            </param>
          </params>
          <reporter-output>
          </reporter-output>
        </test-method> <!-- testAutoGenerate -->
        <test-method status="PASS" signature="testAutoGenerate(com.dy.AutoTest.web.beans.LocatorBean)[pri:0, instance:com.dy.AutoTest.web.util.test.AutoGenerateTest@7fe8ea47]" name="testAutoGenerate" duration-ms="2" started-at="2018-11-21T05:21:53Z" data-provider="locator" finished-at="2018-11-21T05:21:53Z">
          <params>
            <param index="0">
              <value>
                <![CDATA[com.dy.AutoTest.web.beans.LocatorBean@96def03]]>
              </value>
            </param>
          </params>
          <reporter-output>
          </reporter-output>
        </test-method> <!-- testAutoGenerate -->
        <test-method status="PASS" signature="testAutoGenerate(com.dy.AutoTest.web.beans.LocatorBean)[pri:0, instance:com.dy.AutoTest.web.util.test.AutoGenerateTest@7fe8ea47]" name="testAutoGenerate" duration-ms="2" started-at="2018-11-21T05:21:53Z" data-provider="locator" finished-at="2018-11-21T05:21:53Z">
          <params>
            <param index="0">
              <value>
                <![CDATA[com.dy.AutoTest.web.beans.LocatorBean@1ed1993a]]>
              </value>
            </param>
          </params>
          <reporter-output>
          </reporter-output>
        </test-method> <!-- testAutoGenerate -->
        <test-method status="PASS" signature="testAutoGenerate(com.dy.AutoTest.web.beans.LocatorBean)[pri:0, instance:com.dy.AutoTest.web.util.test.AutoGenerateTest@7fe8ea47]" name="testAutoGenerate" duration-ms="2" started-at="2018-11-21T05:21:53Z" data-provider="locator" finished-at="2018-11-21T05:21:53Z">
          <params>
            <param index="0">
              <value>
                <![CDATA[com.dy.AutoTest.web.beans.LocatorBean@794cb805]]>
              </value>
            </param>
          </params>
          <reporter-output>
          </reporter-output>
        </test-method> <!-- testAutoGenerate -->
        <test-method status="PASS" signature="testAutoGenerate(com.dy.AutoTest.web.beans.LocatorBean)[pri:0, instance:com.dy.AutoTest.web.util.test.AutoGenerateTest@7fe8ea47]" name="testAutoGenerate" duration-ms="6" started-at="2018-11-21T05:21:53Z" data-provider="locator" finished-at="2018-11-21T05:21:53Z">
          <params>
            <param index="0">
              <value>
                <![CDATA[com.dy.AutoTest.web.beans.LocatorBean@59d016c9]]>
              </value>
            </param>
          </params>
          <reporter-output>
          </reporter-output>
        </test-method> <!-- testAutoGenerate -->
        <test-method status="PASS" signature="testAutoGenerate(com.dy.AutoTest.web.beans.LocatorBean)[pri:0, instance:com.dy.AutoTest.web.util.test.AutoGenerateTest@7fe8ea47]" name="testAutoGenerate" duration-ms="1" started-at="2018-11-21T05:21:53Z" data-provider="locator" finished-at="2018-11-21T05:21:53Z">
          <params>
            <param index="0">
              <value>
                <![CDATA[com.dy.AutoTest.web.beans.LocatorBean@20d28811]]>
              </value>
            </param>
          </params>
          <reporter-output>
          </reporter-output>
        </test-method> <!-- testAutoGenerate -->
        <test-method status="PASS" signature="testAutoGenerate(com.dy.AutoTest.web.beans.LocatorBean)[pri:0, instance:com.dy.AutoTest.web.util.test.AutoGenerateTest@7fe8ea47]" name="testAutoGenerate" duration-ms="4" started-at="2018-11-21T05:21:53Z" data-provider="locator" finished-at="2018-11-21T05:21:53Z">
          <params>
            <param index="0">
              <value>
                <![CDATA[com.dy.AutoTest.web.beans.LocatorBean@60d8c9b7]]>
              </value>
            </param>
          </params>
          <reporter-output>
          </reporter-output>
        </test-method> <!-- testAutoGenerate -->
        <test-method status="PASS" signature="testAutoGenerate(com.dy.AutoTest.web.beans.LocatorBean)[pri:0, instance:com.dy.AutoTest.web.util.test.AutoGenerateTest@7fe8ea47]" name="testAutoGenerate" duration-ms="2" started-at="2018-11-21T05:21:53Z" data-provider="locator" finished-at="2018-11-21T05:21:53Z">
          <params>
            <param index="0">
              <value>
                <![CDATA[com.dy.AutoTest.web.beans.LocatorBean@7c0c77c7]]>
              </value>
            </param>
          </params>
          <reporter-output>
          </reporter-output>
        </test-method> <!-- testAutoGenerate -->
        <test-method status="PASS" signature="testAutoGenerate(com.dy.AutoTest.web.beans.LocatorBean)[pri:0, instance:com.dy.AutoTest.web.util.test.AutoGenerateTest@7fe8ea47]" name="testAutoGenerate" duration-ms="2" started-at="2018-11-21T05:21:53Z" data-provider="locator" finished-at="2018-11-21T05:21:53Z">
          <params>
            <param index="0">
              <value>
                <![CDATA[com.dy.AutoTest.web.beans.LocatorBean@5cee5251]]>
              </value>
            </param>
          </params>
          <reporter-output>
          </reporter-output>
        </test-method> <!-- testAutoGenerate -->
        <test-method status="PASS" signature="testAutoGenerate(com.dy.AutoTest.web.beans.LocatorBean)[pri:0, instance:com.dy.AutoTest.web.util.test.AutoGenerateTest@7fe8ea47]" name="testAutoGenerate" duration-ms="10" started-at="2018-11-21T05:21:53Z" data-provider="locator" finished-at="2018-11-21T05:21:53Z">
          <params>
            <param index="0">
              <value>
                <![CDATA[com.dy.AutoTest.web.beans.LocatorBean@5c909414]]>
              </value>
            </param>
          </params>
          <reporter-output>
          </reporter-output>
        </test-method> <!-- testAutoGenerate -->
        <test-method status="PASS" signature="testAutoGenerate(com.dy.AutoTest.web.beans.LocatorBean)[pri:0, instance:com.dy.AutoTest.web.util.test.AutoGenerateTest@7fe8ea47]" name="testAutoGenerate" duration-ms="3" started-at="2018-11-21T05:21:53Z" data-provider="locator" finished-at="2018-11-21T05:21:53Z">
          <params>
            <param index="0">
              <value>
                <![CDATA[com.dy.AutoTest.web.beans.LocatorBean@65466a6a]]>
              </value>
            </param>
          </params>
          <reporter-output>
          </reporter-output>
        </test-method> <!-- testAutoGenerate -->
        <test-method status="PASS" signature="testAutoGenerate(com.dy.AutoTest.web.beans.LocatorBean)[pri:0, instance:com.dy.AutoTest.web.util.test.AutoGenerateTest@7fe8ea47]" name="testAutoGenerate" duration-ms="1" started-at="2018-11-21T05:21:53Z" data-provider="locator" finished-at="2018-11-21T05:21:53Z">
          <params>
            <param index="0">
              <value>
                <![CDATA[com.dy.AutoTest.web.beans.LocatorBean@1534f01b]]>
              </value>
            </param>
          </params>
          <reporter-output>
          </reporter-output>
        </test-method> <!-- testAutoGenerate -->
        <test-method status="PASS" signature="testAutoGenerate(com.dy.AutoTest.web.beans.LocatorBean)[pri:0, instance:com.dy.AutoTest.web.util.test.AutoGenerateTest@7fe8ea47]" name="testAutoGenerate" duration-ms="6" started-at="2018-11-21T05:21:53Z" data-provider="locator" finished-at="2018-11-21T05:21:53Z">
          <params>
            <param index="0">
              <value>
                <![CDATA[com.dy.AutoTest.web.beans.LocatorBean@2ea227af]]>
              </value>
            </param>
          </params>
          <reporter-output>
          </reporter-output>
        </test-method> <!-- testAutoGenerate -->
        <test-method status="PASS" signature="testAutoGenerate(com.dy.AutoTest.web.beans.LocatorBean)[pri:0, instance:com.dy.AutoTest.web.util.test.AutoGenerateTest@7fe8ea47]" name="testAutoGenerate" duration-ms="1" started-at="2018-11-21T05:21:53Z" data-provider="locator" finished-at="2018-11-21T05:21:53Z">
          <params>
            <param index="0">
              <value>
                <![CDATA[com.dy.AutoTest.web.beans.LocatorBean@363ee3a2]]>
              </value>
            </param>
          </params>
          <reporter-output>
          </reporter-output>
        </test-method> <!-- testAutoGenerate -->
        <test-method status="PASS" signature="testAutoGenerate(com.dy.AutoTest.web.beans.LocatorBean)[pri:0, instance:com.dy.AutoTest.web.util.test.AutoGenerateTest@7fe8ea47]" name="testAutoGenerate" duration-ms="1" started-at="2018-11-21T05:21:53Z" data-provider="locator" finished-at="2018-11-21T05:21:53Z">
          <params>
            <param index="0">
              <value>
                <![CDATA[com.dy.AutoTest.web.beans.LocatorBean@79b06cab]]>
              </value>
            </param>
          </params>
          <reporter-output>
          </reporter-output>
        </test-method> <!-- testAutoGenerate -->
        <test-method status="PASS" signature="testAutoGenerate(com.dy.AutoTest.web.beans.LocatorBean)[pri:0, instance:com.dy.AutoTest.web.util.test.AutoGenerateTest@7fe8ea47]" name="testAutoGenerate" duration-ms="1" started-at="2018-11-21T05:21:53Z" data-provider="locator" finished-at="2018-11-21T05:21:53Z">
          <params>
            <param index="0">
              <value>
                <![CDATA[com.dy.AutoTest.web.beans.LocatorBean@7f552bd3]]>
              </value>
            </param>
          </params>
          <reporter-output>
          </reporter-output>
        </test-method> <!-- testAutoGenerate -->
        <test-method status="PASS" signature="testAutoGenerate(com.dy.AutoTest.web.beans.LocatorBean)[pri:0, instance:com.dy.AutoTest.web.util.test.AutoGenerateTest@7fe8ea47]" name="testAutoGenerate" duration-ms="1" started-at="2018-11-21T05:21:53Z" data-provider="locator" finished-at="2018-11-21T05:21:53Z">
          <params>
            <param index="0">
              <value>
                <![CDATA[com.dy.AutoTest.web.beans.LocatorBean@460d0a57]]>
              </value>
            </param>
          </params>
          <reporter-output>
          </reporter-output>
        </test-method> <!-- testAutoGenerate -->
        <test-method status="PASS" signature="testAutoGenerate(com.dy.AutoTest.web.beans.LocatorBean)[pri:0, instance:com.dy.AutoTest.web.util.test.AutoGenerateTest@7fe8ea47]" name="testAutoGenerate" duration-ms="2" started-at="2018-11-21T05:21:53Z" data-provider="locator" finished-at="2018-11-21T05:21:53Z">
          <params>
            <param index="0">
              <value>
                <![CDATA[com.dy.AutoTest.web.beans.LocatorBean@1184ab05]]>
              </value>
            </param>
          </params>
          <reporter-output>
          </reporter-output>
        </test-method> <!-- testAutoGenerate -->
        <test-method status="PASS" signature="testAutoGenerate(com.dy.AutoTest.web.beans.LocatorBean)[pri:0, instance:com.dy.AutoTest.web.util.test.AutoGenerateTest@7fe8ea47]" name="testAutoGenerate" duration-ms="2" started-at="2018-11-21T05:21:53Z" data-provider="locator" finished-at="2018-11-21T05:21:53Z">
          <params>
            <param index="0">
              <value>
                <![CDATA[com.dy.AutoTest.web.beans.LocatorBean@149e0f5d]]>
              </value>
            </param>
          </params>
          <reporter-output>
          </reporter-output>
        </test-method> <!-- testAutoGenerate -->
        <test-method status="PASS" signature="testAutoGenerate(com.dy.AutoTest.web.beans.LocatorBean)[pri:0, instance:com.dy.AutoTest.web.util.test.AutoGenerateTest@7fe8ea47]" name="testAutoGenerate" duration-ms="3" started-at="2018-11-21T05:21:53Z" data-provider="locator" finished-at="2018-11-21T05:21:53Z">
          <params>
            <param index="0">
              <value>
                <![CDATA[com.dy.AutoTest.web.beans.LocatorBean@2f7c2f4f]]>
              </value>
            </param>
          </params>
          <reporter-output>
          </reporter-output>
        </test-method> <!-- testAutoGenerate -->
        <test-method status="PASS" signature="testAutoGenerate(com.dy.AutoTest.web.beans.LocatorBean)[pri:0, instance:com.dy.AutoTest.web.util.test.AutoGenerateTest@7fe8ea47]" name="testAutoGenerate" duration-ms="1" started-at="2018-11-21T05:21:53Z" data-provider="locator" finished-at="2018-11-21T05:21:53Z">
          <params>
            <param index="0">
              <value>
                <![CDATA[com.dy.AutoTest.web.beans.LocatorBean@ef9296d]]>
              </value>
            </param>
          </params>
          <reporter-output>
          </reporter-output>
        </test-method> <!-- testAutoGenerate -->
        <test-method status="PASS" signature="end()[pri:0, instance:com.dy.AutoTest.web.util.test.AutoGenerateTest@7fe8ea47]" name="end" is-config="true" duration-ms="23" started-at="2018-11-21T05:21:53Z" finished-at="2018-11-21T05:21:53Z">
          <reporter-output>
          </reporter-output>
        </test-method> <!-- end -->
      </class> <!-- com.dy.AutoTest.web.util.test.AutoGenerateTest -->
    </test> <!-- Default test -->
  </suite> <!-- Default suite -->
</testng-results>
