<?xml version="1.0" encoding="UTF-8"?>
<testng-results skipped="0" failed="0" ignored="0" total="8" passed="8">
  <reporter-output>
    <line>
      <![CDATA[        2018-11-06 10:16:57): [Test]-"OnlineCashierB2B" is started]]>
    </line>
    <line>
      <![CDATA[                2018-11-06 10:16:57: [Method]-"OnlineCashierB2BTest.testOnlineCashierB2B" is started]]>
    </line>
    <line>
      <![CDATA[[info]20181106101702 支付成功！ 在主商户 872290049000101 下，付款 6.66 元]]>
    </line>
    <line>
      <![CDATA[                2018-11-06 10:17:27: [Method]-"OnlineCashierB2BTest.testOnlineCashierB2B" is passed]]>
    </line>
    <line>
      <![CDATA[                2018-11-06 10:17:29: [Method]-"OnlineCashierB2BTest.testOnlineCashierB2B" is started]]>
    </line>
    <line>
      <![CDATA[[info]20181106101734 支付成功！ 在主商户 872290049000101 下，付款 6.66 元]]>
    </line>
    <line>
      <![CDATA[                2018-11-06 10:17:58: [Method]-"OnlineCashierB2BTest.testOnlineCashierB2B" is passed]]>
    </line>
    <line>
      <![CDATA[                2018-11-06 10:18:00: [Method]-"OnlineCashierB2BTest.testOnlineCashierB2B" is started]]>
    </line>
    <line>
      <![CDATA[[info]20181106101805 支付成功！ 在主商户 872290049000101 下，付款 6.66 元]]>
    </line>
    <line>
      <![CDATA[                2018-11-06 10:18:36: [Method]-"OnlineCashierB2BTest.testOnlineCashierB2B" is passed]]>
    </line>
    <line>
      <![CDATA[                2018-11-06 10:18:38: [Method]-"OnlineCashierB2BTest.testOnlineCashierB2B" is started]]>
    </line>
    <line>
      <![CDATA[[info]20181106101848 支付成功！ 在主商户 872290049000101 下，付款 6.66 元]]>
    </line>
    <line>
      <![CDATA[                2018-11-06 10:19:27: [Method]-"OnlineCashierB2BTest.testOnlineCashierB2B" is passed]]>
    </line>
    <line>
      <![CDATA[                2018-11-06 10:19:29: [Method]-"OnlineCashierB2BTest.testOnlineCashierB2B" is started]]>
    </line>
    <line>
      <![CDATA[[info]20181106101933 支付成功！ 在主商户 872290049000101 下，付款 6.66 元]]>
    </line>
    <line>
      <![CDATA[                2018-11-06 10:20:26: [Method]-"OnlineCashierB2BTest.testOnlineCashierB2B" is passed]]>
    </line>
    <line>
      <![CDATA[                2018-11-06 10:20:28: [Method]-"OnlineCashierB2BTest.testOnlineCashierB2B" is started]]>
    </line>
    <line>
      <![CDATA[[info]20181106102033 支付成功！ 在主商户 872290049000101 下，付款 6.66 元]]>
    </line>
    <line>
      <![CDATA[                2018-11-06 10:21:08: [Method]-"OnlineCashierB2BTest.testOnlineCashierB2B" is passed]]>
    </line>
    <line>
      <![CDATA[                2018-11-06 10:21:10: [Method]-"OnlineCashierB2BTest.testOnlineCashierB2B" is started]]>
    </line>
    <line>
      <![CDATA[[info]20181106102115 支付成功！ 在主商户 872290049000101 下，付款 6.66 元]]>
    </line>
    <line>
      <![CDATA[                2018-11-06 10:21:56: [Method]-"OnlineCashierB2BTest.testOnlineCashierB2B" is passed]]>
    </line>
    <line>
      <![CDATA[                2018-11-06 10:21:58: [Method]-"OnlineCashierB2BTest.testOnlineCashierB2B" is started]]>
    </line>
    <line>
      <![CDATA[[info]20181106102203 支付成功！ 在主商户 872290049000101 下，付款 6.66 元]]>
    </line>
    <line>
      <![CDATA[                2018-11-06 10:22:53: [Method]-"OnlineCashierB2BTest.testOnlineCashierB2B" is passed]]>
    </line>
    <line>
      <![CDATA[        2018-11-06 10:22:55): [Test]-"OnlineCashierB2B" is finished]]>
    </line>
  </reporter-output>
  <suite name="OnlineCashierB2B" duration-ms="357796" started-at="2018-11-06T02:16:57Z" finished-at="2018-11-06T02:22:55Z">
    <groups>
    </groups>
    <test name="OnlineCashierB2B" duration-ms="357796" started-at="2018-11-06T02:16:57Z" finished-at="2018-11-06T02:22:55Z">
      <class name="com.dy.AutoTest.web.actions.SingletonSet">
        <test-method status="PASS" signature="init(java.lang.String, java.lang.String)[pri:0, instance:com.dy.AutoTest.web.actions.SingletonSet@1e730495]" name="init" is-config="true" duration-ms="3481" started-at="2018-11-06T02:16:54Z" finished-at="2018-11-06T02:16:57Z">
          <params>
            <param index="0">
              <value>
                <![CDATA[chrome]]>
              </value>
            </param>
            <param index="1">
              <value>
                <![CDATA[online_simulator_uat]]>
              </value>
            </param>
          </params>
          <reporter-output>
          </reporter-output>
        </test-method> <!-- init -->
        <test-method status="PASS" signature="releaseBrowser()[pri:0, instance:com.dy.AutoTest.web.actions.SingletonSet@1e730495]" name="releaseBrowser" is-config="true" duration-ms="2729" started-at="2018-11-06T02:22:55Z" finished-at="2018-11-06T02:22:58Z">
          <reporter-output>
          </reporter-output>
        </test-method> <!-- releaseBrowser -->
      </class> <!-- com.dy.AutoTest.web.actions.SingletonSet -->
      <class name="com.dy.AutoTest.OnlineCashier.TestCases.OnlineCashierB2BTest">
        <test-method status="PASS" signature="BeforeTest(org.testng.ITestContext)[pri:0, instance:com.dy.AutoTest.OnlineCashier.TestCases.OnlineCashierB2BTest@7d3a22a9]" name="BeforeTest" is-config="true" duration-ms="2" started-at="2018-11-06T02:16:57Z" finished-at="2018-11-06T02:16:57Z">
          <params>
            <param index="0">
              <value>
                <![CDATA[org.testng.TestRunner@dad06e6]]>
              </value>
            </param>
          </params>
          <reporter-output>
            <line>
              <![CDATA[        2018-11-06 10:16:57): [Test]-"OnlineCashierB2B" is started]]>
            </line>
          </reporter-output>
        </test-method> <!-- BeforeTest -->
        <test-method status="PASS" signature="beforeClass()[pri:0, instance:com.dy.AutoTest.OnlineCashier.TestCases.OnlineCashierB2BTest@7d3a22a9]" name="beforeClass" is-config="true" duration-ms="0" started-at="2018-11-06T02:16:57Z" finished-at="2018-11-06T02:16:57Z">
          <reporter-output>
          </reporter-output>
        </test-method> <!-- beforeClass -->
        <test-method status="PASS" signature="init()[pri:0, instance:com.dy.AutoTest.OnlineCashier.TestCases.OnlineCashierB2BTest@7d3a22a9]" name="init" is-config="true" duration-ms="10" started-at="2018-11-06T02:16:57Z" finished-at="2018-11-06T02:16:57Z">
          <reporter-output>
          </reporter-output>
        </test-method> <!-- init -->
        <test-method status="PASS" signature="beforeMethod(java.lang.reflect.Method)[pri:0, instance:com.dy.AutoTest.OnlineCashier.TestCases.OnlineCashierB2BTest@7d3a22a9]" name="beforeMethod" is-config="true" duration-ms="1" started-at="2018-11-06T02:16:57Z" finished-at="2018-11-06T02:16:57Z">
          <params>
            <param index="0">
              <value>
                <![CDATA[public void com.dy.AutoTest.OnlineCashier.TestCases.OnlineCashierB2BTest.testOnlineCashierB2B(com.dy.AutoTest.OnlineCashier.POJO.OnlineCashierB2BBean)]]>
              </value>
            </param>
          </params>
          <reporter-output>
            <line>
              <![CDATA[                2018-11-06 10:16:57: [Method]-"OnlineCashierB2BTest.testOnlineCashierB2B" is started]]>
            </line>
          </reporter-output>
        </test-method> <!-- beforeMethod -->
        <test-method status="PASS" signature="testOnlineCashierB2B(com.dy.AutoTest.OnlineCashier.POJO.OnlineCashierB2BBean)[pri:0, instance:com.dy.AutoTest.OnlineCashier.TestCases.OnlineCashierB2BTest@7d3a22a9]" name="testOnlineCashierB2B" duration-ms="30220" started-at="2018-11-06T02:16:57Z" data-provider="B2B" finished-at="2018-11-06T02:17:27Z">
          <params>
            <param index="0">
              <value>
                <![CDATA[com.dy.AutoTest.OnlineCashier.POJO.OnlineCashierB2BBean@2b4c1d96]]>
              </value>
            </param>
          </params>
          <reporter-output>
            <line>
              <![CDATA[[info]20181106101702 支付成功！ 在主商户 872290049000101 下，付款 6.66 元]]>
            </line>
          </reporter-output>
        </test-method> <!-- testOnlineCashierB2B -->
        <test-method status="PASS" signature="afterMethod(org.testng.ITestResult)[pri:0, instance:com.dy.AutoTest.OnlineCashier.TestCases.OnlineCashierB2BTest@7d3a22a9]" name="afterMethod" is-config="true" duration-ms="2000" started-at="2018-11-06T02:17:27Z" finished-at="2018-11-06T02:17:29Z">
          <params>
            <param index="0">
              <value>
                <![CDATA[[TestResult name=testOnlineCashierB2B status=SUCCESS method=OnlineCashierB2BTest.testOnlineCashierB2B(com.dy.AutoTest.OnlineCashier.POJO.OnlineCashierB2BBean)[pri:0, instance:com.dy.AutoTest.OnlineCashier.TestCases.OnlineCashierB2BTest@7d3a22a9] output=[info]20181106101702 支付成功！ 在主商户 872290049000101 下，付款 6.66 元]]]>
              </value>
            </param>
          </params>
          <reporter-output>
            <line>
              <![CDATA[                2018-11-06 10:17:27: [Method]-"OnlineCashierB2BTest.testOnlineCashierB2B" is passed]]>
            </line>
          </reporter-output>
        </test-method> <!-- afterMethod -->
        <test-method status="PASS" signature="beforeMethod(java.lang.reflect.Method)[pri:0, instance:com.dy.AutoTest.OnlineCashier.TestCases.OnlineCashierB2BTest@7d3a22a9]" name="beforeMethod" is-config="true" duration-ms="1" started-at="2018-11-06T02:17:29Z" finished-at="2018-11-06T02:17:29Z">
          <params>
            <param index="0">
              <value>
                <![CDATA[public void com.dy.AutoTest.OnlineCashier.TestCases.OnlineCashierB2BTest.testOnlineCashierB2B(com.dy.AutoTest.OnlineCashier.POJO.OnlineCashierB2BBean)]]>
              </value>
            </param>
          </params>
          <reporter-output>
            <line>
              <![CDATA[                2018-11-06 10:17:29: [Method]-"OnlineCashierB2BTest.testOnlineCashierB2B" is started]]>
            </line>
          </reporter-output>
        </test-method> <!-- beforeMethod -->
        <test-method status="PASS" signature="testOnlineCashierB2B(com.dy.AutoTest.OnlineCashier.POJO.OnlineCashierB2BBean)[pri:0, instance:com.dy.AutoTest.OnlineCashier.TestCases.OnlineCashierB2BTest@7d3a22a9]" name="testOnlineCashierB2B" duration-ms="28863" started-at="2018-11-06T02:17:29Z" data-provider="B2B" finished-at="2018-11-06T02:17:58Z">
          <params>
            <param index="0">
              <value>
                <![CDATA[com.dy.AutoTest.OnlineCashier.POJO.OnlineCashierB2BBean@11e355ca]]>
              </value>
            </param>
          </params>
          <reporter-output>
            <line>
              <![CDATA[[info]20181106101734 支付成功！ 在主商户 872290049000101 下，付款 6.66 元]]>
            </line>
          </reporter-output>
        </test-method> <!-- testOnlineCashierB2B -->
        <test-method status="PASS" signature="afterMethod(org.testng.ITestResult)[pri:0, instance:com.dy.AutoTest.OnlineCashier.TestCases.OnlineCashierB2BTest@7d3a22a9]" name="afterMethod" is-config="true" duration-ms="2002" started-at="2018-11-06T02:17:58Z" finished-at="2018-11-06T02:18:00Z">
          <params>
            <param index="0">
              <value>
                <![CDATA[[TestResult name=testOnlineCashierB2B status=SUCCESS method=OnlineCashierB2BTest.testOnlineCashierB2B(com.dy.AutoTest.OnlineCashier.POJO.OnlineCashierB2BBean)[pri:0, instance:com.dy.AutoTest.OnlineCashier.TestCases.OnlineCashierB2BTest@7d3a22a9] output=[info]20181106101734 支付成功！ 在主商户 872290049000101 下，付款 6.66 元]]]>
              </value>
            </param>
          </params>
          <reporter-output>
            <line>
              <![CDATA[                2018-11-06 10:17:58: [Method]-"OnlineCashierB2BTest.testOnlineCashierB2B" is passed]]>
            </line>
          </reporter-output>
        </test-method> <!-- afterMethod -->
        <test-method status="PASS" signature="beforeMethod(java.lang.reflect.Method)[pri:0, instance:com.dy.AutoTest.OnlineCashier.TestCases.OnlineCashierB2BTest@7d3a22a9]" name="beforeMethod" is-config="true" duration-ms="1" started-at="2018-11-06T02:18:00Z" finished-at="2018-11-06T02:18:00Z">
          <params>
            <param index="0">
              <value>
                <![CDATA[public void com.dy.AutoTest.OnlineCashier.TestCases.OnlineCashierB2BTest.testOnlineCashierB2B(com.dy.AutoTest.OnlineCashier.POJO.OnlineCashierB2BBean)]]>
              </value>
            </param>
          </params>
          <reporter-output>
            <line>
              <![CDATA[                2018-11-06 10:18:00: [Method]-"OnlineCashierB2BTest.testOnlineCashierB2B" is started]]>
            </line>
          </reporter-output>
        </test-method> <!-- beforeMethod -->
        <test-method status="PASS" signature="testOnlineCashierB2B(com.dy.AutoTest.OnlineCashier.POJO.OnlineCashierB2BBean)[pri:0, instance:com.dy.AutoTest.OnlineCashier.TestCases.OnlineCashierB2BTest@7d3a22a9]" name="testOnlineCashierB2B" duration-ms="35645" started-at="2018-11-06T02:18:00Z" data-provider="B2B" finished-at="2018-11-06T02:18:36Z">
          <params>
            <param index="0">
              <value>
                <![CDATA[com.dy.AutoTest.OnlineCashier.POJO.OnlineCashierB2BBean@43d3995f]]>
              </value>
            </param>
          </params>
          <reporter-output>
            <line>
              <![CDATA[[info]20181106101805 支付成功！ 在主商户 872290049000101 下，付款 6.66 元]]>
            </line>
          </reporter-output>
        </test-method> <!-- testOnlineCashierB2B -->
        <test-method status="PASS" signature="afterMethod(org.testng.ITestResult)[pri:0, instance:com.dy.AutoTest.OnlineCashier.TestCases.OnlineCashierB2BTest@7d3a22a9]" name="afterMethod" is-config="true" duration-ms="2001" started-at="2018-11-06T02:18:36Z" finished-at="2018-11-06T02:18:38Z">
          <params>
            <param index="0">
              <value>
                <![CDATA[[TestResult name=testOnlineCashierB2B status=SUCCESS method=OnlineCashierB2BTest.testOnlineCashierB2B(com.dy.AutoTest.OnlineCashier.POJO.OnlineCashierB2BBean)[pri:0, instance:com.dy.AutoTest.OnlineCashier.TestCases.OnlineCashierB2BTest@7d3a22a9] output=[info]20181106101805 支付成功！ 在主商户 872290049000101 下，付款 6.66 元]]]>
              </value>
            </param>
          </params>
          <reporter-output>
            <line>
              <![CDATA[                2018-11-06 10:18:36: [Method]-"OnlineCashierB2BTest.testOnlineCashierB2B" is passed]]>
            </line>
          </reporter-output>
        </test-method> <!-- afterMethod -->
        <test-method status="PASS" signature="testOnlineCashierB2B(com.dy.AutoTest.OnlineCashier.POJO.OnlineCashierB2BBean)[pri:0, instance:com.dy.AutoTest.OnlineCashier.TestCases.OnlineCashierB2BTest@7d3a22a9]" name="testOnlineCashierB2B" duration-ms="49062" started-at="2018-11-06T02:18:38Z" data-provider="B2B" finished-at="2018-11-06T02:19:27Z">
          <params>
            <param index="0">
              <value>
                <![CDATA[com.dy.AutoTest.OnlineCashier.POJO.OnlineCashierB2BBean@2b5ca574]]>
              </value>
            </param>
          </params>
          <reporter-output>
            <line>
              <![CDATA[[info]20181106101848 支付成功！ 在主商户 872290049000101 下，付款 6.66 元]]>
            </line>
          </reporter-output>
        </test-method> <!-- testOnlineCashierB2B -->
        <test-method status="PASS" signature="beforeMethod(java.lang.reflect.Method)[pri:0, instance:com.dy.AutoTest.OnlineCashier.TestCases.OnlineCashierB2BTest@7d3a22a9]" name="beforeMethod" is-config="true" duration-ms="0" started-at="2018-11-06T02:18:38Z" finished-at="2018-11-06T02:18:38Z">
          <params>
            <param index="0">
              <value>
                <![CDATA[public void com.dy.AutoTest.OnlineCashier.TestCases.OnlineCashierB2BTest.testOnlineCashierB2B(com.dy.AutoTest.OnlineCashier.POJO.OnlineCashierB2BBean)]]>
              </value>
            </param>
          </params>
          <reporter-output>
            <line>
              <![CDATA[                2018-11-06 10:18:38: [Method]-"OnlineCashierB2BTest.testOnlineCashierB2B" is started]]>
            </line>
          </reporter-output>
        </test-method> <!-- beforeMethod -->
        <test-method status="PASS" signature="afterMethod(org.testng.ITestResult)[pri:0, instance:com.dy.AutoTest.OnlineCashier.TestCases.OnlineCashierB2BTest@7d3a22a9]" name="afterMethod" is-config="true" duration-ms="2002" started-at="2018-11-06T02:19:27Z" finished-at="2018-11-06T02:19:29Z">
          <params>
            <param index="0">
              <value>
                <![CDATA[[TestResult name=testOnlineCashierB2B status=SUCCESS method=OnlineCashierB2BTest.testOnlineCashierB2B(com.dy.AutoTest.OnlineCashier.POJO.OnlineCashierB2BBean)[pri:0, instance:com.dy.AutoTest.OnlineCashier.TestCases.OnlineCashierB2BTest@7d3a22a9] output=[info]20181106101848 支付成功！ 在主商户 872290049000101 下，付款 6.66 元]]]>
              </value>
            </param>
          </params>
          <reporter-output>
            <line>
              <![CDATA[                2018-11-06 10:19:27: [Method]-"OnlineCashierB2BTest.testOnlineCashierB2B" is passed]]>
            </line>
          </reporter-output>
        </test-method> <!-- afterMethod -->
        <test-method status="PASS" signature="beforeMethod(java.lang.reflect.Method)[pri:0, instance:com.dy.AutoTest.OnlineCashier.TestCases.OnlineCashierB2BTest@7d3a22a9]" name="beforeMethod" is-config="true" duration-ms="1" started-at="2018-11-06T02:19:29Z" finished-at="2018-11-06T02:19:29Z">
          <params>
            <param index="0">
              <value>
                <![CDATA[public void com.dy.AutoTest.OnlineCashier.TestCases.OnlineCashierB2BTest.testOnlineCashierB2B(com.dy.AutoTest.OnlineCashier.POJO.OnlineCashierB2BBean)]]>
              </value>
            </param>
          </params>
          <reporter-output>
            <line>
              <![CDATA[                2018-11-06 10:19:29: [Method]-"OnlineCashierB2BTest.testOnlineCashierB2B" is started]]>
            </line>
          </reporter-output>
        </test-method> <!-- beforeMethod -->
        <test-method status="PASS" signature="testOnlineCashierB2B(com.dy.AutoTest.OnlineCashier.POJO.OnlineCashierB2BBean)[pri:0, instance:com.dy.AutoTest.OnlineCashier.TestCases.OnlineCashierB2BTest@7d3a22a9]" name="testOnlineCashierB2B" duration-ms="57414" started-at="2018-11-06T02:19:29Z" data-provider="B2B" finished-at="2018-11-06T02:20:26Z">
          <params>
            <param index="0">
              <value>
                <![CDATA[com.dy.AutoTest.OnlineCashier.POJO.OnlineCashierB2BBean@59ea2a36]]>
              </value>
            </param>
          </params>
          <reporter-output>
            <line>
              <![CDATA[[info]20181106101933 支付成功！ 在主商户 872290049000101 下，付款 6.66 元]]>
            </line>
          </reporter-output>
        </test-method> <!-- testOnlineCashierB2B -->
        <test-method status="PASS" signature="afterMethod(org.testng.ITestResult)[pri:0, instance:com.dy.AutoTest.OnlineCashier.TestCases.OnlineCashierB2BTest@7d3a22a9]" name="afterMethod" is-config="true" duration-ms="2001" started-at="2018-11-06T02:20:26Z" finished-at="2018-11-06T02:20:28Z">
          <params>
            <param index="0">
              <value>
                <![CDATA[[TestResult name=testOnlineCashierB2B status=SUCCESS method=OnlineCashierB2BTest.testOnlineCashierB2B(com.dy.AutoTest.OnlineCashier.POJO.OnlineCashierB2BBean)[pri:0, instance:com.dy.AutoTest.OnlineCashier.TestCases.OnlineCashierB2BTest@7d3a22a9] output=[info]20181106101933 支付成功！ 在主商户 872290049000101 下，付款 6.66 元]]]>
              </value>
            </param>
          </params>
          <reporter-output>
            <line>
              <![CDATA[                2018-11-06 10:20:26: [Method]-"OnlineCashierB2BTest.testOnlineCashierB2B" is passed]]>
            </line>
          </reporter-output>
        </test-method> <!-- afterMethod -->
        <test-method status="PASS" signature="beforeMethod(java.lang.reflect.Method)[pri:0, instance:com.dy.AutoTest.OnlineCashier.TestCases.OnlineCashierB2BTest@7d3a22a9]" name="beforeMethod" is-config="true" duration-ms="1" started-at="2018-11-06T02:20:28Z" finished-at="2018-11-06T02:20:28Z">
          <params>
            <param index="0">
              <value>
                <![CDATA[public void com.dy.AutoTest.OnlineCashier.TestCases.OnlineCashierB2BTest.testOnlineCashierB2B(com.dy.AutoTest.OnlineCashier.POJO.OnlineCashierB2BBean)]]>
              </value>
            </param>
          </params>
          <reporter-output>
            <line>
              <![CDATA[                2018-11-06 10:20:28: [Method]-"OnlineCashierB2BTest.testOnlineCashierB2B" is started]]>
            </line>
          </reporter-output>
        </test-method> <!-- beforeMethod -->
        <test-method status="PASS" signature="testOnlineCashierB2B(com.dy.AutoTest.OnlineCashier.POJO.OnlineCashierB2BBean)[pri:0, instance:com.dy.AutoTest.OnlineCashier.TestCases.OnlineCashierB2BTest@7d3a22a9]" name="testOnlineCashierB2B" duration-ms="39740" started-at="2018-11-06T02:20:28Z" data-provider="B2B" finished-at="2018-11-06T02:21:08Z">
          <params>
            <param index="0">
              <value>
                <![CDATA[com.dy.AutoTest.OnlineCashier.POJO.OnlineCashierB2BBean@53f40ead]]>
              </value>
            </param>
          </params>
          <reporter-output>
            <line>
              <![CDATA[[info]20181106102033 支付成功！ 在主商户 872290049000101 下，付款 6.66 元]]>
            </line>
          </reporter-output>
        </test-method> <!-- testOnlineCashierB2B -->
        <test-method status="PASS" signature="afterMethod(org.testng.ITestResult)[pri:0, instance:com.dy.AutoTest.OnlineCashier.TestCases.OnlineCashierB2BTest@7d3a22a9]" name="afterMethod" is-config="true" duration-ms="2001" started-at="2018-11-06T02:21:08Z" finished-at="2018-11-06T02:21:10Z">
          <params>
            <param index="0">
              <value>
                <![CDATA[[TestResult name=testOnlineCashierB2B status=SUCCESS method=OnlineCashierB2BTest.testOnlineCashierB2B(com.dy.AutoTest.OnlineCashier.POJO.OnlineCashierB2BBean)[pri:0, instance:com.dy.AutoTest.OnlineCashier.TestCases.OnlineCashierB2BTest@7d3a22a9] output=[info]20181106102033 支付成功！ 在主商户 872290049000101 下，付款 6.66 元]]]>
              </value>
            </param>
          </params>
          <reporter-output>
            <line>
              <![CDATA[                2018-11-06 10:21:08: [Method]-"OnlineCashierB2BTest.testOnlineCashierB2B" is passed]]>
            </line>
          </reporter-output>
        </test-method> <!-- afterMethod -->
        <test-method status="PASS" signature="beforeMethod(java.lang.reflect.Method)[pri:0, instance:com.dy.AutoTest.OnlineCashier.TestCases.OnlineCashierB2BTest@7d3a22a9]" name="beforeMethod" is-config="true" duration-ms="4" started-at="2018-11-06T02:21:10Z" finished-at="2018-11-06T02:21:10Z">
          <params>
            <param index="0">
              <value>
                <![CDATA[public void com.dy.AutoTest.OnlineCashier.TestCases.OnlineCashierB2BTest.testOnlineCashierB2B(com.dy.AutoTest.OnlineCashier.POJO.OnlineCashierB2BBean)]]>
              </value>
            </param>
          </params>
          <reporter-output>
            <line>
              <![CDATA[                2018-11-06 10:21:10: [Method]-"OnlineCashierB2BTest.testOnlineCashierB2B" is started]]>
            </line>
          </reporter-output>
        </test-method> <!-- beforeMethod -->
        <test-method status="PASS" signature="testOnlineCashierB2B(com.dy.AutoTest.OnlineCashier.POJO.OnlineCashierB2BBean)[pri:0, instance:com.dy.AutoTest.OnlineCashier.TestCases.OnlineCashierB2BTest@7d3a22a9]" name="testOnlineCashierB2B" duration-ms="46122" started-at="2018-11-06T02:21:10Z" data-provider="B2B" finished-at="2018-11-06T02:21:56Z">
          <params>
            <param index="0">
              <value>
                <![CDATA[com.dy.AutoTest.OnlineCashier.POJO.OnlineCashierB2BBean@2ac974bc]]>
              </value>
            </param>
          </params>
          <reporter-output>
            <line>
              <![CDATA[[info]20181106102115 支付成功！ 在主商户 872290049000101 下，付款 6.66 元]]>
            </line>
          </reporter-output>
        </test-method> <!-- testOnlineCashierB2B -->
        <test-method status="PASS" signature="afterMethod(org.testng.ITestResult)[pri:0, instance:com.dy.AutoTest.OnlineCashier.TestCases.OnlineCashierB2BTest@7d3a22a9]" name="afterMethod" is-config="true" duration-ms="2001" started-at="2018-11-06T02:21:56Z" finished-at="2018-11-06T02:21:58Z">
          <params>
            <param index="0">
              <value>
                <![CDATA[[TestResult name=testOnlineCashierB2B status=SUCCESS method=OnlineCashierB2BTest.testOnlineCashierB2B(com.dy.AutoTest.OnlineCashier.POJO.OnlineCashierB2BBean)[pri:0, instance:com.dy.AutoTest.OnlineCashier.TestCases.OnlineCashierB2BTest@7d3a22a9] output=[info]20181106102115 支付成功！ 在主商户 872290049000101 下，付款 6.66 元]]]>
              </value>
            </param>
          </params>
          <reporter-output>
            <line>
              <![CDATA[                2018-11-06 10:21:56: [Method]-"OnlineCashierB2BTest.testOnlineCashierB2B" is passed]]>
            </line>
          </reporter-output>
        </test-method> <!-- afterMethod -->
        <test-method status="PASS" signature="beforeMethod(java.lang.reflect.Method)[pri:0, instance:com.dy.AutoTest.OnlineCashier.TestCases.OnlineCashierB2BTest@7d3a22a9]" name="beforeMethod" is-config="true" duration-ms="1" started-at="2018-11-06T02:21:58Z" finished-at="2018-11-06T02:21:58Z">
          <params>
            <param index="0">
              <value>
                <![CDATA[public void com.dy.AutoTest.OnlineCashier.TestCases.OnlineCashierB2BTest.testOnlineCashierB2B(com.dy.AutoTest.OnlineCashier.POJO.OnlineCashierB2BBean)]]>
              </value>
            </param>
          </params>
          <reporter-output>
            <line>
              <![CDATA[                2018-11-06 10:21:58: [Method]-"OnlineCashierB2BTest.testOnlineCashierB2B" is started]]>
            </line>
          </reporter-output>
        </test-method> <!-- beforeMethod -->
        <test-method status="PASS" signature="testOnlineCashierB2B(com.dy.AutoTest.OnlineCashier.POJO.OnlineCashierB2BBean)[pri:0, instance:com.dy.AutoTest.OnlineCashier.TestCases.OnlineCashierB2BTest@7d3a22a9]" name="testOnlineCashierB2B" duration-ms="54667" started-at="2018-11-06T02:21:58Z" data-provider="B2B" finished-at="2018-11-06T02:22:53Z">
          <params>
            <param index="0">
              <value>
                <![CDATA[com.dy.AutoTest.OnlineCashier.POJO.OnlineCashierB2BBean@436e64b3]]>
              </value>
            </param>
          </params>
          <reporter-output>
            <line>
              <![CDATA[[info]20181106102203 支付成功！ 在主商户 872290049000101 下，付款 6.66 元]]>
            </line>
          </reporter-output>
        </test-method> <!-- testOnlineCashierB2B -->
        <test-method status="PASS" signature="afterMethod(org.testng.ITestResult)[pri:0, instance:com.dy.AutoTest.OnlineCashier.TestCases.OnlineCashierB2BTest@7d3a22a9]" name="afterMethod" is-config="true" duration-ms="2001" started-at="2018-11-06T02:22:53Z" finished-at="2018-11-06T02:22:55Z">
          <params>
            <param index="0">
              <value>
                <![CDATA[[TestResult name=testOnlineCashierB2B status=SUCCESS method=OnlineCashierB2BTest.testOnlineCashierB2B(com.dy.AutoTest.OnlineCashier.POJO.OnlineCashierB2BBean)[pri:0, instance:com.dy.AutoTest.OnlineCashier.TestCases.OnlineCashierB2BTest@7d3a22a9] output=[info]20181106102203 支付成功！ 在主商户 872290049000101 下，付款 6.66 元]]]>
              </value>
            </param>
          </params>
          <reporter-output>
            <line>
              <![CDATA[                2018-11-06 10:22:53: [Method]-"OnlineCashierB2BTest.testOnlineCashierB2B" is passed]]>
            </line>
          </reporter-output>
        </test-method> <!-- afterMethod -->
        <test-method status="PASS" signature="AfterTest(org.testng.ITestContext)[pri:0, instance:com.dy.AutoTest.OnlineCashier.TestCases.OnlineCashierB2BTest@7d3a22a9]" name="AfterTest" is-config="true" duration-ms="1" started-at="2018-11-06T02:22:55Z" finished-at="2018-11-06T02:22:55Z">
          <params>
            <param index="0">
              <value>
                <![CDATA[org.testng.TestRunner@dad06e6]]>
              </value>
            </param>
          </params>
          <reporter-output>
            <line>
              <![CDATA[        2018-11-06 10:22:55): [Test]-"OnlineCashierB2B" is finished]]>
            </line>
          </reporter-output>
        </test-method> <!-- AfterTest -->
      </class> <!-- com.dy.AutoTest.OnlineCashier.TestCases.OnlineCashierB2BTest -->
    </test> <!-- OnlineCashierB2B -->
  </suite> <!-- OnlineCashierB2B -->
</testng-results>
