<?xml version="1.0" encoding="UTF-8"?>
<testng-results skipped="0" failed="0" ignored="17" total="21" passed="4">
  <reporter-output>
    <line>
      <![CDATA[        2019-03-04 18:33:46): [Test]-"MerchantInfoManagement_MerchantAudit" is started]]>
    </line>
    <line>
      <![CDATA[                2019-03-04 18:33:46: [Method]-"LoginPageTest.testAuditLogin" is started]]>
    </line>
    <line>
      <![CDATA[                2019-03-04 18:34:01: [Method]-"LoginPageTest.testAuditLogin" is passed]]>
    </line>
    <line>
      <![CDATA[                2019-03-04 18:34:03: [Method]-"MerchantAuditPageTest.testRecheckAuditPass" is started]]>
    </line>
    <line>
      <![CDATA[商户资料通过复核！]]>
    </line>
    <line>
      <![CDATA[新增商户“AT03041751”的商户号号为：872290053110226]]>
    </line>
    <line>
      <![CDATA[                2019-03-04 18:34:41: [Method]-"MerchantAuditPageTest.testRecheckAuditPass" is passed]]>
    </line>
    <line>
      <![CDATA[                2019-03-04 18:34:43: [Method]-"MerchantAuditPageTest.testInsertStoreRecord" is started]]>
    </line>
    <line>
      <![CDATA[                2019-03-04 18:34:43: [Method]-"MerchantAuditPageTest.testInsertStoreRecord" is passed]]>
    </line>
    <line>
      <![CDATA[                2019-03-04 18:34:45: [Method]-"MerchantStoreManagementPageTest.testAdd" is started]]>
    </line>
    <line>
      <![CDATA[添加成功！]]>
    </line>
    <line>
      <![CDATA[                2019-03-04 18:34:54: [Method]-"MerchantStoreManagementPageTest.testAdd" is passed]]>
    </line>
    <line>
      <![CDATA[        2019-03-04 18:34:56): [Test]-"MerchantInfoManagement_MerchantAudit" is finished]]>
    </line>
  </reporter-output>
  <suite name="AcquiringOperationPlatform" duration-ms="69985" started-at="2019-03-04T10:33:46Z" finished-at="2019-03-04T10:34:56Z">
    <groups>
    </groups>
    <test name="MerchantInfoManagement_MerchantAudit" duration-ms="69985" started-at="2019-03-04T10:33:46Z" finished-at="2019-03-04T10:34:56Z">
      <class name="com.dy.AutoTest.AcquiringOperationPlatform.PageTest.LoginPageTest">
        <test-method status="PASS" signature="BeforeTest(org.testng.ITestContext)[pri:0, instance:com.dy.AutoTest.AcquiringOperationPlatform.PageTest.LoginPageTest@7283d3eb]" name="BeforeTest" is-config="true" duration-ms="2" started-at="2019-03-04T10:33:46Z" finished-at="2019-03-04T10:33:46Z">
          <params>
            <param index="0">
              <value>
                <![CDATA[org.testng.TestRunner@58f254b1]]>
              </value>
            </param>
          </params>
          <reporter-output>
            <line>
              <![CDATA[        2019-03-04 18:33:46): [Test]-"MerchantInfoManagement_MerchantAudit" is started]]>
            </line>
          </reporter-output>
        </test-method> <!-- BeforeTest -->
        <test-method status="PASS" signature="beforeClass()[pri:0, instance:com.dy.AutoTest.AcquiringOperationPlatform.PageTest.LoginPageTest@7283d3eb]" name="beforeClass" is-config="true" duration-ms="0" started-at="2019-03-04T10:33:46Z" finished-at="2019-03-04T10:33:46Z">
          <reporter-output>
          </reporter-output>
        </test-method> <!-- beforeClass -->
        <test-method status="PASS" signature="init()[pri:0, instance:com.dy.AutoTest.AcquiringOperationPlatform.PageTest.LoginPageTest@7283d3eb]" name="init" is-config="true" duration-ms="3" started-at="2019-03-04T10:33:46Z" finished-at="2019-03-04T10:33:46Z">
          <reporter-output>
          </reporter-output>
        </test-method> <!-- init -->
        <test-method status="PASS" signature="testAuditLogin(com.dy.AutoTest.AcquiringOperationPlatform.POJO.LoginBean)[pri:0, instance:com.dy.AutoTest.AcquiringOperationPlatform.PageTest.LoginPageTest@7283d3eb]" name="testAuditLogin" duration-ms="14936" started-at="2019-03-04T10:33:46Z" data-provider="LoginByCaseNO" finished-at="2019-03-04T10:34:01Z">
          <params>
            <param index="0">
              <value>
                <![CDATA[com.dy.AutoTest.AcquiringOperationPlatform.POJO.LoginBean@20ed3303]]>
              </value>
            </param>
          </params>
          <reporter-output>
          </reporter-output>
        </test-method> <!-- testAuditLogin -->
        <test-method status="PASS" signature="beforeMethod(java.lang.reflect.Method)[pri:0, instance:com.dy.AutoTest.AcquiringOperationPlatform.PageTest.LoginPageTest@7283d3eb]" name="beforeMethod" is-config="true" duration-ms="0" started-at="2019-03-04T10:33:46Z" finished-at="2019-03-04T10:33:46Z">
          <params>
            <param index="0">
              <value>
                <![CDATA[public void com.dy.AutoTest.AcquiringOperationPlatform.PageTest.LoginPageTest.testAuditLogin(com.dy.AutoTest.AcquiringOperationPlatform.POJO.LoginBean)]]>
              </value>
            </param>
          </params>
          <reporter-output>
            <line>
              <![CDATA[                2019-03-04 18:33:46: [Method]-"LoginPageTest.testAuditLogin" is started]]>
            </line>
          </reporter-output>
        </test-method> <!-- beforeMethod -->
        <test-method status="PASS" signature="afterMethod(org.testng.ITestResult)[pri:0, instance:com.dy.AutoTest.AcquiringOperationPlatform.PageTest.LoginPageTest@7283d3eb]" name="afterMethod" is-config="true" duration-ms="2000" started-at="2019-03-04T10:34:01Z" finished-at="2019-03-04T10:34:03Z">
          <params>
            <param index="0">
              <value>
                <![CDATA[[TestResult name=testAuditLogin status=SUCCESS method=LoginPageTest.testAuditLogin(com.dy.AutoTest.AcquiringOperationPlatform.POJO.LoginBean)[pri:0, instance:com.dy.AutoTest.AcquiringOperationPlatform.PageTest.LoginPageTest@7283d3eb] output={null}]]]>
              </value>
            </param>
          </params>
          <reporter-output>
            <line>
              <![CDATA[                2019-03-04 18:34:01: [Method]-"LoginPageTest.testAuditLogin" is passed]]>
            </line>
          </reporter-output>
        </test-method> <!-- afterMethod -->
        <test-method status="PASS" signature="AfterTest(org.testng.ITestContext)[pri:0, instance:com.dy.AutoTest.AcquiringOperationPlatform.PageTest.LoginPageTest@7283d3eb]" name="AfterTest" is-config="true" duration-ms="1" started-at="2019-03-04T10:34:56Z" finished-at="2019-03-04T10:34:56Z">
          <params>
            <param index="0">
              <value>
                <![CDATA[org.testng.TestRunner@58f254b1]]>
              </value>
            </param>
          </params>
          <reporter-output>
            <line>
              <![CDATA[        2019-03-04 18:34:56): [Test]-"MerchantInfoManagement_MerchantAudit" is finished]]>
            </line>
          </reporter-output>
        </test-method> <!-- AfterTest -->
      </class> <!-- com.dy.AutoTest.AcquiringOperationPlatform.PageTest.LoginPageTest -->
      <class name="com.dy.AutoTest.web.actions.SingletonSet">
        <test-method status="PASS" signature="init(java.lang.String, java.lang.String)[pri:0, instance:com.dy.AutoTest.web.actions.SingletonSet@4ef74c30]" name="init" is-config="true" duration-ms="3875" started-at="2019-03-04T10:33:42Z" finished-at="2019-03-04T10:33:46Z">
          <params>
            <param index="0">
              <value>
                <![CDATA[chrome]]>
              </value>
            </param>
            <param index="1">
              <value>
                <![CDATA[aop_uat]]>
              </value>
            </param>
          </params>
          <reporter-output>
          </reporter-output>
        </test-method> <!-- init -->
        <test-method status="PASS" signature="releaseJDBC()[pri:0, instance:com.dy.AutoTest.web.actions.SingletonSet@4ef74c30]" name="releaseJDBC" is-config="true" duration-ms="2022" started-at="2019-03-04T10:34:56Z" finished-at="2019-03-04T10:34:58Z">
          <reporter-output>
          </reporter-output>
        </test-method> <!-- releaseJDBC -->
      </class> <!-- com.dy.AutoTest.web.actions.SingletonSet -->
      <class name="com.dy.AutoTest.AcquiringOperationPlatform.PageTest.MerchantInfoManagement.MerchantStoreManagementPageTest">
        <test-method status="PASS" signature="beforeClass()[pri:0, instance:com.dy.AutoTest.AcquiringOperationPlatform.PageTest.MerchantInfoManagement.MerchantStoreManagementPageTest@4bff7da0]" name="beforeClass" is-config="true" duration-ms="1" started-at="2019-03-04T10:34:45Z" finished-at="2019-03-04T10:34:45Z">
          <reporter-output>
          </reporter-output>
        </test-method> <!-- beforeClass -->
        <test-method status="PASS" signature="init()[pri:0, instance:com.dy.AutoTest.AcquiringOperationPlatform.PageTest.MerchantInfoManagement.MerchantStoreManagementPageTest@4bff7da0]" name="init" is-config="true" duration-ms="9" started-at="2019-03-04T10:34:45Z" finished-at="2019-03-04T10:34:45Z">
          <reporter-output>
          </reporter-output>
        </test-method> <!-- init -->
        <test-method status="PASS" signature="beforeMethod(java.lang.reflect.Method)[pri:0, instance:com.dy.AutoTest.AcquiringOperationPlatform.PageTest.MerchantInfoManagement.MerchantStoreManagementPageTest@4bff7da0]" name="beforeMethod" is-config="true" duration-ms="1" started-at="2019-03-04T10:34:45Z" finished-at="2019-03-04T10:34:45Z">
          <params>
            <param index="0">
              <value>
                <![CDATA[public void com.dy.AutoTest.AcquiringOperationPlatform.PageTest.MerchantInfoManagement.MerchantStoreManagementPageTest.testAdd(com.dy.AutoTest.AcquiringOperationPlatform.POJO.MerchantInfoManagement_MerchantStoreManagementBean)]]>
              </value>
            </param>
          </params>
          <reporter-output>
            <line>
              <![CDATA[                2019-03-04 18:34:45: [Method]-"MerchantStoreManagementPageTest.testAdd" is started]]>
            </line>
          </reporter-output>
        </test-method> <!-- beforeMethod -->
        <test-method status="PASS" signature="testAdd(com.dy.AutoTest.AcquiringOperationPlatform.POJO.MerchantInfoManagement_MerchantStoreManagementBean)[pri:0, instance:com.dy.AutoTest.AcquiringOperationPlatform.PageTest.MerchantInfoManagement.MerchantStoreManagementPageTest@4bff7da0]" name="testAdd" duration-ms="8954" started-at="2019-03-04T10:34:45Z" data-provider="MerchantInfoManagement_MerchantStoreManagementByCaseNO" finished-at="2019-03-04T10:34:54Z">
          <params>
            <param index="0">
              <value>
                <![CDATA[com.dy.AutoTest.AcquiringOperationPlatform.POJO.MerchantInfoManagement_MerchantStoreManagementBean@6c8dbf56]]>
              </value>
            </param>
          </params>
          <reporter-output>
            <line>
              <![CDATA[添加成功！]]>
            </line>
          </reporter-output>
        </test-method> <!-- testAdd -->
        <test-method status="PASS" signature="afterMethod(org.testng.ITestResult)[pri:0, instance:com.dy.AutoTest.AcquiringOperationPlatform.PageTest.MerchantInfoManagement.MerchantStoreManagementPageTest@4bff7da0]" name="afterMethod" is-config="true" duration-ms="2001" started-at="2019-03-04T10:34:54Z" finished-at="2019-03-04T10:34:56Z">
          <params>
            <param index="0">
              <value>
                <![CDATA[[TestResult name=testAdd status=SUCCESS method=MerchantStoreManagementPageTest.testAdd(com.dy.AutoTest.AcquiringOperationPlatform.POJO.MerchantInfoManagement_MerchantStoreManagementBean)[pri:0, instance:com.dy.AutoTest.AcquiringOperationPlatform.PageTest.MerchantInfoManagement.MerchantStoreManagementPageTest@4bff7da0] output=添加成功！]]]>
              </value>
            </param>
          </params>
          <reporter-output>
            <line>
              <![CDATA[                2019-03-04 18:34:54: [Method]-"MerchantStoreManagementPageTest.testAdd" is passed]]>
            </line>
          </reporter-output>
        </test-method> <!-- afterMethod -->
      </class> <!-- com.dy.AutoTest.AcquiringOperationPlatform.PageTest.MerchantInfoManagement.MerchantStoreManagementPageTest -->
      <class name="com.dy.AutoTest.AcquiringOperationPlatform.PageTest.MerchantInfoManagement.MerchantAuditPageTest">
        <test-method status="PASS" signature="beforeClass()[pri:0, instance:com.dy.AutoTest.AcquiringOperationPlatform.PageTest.MerchantInfoManagement.MerchantAuditPageTest@638ef7ed]" name="beforeClass" is-config="true" duration-ms="0" started-at="2019-03-04T10:34:03Z" finished-at="2019-03-04T10:34:03Z">
          <reporter-output>
          </reporter-output>
        </test-method> <!-- beforeClass -->
        <test-method status="PASS" signature="init()[pri:0, instance:com.dy.AutoTest.AcquiringOperationPlatform.PageTest.MerchantInfoManagement.MerchantAuditPageTest@638ef7ed]" name="init" is-config="true" duration-ms="7" started-at="2019-03-04T10:34:03Z" finished-at="2019-03-04T10:34:03Z">
          <reporter-output>
          </reporter-output>
        </test-method> <!-- init -->
        <test-method status="PASS" signature="beforeMethod(java.lang.reflect.Method)[pri:0, instance:com.dy.AutoTest.AcquiringOperationPlatform.PageTest.MerchantInfoManagement.MerchantAuditPageTest@638ef7ed]" name="beforeMethod" is-config="true" duration-ms="0" started-at="2019-03-04T10:34:03Z" finished-at="2019-03-04T10:34:03Z">
          <params>
            <param index="0">
              <value>
                <![CDATA[public void com.dy.AutoTest.AcquiringOperationPlatform.PageTest.MerchantInfoManagement.MerchantAuditPageTest.testRecheckAuditPass(com.dy.AutoTest.AcquiringOperationPlatform.POJO.MerchantInfoManagement_MerchantAuditBean)]]>
              </value>
            </param>
          </params>
          <reporter-output>
            <line>
              <![CDATA[                2019-03-04 18:34:03: [Method]-"MerchantAuditPageTest.testRecheckAuditPass" is started]]>
            </line>
          </reporter-output>
        </test-method> <!-- beforeMethod -->
        <test-method status="PASS" signature="testRecheckAuditPass(com.dy.AutoTest.AcquiringOperationPlatform.POJO.MerchantInfoManagement_MerchantAuditBean)[pri:0, instance:com.dy.AutoTest.AcquiringOperationPlatform.PageTest.MerchantInfoManagement.MerchantAuditPageTest@638ef7ed]" name="testRecheckAuditPass" duration-ms="37998" started-at="2019-03-04T10:34:03Z" data-provider="MerchantInfoManagement_MerchantAuditByCaseNO" finished-at="2019-03-04T10:34:41Z">
          <params>
            <param index="0">
              <value>
                <![CDATA[com.dy.AutoTest.AcquiringOperationPlatform.POJO.MerchantInfoManagement_MerchantAuditBean@58860997]]>
              </value>
            </param>
          </params>
          <reporter-output>
            <line>
              <![CDATA[商户资料通过复核！]]>
            </line>
            <line>
              <![CDATA[新增商户“AT03041751”的商户号号为：872290053110226]]>
            </line>
          </reporter-output>
        </test-method> <!-- testRecheckAuditPass -->
        <test-method status="PASS" signature="afterMethod(org.testng.ITestResult)[pri:0, instance:com.dy.AutoTest.AcquiringOperationPlatform.PageTest.MerchantInfoManagement.MerchantAuditPageTest@638ef7ed]" name="afterMethod" is-config="true" duration-ms="2000" started-at="2019-03-04T10:34:41Z" finished-at="2019-03-04T10:34:43Z">
          <params>
            <param index="0">
              <value>
                <![CDATA[[TestResult name=testRecheckAuditPass status=SUCCESS method=MerchantAuditPageTest.testRecheckAuditPass(com.dy.AutoTest.AcquiringOperationPlatform.POJO.MerchantInfoManagement_MerchantAuditBean)[pri:0, instance:com.dy.AutoTest.AcquiringOperationPlatform.PageTest.MerchantInfoManagement.MerchantAuditPageTest@638ef7ed] output=商户资料通过复核！]]]>
              </value>
            </param>
          </params>
          <reporter-output>
            <line>
              <![CDATA[                2019-03-04 18:34:41: [Method]-"MerchantAuditPageTest.testRecheckAuditPass" is passed]]>
            </line>
          </reporter-output>
        </test-method> <!-- afterMethod -->
        <test-method status="PASS" signature="beforeMethod(java.lang.reflect.Method)[pri:0, instance:com.dy.AutoTest.AcquiringOperationPlatform.PageTest.MerchantInfoManagement.MerchantAuditPageTest@638ef7ed]" name="beforeMethod" is-config="true" duration-ms="1" started-at="2019-03-04T10:34:43Z" finished-at="2019-03-04T10:34:43Z">
          <params>
            <param index="0">
              <value>
                <![CDATA[public void com.dy.AutoTest.AcquiringOperationPlatform.PageTest.MerchantInfoManagement.MerchantAuditPageTest.testInsertStoreRecord()]]>
              </value>
            </param>
          </params>
          <reporter-output>
            <line>
              <![CDATA[                2019-03-04 18:34:43: [Method]-"MerchantAuditPageTest.testInsertStoreRecord" is started]]>
            </line>
          </reporter-output>
        </test-method> <!-- beforeMethod -->
        <test-method status="PASS" signature="testInsertStoreRecord()[pri:0, instance:com.dy.AutoTest.AcquiringOperationPlatform.PageTest.MerchantInfoManagement.MerchantAuditPageTest@638ef7ed]" name="testInsertStoreRecord" duration-ms="19" started-at="2019-03-04T10:34:43Z" finished-at="2019-03-04T10:34:43Z">
          <reporter-output>
          </reporter-output>
        </test-method> <!-- testInsertStoreRecord -->
        <test-method status="PASS" signature="afterMethod(org.testng.ITestResult)[pri:0, instance:com.dy.AutoTest.AcquiringOperationPlatform.PageTest.MerchantInfoManagement.MerchantAuditPageTest@638ef7ed]" name="afterMethod" is-config="true" duration-ms="2002" started-at="2019-03-04T10:34:43Z" finished-at="2019-03-04T10:34:45Z">
          <params>
            <param index="0">
              <value>
                <![CDATA[[TestResult name=testInsertStoreRecord status=SUCCESS method=MerchantAuditPageTest.testInsertStoreRecord()[pri:0, instance:com.dy.AutoTest.AcquiringOperationPlatform.PageTest.MerchantInfoManagement.MerchantAuditPageTest@638ef7ed] output={null}]]]>
              </value>
            </param>
          </params>
          <reporter-output>
            <line>
              <![CDATA[                2019-03-04 18:34:43: [Method]-"MerchantAuditPageTest.testInsertStoreRecord" is passed]]>
            </line>
          </reporter-output>
        </test-method> <!-- afterMethod -->
      </class> <!-- com.dy.AutoTest.AcquiringOperationPlatform.PageTest.MerchantInfoManagement.MerchantAuditPageTest -->
    </test> <!-- MerchantInfoManagement_MerchantAudit -->
  </suite> <!-- AcquiringOperationPlatform -->
</testng-results>
