<?xml version="1.0" encoding="UTF-8"?>
<testng-results skipped="0" failed="0" ignored="4" total="8" passed="4">
  <reporter-output>
    <line>
      <![CDATA[        2019-01-14 13:27:34): [Test]-"MerchantInfoInsert" is started]]>
    </line>
    <line>
      <![CDATA[                2019-01-14 13:27:34: [Method]-"LoginPageTest.testLogin" is started]]>
    </line>
    <line>
      <![CDATA[                2019-01-14 13:27:39: [Method]-"LoginPageTest.testLogin" is passed]]>
    </line>
    <line>
      <![CDATA[                2019-01-14 13:27:41: [Method]-"IdentityAuthenticationChannelPageTest.testIdentityAuthenticationChannel" is started]]>
    </line>
    <line>
      <![CDATA[身份认证修改成功！合作通道代码：PYZXCO]]>
    </line>
    <line>
      <![CDATA[                2019-01-14 13:27:56: [Method]-"IdentityAuthenticationChannelPageTest.testIdentityAuthenticationChannel" is passed]]>
    </line>
    <line>
      <![CDATA[                2019-01-14 13:27:58: [Method]-"IdentityAuthenticationChannelPageTest.testIdentityAuthenticationChannel" is started]]>
    </line>
    <line>
      <![CDATA[身份认证关闭成功！合作通道代码：PYZXCO]]>
    </line>
    <line>
      <![CDATA[身份认证开启成功！合作通道代码：PYZXCO]]>
    </line>
    <line>
      <![CDATA[                2019-01-14 13:28:07: [Method]-"IdentityAuthenticationChannelPageTest.testIdentityAuthenticationChannel" is passed]]>
    </line>
    <line>
      <![CDATA[        2019-01-14 13:28:13): [Test]-"MerchantInfoInsert" is finished]]>
    </line>
  </reporter-output>
  <suite name="SuiteOperationPlatform" duration-ms="39338" started-at="2019-01-14T05:27:34Z" finished-at="2019-01-14T05:28:13Z">
    <groups>
    </groups>
    <test name="MerchantInfoInsert" duration-ms="39338" started-at="2019-01-14T05:27:34Z" finished-at="2019-01-14T05:28:13Z">
      <class name="com.dy.AutoTest.web.actions.SingletonSet">
        <test-method status="PASS" signature="init(java.lang.String, java.lang.String)[pri:0, instance:com.dy.AutoTest.web.actions.SingletonSet@2a32de6c]" name="init" is-config="true" duration-ms="3050" started-at="2019-01-14T05:27:31Z" finished-at="2019-01-14T05:27:34Z">
          <params>
            <param index="0">
              <value>
                <![CDATA[chrome]]>
              </value>
            </param>
            <param index="1">
              <value>
                <![CDATA[pop_uat]]>
              </value>
            </param>
          </params>
          <reporter-output>
          </reporter-output>
        </test-method> <!-- init -->
        <test-method status="PASS" signature="releaseJDBC()[pri:0, instance:com.dy.AutoTest.web.actions.SingletonSet@2a32de6c]" name="releaseJDBC" is-config="true" duration-ms="2709" started-at="2019-01-14T05:28:13Z" finished-at="2019-01-14T05:28:16Z">
          <reporter-output>
          </reporter-output>
        </test-method> <!-- releaseJDBC -->
      </class> <!-- com.dy.AutoTest.web.actions.SingletonSet -->
      <class name="com.dy.AutoTest.OperationPlatform.TestCases.LoginPageTest">
        <test-method status="PASS" signature="BeforeTest(org.testng.ITestContext)[pri:0, instance:com.dy.AutoTest.OperationPlatform.TestCases.LoginPageTest@7692d9cc]" name="BeforeTest" is-config="true" duration-ms="2" started-at="2019-01-14T05:27:34Z" finished-at="2019-01-14T05:27:34Z">
          <params>
            <param index="0">
              <value>
                <![CDATA[org.testng.TestRunner@7793ad58]]>
              </value>
            </param>
          </params>
          <reporter-output>
            <line>
              <![CDATA[        2019-01-14 13:27:34): [Test]-"MerchantInfoInsert" is started]]>
            </line>
          </reporter-output>
        </test-method> <!-- BeforeTest -->
        <test-method status="PASS" signature="beforeClass()[pri:0, instance:com.dy.AutoTest.OperationPlatform.TestCases.LoginPageTest@7692d9cc]" name="beforeClass" is-config="true" duration-ms="1" started-at="2019-01-14T05:27:34Z" finished-at="2019-01-14T05:27:34Z">
          <reporter-output>
          </reporter-output>
        </test-method> <!-- beforeClass -->
        <test-method status="PASS" signature="init()[pri:0, instance:com.dy.AutoTest.OperationPlatform.TestCases.LoginPageTest@7692d9cc]" name="init" is-config="true" duration-ms="2" started-at="2019-01-14T05:27:34Z" finished-at="2019-01-14T05:27:34Z">
          <reporter-output>
          </reporter-output>
        </test-method> <!-- init -->
        <test-method status="PASS" signature="beforeMethod(java.lang.reflect.Method)[pri:0, instance:com.dy.AutoTest.OperationPlatform.TestCases.LoginPageTest@7692d9cc]" name="beforeMethod" is-config="true" duration-ms="1" started-at="2019-01-14T05:27:34Z" finished-at="2019-01-14T05:27:34Z">
          <params>
            <param index="0">
              <value>
                <![CDATA[public void com.dy.AutoTest.OperationPlatform.TestCases.LoginPageTest.testLogin(java.lang.String)]]>
              </value>
            </param>
          </params>
          <reporter-output>
            <line>
              <![CDATA[                2019-01-14 13:27:34: [Method]-"LoginPageTest.testLogin" is started]]>
            </line>
          </reporter-output>
        </test-method> <!-- beforeMethod -->
        <test-method status="PASS" signature="testLogin(java.lang.String)[pri:0, instance:com.dy.AutoTest.OperationPlatform.TestCases.LoginPageTest@7692d9cc]" name="testLogin" duration-ms="4865" started-at="2019-01-14T05:27:34Z" finished-at="2019-01-14T05:27:39Z">
          <params>
            <param index="0">
              <value>
                <![CDATA[T00105]]>
              </value>
            </param>
          </params>
          <reporter-output>
          </reporter-output>
        </test-method> <!-- testLogin -->
        <test-method status="PASS" signature="afterMethod(org.testng.ITestResult)[pri:0, instance:com.dy.AutoTest.OperationPlatform.TestCases.LoginPageTest@7692d9cc]" name="afterMethod" is-config="true" duration-ms="2000" started-at="2019-01-14T05:27:39Z" finished-at="2019-01-14T05:27:41Z">
          <params>
            <param index="0">
              <value>
                <![CDATA[[TestResult name=testLogin status=SUCCESS method=LoginPageTest.testLogin(java.lang.String)[pri:0, instance:com.dy.AutoTest.OperationPlatform.TestCases.LoginPageTest@7692d9cc] output={null}]]]>
              </value>
            </param>
          </params>
          <reporter-output>
            <line>
              <![CDATA[                2019-01-14 13:27:39: [Method]-"LoginPageTest.testLogin" is passed]]>
            </line>
          </reporter-output>
        </test-method> <!-- afterMethod -->
        <test-method status="PASS" signature="AfterTest(org.testng.ITestContext)[pri:0, instance:com.dy.AutoTest.OperationPlatform.TestCases.LoginPageTest@7692d9cc]" name="AfterTest" is-config="true" duration-ms="0" started-at="2019-01-14T05:28:13Z" finished-at="2019-01-14T05:28:13Z">
          <params>
            <param index="0">
              <value>
                <![CDATA[org.testng.TestRunner@7793ad58]]>
              </value>
            </param>
          </params>
          <reporter-output>
            <line>
              <![CDATA[        2019-01-14 13:28:13): [Test]-"MerchantInfoInsert" is finished]]>
            </line>
          </reporter-output>
        </test-method> <!-- AfterTest -->
      </class> <!-- com.dy.AutoTest.OperationPlatform.TestCases.LoginPageTest -->
      <class name="com.dy.AutoTest.OperationPlatform.TestCases.authentication.IdentityAuthenticationChannelPageTest">
        <test-method status="PASS" signature="beforeClass()[pri:0, instance:com.dy.AutoTest.OperationPlatform.TestCases.authentication.IdentityAuthenticationChannelPageTest@75f32542]" name="beforeClass" is-config="true" duration-ms="1" started-at="2019-01-14T05:27:41Z" finished-at="2019-01-14T05:27:41Z">
          <reporter-output>
          </reporter-output>
        </test-method> <!-- beforeClass -->
        <test-method status="PASS" signature="init()[pri:0, instance:com.dy.AutoTest.OperationPlatform.TestCases.authentication.IdentityAuthenticationChannelPageTest@75f32542]" name="init" is-config="true" duration-ms="2" started-at="2019-01-14T05:27:41Z" finished-at="2019-01-14T05:27:41Z">
          <reporter-output>
          </reporter-output>
        </test-method> <!-- init -->
        <test-method status="PASS" signature="testIdentityAuthenticationChannel(com.dy.AutoTest.OperationPlatform.POJO.IdentityAuthenticationChannelBean)[pri:0, instance:com.dy.AutoTest.OperationPlatform.TestCases.authentication.IdentityAuthenticationChannelPageTest@75f32542]" name="testIdentityAuthenticationChannel" duration-ms="14706" started-at="2019-01-14T05:27:41Z" description="运营平台-身份认证通道管理" data-provider="identityAuthenticationChannel" finished-at="2019-01-14T05:27:56Z">
          <params>
            <param index="0">
              <value>
                <![CDATA[com.dy.AutoTest.OperationPlatform.POJO.IdentityAuthenticationChannelBean@5b6813df]]>
              </value>
            </param>
          </params>
          <reporter-output>
            <line>
              <![CDATA[身份认证修改成功！合作通道代码：PYZXCO]]>
            </line>
          </reporter-output>
        </test-method> <!-- testIdentityAuthenticationChannel -->
        <test-method status="PASS" signature="beforeMethod(java.lang.reflect.Method)[pri:0, instance:com.dy.AutoTest.OperationPlatform.TestCases.authentication.IdentityAuthenticationChannelPageTest@75f32542]" name="beforeMethod" is-config="true" duration-ms="0" started-at="2019-01-14T05:27:41Z" finished-at="2019-01-14T05:27:41Z">
          <params>
            <param index="0">
              <value>
                <![CDATA[public void com.dy.AutoTest.OperationPlatform.TestCases.authentication.IdentityAuthenticationChannelPageTest.testIdentityAuthenticationChannel(com.dy.AutoTest.OperationPlatform.POJO.IdentityAuthenticationChannelBean)]]>
              </value>
            </param>
          </params>
          <reporter-output>
            <line>
              <![CDATA[                2019-01-14 13:27:41: [Method]-"IdentityAuthenticationChannelPageTest.testIdentityAuthenticationChannel" is started]]>
            </line>
          </reporter-output>
        </test-method> <!-- beforeMethod -->
        <test-method status="PASS" signature="afterMethod(org.testng.ITestResult)[pri:0, instance:com.dy.AutoTest.OperationPlatform.TestCases.authentication.IdentityAuthenticationChannelPageTest@75f32542]" name="afterMethod" is-config="true" duration-ms="2001" started-at="2019-01-14T05:27:56Z" finished-at="2019-01-14T05:27:58Z">
          <params>
            <param index="0">
              <value>
                <![CDATA[[TestResult name=testIdentityAuthenticationChannel status=SUCCESS method=IdentityAuthenticationChannelPageTest.testIdentityAuthenticationChannel(com.dy.AutoTest.OperationPlatform.POJO.IdentityAuthenticationChannelBean)[pri:0, instance:com.dy.AutoTest.OperationPlatform.TestCases.authentication.IdentityAuthenticationChannelPageTest@75f32542] output=身份认证修改成功！合作通道代码：PYZXCO]]]>
              </value>
            </param>
          </params>
          <reporter-output>
            <line>
              <![CDATA[                2019-01-14 13:27:56: [Method]-"IdentityAuthenticationChannelPageTest.testIdentityAuthenticationChannel" is passed]]>
            </line>
          </reporter-output>
        </test-method> <!-- afterMethod -->
        <test-method status="PASS" signature="testIdentityAuthenticationChannel(com.dy.AutoTest.OperationPlatform.POJO.IdentityAuthenticationChannelBean)[pri:0, instance:com.dy.AutoTest.OperationPlatform.TestCases.authentication.IdentityAuthenticationChannelPageTest@75f32542]" name="testIdentityAuthenticationChannel" duration-ms="9179" started-at="2019-01-14T05:27:58Z" description="运营平台-身份认证通道管理" data-provider="identityAuthenticationChannel" finished-at="2019-01-14T05:28:07Z">
          <params>
            <param index="0">
              <value>
                <![CDATA[com.dy.AutoTest.OperationPlatform.POJO.IdentityAuthenticationChannelBean@2016f509]]>
              </value>
            </param>
          </params>
          <reporter-output>
            <line>
              <![CDATA[身份认证关闭成功！合作通道代码：PYZXCO]]>
            </line>
            <line>
              <![CDATA[身份认证开启成功！合作通道代码：PYZXCO]]>
            </line>
          </reporter-output>
        </test-method> <!-- testIdentityAuthenticationChannel -->
        <test-method status="PASS" signature="beforeMethod(java.lang.reflect.Method)[pri:0, instance:com.dy.AutoTest.OperationPlatform.TestCases.authentication.IdentityAuthenticationChannelPageTest@75f32542]" name="beforeMethod" is-config="true" duration-ms="0" started-at="2019-01-14T05:27:58Z" finished-at="2019-01-14T05:27:58Z">
          <params>
            <param index="0">
              <value>
                <![CDATA[public void com.dy.AutoTest.OperationPlatform.TestCases.authentication.IdentityAuthenticationChannelPageTest.testIdentityAuthenticationChannel(com.dy.AutoTest.OperationPlatform.POJO.IdentityAuthenticationChannelBean)]]>
              </value>
            </param>
          </params>
          <reporter-output>
            <line>
              <![CDATA[                2019-01-14 13:27:58: [Method]-"IdentityAuthenticationChannelPageTest.testIdentityAuthenticationChannel" is started]]>
            </line>
          </reporter-output>
        </test-method> <!-- beforeMethod -->
        <test-method status="PASS" signature="afterMethod(org.testng.ITestResult)[pri:0, instance:com.dy.AutoTest.OperationPlatform.TestCases.authentication.IdentityAuthenticationChannelPageTest@75f32542]" name="afterMethod" is-config="true" duration-ms="2001" started-at="2019-01-14T05:28:07Z" finished-at="2019-01-14T05:28:09Z">
          <params>
            <param index="0">
              <value>
                <![CDATA[[TestResult name=testIdentityAuthenticationChannel status=SUCCESS method=IdentityAuthenticationChannelPageTest.testIdentityAuthenticationChannel(com.dy.AutoTest.OperationPlatform.POJO.IdentityAuthenticationChannelBean)[pri:0, instance:com.dy.AutoTest.OperationPlatform.TestCases.authentication.IdentityAuthenticationChannelPageTest@75f32542] output=身份认证关闭成功！合作通道代码：PYZXCO]]]>
              </value>
            </param>
          </params>
          <reporter-output>
            <line>
              <![CDATA[                2019-01-14 13:28:07: [Method]-"IdentityAuthenticationChannelPageTest.testIdentityAuthenticationChannel" is passed]]>
            </line>
          </reporter-output>
        </test-method> <!-- afterMethod -->
      </class> <!-- com.dy.AutoTest.OperationPlatform.TestCases.authentication.IdentityAuthenticationChannelPageTest -->
      <class name="com.dy.AutoTest.OperationPlatform.TestCases.MainMenuPageTest">
        <test-method status="PASS" signature="init()[pri:0, instance:com.dy.AutoTest.OperationPlatform.TestCases.MainMenuPageTest@7f1302d6]" name="init" is-config="true" duration-ms="2" started-at="2019-01-14T05:28:09Z" finished-at="2019-01-14T05:28:09Z">
          <reporter-output>
          </reporter-output>
        </test-method> <!-- init -->
        <test-method status="PASS" signature="testQuit()[pri:0, instance:com.dy.AutoTest.OperationPlatform.TestCases.MainMenuPageTest@7f1302d6]" name="testQuit" duration-ms="3546" started-at="2019-01-14T05:28:09Z" finished-at="2019-01-14T05:28:12Z">
          <reporter-output>
          </reporter-output>
        </test-method> <!-- testQuit -->
        <test-method status="PASS" signature="releaseBrowser()[pri:0, instance:com.dy.AutoTest.OperationPlatform.TestCases.MainMenuPageTest@7f1302d6]" name="releaseBrowser" is-config="true" duration-ms="1000" started-at="2019-01-14T05:28:12Z" finished-at="2019-01-14T05:28:13Z">
          <reporter-output>
          </reporter-output>
        </test-method> <!-- releaseBrowser -->
      </class> <!-- com.dy.AutoTest.OperationPlatform.TestCases.MainMenuPageTest -->
    </test> <!-- MerchantInfoInsert -->
  </suite> <!-- SuiteOperationPlatform -->
</testng-results>
