<?xml version="1.0" encoding="UTF-8"?>
<testng-results skipped="0" failed="0" ignored="2" total="6" passed="4">
  <reporter-output>
    <line>
      <![CDATA[        2018-11-22 20:46:46): [Test]-"Login" is started]]>
    </line>
    <line>
      <![CDATA[                2018-11-22 20:46:46: [Method]-"LoginPageTest.testLogin" is started]]>
    </line>
    <line>
      <![CDATA[                2018-11-22 20:46:51: [Method]-"LoginPageTest.testLogin" is passed]]>
    </line>
    <line>
      <![CDATA[        2018-11-22 20:46:53): [Test]-"Login" is finished]]>
    </line>
    <line>
      <![CDATA[        2018-11-22 20:46:53): [Test]-"MerchantBalanceQuery" is started]]>
    </line>
    <line>
      <![CDATA[                2018-11-22 20:46:53: [Method]-"MerchantAccountManagementPageTest.testMerchantAccountManagementSearch" is started]]>
    </line>
    <line>
      <![CDATA[                2018-11-22 20:47:25: [Method]-"MerchantAccountManagementPageTest.testMerchantAccountManagementSearch" is passed]]>
    </line>
    <line>
      <![CDATA[                2018-11-22 20:47:27: [Method]-"MerchantAccountManagementPageTest.testMerchantAccountManagementFrozen" is started]]>
    </line>
    <line>
      <![CDATA[                2018-11-22 20:47:39: [Method]-"MerchantAccountManagementPageTest.testMerchantAccountManagementFrozen" is passed]]>
    </line>
    <line>
      <![CDATA[        2018-11-22 20:47:41): [Test]-"MerchantBalanceQuery" is finished]]>
    </line>
  </reporter-output>
  <suite name="MerchantAccountManagement" duration-ms="59751" started-at="2018-11-22T12:46:46Z" finished-at="2018-11-22T12:47:46Z">
    <groups>
    </groups>
    <test name="Login" duration-ms="6860" started-at="2018-11-22T12:46:46Z" finished-at="2018-11-22T12:46:53Z">
      <class name="com.dy.AutoTest.OperationPlatform.TestCases.LoginPageTest">
        <test-method status="PASS" signature="BeforeTest(org.testng.ITestContext)[pri:0, instance:com.dy.AutoTest.OperationPlatform.TestCases.LoginPageTest@23f7d05d]" name="BeforeTest" is-config="true" duration-ms="4" started-at="2018-11-22T12:46:46Z" finished-at="2018-11-22T12:46:46Z">
          <params>
            <param index="0">
              <value>
                <![CDATA[org.testng.TestRunner@4ef2ab73]]>
              </value>
            </param>
          </params>
          <reporter-output>
            <line>
              <![CDATA[        2018-11-22 20:46:46): [Test]-"Login" is started]]>
            </line>
          </reporter-output>
        </test-method> <!-- BeforeTest -->
        <test-method status="PASS" signature="beforeClass()[pri:0, instance:com.dy.AutoTest.OperationPlatform.TestCases.LoginPageTest@23f7d05d]" name="beforeClass" is-config="true" duration-ms="2" started-at="2018-11-22T12:46:46Z" finished-at="2018-11-22T12:46:46Z">
          <reporter-output>
          </reporter-output>
        </test-method> <!-- beforeClass -->
        <test-method status="PASS" signature="init()[pri:0, instance:com.dy.AutoTest.OperationPlatform.TestCases.LoginPageTest@23f7d05d]" name="init" is-config="true" duration-ms="17" started-at="2018-11-22T12:46:46Z" finished-at="2018-11-22T12:46:46Z">
          <reporter-output>
          </reporter-output>
        </test-method> <!-- init -->
        <test-method status="PASS" signature="beforeMethod(java.lang.reflect.Method)[pri:0, instance:com.dy.AutoTest.OperationPlatform.TestCases.LoginPageTest@23f7d05d]" name="beforeMethod" is-config="true" duration-ms="1" started-at="2018-11-22T12:46:46Z" finished-at="2018-11-22T12:46:46Z">
          <params>
            <param index="0">
              <value>
                <![CDATA[public void com.dy.AutoTest.OperationPlatform.TestCases.LoginPageTest.testLogin(java.lang.String)]]>
              </value>
            </param>
          </params>
          <reporter-output>
            <line>
              <![CDATA[                2018-11-22 20:46:46: [Method]-"LoginPageTest.testLogin" is started]]>
            </line>
          </reporter-output>
        </test-method> <!-- beforeMethod -->
        <test-method status="PASS" signature="testLogin(java.lang.String)[pri:0, instance:com.dy.AutoTest.OperationPlatform.TestCases.LoginPageTest@23f7d05d]" name="testLogin" duration-ms="4773" started-at="2018-11-22T12:46:46Z" finished-at="2018-11-22T12:46:51Z">
          <params>
            <param index="0">
              <value>
                <![CDATA[T00064]]>
              </value>
            </param>
          </params>
          <reporter-output>
          </reporter-output>
        </test-method> <!-- testLogin -->
        <test-method status="PASS" signature="afterMethod(org.testng.ITestResult)[pri:0, instance:com.dy.AutoTest.OperationPlatform.TestCases.LoginPageTest@23f7d05d]" name="afterMethod" is-config="true" duration-ms="2001" started-at="2018-11-22T12:46:51Z" finished-at="2018-11-22T12:46:53Z">
          <params>
            <param index="0">
              <value>
                <![CDATA[[TestResult name=testLogin status=SUCCESS method=LoginPageTest.testLogin(java.lang.String)[pri:0, instance:com.dy.AutoTest.OperationPlatform.TestCases.LoginPageTest@23f7d05d] output={null}]]]>
              </value>
            </param>
          </params>
          <reporter-output>
            <line>
              <![CDATA[                2018-11-22 20:46:51: [Method]-"LoginPageTest.testLogin" is passed]]>
            </line>
          </reporter-output>
        </test-method> <!-- afterMethod -->
        <test-method status="PASS" signature="AfterTest(org.testng.ITestContext)[pri:0, instance:com.dy.AutoTest.OperationPlatform.TestCases.LoginPageTest@23f7d05d]" name="AfterTest" is-config="true" duration-ms="1" started-at="2018-11-22T12:46:53Z" finished-at="2018-11-22T12:46:53Z">
          <params>
            <param index="0">
              <value>
                <![CDATA[org.testng.TestRunner@4ef2ab73]]>
              </value>
            </param>
          </params>
          <reporter-output>
            <line>
              <![CDATA[        2018-11-22 20:46:53): [Test]-"Login" is finished]]>
            </line>
          </reporter-output>
        </test-method> <!-- AfterTest -->
      </class> <!-- com.dy.AutoTest.OperationPlatform.TestCases.LoginPageTest -->
    </test> <!-- Login -->
    <test name="MerchantBalanceQuery" duration-ms="47795" started-at="2018-11-22T12:46:53Z" finished-at="2018-11-22T12:47:41Z">
      <class name="com.dy.AutoTest.OperationPlatform.TestCases.MerchantManagementOnLine.OnLineMechantInfo.MerchantAccountManagementPageTest">
        <test-method status="PASS" signature="BeforeTest(org.testng.ITestContext)[pri:0, instance:com.dy.AutoTest.OperationPlatform.TestCases.MerchantManagementOnLine.OnLineMechantInfo.MerchantAccountManagementPageTest@27ae2fd0]" name="BeforeTest" is-config="true" duration-ms="1" started-at="2018-11-22T12:46:53Z" finished-at="2018-11-22T12:46:53Z">
          <params>
            <param index="0">
              <value>
                <![CDATA[org.testng.TestRunner@34be065a]]>
              </value>
            </param>
          </params>
          <reporter-output>
            <line>
              <![CDATA[        2018-11-22 20:46:53): [Test]-"MerchantBalanceQuery" is started]]>
            </line>
          </reporter-output>
        </test-method> <!-- BeforeTest -->
        <test-method status="PASS" signature="beforeClass()[pri:0, instance:com.dy.AutoTest.OperationPlatform.TestCases.MerchantManagementOnLine.OnLineMechantInfo.MerchantAccountManagementPageTest@27ae2fd0]" name="beforeClass" is-config="true" duration-ms="0" started-at="2018-11-22T12:46:53Z" finished-at="2018-11-22T12:46:53Z">
          <reporter-output>
          </reporter-output>
        </test-method> <!-- beforeClass -->
        <test-method status="PASS" signature="init()[pri:0, instance:com.dy.AutoTest.OperationPlatform.TestCases.MerchantManagementOnLine.OnLineMechantInfo.MerchantAccountManagementPageTest@27ae2fd0]" name="init" is-config="true" duration-ms="2" started-at="2018-11-22T12:46:53Z" finished-at="2018-11-22T12:46:53Z">
          <reporter-output>
          </reporter-output>
        </test-method> <!-- init -->
        <test-method status="PASS" signature="beforeMethod(java.lang.reflect.Method)[pri:0, instance:com.dy.AutoTest.OperationPlatform.TestCases.MerchantManagementOnLine.OnLineMechantInfo.MerchantAccountManagementPageTest@27ae2fd0]" name="beforeMethod" is-config="true" duration-ms="1" started-at="2018-11-22T12:46:53Z" finished-at="2018-11-22T12:46:53Z">
          <params>
            <param index="0">
              <value>
                <![CDATA[public void com.dy.AutoTest.OperationPlatform.TestCases.MerchantManagementOnLine.OnLineMechantInfo.MerchantAccountManagementPageTest.testMerchantAccountManagementSearch(com.dy.AutoTest.OperationPlatform.POJO.MerchantAccountManagementBean)]]>
              </value>
            </param>
          </params>
          <reporter-output>
            <line>
              <![CDATA[                2018-11-22 20:46:53: [Method]-"MerchantAccountManagementPageTest.testMerchantAccountManagementSearch" is started]]>
            </line>
          </reporter-output>
        </test-method> <!-- beforeMethod -->
        <test-method status="PASS" signature="testMerchantAccountManagementSearch(com.dy.AutoTest.OperationPlatform.POJO.MerchantAccountManagementBean)[pri:0, instance:com.dy.AutoTest.OperationPlatform.TestCases.MerchantManagementOnLine.OnLineMechantInfo.MerchantAccountManagementPageTest@27ae2fd0]" name="testMerchantAccountManagementSearch" duration-ms="31884" started-at="2018-11-22T12:46:53Z" data-provider="MerchantAccountManagement" finished-at="2018-11-22T12:47:25Z">
          <params>
            <param index="0">
              <value>
                <![CDATA[com.dy.AutoTest.OperationPlatform.POJO.MerchantAccountManagementBean@40dd3977]]>
              </value>
            </param>
          </params>
          <reporter-output>
          </reporter-output>
        </test-method> <!-- testMerchantAccountManagementSearch -->
        <test-method status="PASS" signature="afterMethod(org.testng.ITestResult)[pri:0, instance:com.dy.AutoTest.OperationPlatform.TestCases.MerchantManagementOnLine.OnLineMechantInfo.MerchantAccountManagementPageTest@27ae2fd0]" name="afterMethod" is-config="true" duration-ms="2002" started-at="2018-11-22T12:47:25Z" finished-at="2018-11-22T12:47:27Z">
          <params>
            <param index="0">
              <value>
                <![CDATA[[TestResult name=testMerchantAccountManagementSearch status=SUCCESS method=MerchantAccountManagementPageTest.testMerchantAccountManagementSearch(com.dy.AutoTest.OperationPlatform.POJO.MerchantAccountManagementBean)[pri:0, instance:com.dy.AutoTest.OperationPlatform.TestCases.MerchantManagementOnLine.OnLineMechantInfo.MerchantAccountManagementPageTest@27ae2fd0] output={null}]]]>
              </value>
            </param>
          </params>
          <reporter-output>
            <line>
              <![CDATA[                2018-11-22 20:47:25: [Method]-"MerchantAccountManagementPageTest.testMerchantAccountManagementSearch" is passed]]>
            </line>
          </reporter-output>
        </test-method> <!-- afterMethod -->
        <test-method status="PASS" signature="beforeMethod(java.lang.reflect.Method)[pri:0, instance:com.dy.AutoTest.OperationPlatform.TestCases.MerchantManagementOnLine.OnLineMechantInfo.MerchantAccountManagementPageTest@27ae2fd0]" name="beforeMethod" is-config="true" duration-ms="0" started-at="2018-11-22T12:47:27Z" finished-at="2018-11-22T12:47:27Z">
          <params>
            <param index="0">
              <value>
                <![CDATA[public void com.dy.AutoTest.OperationPlatform.TestCases.MerchantManagementOnLine.OnLineMechantInfo.MerchantAccountManagementPageTest.testMerchantAccountManagementFrozen(com.dy.AutoTest.OperationPlatform.POJO.MerchantAccountManagementBean)]]>
              </value>
            </param>
          </params>
          <reporter-output>
            <line>
              <![CDATA[                2018-11-22 20:47:27: [Method]-"MerchantAccountManagementPageTest.testMerchantAccountManagementFrozen" is started]]>
            </line>
          </reporter-output>
        </test-method> <!-- beforeMethod -->
        <test-method status="PASS" signature="testMerchantAccountManagementFrozen(com.dy.AutoTest.OperationPlatform.POJO.MerchantAccountManagementBean)[pri:0, instance:com.dy.AutoTest.OperationPlatform.TestCases.MerchantManagementOnLine.OnLineMechantInfo.MerchantAccountManagementPageTest@27ae2fd0]" name="testMerchantAccountManagementFrozen" duration-ms="11893" started-at="2018-11-22T12:47:27Z" data-provider="MerchantAccountManagement" finished-at="2018-11-22T12:47:39Z">
          <params>
            <param index="0">
              <value>
                <![CDATA[com.dy.AutoTest.OperationPlatform.POJO.MerchantAccountManagementBean@48b4a043]]>
              </value>
            </param>
          </params>
          <reporter-output>
          </reporter-output>
        </test-method> <!-- testMerchantAccountManagementFrozen -->
        <test-method status="PASS" signature="afterMethod(org.testng.ITestResult)[pri:0, instance:com.dy.AutoTest.OperationPlatform.TestCases.MerchantManagementOnLine.OnLineMechantInfo.MerchantAccountManagementPageTest@27ae2fd0]" name="afterMethod" is-config="true" duration-ms="2001" started-at="2018-11-22T12:47:39Z" finished-at="2018-11-22T12:47:41Z">
          <params>
            <param index="0">
              <value>
                <![CDATA[[TestResult name=testMerchantAccountManagementFrozen status=SUCCESS method=MerchantAccountManagementPageTest.testMerchantAccountManagementFrozen(com.dy.AutoTest.OperationPlatform.POJO.MerchantAccountManagementBean)[pri:0, instance:com.dy.AutoTest.OperationPlatform.TestCases.MerchantManagementOnLine.OnLineMechantInfo.MerchantAccountManagementPageTest@27ae2fd0] output={null}]]]>
              </value>
            </param>
          </params>
          <reporter-output>
            <line>
              <![CDATA[                2018-11-22 20:47:39: [Method]-"MerchantAccountManagementPageTest.testMerchantAccountManagementFrozen" is passed]]>
            </line>
          </reporter-output>
        </test-method> <!-- afterMethod -->
        <test-method status="PASS" signature="AfterTest(org.testng.ITestContext)[pri:0, instance:com.dy.AutoTest.OperationPlatform.TestCases.MerchantManagementOnLine.OnLineMechantInfo.MerchantAccountManagementPageTest@27ae2fd0]" name="AfterTest" is-config="true" duration-ms="0" started-at="2018-11-22T12:47:41Z" finished-at="2018-11-22T12:47:41Z">
          <params>
            <param index="0">
              <value>
                <![CDATA[org.testng.TestRunner@34be065a]]>
              </value>
            </param>
          </params>
          <reporter-output>
            <line>
              <![CDATA[        2018-11-22 20:47:41): [Test]-"MerchantBalanceQuery" is finished]]>
            </line>
          </reporter-output>
        </test-method> <!-- AfterTest -->
      </class> <!-- com.dy.AutoTest.OperationPlatform.TestCases.MerchantManagementOnLine.OnLineMechantInfo.MerchantAccountManagementPageTest -->
    </test> <!-- MerchantBalanceQuery -->
    <test name="Quit" duration-ms="5068" started-at="2018-11-22T12:47:41Z" finished-at="2018-11-22T12:47:46Z">
      <class name="com.dy.AutoTest.web.actions.SingletonSet">
        <test-method status="PASS" signature="init(java.lang.String, java.lang.String)[pri:0, instance:com.dy.AutoTest.web.actions.SingletonSet@23986957]" name="init" is-config="true" duration-ms="6703" started-at="2018-11-22T12:46:39Z" finished-at="2018-11-22T12:46:46Z">
          <params>
            <param index="0">
              <value>
                <![CDATA[firefox]]>
              </value>
            </param>
            <param index="1">
              <value>
                <![CDATA[pop_uat]]>
              </value>
            </param>
          </params>
          <reporter-output>
          </reporter-output>
        </test-method> <!-- init -->
        <test-method status="PASS" signature="releaseJDBC()[pri:0, instance:com.dy.AutoTest.web.actions.SingletonSet@23986957]" name="releaseJDBC" is-config="true" duration-ms="3461" started-at="2018-11-22T12:47:46Z" finished-at="2018-11-22T12:47:49Z">
          <reporter-output>
          </reporter-output>
        </test-method> <!-- releaseJDBC -->
      </class> <!-- com.dy.AutoTest.web.actions.SingletonSet -->
      <class name="com.dy.AutoTest.OperationPlatform.TestCases.MainMenuPageTest">
        <test-method status="PASS" signature="init()[pri:0, instance:com.dy.AutoTest.OperationPlatform.TestCases.MainMenuPageTest@1fe20588]" name="init" is-config="true" duration-ms="2" started-at="2018-11-22T12:47:41Z" finished-at="2018-11-22T12:47:41Z">
          <reporter-output>
          </reporter-output>
        </test-method> <!-- init -->
        <test-method status="PASS" signature="testQuit()[pri:0, instance:com.dy.AutoTest.OperationPlatform.TestCases.MainMenuPageTest@1fe20588]" name="testQuit" duration-ms="4061" started-at="2018-11-22T12:47:41Z" finished-at="2018-11-22T12:47:45Z">
          <reporter-output>
          </reporter-output>
        </test-method> <!-- testQuit -->
        <test-method status="PASS" signature="releaseBrowser()[pri:0, instance:com.dy.AutoTest.OperationPlatform.TestCases.MainMenuPageTest@1fe20588]" name="releaseBrowser" is-config="true" duration-ms="1000" started-at="2018-11-22T12:47:45Z" finished-at="2018-11-22T12:47:46Z">
          <reporter-output>
          </reporter-output>
        </test-method> <!-- releaseBrowser -->
      </class> <!-- com.dy.AutoTest.OperationPlatform.TestCases.MainMenuPageTest -->
    </test> <!-- Quit -->
  </suite> <!-- MerchantAccountManagement -->
</testng-results>
