<?xml version="1.0" encoding="UTF-8"?>
<testng-results skipped="0" failed="0" ignored="1" total="2" passed="1">
  <reporter-output>
    <line>
      <![CDATA[        2018-12-21 09:15:39): [Test]-"OnlineCashierB2B" is started]]>
    </line>
    <line>
      <![CDATA[                2018-12-21 09:15:39: [Method]-"OnlineCashierB2BTest.testB2BScanCode" is started]]>
    </line>
    <line>
      <![CDATA[                2018-12-21 09:17:04: [Method]-"OnlineCashierB2BTest.testB2BScanCode" is passed]]>
    </line>
    <line>
      <![CDATA[        2018-12-21 09:17:06): [Test]-"OnlineCashierB2B" is finished]]>
    </line>
  </reporter-output>
  <suite name="OnlineCashierB2B" duration-ms="86695" started-at="2018-12-21T01:15:39Z" finished-at="2018-12-21T01:17:06Z">
    <groups>
    </groups>
    <test name="OnlineCashierB2B" duration-ms="86695" started-at="2018-12-21T01:15:39Z" finished-at="2018-12-21T01:17:06Z">
      <class name="com.dy.AutoTest.web.actions.SingletonSet">
        <test-method status="PASS" signature="init(java.lang.String, java.lang.String)[pri:0, instance:com.dy.AutoTest.web.actions.SingletonSet@23f7d05d]" name="init" is-config="true" duration-ms="3723" started-at="2018-12-21T01:15:36Z" finished-at="2018-12-21T01:15:39Z">
          <params>
            <param index="0">
              <value>
                <![CDATA[chrome]]>
              </value>
            </param>
            <param index="1">
              <value>
                <![CDATA[online_simulator_uat]]>
              </value>
            </param>
          </params>
          <reporter-output>
          </reporter-output>
        </test-method> <!-- init -->
        <test-method status="PASS" signature="releaseJDBC()[pri:0, instance:com.dy.AutoTest.web.actions.SingletonSet@23f7d05d]" name="releaseJDBC" is-config="true" duration-ms="2854" started-at="2018-12-21T01:17:06Z" finished-at="2018-12-21T01:17:09Z">
          <reporter-output>
          </reporter-output>
        </test-method> <!-- releaseJDBC -->
      </class> <!-- com.dy.AutoTest.web.actions.SingletonSet -->
      <class name="com.dy.AutoTest.OnlineCashier.TestCases.OnlineCashierB2BTest">
        <test-method status="PASS" signature="BeforeTest(org.testng.ITestContext)[pri:0, instance:com.dy.AutoTest.OnlineCashier.TestCases.OnlineCashierB2BTest@1e730495]" name="BeforeTest" is-config="true" duration-ms="2" started-at="2018-12-21T01:15:39Z" finished-at="2018-12-21T01:15:39Z">
          <params>
            <param index="0">
              <value>
                <![CDATA[org.testng.TestRunner@60c8a093]]>
              </value>
            </param>
          </params>
          <reporter-output>
            <line>
              <![CDATA[        2018-12-21 09:15:39): [Test]-"OnlineCashierB2B" is started]]>
            </line>
          </reporter-output>
        </test-method> <!-- BeforeTest -->
        <test-method status="PASS" signature="beforeClass()[pri:0, instance:com.dy.AutoTest.OnlineCashier.TestCases.OnlineCashierB2BTest@1e730495]" name="beforeClass" is-config="true" duration-ms="0" started-at="2018-12-21T01:15:39Z" finished-at="2018-12-21T01:15:39Z">
          <reporter-output>
          </reporter-output>
        </test-method> <!-- beforeClass -->
        <test-method status="PASS" signature="init()[pri:0, instance:com.dy.AutoTest.OnlineCashier.TestCases.OnlineCashierB2BTest@1e730495]" name="init" is-config="true" duration-ms="9" started-at="2018-12-21T01:15:39Z" finished-at="2018-12-21T01:15:39Z">
          <reporter-output>
          </reporter-output>
        </test-method> <!-- init -->
        <test-method status="PASS" signature="beforeMethod(java.lang.reflect.Method)[pri:0, instance:com.dy.AutoTest.OnlineCashier.TestCases.OnlineCashierB2BTest@1e730495]" name="beforeMethod" is-config="true" duration-ms="0" started-at="2018-12-21T01:15:39Z" finished-at="2018-12-21T01:15:39Z">
          <params>
            <param index="0">
              <value>
                <![CDATA[public void com.dy.AutoTest.OnlineCashier.TestCases.OnlineCashierB2BTest.testB2BScanCode(com.dy.AutoTest.OnlineCashier.POJO.OnlineCashierB2BBean)]]>
              </value>
            </param>
          </params>
          <reporter-output>
            <line>
              <![CDATA[                2018-12-21 09:15:39: [Method]-"OnlineCashierB2BTest.testB2BScanCode" is started]]>
            </line>
          </reporter-output>
        </test-method> <!-- beforeMethod -->
        <test-method status="PASS" signature="testB2BScanCode(com.dy.AutoTest.OnlineCashier.POJO.OnlineCashierB2BBean)[pri:0, instance:com.dy.AutoTest.OnlineCashier.TestCases.OnlineCashierB2BTest@1e730495]" name="testB2BScanCode" duration-ms="84649" started-at="2018-12-21T01:15:39Z" description="收银台-B2B收款-扫码" data-provider="B2BByCaseNO" finished-at="2018-12-21T01:17:04Z">
          <params>
            <param index="0">
              <value>
                <![CDATA[com.dy.AutoTest.OnlineCashier.POJO.OnlineCashierB2BBean@55322aab]]>
              </value>
            </param>
          </params>
          <reporter-output>
          </reporter-output>
        </test-method> <!-- testB2BScanCode -->
        <test-method status="PASS" signature="afterMethod(org.testng.ITestResult)[pri:0, instance:com.dy.AutoTest.OnlineCashier.TestCases.OnlineCashierB2BTest@1e730495]" name="afterMethod" is-config="true" duration-ms="2003" started-at="2018-12-21T01:17:04Z" finished-at="2018-12-21T01:17:06Z">
          <params>
            <param index="0">
              <value>
                <![CDATA[[TestResult name=testB2BScanCode status=SUCCESS method=OnlineCashierB2BTest.testB2BScanCode(com.dy.AutoTest.OnlineCashier.POJO.OnlineCashierB2BBean)[pri:0, instance:com.dy.AutoTest.OnlineCashier.TestCases.OnlineCashierB2BTest@1e730495] output={null}]]]>
              </value>
            </param>
          </params>
          <reporter-output>
            <line>
              <![CDATA[                2018-12-21 09:17:04: [Method]-"OnlineCashierB2BTest.testB2BScanCode" is passed]]>
            </line>
          </reporter-output>
        </test-method> <!-- afterMethod -->
        <test-method status="PASS" signature="AfterTest(org.testng.ITestContext)[pri:0, instance:com.dy.AutoTest.OnlineCashier.TestCases.OnlineCashierB2BTest@1e730495]" name="AfterTest" is-config="true" duration-ms="2" started-at="2018-12-21T01:17:06Z" finished-at="2018-12-21T01:17:06Z">
          <params>
            <param index="0">
              <value>
                <![CDATA[org.testng.TestRunner@60c8a093]]>
              </value>
            </param>
          </params>
          <reporter-output>
            <line>
              <![CDATA[        2018-12-21 09:17:06): [Test]-"OnlineCashierB2B" is finished]]>
            </line>
          </reporter-output>
        </test-method> <!-- AfterTest -->
      </class> <!-- com.dy.AutoTest.OnlineCashier.TestCases.OnlineCashierB2BTest -->
    </test> <!-- OnlineCashierB2B -->
  </suite> <!-- OnlineCashierB2B -->
</testng-results>
