<?xml version="1.0" encoding="UTF-8"?>
<testng-results skipped="0" failed="0" ignored="0" total="3" passed="3">
  <reporter-output>
    <line>
      <![CDATA[        2018-11-02 14:52:07): [Test]-"OnlineCashierB2C" is started]]>
    </line>
    <line>
      <![CDATA[                2018-11-02 14:52:07: [Method]-"OnlineCashierB2CTest.testOnlineCashierB2C" is started]]>
    </line>
    <line>
      <![CDATA[[info]支付成功！用户 13467890004 在 888021059500001 下，消费 0.2 元]]>
    </line>
    <line>
      <![CDATA[                2018-11-02 14:52:25: [Method]-"OnlineCashierB2CTest.testOnlineCashierB2C" is passed]]>
    </line>
    <line>
      <![CDATA[                2018-11-02 14:52:27: [Method]-"OnlineCashierB2CTest.testOnlineCashierB2C" is started]]>
    </line>
    <line>
      <![CDATA[[info]支付成功！用户 13467890004 在 888021059500001 下，消费 0.2 元]]>
    </line>
    <line>
      <![CDATA[                2018-11-02 14:52:52: [Method]-"OnlineCashierB2CTest.testOnlineCashierB2C" is passed]]>
    </line>
    <line>
      <![CDATA[                2018-11-02 14:52:54: [Method]-"OnlineCashierB2CTest.testOnlineCashierB2C" is started]]>
    </line>
    <line>
      <![CDATA[[info]支付成功！用户 13467890004 在 888021059500001 下，消费 0.2 元]]>
    </line>
    <line>
      <![CDATA[                2018-11-02 14:53:35: [Method]-"OnlineCashierB2CTest.testOnlineCashierB2C" is passed]]>
    </line>
    <line>
      <![CDATA[        2018-11-02 14:53:37): [Test]-"OnlineCashierB2C" is finished]]>
    </line>
  </reporter-output>
  <suite name="OnlineCashierB2C" duration-ms="90481" started-at="2018-11-02T06:52:07Z" finished-at="2018-11-02T06:53:37Z">
    <groups>
    </groups>
    <test name="OnlineCashierB2C" duration-ms="90481" started-at="2018-11-02T06:52:07Z" finished-at="2018-11-02T06:53:37Z">
      <class name="com.dy.AutoTest.web.actions.SingletonSet">
        <test-method status="PASS" signature="init(java.lang.String, java.lang.String)[pri:0, instance:com.dy.AutoTest.web.actions.SingletonSet@1e730495]" name="init" is-config="true" duration-ms="3500" started-at="2018-11-02T06:52:03Z" finished-at="2018-11-02T06:52:07Z">
          <params>
            <param index="0">
              <value>
                <![CDATA[chrome]]>
              </value>
            </param>
            <param index="1">
              <value>
                <![CDATA[online_simulator_uat]]>
              </value>
            </param>
          </params>
          <reporter-output>
          </reporter-output>
        </test-method> <!-- init -->
        <test-method status="PASS" signature="releaseBrowser()[pri:0, instance:com.dy.AutoTest.web.actions.SingletonSet@1e730495]" name="releaseBrowser" is-config="true" duration-ms="2814" started-at="2018-11-02T06:53:37Z" finished-at="2018-11-02T06:53:40Z">
          <reporter-output>
          </reporter-output>
        </test-method> <!-- releaseBrowser -->
      </class> <!-- com.dy.AutoTest.web.actions.SingletonSet -->
      <class name="com.dy.AutoTest.OnlineCashier.TestCases.OnlineCashierB2CTest">
        <test-method status="PASS" signature="BeforeTest(org.testng.ITestContext)[pri:0, instance:com.dy.AutoTest.OnlineCashier.TestCases.OnlineCashierB2CTest@7d3a22a9]" name="BeforeTest" is-config="true" duration-ms="1" started-at="2018-11-02T06:52:07Z" finished-at="2018-11-02T06:52:07Z">
          <params>
            <param index="0">
              <value>
                <![CDATA[org.testng.TestRunner@3a6e9856]]>
              </value>
            </param>
          </params>
          <reporter-output>
            <line>
              <![CDATA[        2018-11-02 14:52:07): [Test]-"OnlineCashierB2C" is started]]>
            </line>
          </reporter-output>
        </test-method> <!-- BeforeTest -->
        <test-method status="PASS" signature="beforeClass()[pri:0, instance:com.dy.AutoTest.OnlineCashier.TestCases.OnlineCashierB2CTest@7d3a22a9]" name="beforeClass" is-config="true" duration-ms="0" started-at="2018-11-02T06:52:07Z" finished-at="2018-11-02T06:52:07Z">
          <reporter-output>
          </reporter-output>
        </test-method> <!-- beforeClass -->
        <test-method status="PASS" signature="init()[pri:0, instance:com.dy.AutoTest.OnlineCashier.TestCases.OnlineCashierB2CTest@7d3a22a9]" name="init" is-config="true" duration-ms="9" started-at="2018-11-02T06:52:07Z" finished-at="2018-11-02T06:52:07Z">
          <reporter-output>
          </reporter-output>
        </test-method> <!-- init -->
        <test-method status="PASS" signature="testOnlineCashierB2C(com.dy.AutoTest.OnlineCashier.POJO.OnlineCashierB2CBean)[pri:0, instance:com.dy.AutoTest.OnlineCashier.TestCases.OnlineCashierB2CTest@7d3a22a9]" name="testOnlineCashierB2C" duration-ms="18772" started-at="2018-11-02T06:52:07Z" data-provider="B2C" finished-at="2018-11-02T06:52:25Z">
          <params>
            <param index="0">
              <value>
                <![CDATA[com.dy.AutoTest.OnlineCashier.POJO.OnlineCashierB2CBean@2b4c1d96]]>
              </value>
            </param>
          </params>
          <reporter-output>
            <line>
              <![CDATA[[info]支付成功！用户 13467890004 在 888021059500001 下，消费 0.2 元]]>
            </line>
          </reporter-output>
        </test-method> <!-- testOnlineCashierB2C -->
        <test-method status="PASS" signature="beforeMethod(java.lang.reflect.Method)[pri:0, instance:com.dy.AutoTest.OnlineCashier.TestCases.OnlineCashierB2CTest@7d3a22a9]" name="beforeMethod" is-config="true" duration-ms="0" started-at="2018-11-02T06:52:07Z" finished-at="2018-11-02T06:52:07Z">
          <params>
            <param index="0">
              <value>
                <![CDATA[public void com.dy.AutoTest.OnlineCashier.TestCases.OnlineCashierB2CTest.testOnlineCashierB2C(com.dy.AutoTest.OnlineCashier.POJO.OnlineCashierB2CBean)]]>
              </value>
            </param>
          </params>
          <reporter-output>
            <line>
              <![CDATA[                2018-11-02 14:52:07: [Method]-"OnlineCashierB2CTest.testOnlineCashierB2C" is started]]>
            </line>
          </reporter-output>
        </test-method> <!-- beforeMethod -->
        <test-method status="PASS" signature="afterMethod(org.testng.ITestResult)[pri:0, instance:com.dy.AutoTest.OnlineCashier.TestCases.OnlineCashierB2CTest@7d3a22a9]" name="afterMethod" is-config="true" duration-ms="2002" started-at="2018-11-02T06:52:25Z" finished-at="2018-11-02T06:52:27Z">
          <params>
            <param index="0">
              <value>
                <![CDATA[[TestResult name=testOnlineCashierB2C status=SUCCESS method=OnlineCashierB2CTest.testOnlineCashierB2C(com.dy.AutoTest.OnlineCashier.POJO.OnlineCashierB2CBean)[pri:0, instance:com.dy.AutoTest.OnlineCashier.TestCases.OnlineCashierB2CTest@7d3a22a9] output=[info]支付成功！用户 13467890004 在 888021059500001 下，消费 0.2 元]]]>
              </value>
            </param>
          </params>
          <reporter-output>
            <line>
              <![CDATA[                2018-11-02 14:52:25: [Method]-"OnlineCashierB2CTest.testOnlineCashierB2C" is passed]]>
            </line>
          </reporter-output>
        </test-method> <!-- afterMethod -->
        <test-method status="PASS" signature="beforeMethod(java.lang.reflect.Method)[pri:0, instance:com.dy.AutoTest.OnlineCashier.TestCases.OnlineCashierB2CTest@7d3a22a9]" name="beforeMethod" is-config="true" duration-ms="1" started-at="2018-11-02T06:52:27Z" finished-at="2018-11-02T06:52:27Z">
          <params>
            <param index="0">
              <value>
                <![CDATA[public void com.dy.AutoTest.OnlineCashier.TestCases.OnlineCashierB2CTest.testOnlineCashierB2C(com.dy.AutoTest.OnlineCashier.POJO.OnlineCashierB2CBean)]]>
              </value>
            </param>
          </params>
          <reporter-output>
            <line>
              <![CDATA[                2018-11-02 14:52:27: [Method]-"OnlineCashierB2CTest.testOnlineCashierB2C" is started]]>
            </line>
          </reporter-output>
        </test-method> <!-- beforeMethod -->
        <test-method status="PASS" signature="testOnlineCashierB2C(com.dy.AutoTest.OnlineCashier.POJO.OnlineCashierB2CBean)[pri:0, instance:com.dy.AutoTest.OnlineCashier.TestCases.OnlineCashierB2CTest@7d3a22a9]" name="testOnlineCashierB2C" duration-ms="25055" started-at="2018-11-02T06:52:27Z" data-provider="B2C" finished-at="2018-11-02T06:52:52Z">
          <params>
            <param index="0">
              <value>
                <![CDATA[com.dy.AutoTest.OnlineCashier.POJO.OnlineCashierB2CBean@4604b900]]>
              </value>
            </param>
          </params>
          <reporter-output>
            <line>
              <![CDATA[[info]支付成功！用户 13467890004 在 888021059500001 下，消费 0.2 元]]>
            </line>
          </reporter-output>
        </test-method> <!-- testOnlineCashierB2C -->
        <test-method status="PASS" signature="afterMethod(org.testng.ITestResult)[pri:0, instance:com.dy.AutoTest.OnlineCashier.TestCases.OnlineCashierB2CTest@7d3a22a9]" name="afterMethod" is-config="true" duration-ms="2001" started-at="2018-11-02T06:52:52Z" finished-at="2018-11-02T06:52:54Z">
          <params>
            <param index="0">
              <value>
                <![CDATA[[TestResult name=testOnlineCashierB2C status=SUCCESS method=OnlineCashierB2CTest.testOnlineCashierB2C(com.dy.AutoTest.OnlineCashier.POJO.OnlineCashierB2CBean)[pri:0, instance:com.dy.AutoTest.OnlineCashier.TestCases.OnlineCashierB2CTest@7d3a22a9] output=[info]支付成功！用户 13467890004 在 888021059500001 下，消费 0.2 元]]]>
              </value>
            </param>
          </params>
          <reporter-output>
            <line>
              <![CDATA[                2018-11-02 14:52:52: [Method]-"OnlineCashierB2CTest.testOnlineCashierB2C" is passed]]>
            </line>
          </reporter-output>
        </test-method> <!-- afterMethod -->
        <test-method status="PASS" signature="beforeMethod(java.lang.reflect.Method)[pri:0, instance:com.dy.AutoTest.OnlineCashier.TestCases.OnlineCashierB2CTest@7d3a22a9]" name="beforeMethod" is-config="true" duration-ms="1" started-at="2018-11-02T06:52:54Z" finished-at="2018-11-02T06:52:54Z">
          <params>
            <param index="0">
              <value>
                <![CDATA[public void com.dy.AutoTest.OnlineCashier.TestCases.OnlineCashierB2CTest.testOnlineCashierB2C(com.dy.AutoTest.OnlineCashier.POJO.OnlineCashierB2CBean)]]>
              </value>
            </param>
          </params>
          <reporter-output>
            <line>
              <![CDATA[                2018-11-02 14:52:54: [Method]-"OnlineCashierB2CTest.testOnlineCashierB2C" is started]]>
            </line>
          </reporter-output>
        </test-method> <!-- beforeMethod -->
        <test-method status="PASS" signature="testOnlineCashierB2C(com.dy.AutoTest.OnlineCashier.POJO.OnlineCashierB2CBean)[pri:0, instance:com.dy.AutoTest.OnlineCashier.TestCases.OnlineCashierB2CTest@7d3a22a9]" name="testOnlineCashierB2C" duration-ms="40601" started-at="2018-11-02T06:52:54Z" data-provider="B2C" finished-at="2018-11-02T06:53:35Z">
          <params>
            <param index="0">
              <value>
                <![CDATA[com.dy.AutoTest.OnlineCashier.POJO.OnlineCashierB2CBean@7ff8a9dc]]>
              </value>
            </param>
          </params>
          <reporter-output>
            <line>
              <![CDATA[[info]支付成功！用户 13467890004 在 888021059500001 下，消费 0.2 元]]>
            </line>
          </reporter-output>
        </test-method> <!-- testOnlineCashierB2C -->
        <test-method status="PASS" signature="afterMethod(org.testng.ITestResult)[pri:0, instance:com.dy.AutoTest.OnlineCashier.TestCases.OnlineCashierB2CTest@7d3a22a9]" name="afterMethod" is-config="true" duration-ms="2001" started-at="2018-11-02T06:53:35Z" finished-at="2018-11-02T06:53:37Z">
          <params>
            <param index="0">
              <value>
                <![CDATA[[TestResult name=testOnlineCashierB2C status=SUCCESS method=OnlineCashierB2CTest.testOnlineCashierB2C(com.dy.AutoTest.OnlineCashier.POJO.OnlineCashierB2CBean)[pri:0, instance:com.dy.AutoTest.OnlineCashier.TestCases.OnlineCashierB2CTest@7d3a22a9] output=[info]支付成功！用户 13467890004 在 888021059500001 下，消费 0.2 元]]]>
              </value>
            </param>
          </params>
          <reporter-output>
            <line>
              <![CDATA[                2018-11-02 14:53:35: [Method]-"OnlineCashierB2CTest.testOnlineCashierB2C" is passed]]>
            </line>
          </reporter-output>
        </test-method> <!-- afterMethod -->
        <test-method status="PASS" signature="AfterTest(org.testng.ITestContext)[pri:0, instance:com.dy.AutoTest.OnlineCashier.TestCases.OnlineCashierB2CTest@7d3a22a9]" name="AfterTest" is-config="true" duration-ms="2" started-at="2018-11-02T06:53:37Z" finished-at="2018-11-02T06:53:37Z">
          <params>
            <param index="0">
              <value>
                <![CDATA[org.testng.TestRunner@3a6e9856]]>
              </value>
            </param>
          </params>
          <reporter-output>
            <line>
              <![CDATA[        2018-11-02 14:53:37): [Test]-"OnlineCashierB2C" is finished]]>
            </line>
          </reporter-output>
        </test-method> <!-- AfterTest -->
      </class> <!-- com.dy.AutoTest.OnlineCashier.TestCases.OnlineCashierB2CTest -->
    </test> <!-- OnlineCashierB2C -->
  </suite> <!-- OnlineCashierB2C -->
</testng-results>
