<?xml version="1.0" encoding="UTF-8"?>
<testng-results skipped="0" failed="0" ignored="3" total="6" passed="3">
  <reporter-output>
    <line>
      <![CDATA[        2019-01-14 10:12:52): [Test]-"MainMenu" is started]]>
    </line>
    <line>
      <![CDATA[                2019-01-14 10:12:52: [Method]-"LoginPageTest.testLogin" is started]]>
    </line>
    <line>
      <![CDATA[                2019-01-14 10:13:17: [Method]-"LoginPageTest.testLogin" is passed]]>
    </line>
    <line>
      <![CDATA[                2019-01-14 10:13:19: [Method]-"TMB2BTradeDetailQueryPageTest.testTMB2BTradeDetailQuery" is started]]>
    </line>
    <line>
      <![CDATA[                2019-01-14 10:13:27: [Method]-"TMB2BTradeDetailQueryPageTest.testTMB2BTradeDetailQuery" is passed]]>
    </line>
    <line>
      <![CDATA[        2019-01-14 10:13:33): [Test]-"MainMenu" is finished]]>
    </line>
  </reporter-output>
  <suite name="SuiteOperationPlatform" duration-ms="41087" started-at="2019-01-14T02:12:52Z" finished-at="2019-01-14T02:13:33Z">
    <groups>
    </groups>
    <test name="MainMenu" duration-ms="41087" started-at="2019-01-14T02:12:52Z" finished-at="2019-01-14T02:13:33Z">
      <class name="com.dy.AutoTest.MerchantPortal.TestCases.trademanage.TMB2BTradeDetailQueryPageTest">
        <test-method status="PASS" signature="beforeClass()[pri:0, instance:com.dy.AutoTest.MerchantPortal.TestCases.trademanage.TMB2BTradeDetailQueryPageTest@7692d9cc]" name="beforeClass" is-config="true" duration-ms="1" started-at="2019-01-14T02:13:19Z" finished-at="2019-01-14T02:13:19Z">
          <reporter-output>
          </reporter-output>
        </test-method> <!-- beforeClass -->
        <test-method status="PASS" signature="init()[pri:0, instance:com.dy.AutoTest.MerchantPortal.TestCases.trademanage.TMB2BTradeDetailQueryPageTest@7692d9cc]" name="init" is-config="true" duration-ms="1" started-at="2019-01-14T02:13:19Z" finished-at="2019-01-14T02:13:19Z">
          <reporter-output>
          </reporter-output>
        </test-method> <!-- init -->
        <test-method status="PASS" signature="testTMB2BTradeDetailQuery(com.dy.AutoTest.MerchantPortal.POJO.TMB2BTradeDetailQueryBean)[pri:0, instance:com.dy.AutoTest.MerchantPortal.TestCases.trademanage.TMB2BTradeDetailQueryPageTest@7692d9cc]" name="testTMB2BTradeDetailQuery" duration-ms="8161" started-at="2019-01-14T02:13:19Z" description="商户门户-B2B交易明细查询" data-provider="tMB2BTradeDetailQuery" finished-at="2019-01-14T02:13:27Z">
          <params>
            <param index="0">
              <value>
                <![CDATA[com.dy.AutoTest.MerchantPortal.POJO.TMB2BTradeDetailQueryBean@89ff02e]]>
              </value>
            </param>
          </params>
          <reporter-output>
          </reporter-output>
        </test-method> <!-- testTMB2BTradeDetailQuery -->
        <test-method status="PASS" signature="beforeMethod(java.lang.reflect.Method)[pri:0, instance:com.dy.AutoTest.MerchantPortal.TestCases.trademanage.TMB2BTradeDetailQueryPageTest@7692d9cc]" name="beforeMethod" is-config="true" duration-ms="0" started-at="2019-01-14T02:13:19Z" finished-at="2019-01-14T02:13:19Z">
          <params>
            <param index="0">
              <value>
                <![CDATA[public void com.dy.AutoTest.MerchantPortal.TestCases.trademanage.TMB2BTradeDetailQueryPageTest.testTMB2BTradeDetailQuery(com.dy.AutoTest.MerchantPortal.POJO.TMB2BTradeDetailQueryBean)]]>
              </value>
            </param>
          </params>
          <reporter-output>
            <line>
              <![CDATA[                2019-01-14 10:13:19: [Method]-"TMB2BTradeDetailQueryPageTest.testTMB2BTradeDetailQuery" is started]]>
            </line>
          </reporter-output>
        </test-method> <!-- beforeMethod -->
        <test-method status="PASS" signature="afterMethod(org.testng.ITestResult)[pri:0, instance:com.dy.AutoTest.MerchantPortal.TestCases.trademanage.TMB2BTradeDetailQueryPageTest@7692d9cc]" name="afterMethod" is-config="true" duration-ms="2000" started-at="2019-01-14T02:13:27Z" finished-at="2019-01-14T02:13:29Z">
          <params>
            <param index="0">
              <value>
                <![CDATA[[TestResult name=testTMB2BTradeDetailQuery status=SUCCESS method=TMB2BTradeDetailQueryPageTest.testTMB2BTradeDetailQuery(com.dy.AutoTest.MerchantPortal.POJO.TMB2BTradeDetailQueryBean)[pri:0, instance:com.dy.AutoTest.MerchantPortal.TestCases.trademanage.TMB2BTradeDetailQueryPageTest@7692d9cc] output={null}]]]>
              </value>
            </param>
          </params>
          <reporter-output>
            <line>
              <![CDATA[                2019-01-14 10:13:27: [Method]-"TMB2BTradeDetailQueryPageTest.testTMB2BTradeDetailQuery" is passed]]>
            </line>
          </reporter-output>
        </test-method> <!-- afterMethod -->
      </class> <!-- com.dy.AutoTest.MerchantPortal.TestCases.trademanage.TMB2BTradeDetailQueryPageTest -->
      <class name="com.dy.AutoTest.web.actions.SingletonSet">
        <test-method status="PASS" signature="init(java.lang.String, java.lang.String)[pri:0, instance:com.dy.AutoTest.web.actions.SingletonSet@6b19b79]" name="init" is-config="true" duration-ms="3027" started-at="2019-01-14T02:12:49Z" finished-at="2019-01-14T02:12:52Z">
          <params>
            <param index="0">
              <value>
                <![CDATA[chrome]]>
              </value>
            </param>
            <param index="1">
              <value>
                <![CDATA[mweb_uat]]>
              </value>
            </param>
          </params>
          <reporter-output>
          </reporter-output>
        </test-method> <!-- init -->
        <test-method status="PASS" signature="releaseJDBC()[pri:0, instance:com.dy.AutoTest.web.actions.SingletonSet@6b19b79]" name="releaseJDBC" is-config="true" duration-ms="2712" started-at="2019-01-14T02:13:33Z" finished-at="2019-01-14T02:13:36Z">
          <reporter-output>
          </reporter-output>
        </test-method> <!-- releaseJDBC -->
      </class> <!-- com.dy.AutoTest.web.actions.SingletonSet -->
      <class name="com.dy.AutoTest.MerchantPortal.TestCases.base.LoginPageTest">
        <test-method status="PASS" signature="BeforeTest(org.testng.ITestContext)[pri:0, instance:com.dy.AutoTest.MerchantPortal.TestCases.base.LoginPageTest@2a32de6c]" name="BeforeTest" is-config="true" duration-ms="2" started-at="2019-01-14T02:12:52Z" finished-at="2019-01-14T02:12:52Z">
          <params>
            <param index="0">
              <value>
                <![CDATA[org.testng.TestRunner@293cde83]]>
              </value>
            </param>
          </params>
          <reporter-output>
            <line>
              <![CDATA[        2019-01-14 10:12:52): [Test]-"MainMenu" is started]]>
            </line>
          </reporter-output>
        </test-method> <!-- BeforeTest -->
        <test-method status="PASS" signature="beforeClass()[pri:0, instance:com.dy.AutoTest.MerchantPortal.TestCases.base.LoginPageTest@2a32de6c]" name="beforeClass" is-config="true" duration-ms="1" started-at="2019-01-14T02:12:52Z" finished-at="2019-01-14T02:12:52Z">
          <reporter-output>
          </reporter-output>
        </test-method> <!-- beforeClass -->
        <test-method status="PASS" signature="init()[pri:0, instance:com.dy.AutoTest.MerchantPortal.TestCases.base.LoginPageTest@2a32de6c]" name="init" is-config="true" duration-ms="2" started-at="2019-01-14T02:12:52Z" finished-at="2019-01-14T02:12:52Z">
          <reporter-output>
          </reporter-output>
        </test-method> <!-- init -->
        <test-method status="PASS" signature="beforeMethod(java.lang.reflect.Method)[pri:0, instance:com.dy.AutoTest.MerchantPortal.TestCases.base.LoginPageTest@2a32de6c]" name="beforeMethod" is-config="true" duration-ms="1" started-at="2019-01-14T02:12:52Z" finished-at="2019-01-14T02:12:52Z">
          <params>
            <param index="0">
              <value>
                <![CDATA[public void com.dy.AutoTest.MerchantPortal.TestCases.base.LoginPageTest.testLogin(java.lang.String)]]>
              </value>
            </param>
          </params>
          <reporter-output>
            <line>
              <![CDATA[                2019-01-14 10:12:52: [Method]-"LoginPageTest.testLogin" is started]]>
            </line>
          </reporter-output>
        </test-method> <!-- beforeMethod -->
        <test-method status="PASS" signature="testLogin(java.lang.String)[pri:0, instance:com.dy.AutoTest.MerchantPortal.TestCases.base.LoginPageTest@2a32de6c]" name="testLogin" duration-ms="24819" started-at="2019-01-14T02:12:52Z" description="商户门户-登录" finished-at="2019-01-14T02:13:17Z">
          <params>
            <param index="0">
              <value>
                <![CDATA[90900000023]]>
              </value>
            </param>
          </params>
          <reporter-output>
          </reporter-output>
        </test-method> <!-- testLogin -->
        <test-method status="PASS" signature="afterMethod(org.testng.ITestResult)[pri:0, instance:com.dy.AutoTest.MerchantPortal.TestCases.base.LoginPageTest@2a32de6c]" name="afterMethod" is-config="true" duration-ms="2002" started-at="2019-01-14T02:13:17Z" finished-at="2019-01-14T02:13:19Z">
          <params>
            <param index="0">
              <value>
                <![CDATA[[TestResult name=testLogin status=SUCCESS method=LoginPageTest.testLogin(java.lang.String)[pri:0, instance:com.dy.AutoTest.MerchantPortal.TestCases.base.LoginPageTest@2a32de6c] output={null}]]]>
              </value>
            </param>
          </params>
          <reporter-output>
            <line>
              <![CDATA[                2019-01-14 10:13:17: [Method]-"LoginPageTest.testLogin" is passed]]>
            </line>
          </reporter-output>
        </test-method> <!-- afterMethod -->
        <test-method status="PASS" signature="AfterTest(org.testng.ITestContext)[pri:0, instance:com.dy.AutoTest.MerchantPortal.TestCases.base.LoginPageTest@2a32de6c]" name="AfterTest" is-config="true" duration-ms="0" started-at="2019-01-14T02:13:33Z" finished-at="2019-01-14T02:13:33Z">
          <params>
            <param index="0">
              <value>
                <![CDATA[org.testng.TestRunner@293cde83]]>
              </value>
            </param>
          </params>
          <reporter-output>
            <line>
              <![CDATA[        2019-01-14 10:13:33): [Test]-"MainMenu" is finished]]>
            </line>
          </reporter-output>
        </test-method> <!-- AfterTest -->
      </class> <!-- com.dy.AutoTest.MerchantPortal.TestCases.base.LoginPageTest -->
      <class name="com.dy.AutoTest.MerchantPortal.TestCases.base.MainMenuPageTest">
        <test-method status="PASS" signature="init()[pri:0, instance:com.dy.AutoTest.MerchantPortal.TestCases.base.MainMenuPageTest@75f32542]" name="init" is-config="true" duration-ms="2" started-at="2019-01-14T02:13:29Z" finished-at="2019-01-14T02:13:29Z">
          <reporter-output>
          </reporter-output>
        </test-method> <!-- init -->
        <test-method status="PASS" signature="testQuit()[pri:0, instance:com.dy.AutoTest.MerchantPortal.TestCases.base.MainMenuPageTest@75f32542]" name="testQuit" duration-ms="3068" started-at="2019-01-14T02:13:29Z" finished-at="2019-01-14T02:13:32Z">
          <reporter-output>
          </reporter-output>
        </test-method> <!-- testQuit -->
        <test-method status="PASS" signature="releaseBrowser()[pri:0, instance:com.dy.AutoTest.MerchantPortal.TestCases.base.MainMenuPageTest@75f32542]" name="releaseBrowser" is-config="true" duration-ms="1000" started-at="2019-01-14T02:13:32Z" finished-at="2019-01-14T02:13:33Z">
          <reporter-output>
          </reporter-output>
        </test-method> <!-- releaseBrowser -->
      </class> <!-- com.dy.AutoTest.MerchantPortal.TestCases.base.MainMenuPageTest -->
    </test> <!-- MainMenu -->
  </suite> <!-- SuiteOperationPlatform -->
</testng-results>
