<?xml version="1.0" encoding="UTF-8"?>
<testng-results skipped="0" failed="0" ignored="4" total="7" passed="3">
  <reporter-output>
    <line>
      <![CDATA[        2018-11-12 17:34:17): [Test]-"UserIncomeExpenditureDetail" is started]]>
    </line>
    <line>
      <![CDATA[                2018-11-12 17:34:17: [Method]-"LoginPageTest.testLogin" is started]]>
    </line>
    <line>
      <![CDATA[                2018-11-12 17:34:32: [Method]-"LoginPageTest.testLogin" is passed]]>
    </line>
    <line>
      <![CDATA[                2018-11-12 17:34:34: [Method]-"UserActionTest.testUserAction" is started]]>
    </line>
    <line>
      <![CDATA[                2018-11-12 17:34:39: [Method]-"UserActionTest.testUserAction" is passed]]>
    </line>
    <line>
      <![CDATA[        2018-11-12 17:34:46): [Test]-"UserIncomeExpenditureDetail" is finished]]>
    </line>
  </reporter-output>
  <suite name="UserAction" duration-ms="29531" started-at="2018-11-12T09:34:17Z" finished-at="2018-11-12T09:34:46Z">
    <groups>
    </groups>
    <test name="UserIncomeExpenditureDetail" duration-ms="29531" started-at="2018-11-12T09:34:17Z" finished-at="2018-11-12T09:34:46Z">
      <class name="com.dy.AutoTest.web.actions.SingletonSet">
        <test-method status="PASS" signature="init(java.lang.String, java.lang.String)[pri:0, instance:com.dy.AutoTest.web.actions.SingletonSet@61009542]" name="init" is-config="true" duration-ms="3872" started-at="2018-11-12T09:34:13Z" finished-at="2018-11-12T09:34:17Z">
          <params>
            <param index="0">
              <value>
                <![CDATA[chrome]]>
              </value>
            </param>
            <param index="1">
              <value>
                <![CDATA[pop_uat]]>
              </value>
            </param>
          </params>
          <reporter-output>
          </reporter-output>
        </test-method> <!-- init -->
        <test-method status="PASS" signature="releaseJDBC()[pri:0, instance:com.dy.AutoTest.web.actions.SingletonSet@61009542]" name="releaseJDBC" is-config="true" duration-ms="2879" started-at="2018-11-12T09:34:46Z" finished-at="2018-11-12T09:34:49Z">
          <reporter-output>
          </reporter-output>
        </test-method> <!-- releaseJDBC -->
      </class> <!-- com.dy.AutoTest.web.actions.SingletonSet -->
      <class name="com.dy.AutoTest.OperationPlatform.TestCases.LoginPageTest">
        <test-method status="PASS" signature="BeforeTest(org.testng.ITestContext)[pri:0, instance:com.dy.AutoTest.OperationPlatform.TestCases.LoginPageTest@77e9807f]" name="BeforeTest" is-config="true" duration-ms="6" started-at="2018-11-12T09:34:17Z" finished-at="2018-11-12T09:34:17Z">
          <params>
            <param index="0">
              <value>
                <![CDATA[org.testng.TestRunner@29006752]]>
              </value>
            </param>
          </params>
          <reporter-output>
            <line>
              <![CDATA[        2018-11-12 17:34:17): [Test]-"UserIncomeExpenditureDetail" is started]]>
            </line>
          </reporter-output>
        </test-method> <!-- BeforeTest -->
        <test-method status="PASS" signature="init()[pri:0, instance:com.dy.AutoTest.OperationPlatform.TestCases.LoginPageTest@77e9807f]" name="init" is-config="true" duration-ms="3" started-at="2018-11-12T09:34:17Z" finished-at="2018-11-12T09:34:17Z">
          <reporter-output>
          </reporter-output>
        </test-method> <!-- init -->
        <test-method status="PASS" signature="beforeClass()[pri:0, instance:com.dy.AutoTest.OperationPlatform.TestCases.LoginPageTest@77e9807f]" name="beforeClass" is-config="true" duration-ms="0" started-at="2018-11-12T09:34:17Z" finished-at="2018-11-12T09:34:17Z">
          <reporter-output>
          </reporter-output>
        </test-method> <!-- beforeClass -->
        <test-method status="PASS" signature="beforeMethod(java.lang.reflect.Method)[pri:0, instance:com.dy.AutoTest.OperationPlatform.TestCases.LoginPageTest@77e9807f]" name="beforeMethod" is-config="true" duration-ms="1" started-at="2018-11-12T09:34:17Z" finished-at="2018-11-12T09:34:17Z">
          <params>
            <param index="0">
              <value>
                <![CDATA[public void com.dy.AutoTest.OperationPlatform.TestCases.LoginPageTest.testLogin(java.lang.String)]]>
              </value>
            </param>
          </params>
          <reporter-output>
            <line>
              <![CDATA[                2018-11-12 17:34:17: [Method]-"LoginPageTest.testLogin" is started]]>
            </line>
          </reporter-output>
        </test-method> <!-- beforeMethod -->
        <test-method status="PASS" signature="testLogin(java.lang.String)[pri:0, instance:com.dy.AutoTest.OperationPlatform.TestCases.LoginPageTest@77e9807f]" name="testLogin" duration-ms="15571" started-at="2018-11-12T09:34:17Z" finished-at="2018-11-12T09:34:32Z">
          <params>
            <param index="0">
              <value>
                <![CDATA[T00105]]>
              </value>
            </param>
          </params>
          <reporter-output>
          </reporter-output>
        </test-method> <!-- testLogin -->
        <test-method status="PASS" signature="afterMethod(org.testng.ITestResult)[pri:0, instance:com.dy.AutoTest.OperationPlatform.TestCases.LoginPageTest@77e9807f]" name="afterMethod" is-config="true" duration-ms="2001" started-at="2018-11-12T09:34:32Z" finished-at="2018-11-12T09:34:34Z">
          <params>
            <param index="0">
              <value>
                <![CDATA[[TestResult name=testLogin status=SUCCESS method=LoginPageTest.testLogin(java.lang.String)[pri:0, instance:com.dy.AutoTest.OperationPlatform.TestCases.LoginPageTest@77e9807f] output={null}]]]>
              </value>
            </param>
          </params>
          <reporter-output>
            <line>
              <![CDATA[                2018-11-12 17:34:32: [Method]-"LoginPageTest.testLogin" is passed]]>
            </line>
          </reporter-output>
        </test-method> <!-- afterMethod -->
        <test-method status="PASS" signature="AfterTest(org.testng.ITestContext)[pri:0, instance:com.dy.AutoTest.OperationPlatform.TestCases.LoginPageTest@77e9807f]" name="AfterTest" is-config="true" duration-ms="0" started-at="2018-11-12T09:34:46Z" finished-at="2018-11-12T09:34:46Z">
          <params>
            <param index="0">
              <value>
                <![CDATA[org.testng.TestRunner@29006752]]>
              </value>
            </param>
          </params>
          <reporter-output>
            <line>
              <![CDATA[        2018-11-12 17:34:46): [Test]-"UserIncomeExpenditureDetail" is finished]]>
            </line>
          </reporter-output>
        </test-method> <!-- AfterTest -->
      </class> <!-- com.dy.AutoTest.OperationPlatform.TestCases.LoginPageTest -->
      <class name="com.dy.AutoTest.OperationPlatform.TestCases.UserManagement.UserInfoManagement.UserActionTest">
        <test-method status="PASS" signature="beforeClass()[pri:0, instance:com.dy.AutoTest.OperationPlatform.TestCases.UserManagement.UserInfoManagement.UserActionTest@448ff1a8]" name="beforeClass" is-config="true" duration-ms="0" started-at="2018-11-12T09:34:34Z" finished-at="2018-11-12T09:34:34Z">
          <reporter-output>
          </reporter-output>
        </test-method> <!-- beforeClass -->
        <test-method status="PASS" signature="init()[pri:0, instance:com.dy.AutoTest.OperationPlatform.TestCases.UserManagement.UserInfoManagement.UserActionTest@448ff1a8]" name="init" is-config="true" duration-ms="1" started-at="2018-11-12T09:34:34Z" finished-at="2018-11-12T09:34:34Z">
          <reporter-output>
          </reporter-output>
        </test-method> <!-- init -->
        <test-method status="PASS" signature="beforeMethod(java.lang.reflect.Method)[pri:0, instance:com.dy.AutoTest.OperationPlatform.TestCases.UserManagement.UserInfoManagement.UserActionTest@448ff1a8]" name="beforeMethod" is-config="true" duration-ms="1" started-at="2018-11-12T09:34:34Z" finished-at="2018-11-12T09:34:34Z">
          <params>
            <param index="0">
              <value>
                <![CDATA[public void com.dy.AutoTest.OperationPlatform.TestCases.UserManagement.UserInfoManagement.UserActionTest.testUserAction(com.dy.AutoTest.OperationPlatform.POJO.UserActionBean)]]>
              </value>
            </param>
          </params>
          <reporter-output>
            <line>
              <![CDATA[                2018-11-12 17:34:34: [Method]-"UserActionTest.testUserAction" is started]]>
            </line>
          </reporter-output>
        </test-method> <!-- beforeMethod -->
        <test-method status="PASS" signature="testUserAction(com.dy.AutoTest.OperationPlatform.POJO.UserActionBean)[pri:0, instance:com.dy.AutoTest.OperationPlatform.TestCases.UserManagement.UserInfoManagement.UserActionTest@448ff1a8]" name="testUserAction" duration-ms="5153" started-at="2018-11-12T09:34:34Z" data-provider="UserAction" finished-at="2018-11-12T09:34:39Z">
          <params>
            <param index="0">
              <value>
                <![CDATA[com.dy.AutoTest.OperationPlatform.POJO.UserActionBean@31e3250d]]>
              </value>
            </param>
          </params>
          <reporter-output>
          </reporter-output>
        </test-method> <!-- testUserAction -->
        <test-method status="PASS" signature="afterMethod(org.testng.ITestResult)[pri:0, instance:com.dy.AutoTest.OperationPlatform.TestCases.UserManagement.UserInfoManagement.UserActionTest@448ff1a8]" name="afterMethod" is-config="true" duration-ms="2002" started-at="2018-11-12T09:34:39Z" finished-at="2018-11-12T09:34:41Z">
          <params>
            <param index="0">
              <value>
                <![CDATA[[TestResult name=testUserAction status=SUCCESS method=UserActionTest.testUserAction(com.dy.AutoTest.OperationPlatform.POJO.UserActionBean)[pri:0, instance:com.dy.AutoTest.OperationPlatform.TestCases.UserManagement.UserInfoManagement.UserActionTest@448ff1a8] output={null}]]]>
              </value>
            </param>
          </params>
          <reporter-output>
            <line>
              <![CDATA[                2018-11-12 17:34:39: [Method]-"UserActionTest.testUserAction" is passed]]>
            </line>
          </reporter-output>
        </test-method> <!-- afterMethod -->
      </class> <!-- com.dy.AutoTest.OperationPlatform.TestCases.UserManagement.UserInfoManagement.UserActionTest -->
      <class name="com.dy.AutoTest.OperationPlatform.TestCases.MainMenuPageTest">
        <test-method status="PASS" signature="init()[pri:0, instance:com.dy.AutoTest.OperationPlatform.TestCases.MainMenuPageTest@1a38c59b]" name="init" is-config="true" duration-ms="1" started-at="2018-11-12T09:34:41Z" finished-at="2018-11-12T09:34:41Z">
          <reporter-output>
          </reporter-output>
        </test-method> <!-- init -->
        <test-method status="PASS" signature="testQuit()[pri:0, instance:com.dy.AutoTest.OperationPlatform.TestCases.MainMenuPageTest@1a38c59b]" name="testQuit" duration-ms="3757" started-at="2018-11-12T09:34:41Z" finished-at="2018-11-12T09:34:45Z">
          <reporter-output>
          </reporter-output>
        </test-method> <!-- testQuit -->
        <test-method status="PASS" signature="releaseBrowser()[pri:0, instance:com.dy.AutoTest.OperationPlatform.TestCases.MainMenuPageTest@1a38c59b]" name="releaseBrowser" is-config="true" duration-ms="1002" started-at="2018-11-12T09:34:45Z" finished-at="2018-11-12T09:34:46Z">
          <reporter-output>
          </reporter-output>
        </test-method> <!-- releaseBrowser -->
      </class> <!-- com.dy.AutoTest.OperationPlatform.TestCases.MainMenuPageTest -->
    </test> <!-- UserIncomeExpenditureDetail -->
  </suite> <!-- UserAction -->
</testng-results>
