<?xml version="1.0" encoding="UTF-8"?>
<testng-results skipped="0" failed="0" ignored="0" total="2" passed="2">
  <reporter-output>
    <line>
      <![CDATA[        2018-11-01 15:06:37): [Test]-"OnlineCashierB2B" is started]]>
    </line>
    <line>
      <![CDATA[                2018-11-01 15:06:37: [Method]-"OnlineCashierB2BTest.testOnlineCashierB2B" is started]]>
    </line>
    <line>
      <![CDATA[[info]支付成功！ 在主商户 872290049000101 下，付款 6.66 元]]>
    </line>
    <line>
      <![CDATA[                2018-11-01 15:06:59: [Method]-"OnlineCashierB2BTest.testOnlineCashierB2B" is passed]]>
    </line>
    <line>
      <![CDATA[                2018-11-01 15:07:01: [Method]-"OnlineCashierB2BTest.testOnlineCashierB2B" is started]]>
    </line>
    <line>
      <![CDATA[[info]支付成功！ 在主商户 872290049000101 下，付款 6.66 元]]>
    </line>
    <line>
      <![CDATA[                2018-11-01 15:07:33: [Method]-"OnlineCashierB2BTest.testOnlineCashierB2B" is passed]]>
    </line>
    <line>
      <![CDATA[        2018-11-01 15:07:35): [Test]-"OnlineCashierB2B" is finished]]>
    </line>
  </reporter-output>
  <suite name="OnlineCashierB2B" duration-ms="58395" started-at="2018-11-01T07:06:37Z" finished-at="2018-11-01T07:07:35Z">
    <groups>
    </groups>
    <test name="OnlineCashierB2B" duration-ms="58395" started-at="2018-11-01T07:06:37Z" finished-at="2018-11-01T07:07:35Z">
      <class name="com.dy.AutoTest.web.actions.SingletonSet">
        <test-method status="PASS" signature="init(java.lang.String, java.lang.String)[pri:0, instance:com.dy.AutoTest.web.actions.SingletonSet@1e730495]" name="init" is-config="true" duration-ms="3496" started-at="2018-11-01T07:06:33Z" finished-at="2018-11-01T07:06:37Z">
          <params>
            <param index="0">
              <value>
                <![CDATA[chrome]]>
              </value>
            </param>
            <param index="1">
              <value>
                <![CDATA[online_simulator_uat]]>
              </value>
            </param>
          </params>
          <reporter-output>
          </reporter-output>
        </test-method> <!-- init -->
        <test-method status="PASS" signature="releaseBrowser()[pri:0, instance:com.dy.AutoTest.web.actions.SingletonSet@1e730495]" name="releaseBrowser" is-config="true" duration-ms="2924" started-at="2018-11-01T07:07:35Z" finished-at="2018-11-01T07:07:38Z">
          <reporter-output>
          </reporter-output>
        </test-method> <!-- releaseBrowser -->
      </class> <!-- com.dy.AutoTest.web.actions.SingletonSet -->
      <class name="com.dy.AutoTest.OnlineCashier.TestCases.OnlineCashierB2BTest">
        <test-method status="PASS" signature="BeforeTest(org.testng.ITestContext)[pri:0, instance:com.dy.AutoTest.OnlineCashier.TestCases.OnlineCashierB2BTest@7d3a22a9]" name="BeforeTest" is-config="true" duration-ms="2" started-at="2018-11-01T07:06:37Z" finished-at="2018-11-01T07:06:37Z">
          <params>
            <param index="0">
              <value>
                <![CDATA[org.testng.TestRunner@628962e5]]>
              </value>
            </param>
          </params>
          <reporter-output>
            <line>
              <![CDATA[        2018-11-01 15:06:37): [Test]-"OnlineCashierB2B" is started]]>
            </line>
          </reporter-output>
        </test-method> <!-- BeforeTest -->
        <test-method status="PASS" signature="beforeClass()[pri:0, instance:com.dy.AutoTest.OnlineCashier.TestCases.OnlineCashierB2BTest@7d3a22a9]" name="beforeClass" is-config="true" duration-ms="0" started-at="2018-11-01T07:06:37Z" finished-at="2018-11-01T07:06:37Z">
          <reporter-output>
          </reporter-output>
        </test-method> <!-- beforeClass -->
        <test-method status="PASS" signature="init()[pri:0, instance:com.dy.AutoTest.OnlineCashier.TestCases.OnlineCashierB2BTest@7d3a22a9]" name="init" is-config="true" duration-ms="7" started-at="2018-11-01T07:06:37Z" finished-at="2018-11-01T07:06:37Z">
          <reporter-output>
          </reporter-output>
        </test-method> <!-- init -->
        <test-method status="PASS" signature="beforeMethod(java.lang.reflect.Method)[pri:0, instance:com.dy.AutoTest.OnlineCashier.TestCases.OnlineCashierB2BTest@7d3a22a9]" name="beforeMethod" is-config="true" duration-ms="0" started-at="2018-11-01T07:06:37Z" finished-at="2018-11-01T07:06:37Z">
          <params>
            <param index="0">
              <value>
                <![CDATA[public void com.dy.AutoTest.OnlineCashier.TestCases.OnlineCashierB2BTest.testOnlineCashierB2B(com.dy.AutoTest.OnlineCashier.POJO.OnlineCashierB2BBean)]]>
              </value>
            </param>
          </params>
          <reporter-output>
            <line>
              <![CDATA[                2018-11-01 15:06:37: [Method]-"OnlineCashierB2BTest.testOnlineCashierB2B" is started]]>
            </line>
          </reporter-output>
        </test-method> <!-- beforeMethod -->
        <test-method status="PASS" signature="testOnlineCashierB2B(com.dy.AutoTest.OnlineCashier.POJO.OnlineCashierB2BBean)[pri:0, instance:com.dy.AutoTest.OnlineCashier.TestCases.OnlineCashierB2BTest@7d3a22a9]" name="testOnlineCashierB2B" duration-ms="22661" started-at="2018-11-01T07:06:37Z" data-provider="B2B" finished-at="2018-11-01T07:06:59Z">
          <params>
            <param index="0">
              <value>
                <![CDATA[com.dy.AutoTest.OnlineCashier.POJO.OnlineCashierB2BBean@2b4c1d96]]>
              </value>
            </param>
          </params>
          <reporter-output>
            <line>
              <![CDATA[[info]支付成功！ 在主商户 872290049000101 下，付款 6.66 元]]>
            </line>
          </reporter-output>
        </test-method> <!-- testOnlineCashierB2B -->
        <test-method status="PASS" signature="afterMethod(org.testng.ITestResult)[pri:0, instance:com.dy.AutoTest.OnlineCashier.TestCases.OnlineCashierB2BTest@7d3a22a9]" name="afterMethod" is-config="true" duration-ms="2001" started-at="2018-11-01T07:06:59Z" finished-at="2018-11-01T07:07:01Z">
          <params>
            <param index="0">
              <value>
                <![CDATA[[TestResult name=testOnlineCashierB2B status=SUCCESS method=OnlineCashierB2BTest.testOnlineCashierB2B(com.dy.AutoTest.OnlineCashier.POJO.OnlineCashierB2BBean)[pri:0, instance:com.dy.AutoTest.OnlineCashier.TestCases.OnlineCashierB2BTest@7d3a22a9] output=[info]支付成功！ 在主商户 872290049000101 下，付款 6.66 元]]]>
              </value>
            </param>
          </params>
          <reporter-output>
            <line>
              <![CDATA[                2018-11-01 15:06:59: [Method]-"OnlineCashierB2BTest.testOnlineCashierB2B" is passed]]>
            </line>
          </reporter-output>
        </test-method> <!-- afterMethod -->
        <test-method status="PASS" signature="beforeMethod(java.lang.reflect.Method)[pri:0, instance:com.dy.AutoTest.OnlineCashier.TestCases.OnlineCashierB2BTest@7d3a22a9]" name="beforeMethod" is-config="true" duration-ms="1" started-at="2018-11-01T07:07:01Z" finished-at="2018-11-01T07:07:01Z">
          <params>
            <param index="0">
              <value>
                <![CDATA[public void com.dy.AutoTest.OnlineCashier.TestCases.OnlineCashierB2BTest.testOnlineCashierB2B(com.dy.AutoTest.OnlineCashier.POJO.OnlineCashierB2BBean)]]>
              </value>
            </param>
          </params>
          <reporter-output>
            <line>
              <![CDATA[                2018-11-01 15:07:01: [Method]-"OnlineCashierB2BTest.testOnlineCashierB2B" is started]]>
            </line>
          </reporter-output>
        </test-method> <!-- beforeMethod -->
        <test-method status="PASS" signature="testOnlineCashierB2B(com.dy.AutoTest.OnlineCashier.POJO.OnlineCashierB2BBean)[pri:0, instance:com.dy.AutoTest.OnlineCashier.TestCases.OnlineCashierB2BTest@7d3a22a9]" name="testOnlineCashierB2B" duration-ms="31702" started-at="2018-11-01T07:07:01Z" data-provider="B2B" finished-at="2018-11-01T07:07:33Z">
          <params>
            <param index="0">
              <value>
                <![CDATA[com.dy.AutoTest.OnlineCashier.POJO.OnlineCashierB2BBean@53abfc07]]>
              </value>
            </param>
          </params>
          <reporter-output>
            <line>
              <![CDATA[[info]支付成功！ 在主商户 872290049000101 下，付款 6.66 元]]>
            </line>
          </reporter-output>
        </test-method> <!-- testOnlineCashierB2B -->
        <test-method status="PASS" signature="afterMethod(org.testng.ITestResult)[pri:0, instance:com.dy.AutoTest.OnlineCashier.TestCases.OnlineCashierB2BTest@7d3a22a9]" name="afterMethod" is-config="true" duration-ms="2001" started-at="2018-11-01T07:07:33Z" finished-at="2018-11-01T07:07:35Z">
          <params>
            <param index="0">
              <value>
                <![CDATA[[TestResult name=testOnlineCashierB2B status=SUCCESS method=OnlineCashierB2BTest.testOnlineCashierB2B(com.dy.AutoTest.OnlineCashier.POJO.OnlineCashierB2BBean)[pri:0, instance:com.dy.AutoTest.OnlineCashier.TestCases.OnlineCashierB2BTest@7d3a22a9] output=[info]支付成功！ 在主商户 872290049000101 下，付款 6.66 元]]]>
              </value>
            </param>
          </params>
          <reporter-output>
            <line>
              <![CDATA[                2018-11-01 15:07:33: [Method]-"OnlineCashierB2BTest.testOnlineCashierB2B" is passed]]>
            </line>
          </reporter-output>
        </test-method> <!-- afterMethod -->
        <test-method status="PASS" signature="AfterTest(org.testng.ITestContext)[pri:0, instance:com.dy.AutoTest.OnlineCashier.TestCases.OnlineCashierB2BTest@7d3a22a9]" name="AfterTest" is-config="true" duration-ms="1" started-at="2018-11-01T07:07:35Z" finished-at="2018-11-01T07:07:35Z">
          <params>
            <param index="0">
              <value>
                <![CDATA[org.testng.TestRunner@628962e5]]>
              </value>
            </param>
          </params>
          <reporter-output>
            <line>
              <![CDATA[        2018-11-01 15:07:35): [Test]-"OnlineCashierB2B" is finished]]>
            </line>
          </reporter-output>
        </test-method> <!-- AfterTest -->
      </class> <!-- com.dy.AutoTest.OnlineCashier.TestCases.OnlineCashierB2BTest -->
    </test> <!-- OnlineCashierB2B -->
  </suite> <!-- OnlineCashierB2B -->
</testng-results>
