<?xml version="1.0" encoding="UTF-8"?>
<!-- Generated by org.testng.reporters.JUnitXMLReporter -->
<testsuite hostname="Lenovo-Ray" ignored="0" name="MerchantIncomeExpenditureDetail" tests="2" failures="0" timestamp="22 十一月 2018 11:58:35 GMT" time="56.855" errors="0">
  <testcase name="testMerchantAccountManagementSearch" time="36.986" classname="com.dy.AutoTest.OperationPlatform.TestCases.MerchantManagementOnLine.OnLineMechantInfo.MerchantAccountManagementPageTest"/>
  <testcase name="testMerchantAccountManagementFrozen" time="15.843" classname="com.dy.AutoTest.OperationPlatform.TestCases.MerchantManagementOnLine.OnLineMechantInfo.MerchantAccountManagementPageTest"/>
</testsuite> <!-- MerchantIncomeExpenditureDetail -->
