<?xml version="1.0" encoding="UTF-8"?>
<!-- Generated by org.testng.reporters.JUnitXMLReporter -->
<testsuite hostname="Lenovo-Ray" ignored="0" name="MerchantBalanceQuery" tests="2" failures="0" timestamp="22 十一月 2018 13:09:49 GMT" time="47.179" errors="0">
  <testcase name="testMerchantAccountManagementSearch" time="31.147" classname="com.dy.AutoTest.OperationPlatform.TestCases.MerchantManagementOnLine.OnLineMechantInfo.MerchantAccountManagementPageTest"/>
  <testcase name="testMerchantAccountManagementFrozen" time="12.018" classname="com.dy.AutoTest.OperationPlatform.TestCases.MerchantManagementOnLine.OnLineMechantInfo.MerchantAccountManagementPageTest"/>
</testsuite> <!-- MerchantBalanceQuery -->
