<?xml version="1.0" encoding="UTF-8"?>
<!-- Generated by org.testng.reporters.JUnitXMLReporter -->
<testsuite hostname="Lenovo-Ray" ignored="0" name="OnlineCashierB2C" tests="3" failures="0" timestamp="02 十一月 2018 06:53:37 GMT" time="90.481" errors="0">
  <testcase name="testOnlineCashierB2C" time="18.772" classname="com.dy.AutoTest.OnlineCashier.TestCases.OnlineCashierB2CTest"/>
  <testcase name="testOnlineCashierB2C" time="25.055" classname="com.dy.AutoTest.OnlineCashier.TestCases.OnlineCashierB2CTest"/>
  <testcase name="testOnlineCashierB2C" time="40.601" classname="com.dy.AutoTest.OnlineCashier.TestCases.OnlineCashierB2CTest"/>
</testsuite> <!-- OnlineCashierB2C -->
