<?xml version="1.0" encoding="UTF-8"?>
<!-- Generated by org.testng.reporters.JUnitXMLReporter -->
<testsuite hostname="Lenovo-Ray" ignored="0" name="OnlineCashierB2C" tests="1" failures="1" timestamp="01 十一月 2018 01:44:09 GMT" time="0.099" errors="0">
  <testcase name="testOnlineCashierB2B" time="0.01" classname="com.dy.AutoTest.OnlineCashier.TestCases.OnlineCashierB2BTest">
    <failure type="org.testng.internal.reflect.MethodMatcherException" message="
Data provider mismatch
Method: testOnlineCashierB2B([Parameter{index=0, type=com.dy.AutoTest.OnlineCashier.POJO.OnlineCashierB2CBean, declaredAnnotations=[]}])
Arguments: [(com.dy.AutoTest.OnlineCashier.POJO.OnlineCashierB2BBean) com.dy.AutoTest.OnlineCashier.POJO.OnlineCashierB2BBean@12c7a01b]">
      <![CDATA[org.testng.internal.reflect.MethodMatcherException: 
Data provider mismatch
Method: testOnlineCashierB2B([Parameter{index=0, type=com.dy.AutoTest.OnlineCashier.POJO.OnlineCashierB2CBean, declaredAnnotations=[]}])
Arguments: [(com.dy.AutoTest.OnlineCashier.POJO.OnlineCashierB2BBean) com.dy.AutoTest.OnlineCashier.POJO.OnlineCashierB2BBean@12c7a01b]
... Removed 20 stack frames]]>
    </failure>
  </testcase> <!-- testOnlineCashierB2B -->
</testsuite> <!-- OnlineCashierB2C -->
