<?xml version="1.0" encoding="UTF-8"?>
<!-- Generated by org.testng.reporters.JUnitXMLReporter -->
<testsuite hostname="Lenovo-Ray" ignored="2" name="Login" tests="1" failures="0" timestamp="28 一月 2019 05:30:47 GMT" time="31.075" errors="0">
  <testcase name="testLogin" time="29.047" classname="com.dy.AutoTest.AcquiringOperationPlatform.PageTest.LoginPageTest"/>
  <testcase name="testAuditLogin" time="0.0" classname="com.dy.AutoTest.AcquiringOperationPlatform.PageTest.LoginPageTest">
    <ignored/>
  </testcase> <!-- testAuditLogin -->
  <testcase name="testQuit" time="0.0" classname="com.dy.AutoTest.AcquiringOperationPlatform.PageTest.LoginPageTest">
    <ignored/>
  </testcase> <!-- testQuit -->
</testsuite> <!-- Login -->
