<?xml version="1.0" encoding="UTF-8"?>
<!-- Generated by org.testng.reporters.JUnitXMLReporter -->
<testsuite hostname="Lenovo-Ray" ignored="1" name="Login" tests="1" failures="0" timestamp="11 一月 2019 06:42:39 GMT" time="19.797" errors="0">
  <testcase name="testLogin" time="17.759" classname="com.dy.AutoTest.AcquiringOperationPlatform.PageTest.LoginPageTest"/>
  <testcase name="testQuit" time="0.0" classname="com.dy.AutoTest.AcquiringOperationPlatform.PageTest.LoginPageTest">
    <ignored/>
  </testcase> <!-- testQuit -->
</testsuite> <!-- Login -->
