<?xml version="1.0" encoding="UTF-8"?>
<!-- Generated by org.testng.reporters.JUnitXMLReporter -->
<testsuite hostname="DESKTOP-H55P5P4" ignored="4" name="MainChildMerRelationship" tests="12" failures="0" timestamp="26 二月 2019 06:34:09 GMT" time="241.709" errors="0">
  <testcase name="testMainChildMerRelationshipUpdate" time="18.961" classname="com.dy.AutoTest.OperationPlatform.TestCases.MerchantManagementOnLine.OnLineMechantInfo.MainChildMerRelationshipPageTest"/>
  <testcase name="testMainChildMerRelationshipUpdate" time="18.091" classname="com.dy.AutoTest.OperationPlatform.TestCases.MerchantManagementOnLine.OnLineMechantInfo.MainChildMerRelationshipPageTest"/>
  <testcase name="testMainChildMerRelationshipUpdate" time="18.024" classname="com.dy.AutoTest.OperationPlatform.TestCases.MerchantManagementOnLine.OnLineMechantInfo.MainChildMerRelationshipPageTest"/>
  <testcase name="testMainChildMerRelationshipUpdate" time="18.096" classname="com.dy.AutoTest.OperationPlatform.TestCases.MerchantManagementOnLine.OnLineMechantInfo.MainChildMerRelationshipPageTest"/>
  <testcase name="testMainChildMerRelationshipUpdate" time="18.171" classname="com.dy.AutoTest.OperationPlatform.TestCases.MerchantManagementOnLine.OnLineMechantInfo.MainChildMerRelationshipPageTest"/>
  <testcase name="testMainChildMerRelationshipUpdate" time="17.97" classname="com.dy.AutoTest.OperationPlatform.TestCases.MerchantManagementOnLine.OnLineMechantInfo.MainChildMerRelationshipPageTest"/>
  <testcase name="testMainChildMerRelationshipUpdate" time="18.172" classname="com.dy.AutoTest.OperationPlatform.TestCases.MerchantManagementOnLine.OnLineMechantInfo.MainChildMerRelationshipPageTest"/>
  <testcase name="testMainChildMerRelationshipUpdate" time="18.166" classname="com.dy.AutoTest.OperationPlatform.TestCases.MerchantManagementOnLine.OnLineMechantInfo.MainChildMerRelationshipPageTest"/>
  <testcase name="testMainChildMerRelationshipUpdate" time="18.048" classname="com.dy.AutoTest.OperationPlatform.TestCases.MerchantManagementOnLine.OnLineMechantInfo.MainChildMerRelationshipPageTest"/>
  <testcase name="testMainChildMerRelationshipUpdate" time="18.125" classname="com.dy.AutoTest.OperationPlatform.TestCases.MerchantManagementOnLine.OnLineMechantInfo.MainChildMerRelationshipPageTest"/>
  <testcase name="testMainChildMerRelationshipUpdate" time="17.985" classname="com.dy.AutoTest.OperationPlatform.TestCases.MerchantManagementOnLine.OnLineMechantInfo.MainChildMerRelationshipPageTest"/>
  <testcase name="testMainChildMerRelationshipUpdate" time="17.852" classname="com.dy.AutoTest.OperationPlatform.TestCases.MerchantManagementOnLine.OnLineMechantInfo.MainChildMerRelationshipPageTest"/>
  <testcase name="testMainChildMerRelationshipSearch" time="0.0" classname="com.dy.AutoTest.OperationPlatform.TestCases.MerchantManagementOnLine.OnLineMechantInfo.MainChildMerRelationshipPageTest">
    <ignored/>
  </testcase> <!-- testMainChildMerRelationshipSearch -->
  <testcase name="testMainChildMerRelationshipCheck" time="0.0" classname="com.dy.AutoTest.OperationPlatform.TestCases.MerchantManagementOnLine.OnLineMechantInfo.MainChildMerRelationshipPageTest">
    <ignored/>
  </testcase> <!-- testMainChildMerRelationshipCheck -->
  <testcase name="testMainChildMerRelationshipDelete" time="0.0" classname="com.dy.AutoTest.OperationPlatform.TestCases.MerchantManagementOnLine.OnLineMechantInfo.MainChildMerRelationshipPageTest">
    <ignored/>
  </testcase> <!-- testMainChildMerRelationshipDelete -->
  <testcase name="testMainChildMerRelationshipAdd" time="0.0" classname="com.dy.AutoTest.OperationPlatform.TestCases.MerchantManagementOnLine.OnLineMechantInfo.MainChildMerRelationshipPageTest">
    <ignored/>
  </testcase> <!-- testMainChildMerRelationshipAdd -->
</testsuite> <!-- MainChildMerRelationship -->
