<?xml version="1.0" encoding="UTF-8"?>
<!-- Generated by org.testng.reporters.JUnitXMLReporter -->
<testsuite hostname="Lenovo-Ray" ignored="4" name="MainChildMerRelationship" tests="1" failures="0" timestamp="25 二月 2019 11:10:50 GMT" time="21.125" errors="0">
  <testcase name="testMainChildMerRelationshipUpdate" time="19.049" classname="com.dy.AutoTest.OperationPlatform.TestCases.MerchantManagementOnLine.OnLineMechantInfo.MainChildMerRelationshipPageTest"/>
  <testcase name="testMainChildMerRelationshipSearch" time="0.0" classname="com.dy.AutoTest.OperationPlatform.TestCases.MerchantManagementOnLine.OnLineMechantInfo.MainChildMerRelationshipPageTest">
    <ignored/>
  </testcase> <!-- testMainChildMerRelationshipSearch -->
  <testcase name="testMainChildMerRelationshipCheck" time="0.0" classname="com.dy.AutoTest.OperationPlatform.TestCases.MerchantManagementOnLine.OnLineMechantInfo.MainChildMerRelationshipPageTest">
    <ignored/>
  </testcase> <!-- testMainChildMerRelationshipCheck -->
  <testcase name="testMainChildMerRelationshipDelete" time="0.0" classname="com.dy.AutoTest.OperationPlatform.TestCases.MerchantManagementOnLine.OnLineMechantInfo.MainChildMerRelationshipPageTest">
    <ignored/>
  </testcase> <!-- testMainChildMerRelationshipDelete -->
  <testcase name="testMainChildMerRelationshipAdd" time="0.0" classname="com.dy.AutoTest.OperationPlatform.TestCases.MerchantManagementOnLine.OnLineMechantInfo.MainChildMerRelationshipPageTest">
    <ignored/>
  </testcase> <!-- testMainChildMerRelationshipAdd -->
</testsuite> <!-- MainChildMerRelationship -->
