<?xml version="1.0" encoding="UTF-8"?>
<!-- Generated by org.testng.reporters.JUnitXMLReporter -->
<testsuite hostname="Lenovo-Ray" ignored="3" name="MerchantSettlementDetail" tests="1" failures="0" timestamp="19 十一月 2018 01:50:55 GMT" time="12.493" errors="0">
  <testcase name="testMerchantSettlementDetail" time="10.478" classname="com.dy.AutoTest.OperationPlatform.TestCases.MerchantManagementOnLine.OnLineMechantInfo.MerchantSettlementPageTest"/>
  <testcase name="testMerchantSettlementInsert" time="0.0" classname="com.dy.AutoTest.OperationPlatform.TestCases.MerchantManagementOnLine.OnLineMechantInfo.MerchantSettlementPageTest">
    <ignored/>
  </testcase> <!-- testMerchantSettlementInsert -->
  <testcase name="testMerchantSettlementAlterVerify" time="0.0" classname="com.dy.AutoTest.OperationPlatform.TestCases.MerchantManagementOnLine.OnLineMechantInfo.MerchantSettlementPageTest">
    <ignored/>
  </testcase> <!-- testMerchantSettlementAlterVerify -->
  <testcase name="testMerchantSettlementAlter" time="0.0" classname="com.dy.AutoTest.OperationPlatform.TestCases.MerchantManagementOnLine.OnLineMechantInfo.MerchantSettlementPageTest">
    <ignored/>
  </testcase> <!-- testMerchantSettlementAlter -->
</testsuite> <!-- MerchantSettlementDetail -->
