<?xml version="1.0" encoding="UTF-8"?>
<!-- Generated by org.testng.reporters.JUnitXMLReporter -->
<testsuite hostname="Lenovo-Ray" ignored="4" name="MerchantInfoInsert" tests="4" failures="0" timestamp="15 十月 2018 05:42:28 GMT" time="160.142" errors="0">
  <testcase name="testLogin" time="5.841" classname="com.dy.AutoTest.OperationPlatform.TestCases.LoginPageTest"/>
  <testcase name="testMerchantInfoInsert" time="72.674" classname="com.dy.AutoTest.OperationPlatform.TestCases.MerchantManagementOnLine.OnLineMechantInfo.MerchantInfoInsertPageTest"/>
  <testcase name="testMerchantInfoInsert" time="68.622" classname="com.dy.AutoTest.OperationPlatform.TestCases.MerchantManagementOnLine.OnLineMechantInfo.MerchantInfoInsertPageTest"/>
  <testcase name="testQuit" time="5.935" classname="com.dy.AutoTest.OperationPlatform.TestCases.MainMenuPageTest"/>
  <testcase name="testMechantInfoInsert" time="0.0" classname="com.dy.AutoTest.OperationPlatform.TestCases.MainMenuPageTest">
    <ignored/>
  </testcase> <!-- testMechantInfoInsert -->
  <testcase name="@BeforeTest BeforeTest" time="0.0" classname="com.dy.AutoTest.OperationPlatform.TestCases.SuperTest">
    <ignored/>
  </testcase> <!-- @BeforeTest BeforeTest -->
  <testcase name="@AfterTest AfterTest" time="0.0" classname="com.dy.AutoTest.OperationPlatform.TestCases.SuperTest">
    <ignored/>
  </testcase> <!-- @AfterTest AfterTest -->
  <testcase name="testGetCurrentAccountantDate" time="0.0" classname="com.dy.AutoTest.OperationPlatform.TestCases.MainMenuPageTest">
    <ignored/>
  </testcase> <!-- testGetCurrentAccountantDate -->
</testsuite> <!-- MerchantInfoInsert -->
