<?xml version="1.0" encoding="UTF-8"?>
<!-- Generated by org.testng.reporters.JUnitXMLReporter -->
<testsuite hostname="DESKTOP-H55P5P4" ignored="4" name="MerchantInfoInsert" tests="3" failures="0" timestamp="27 二月 2019 06:29:16 GMT" time="69.559" errors="0">
  <testcase name="testLogin" time="5.809" classname="com.dy.AutoTest.OperationPlatform.TestCases.LoginPageTest"/>
  <testcase name="testMerchantInfoInsert" time="55.095" classname="com.dy.AutoTest.OperationPlatform.TestCases.MerchantManagementOnLine.OnLineMechantInfo.MerchantInfoInsertPageTest"/>
  <testcase name="testQuit" time="3.576" classname="com.dy.AutoTest.OperationPlatform.TestCases.MainMenuPageTest"/>
  <testcase name="@AfterTest AfterTest" time="0.0" classname="com.dy.AutoTest.web.api.SuperTest">
    <ignored/>
  </testcase> <!-- @AfterTest AfterTest -->
  <testcase name="testMechantInfoInsert" time="0.0" classname="com.dy.AutoTest.OperationPlatform.TestCases.MainMenuPageTest">
    <ignored/>
  </testcase> <!-- testMechantInfoInsert -->
  <testcase name="@BeforeTest BeforeTest" time="0.0" classname="com.dy.AutoTest.web.api.SuperTest">
    <ignored/>
  </testcase> <!-- @BeforeTest BeforeTest -->
  <testcase name="testGetCurrentAccountantDate" time="0.0" classname="com.dy.AutoTest.OperationPlatform.TestCases.MainMenuPageTest">
    <ignored/>
  </testcase> <!-- testGetCurrentAccountantDate -->
</testsuite> <!-- MerchantInfoInsert -->
