<?xml version="1.0" encoding="UTF-8"?>
<!-- Generated by org.testng.reporters.JUnitXMLReporter -->
<testsuite hostname="Lenovo-Ray" ignored="1" name="Quit" tests="1" failures="0" timestamp="11 一月 2019 06:42:43 GMT" time="4.853" errors="0">
  <testcase name="testQuit" time="2.827" classname="com.dy.AutoTest.AcquiringOperationPlatform.PageTest.LoginPageTest"/>
  <testcase name="testLogin" time="0.0" classname="com.dy.AutoTest.AcquiringOperationPlatform.PageTest.LoginPageTest">
    <ignored/>
  </testcase> <!-- testLogin -->
</testsuite> <!-- Quit -->
